[0.211s] Invoking command in '/home/beniamino/ros2_ws/build/cartesian_control_msgs': CMAKE_PREFIX_PATH=${CMAKE_PREFIX_PATH}:/home/beniamino/ros2_ws/install/acg_resources_panda_trajectory_generation:/home/beniamino/ros2_ws/install/acg_resources_panda_trajectory_analyzer:/opt/ros/humble /usr/bin/cmake --build /home/beniamino/ros2_ws/build/cartesian_control_msgs -- -j12 -l12
[0.495s] [  3%] Built target cartesian_control_msgs__cpp
[0.501s] [ 12%] Built target cartesian_control_msgs__rosidl_generator_c
[0.517s] [ 12%] Built target ament_cmake_python_copy_cartesian_control_msgs
[0.558s] [ 22%] Built target cartesian_control_msgs__rosidl_typesupport_introspection_cpp
[0.558s] [ 32%] Built target cartesian_control_msgs__rosidl_typesupport_introspection_c
[0.561s] [ 41%] Built target cartesian_control_msgs__rosidl_typesupport_cpp
[0.561s] [ 51%] Built target cartesian_control_msgs__rosidl_typesupport_fastrtps_cpp
[0.562s] [ 70%] Built target cartesian_control_msgs__rosidl_typesupport_fastrtps_c
[0.563s] [ 70%] Built target cartesian_control_msgs__rosidl_typesupport_c
[0.606s] [ 70%] Built target cartesian_control_msgs
[0.659s] [ 74%] Built target cartesian_control_msgs__py
[0.711s] [ 80%] Built target cartesian_control_msgs__rosidl_generator_py
[0.765s] [ 90%] Built target cartesian_control_msgs__rosidl_typesupport_c__pyext
[0.768s] [ 93%] Built target cartesian_control_msgs__rosidl_typesupport_introspection_c__pyext
[0.768s] [100%] Built target cartesian_control_msgs__rosidl_typesupport_fastrtps_c__pyext
[0.993s] running egg_info
[1.033s] writing cartesian_control_msgs.egg-info/PKG-INFO
[1.033s] writing dependency_links to cartesian_control_msgs.egg-info/dependency_links.txt
[1.034s] writing top-level names to cartesian_control_msgs.egg-info/top_level.txt
[1.147s] reading manifest file 'cartesian_control_msgs.egg-info/SOURCES.txt'
[1.148s] writing manifest file 'cartesian_control_msgs.egg-info/SOURCES.txt'
[1.208s] [100%] Built target ament_cmake_python_build_cartesian_control_msgs_egg
[1.232s] Invoked command in '/home/beniamino/ros2_ws/build/cartesian_control_msgs' returned '0': CMAKE_PREFIX_PATH=${CMAKE_PREFIX_PATH}:/home/beniamino/ros2_ws/install/acg_resources_panda_trajectory_generation:/home/beniamino/ros2_ws/install/acg_resources_panda_trajectory_analyzer:/opt/ros/humble /usr/bin/cmake --build /home/beniamino/ros2_ws/build/cartesian_control_msgs -- -j12 -l12
[1.361s] Invoking command in '/home/beniamino/ros2_ws/build/cartesian_control_msgs': CMAKE_PREFIX_PATH=${CMAKE_PREFIX_PATH}:/home/beniamino/ros2_ws/install/acg_resources_panda_trajectory_generation:/home/beniamino/ros2_ws/install/acg_resources_panda_trajectory_analyzer:/opt/ros/humble /usr/bin/cmake --install /home/beniamino/ros2_ws/build/cartesian_control_msgs
[1.377s] -- Install configuration: ""
[1.377s] -- Up-to-date: /home/beniamino/ros2_ws/install/cartesian_control_msgs/share/ament_index/resource_index/rosidl_interfaces/cartesian_control_msgs
[1.378s] -- Up-to-date: /home/beniamino/ros2_ws/install/cartesian_control_msgs/include/cartesian_control_msgs/cartesian_control_msgs
[1.378s] -- Up-to-date: /home/beniamino/ros2_ws/install/cartesian_control_msgs/include/cartesian_control_msgs/cartesian_control_msgs/action
[1.378s] -- Up-to-date: /home/beniamino/ros2_ws/install/cartesian_control_msgs/include/cartesian_control_msgs/cartesian_control_msgs/action/follow_cartesian_trajectory.h
[1.378s] -- Up-to-date: /home/beniamino/ros2_ws/install/cartesian_control_msgs/include/cartesian_control_msgs/cartesian_control_msgs/action/detail
[1.378s] -- Up-to-date: /home/beniamino/ros2_ws/install/cartesian_control_msgs/include/cartesian_control_msgs/cartesian_control_msgs/action/detail/follow_cartesian_trajectory__type_support.h
[1.379s] -- Up-to-date: /home/beniamino/ros2_ws/install/cartesian_control_msgs/include/cartesian_control_msgs/cartesian_control_msgs/action/detail/follow_cartesian_trajectory__functions.h
[1.379s] -- Up-to-date: /home/beniamino/ros2_ws/install/cartesian_control_msgs/include/cartesian_control_msgs/cartesian_control_msgs/action/detail/follow_cartesian_trajectory__struct.h
[1.379s] -- Up-to-date: /home/beniamino/ros2_ws/install/cartesian_control_msgs/include/cartesian_control_msgs/cartesian_control_msgs/action/detail/follow_cartesian_trajectory__functions.c
[1.379s] -- Up-to-date: /home/beniamino/ros2_ws/install/cartesian_control_msgs/include/cartesian_control_msgs/cartesian_control_msgs/msg
[1.380s] -- Up-to-date: /home/beniamino/ros2_ws/install/cartesian_control_msgs/include/cartesian_control_msgs/cartesian_control_msgs/msg/rosidl_generator_c__visibility_control.h
[1.380s] -- Up-to-date: /home/beniamino/ros2_ws/install/cartesian_control_msgs/share/cartesian_control_msgs/environment/library_path.sh
[1.380s] -- Up-to-date: /home/beniamino/ros2_ws/install/cartesian_control_msgs/share/cartesian_control_msgs/environment/library_path.dsv
[1.380s] -- Up-to-date: /home/beniamino/ros2_ws/install/cartesian_control_msgs/lib/libcartesian_control_msgs__rosidl_generator_c.so
[1.381s] -- Up-to-date: /home/beniamino/ros2_ws/install/cartesian_control_msgs/include/cartesian_control_msgs/cartesian_control_msgs
[1.381s] -- Up-to-date: /home/beniamino/ros2_ws/install/cartesian_control_msgs/include/cartesian_control_msgs/cartesian_control_msgs/action
[1.381s] -- Up-to-date: /home/beniamino/ros2_ws/install/cartesian_control_msgs/include/cartesian_control_msgs/cartesian_control_msgs/action/detail
[1.381s] -- Up-to-date: /home/beniamino/ros2_ws/install/cartesian_control_msgs/include/cartesian_control_msgs/cartesian_control_msgs/action/detail/follow_cartesian_trajectory__rosidl_typesupport_fastrtps_c.h
[1.382s] -- Up-to-date: /home/beniamino/ros2_ws/install/cartesian_control_msgs/include/cartesian_control_msgs/cartesian_control_msgs/msg
[1.382s] -- Up-to-date: /home/beniamino/ros2_ws/install/cartesian_control_msgs/include/cartesian_control_msgs/cartesian_control_msgs/msg/rosidl_typesupport_fastrtps_c__visibility_control.h
[1.382s] -- Up-to-date: /home/beniamino/ros2_ws/install/cartesian_control_msgs/lib/libcartesian_control_msgs__rosidl_typesupport_fastrtps_c.so
[1.382s] -- Up-to-date: /home/beniamino/ros2_ws/install/cartesian_control_msgs/include/cartesian_control_msgs/cartesian_control_msgs
[1.382s] -- Up-to-date: /home/beniamino/ros2_ws/install/cartesian_control_msgs/include/cartesian_control_msgs/cartesian_control_msgs/action
[1.383s] -- Up-to-date: /home/beniamino/ros2_ws/install/cartesian_control_msgs/include/cartesian_control_msgs/cartesian_control_msgs/action/detail
[1.383s] -- Up-to-date: /home/beniamino/ros2_ws/install/cartesian_control_msgs/include/cartesian_control_msgs/cartesian_control_msgs/action/detail/follow_cartesian_trajectory__builder.hpp
[1.383s] -- Up-to-date: /home/beniamino/ros2_ws/install/cartesian_control_msgs/include/cartesian_control_msgs/cartesian_control_msgs/action/detail/follow_cartesian_trajectory__struct.hpp
[1.383s] -- Up-to-date: /home/beniamino/ros2_ws/install/cartesian_control_msgs/include/cartesian_control_msgs/cartesian_control_msgs/action/detail/follow_cartesian_trajectory__traits.hpp
[1.384s] -- Up-to-date: /home/beniamino/ros2_ws/install/cartesian_control_msgs/include/cartesian_control_msgs/cartesian_control_msgs/action/follow_cartesian_trajectory.hpp
[1.384s] -- Up-to-date: /home/beniamino/ros2_ws/install/cartesian_control_msgs/include/cartesian_control_msgs/cartesian_control_msgs
[1.384s] -- Up-to-date: /home/beniamino/ros2_ws/install/cartesian_control_msgs/include/cartesian_control_msgs/cartesian_control_msgs/action
[1.384s] -- Up-to-date: /home/beniamino/ros2_ws/install/cartesian_control_msgs/include/cartesian_control_msgs/cartesian_control_msgs/action/detail
[1.385s] -- Up-to-date: /home/beniamino/ros2_ws/install/cartesian_control_msgs/include/cartesian_control_msgs/cartesian_control_msgs/action/detail/dds_fastrtps
[1.385s] -- Up-to-date: /home/beniamino/ros2_ws/install/cartesian_control_msgs/include/cartesian_control_msgs/cartesian_control_msgs/action/detail/follow_cartesian_trajectory__rosidl_typesupport_fastrtps_cpp.hpp
[1.385s] -- Up-to-date: /home/beniamino/ros2_ws/install/cartesian_control_msgs/include/cartesian_control_msgs/cartesian_control_msgs/msg
[1.385s] -- Up-to-date: /home/beniamino/ros2_ws/install/cartesian_control_msgs/include/cartesian_control_msgs/cartesian_control_msgs/msg/rosidl_typesupport_fastrtps_cpp__visibility_control.h
[1.385s] -- Up-to-date: /home/beniamino/ros2_ws/install/cartesian_control_msgs/lib/libcartesian_control_msgs__rosidl_typesupport_fastrtps_cpp.so
[1.385s] -- Up-to-date: /home/beniamino/ros2_ws/install/cartesian_control_msgs/include/cartesian_control_msgs/cartesian_control_msgs
[1.385s] -- Up-to-date: /home/beniamino/ros2_ws/install/cartesian_control_msgs/include/cartesian_control_msgs/cartesian_control_msgs/action
[1.385s] -- Up-to-date: /home/beniamino/ros2_ws/install/cartesian_control_msgs/include/cartesian_control_msgs/cartesian_control_msgs/action/detail
[1.385s] -- Up-to-date: /home/beniamino/ros2_ws/install/cartesian_control_msgs/include/cartesian_control_msgs/cartesian_control_msgs/action/detail/follow_cartesian_trajectory__type_support.c
[1.386s] -- Up-to-date: /home/beniamino/ros2_ws/install/cartesian_control_msgs/include/cartesian_control_msgs/cartesian_control_msgs/action/detail/follow_cartesian_trajectory__rosidl_typesupport_introspection_c.h
[1.386s] -- Up-to-date: /home/beniamino/ros2_ws/install/cartesian_control_msgs/include/cartesian_control_msgs/cartesian_control_msgs/msg
[1.386s] -- Up-to-date: /home/beniamino/ros2_ws/install/cartesian_control_msgs/include/cartesian_control_msgs/cartesian_control_msgs/msg/rosidl_typesupport_introspection_c__visibility_control.h
[1.386s] -- Up-to-date: /home/beniamino/ros2_ws/install/cartesian_control_msgs/lib/libcartesian_control_msgs__rosidl_typesupport_introspection_c.so
[1.386s] -- Up-to-date: /home/beniamino/ros2_ws/install/cartesian_control_msgs/lib/libcartesian_control_msgs__rosidl_typesupport_c.so
[1.387s] -- Up-to-date: /home/beniamino/ros2_ws/install/cartesian_control_msgs/include/cartesian_control_msgs/cartesian_control_msgs
[1.387s] -- Up-to-date: /home/beniamino/ros2_ws/install/cartesian_control_msgs/include/cartesian_control_msgs/cartesian_control_msgs/action
[1.387s] -- Up-to-date: /home/beniamino/ros2_ws/install/cartesian_control_msgs/include/cartesian_control_msgs/cartesian_control_msgs/action/detail
[1.387s] -- Up-to-date: /home/beniamino/ros2_ws/install/cartesian_control_msgs/include/cartesian_control_msgs/cartesian_control_msgs/action/detail/follow_cartesian_trajectory__rosidl_typesupport_introspection_cpp.hpp
[1.387s] -- Up-to-date: /home/beniamino/ros2_ws/install/cartesian_control_msgs/include/cartesian_control_msgs/cartesian_control_msgs/action/detail/follow_cartesian_trajectory__type_support.cpp
[1.387s] -- Up-to-date: /home/beniamino/ros2_ws/install/cartesian_control_msgs/lib/libcartesian_control_msgs__rosidl_typesupport_introspection_cpp.so
[1.387s] -- Up-to-date: /home/beniamino/ros2_ws/install/cartesian_control_msgs/lib/libcartesian_control_msgs__rosidl_typesupport_cpp.so
[1.388s] -- Up-to-date: /home/beniamino/ros2_ws/install/cartesian_control_msgs/share/cartesian_control_msgs/environment/pythonpath.sh
[1.388s] -- Up-to-date: /home/beniamino/ros2_ws/install/cartesian_control_msgs/share/cartesian_control_msgs/environment/pythonpath.dsv
[1.388s] -- Up-to-date: /home/beniamino/ros2_ws/install/cartesian_control_msgs/local/lib/python3.10/dist-packages/cartesian_control_msgs-0.0.1-py3.10.egg-info
[1.388s] -- Installing: /home/beniamino/ros2_ws/install/cartesian_control_msgs/local/lib/python3.10/dist-packages/cartesian_control_msgs-0.0.1-py3.10.egg-info/SOURCES.txt
[1.388s] -- Installing: /home/beniamino/ros2_ws/install/cartesian_control_msgs/local/lib/python3.10/dist-packages/cartesian_control_msgs-0.0.1-py3.10.egg-info/dependency_links.txt
[1.388s] -- Installing: /home/beniamino/ros2_ws/install/cartesian_control_msgs/local/lib/python3.10/dist-packages/cartesian_control_msgs-0.0.1-py3.10.egg-info/top_level.txt
[1.388s] -- Installing: /home/beniamino/ros2_ws/install/cartesian_control_msgs/local/lib/python3.10/dist-packages/cartesian_control_msgs-0.0.1-py3.10.egg-info/PKG-INFO
[1.388s] -- Up-to-date: /home/beniamino/ros2_ws/install/cartesian_control_msgs/local/lib/python3.10/dist-packages/cartesian_control_msgs
[1.389s] -- Up-to-date: /home/beniamino/ros2_ws/install/cartesian_control_msgs/local/lib/python3.10/dist-packages/cartesian_control_msgs/_cartesian_control_msgs_s.ep.rosidl_typesupport_introspection_c.c
[1.389s] -- Up-to-date: /home/beniamino/ros2_ws/install/cartesian_control_msgs/local/lib/python3.10/dist-packages/cartesian_control_msgs/_cartesian_control_msgs_s.ep.rosidl_typesupport_c.c
[1.389s] -- Up-to-date: /home/beniamino/ros2_ws/install/cartesian_control_msgs/local/lib/python3.10/dist-packages/cartesian_control_msgs/libcartesian_control_msgs__rosidl_generator_py.so
[1.389s] -- Up-to-date: /home/beniamino/ros2_ws/install/cartesian_control_msgs/local/lib/python3.10/dist-packages/cartesian_control_msgs/action
[1.389s] -- Up-to-date: /home/beniamino/ros2_ws/install/cartesian_control_msgs/local/lib/python3.10/dist-packages/cartesian_control_msgs/action/_follow_cartesian_trajectory.py
[1.389s] -- Up-to-date: /home/beniamino/ros2_ws/install/cartesian_control_msgs/local/lib/python3.10/dist-packages/cartesian_control_msgs/action/__init__.py
[1.389s] -- Up-to-date: /home/beniamino/ros2_ws/install/cartesian_control_msgs/local/lib/python3.10/dist-packages/cartesian_control_msgs/action/_follow_cartesian_trajectory_s.c
[1.389s] -- Up-to-date: /home/beniamino/ros2_ws/install/cartesian_control_msgs/local/lib/python3.10/dist-packages/cartesian_control_msgs/cartesian_control_msgs_s__rosidl_typesupport_introspection_c.cpython-310-x86_64-linux-gnu.so
[1.390s] -- Up-to-date: /home/beniamino/ros2_ws/install/cartesian_control_msgs/local/lib/python3.10/dist-packages/cartesian_control_msgs/cartesian_control_msgs_s__rosidl_typesupport_c.cpython-310-x86_64-linux-gnu.so
[1.390s] -- Up-to-date: /home/beniamino/ros2_ws/install/cartesian_control_msgs/local/lib/python3.10/dist-packages/cartesian_control_msgs/__init__.py
[1.390s] -- Up-to-date: /home/beniamino/ros2_ws/install/cartesian_control_msgs/local/lib/python3.10/dist-packages/cartesian_control_msgs/cartesian_control_msgs_s__rosidl_typesupport_fastrtps_c.cpython-310-x86_64-linux-gnu.so
[1.390s] -- Up-to-date: /home/beniamino/ros2_ws/install/cartesian_control_msgs/local/lib/python3.10/dist-packages/cartesian_control_msgs/_cartesian_control_msgs_s.ep.rosidl_typesupport_fastrtps_c.c
[1.452s] Listing '/home/beniamino/ros2_ws/install/cartesian_control_msgs/local/lib/python3.10/dist-packages/cartesian_control_msgs'...
[1.452s] Listing '/home/beniamino/ros2_ws/install/cartesian_control_msgs/local/lib/python3.10/dist-packages/cartesian_control_msgs/action'...
[1.463s] -- Up-to-date: /home/beniamino/ros2_ws/install/cartesian_control_msgs/local/lib/python3.10/dist-packages/cartesian_control_msgs/cartesian_control_msgs_s__rosidl_typesupport_fastrtps_c.cpython-310-x86_64-linux-gnu.so
[1.464s] -- Up-to-date: /home/beniamino/ros2_ws/install/cartesian_control_msgs/local/lib/python3.10/dist-packages/cartesian_control_msgs/cartesian_control_msgs_s__rosidl_typesupport_introspection_c.cpython-310-x86_64-linux-gnu.so
[1.465s] -- Up-to-date: /home/beniamino/ros2_ws/install/cartesian_control_msgs/local/lib/python3.10/dist-packages/cartesian_control_msgs/cartesian_control_msgs_s__rosidl_typesupport_c.cpython-310-x86_64-linux-gnu.so
[1.466s] -- Up-to-date: /home/beniamino/ros2_ws/install/cartesian_control_msgs/lib/libcartesian_control_msgs__rosidl_generator_py.so
[1.466s] -- Up-to-date: /home/beniamino/ros2_ws/install/cartesian_control_msgs/share/cartesian_control_msgs/action/FollowCartesianTrajectory.idl
[1.467s] -- Up-to-date: /home/beniamino/ros2_ws/install/cartesian_control_msgs/share/cartesian_control_msgs/action/FollowCartesianTrajectory.action
[1.467s] -- Up-to-date: /home/beniamino/ros2_ws/install/cartesian_control_msgs/share/ament_index/resource_index/package_run_dependencies/cartesian_control_msgs
[1.467s] -- Up-to-date: /home/beniamino/ros2_ws/install/cartesian_control_msgs/share/ament_index/resource_index/parent_prefix_path/cartesian_control_msgs
[1.468s] -- Up-to-date: /home/beniamino/ros2_ws/install/cartesian_control_msgs/share/cartesian_control_msgs/environment/ament_prefix_path.sh
[1.468s] -- Up-to-date: /home/beniamino/ros2_ws/install/cartesian_control_msgs/share/cartesian_control_msgs/environment/ament_prefix_path.dsv
[1.468s] -- Up-to-date: /home/beniamino/ros2_ws/install/cartesian_control_msgs/share/cartesian_control_msgs/environment/path.sh
[1.469s] -- Up-to-date: /home/beniamino/ros2_ws/install/cartesian_control_msgs/share/cartesian_control_msgs/environment/path.dsv
[1.469s] -- Up-to-date: /home/beniamino/ros2_ws/install/cartesian_control_msgs/share/cartesian_control_msgs/local_setup.bash
[1.469s] -- Up-to-date: /home/beniamino/ros2_ws/install/cartesian_control_msgs/share/cartesian_control_msgs/local_setup.sh
[1.469s] -- Up-to-date: /home/beniamino/ros2_ws/install/cartesian_control_msgs/share/cartesian_control_msgs/local_setup.zsh
[1.470s] -- Up-to-date: /home/beniamino/ros2_ws/install/cartesian_control_msgs/share/cartesian_control_msgs/local_setup.dsv
[1.470s] -- Installing: /home/beniamino/ros2_ws/install/cartesian_control_msgs/share/cartesian_control_msgs/package.dsv
[1.470s] -- Up-to-date: /home/beniamino/ros2_ws/install/cartesian_control_msgs/share/ament_index/resource_index/packages/cartesian_control_msgs
[1.471s] -- Up-to-date: /home/beniamino/ros2_ws/install/cartesian_control_msgs/share/cartesian_control_msgs/cmake/export_cartesian_control_msgs__rosidl_generator_cExport.cmake
[1.471s] -- Up-to-date: /home/beniamino/ros2_ws/install/cartesian_control_msgs/share/cartesian_control_msgs/cmake/export_cartesian_control_msgs__rosidl_generator_cExport-noconfig.cmake
[1.471s] -- Up-to-date: /home/beniamino/ros2_ws/install/cartesian_control_msgs/share/cartesian_control_msgs/cmake/export_cartesian_control_msgs__rosidl_typesupport_fastrtps_cExport.cmake
[1.471s] -- Up-to-date: /home/beniamino/ros2_ws/install/cartesian_control_msgs/share/cartesian_control_msgs/cmake/export_cartesian_control_msgs__rosidl_typesupport_fastrtps_cExport-noconfig.cmake
[1.472s] -- Up-to-date: /home/beniamino/ros2_ws/install/cartesian_control_msgs/share/cartesian_control_msgs/cmake/export_cartesian_control_msgs__rosidl_generator_cppExport.cmake
[1.472s] -- Up-to-date: /home/beniamino/ros2_ws/install/cartesian_control_msgs/share/cartesian_control_msgs/cmake/export_cartesian_control_msgs__rosidl_typesupport_fastrtps_cppExport.cmake
[1.472s] -- Up-to-date: /home/beniamino/ros2_ws/install/cartesian_control_msgs/share/cartesian_control_msgs/cmake/export_cartesian_control_msgs__rosidl_typesupport_fastrtps_cppExport-noconfig.cmake
[1.473s] -- Up-to-date: /home/beniamino/ros2_ws/install/cartesian_control_msgs/share/cartesian_control_msgs/cmake/cartesian_control_msgs__rosidl_typesupport_introspection_cExport.cmake
[1.473s] -- Up-to-date: /home/beniamino/ros2_ws/install/cartesian_control_msgs/share/cartesian_control_msgs/cmake/cartesian_control_msgs__rosidl_typesupport_introspection_cExport-noconfig.cmake
[1.473s] -- Up-to-date: /home/beniamino/ros2_ws/install/cartesian_control_msgs/share/cartesian_control_msgs/cmake/cartesian_control_msgs__rosidl_typesupport_cExport.cmake
[1.473s] -- Up-to-date: /home/beniamino/ros2_ws/install/cartesian_control_msgs/share/cartesian_control_msgs/cmake/cartesian_control_msgs__rosidl_typesupport_cExport-noconfig.cmake
[1.474s] -- Up-to-date: /home/beniamino/ros2_ws/install/cartesian_control_msgs/share/cartesian_control_msgs/cmake/cartesian_control_msgs__rosidl_typesupport_introspection_cppExport.cmake
[1.474s] -- Up-to-date: /home/beniamino/ros2_ws/install/cartesian_control_msgs/share/cartesian_control_msgs/cmake/cartesian_control_msgs__rosidl_typesupport_introspection_cppExport-noconfig.cmake
[1.474s] -- Up-to-date: /home/beniamino/ros2_ws/install/cartesian_control_msgs/share/cartesian_control_msgs/cmake/cartesian_control_msgs__rosidl_typesupport_cppExport.cmake
[1.474s] -- Up-to-date: /home/beniamino/ros2_ws/install/cartesian_control_msgs/share/cartesian_control_msgs/cmake/cartesian_control_msgs__rosidl_typesupport_cppExport-noconfig.cmake
[1.474s] -- Up-to-date: /home/beniamino/ros2_ws/install/cartesian_control_msgs/share/cartesian_control_msgs/cmake/export_cartesian_control_msgs__rosidl_generator_pyExport.cmake
[1.475s] -- Up-to-date: /home/beniamino/ros2_ws/install/cartesian_control_msgs/share/cartesian_control_msgs/cmake/export_cartesian_control_msgs__rosidl_generator_pyExport-noconfig.cmake
[1.475s] -- Up-to-date: /home/beniamino/ros2_ws/install/cartesian_control_msgs/share/cartesian_control_msgs/cmake/rosidl_cmake-extras.cmake
[1.475s] -- Up-to-date: /home/beniamino/ros2_ws/install/cartesian_control_msgs/share/cartesian_control_msgs/cmake/ament_cmake_export_dependencies-extras.cmake
[1.475s] -- Up-to-date: /home/beniamino/ros2_ws/install/cartesian_control_msgs/share/cartesian_control_msgs/cmake/ament_cmake_export_include_directories-extras.cmake
[1.475s] -- Up-to-date: /home/beniamino/ros2_ws/install/cartesian_control_msgs/share/cartesian_control_msgs/cmake/ament_cmake_export_libraries-extras.cmake
[1.476s] -- Up-to-date: /home/beniamino/ros2_ws/install/cartesian_control_msgs/share/cartesian_control_msgs/cmake/ament_cmake_export_targets-extras.cmake
[1.476s] -- Up-to-date: /home/beniamino/ros2_ws/install/cartesian_control_msgs/share/cartesian_control_msgs/cmake/rosidl_cmake_export_typesupport_targets-extras.cmake
[1.476s] -- Up-to-date: /home/beniamino/ros2_ws/install/cartesian_control_msgs/share/cartesian_control_msgs/cmake/rosidl_cmake_export_typesupport_libraries-extras.cmake
[1.476s] -- Up-to-date: /home/beniamino/ros2_ws/install/cartesian_control_msgs/share/cartesian_control_msgs/cmake/cartesian_control_msgsConfig.cmake
[1.476s] -- Up-to-date: /home/beniamino/ros2_ws/install/cartesian_control_msgs/share/cartesian_control_msgs/cmake/cartesian_control_msgsConfig-version.cmake
[1.477s] -- Up-to-date: /home/beniamino/ros2_ws/install/cartesian_control_msgs/share/cartesian_control_msgs/package.xml
[1.480s] Invoked command in '/home/beniamino/ros2_ws/build/cartesian_control_msgs' returned '0': CMAKE_PREFIX_PATH=${CMAKE_PREFIX_PATH}:/home/beniamino/ros2_ws/install/acg_resources_panda_trajectory_generation:/home/beniamino/ros2_ws/install/acg_resources_panda_trajectory_analyzer:/opt/ros/humble /usr/bin/cmake --install /home/beniamino/ros2_ws/build/cartesian_control_msgs
