[0.023s] Invoking command in '/home/beniamino/ros2_ws/build/panda_moveit_planning_demo': CMAKE_PREFIX_PATH=/home/beniamino/ros2_ws/install/acg_resources_panda_moveit_config:/home/beniamino/ros2_ws/install/cartesian_control_msgs:/home/beniamino/ros2_ws/install/acg_resources_panda_description:/home/beniamino/ros2_ws/install/ros_extensions_utilities:/home/beniamino/ros2_ws/install/panda_moveit_planning_demo:/home/beniamino/ros2_ws/install/panda_impedance_controller:/home/beniamino/ros2_ws/install/kdl_inverse_dynamics_solver:/home/beniamino/ros2_ws/install/inverse_dynamics_solver:/home/beniamino/ros2_ws/install/acg_resources_panda_trajectory_generation:/home/beniamino/ros2_ws/install/acg_resources_panda_trajectory_analyzer:/opt/ros/humble LD_LIBRARY_PATH=/home/beniamino/ros2_ws/install/cartesian_control_msgs/lib:/home/beniamino/ros2_ws/install/panda_impedance_controller/lib:/home/beniamino/ros2_ws/install/kdl_inverse_dynamics_solver/lib:/opt/ros/humble/opt/rviz_ogre_vendor/lib:/opt/ros/humble/lib/x86_64-linux-gnu:/opt/ros/humble/lib /usr/bin/cmake --build /home/beniamino/ros2_ws/build/panda_moveit_planning_demo -- -j12 -l12
[0.119s] [  7%] Built target task_space_client_utils_parameters
[0.129s] [ 23%] Built target bag_file_utils
[0.144s] [ 38%] Built target moveit_utils
[0.175s] [ 53%] Built target task_space_client_utils
[0.207s] [35m[1mConsolidate compiler generated dependencies of target panda_moveit_cartesian_demo_nobag[0m
[0.239s] [ 69%] Built target panda_moveit_planning_node
[0.245s] [ 84%] Built target panda_moveit_cartesian_demo
[0.271s] [ 92%] [32mBuilding CXX object CMakeFiles/panda_moveit_cartesian_demo_nobag.dir/src/panda_moveit_cartesian_demo_nobag.cpp.o[0m
[24.876s] [100%] [32m[1mLinking CXX executable panda_moveit_cartesian_demo_nobag[0m
[26.604s] [100%] Built target panda_moveit_cartesian_demo_nobag
[26.624s] Invoked command in '/home/beniamino/ros2_ws/build/panda_moveit_planning_demo' returned '0': CMAKE_PREFIX_PATH=/home/beniamino/ros2_ws/install/acg_resources_panda_moveit_config:/home/beniamino/ros2_ws/install/cartesian_control_msgs:/home/beniamino/ros2_ws/install/acg_resources_panda_description:/home/beniamino/ros2_ws/install/ros_extensions_utilities:/home/beniamino/ros2_ws/install/panda_moveit_planning_demo:/home/beniamino/ros2_ws/install/panda_impedance_controller:/home/beniamino/ros2_ws/install/kdl_inverse_dynamics_solver:/home/beniamino/ros2_ws/install/inverse_dynamics_solver:/home/beniamino/ros2_ws/install/acg_resources_panda_trajectory_generation:/home/beniamino/ros2_ws/install/acg_resources_panda_trajectory_analyzer:/opt/ros/humble LD_LIBRARY_PATH=/home/beniamino/ros2_ws/install/cartesian_control_msgs/lib:/home/beniamino/ros2_ws/install/panda_impedance_controller/lib:/home/beniamino/ros2_ws/install/kdl_inverse_dynamics_solver/lib:/opt/ros/humble/opt/rviz_ogre_vendor/lib:/opt/ros/humble/lib/x86_64-linux-gnu:/opt/ros/humble/lib /usr/bin/cmake --build /home/beniamino/ros2_ws/build/panda_moveit_planning_demo -- -j12 -l12
[26.705s] Invoking command in '/home/beniamino/ros2_ws/build/panda_moveit_planning_demo': CMAKE_PREFIX_PATH=/home/beniamino/ros2_ws/install/acg_resources_panda_moveit_config:/home/beniamino/ros2_ws/install/cartesian_control_msgs:/home/beniamino/ros2_ws/install/acg_resources_panda_description:/home/beniamino/ros2_ws/install/ros_extensions_utilities:/home/beniamino/ros2_ws/install/panda_moveit_planning_demo:/home/beniamino/ros2_ws/install/panda_impedance_controller:/home/beniamino/ros2_ws/install/kdl_inverse_dynamics_solver:/home/beniamino/ros2_ws/install/inverse_dynamics_solver:/home/beniamino/ros2_ws/install/acg_resources_panda_trajectory_generation:/home/beniamino/ros2_ws/install/acg_resources_panda_trajectory_analyzer:/opt/ros/humble LD_LIBRARY_PATH=/home/beniamino/ros2_ws/install/cartesian_control_msgs/lib:/home/beniamino/ros2_ws/install/panda_impedance_controller/lib:/home/beniamino/ros2_ws/install/kdl_inverse_dynamics_solver/lib:/opt/ros/humble/opt/rviz_ogre_vendor/lib:/opt/ros/humble/lib/x86_64-linux-gnu:/opt/ros/humble/lib /usr/bin/cmake --install /home/beniamino/ros2_ws/build/panda_moveit_planning_demo
[26.718s] -- Install configuration: ""
[26.718s] -- Up-to-date: /home/beniamino/ros2_ws/install/panda_moveit_planning_demo/include/task_space_client_utils_parameters
[26.718s] -- Up-to-date: /home/beniamino/ros2_ws/install/panda_moveit_planning_demo/include/task_space_client_utils_parameters/task_space_client_utils_parameters.hpp
[26.719s] -- Up-to-date: /home/beniamino/ros2_ws/install/panda_moveit_planning_demo/lib/panda_moveit_planning_demo/panda_moveit_planning_node
[26.719s] -- Up-to-date: /home/beniamino/ros2_ws/install/panda_moveit_planning_demo/lib/panda_moveit_planning_demo/panda_moveit_cartesian_demo
[26.720s] -- Installing: /home/beniamino/ros2_ws/install/panda_moveit_planning_demo/lib/panda_moveit_planning_demo/panda_moveit_cartesian_demo_nobag
[26.726s] -- Set runtime path of "/home/beniamino/ros2_ws/install/panda_moveit_planning_demo/lib/panda_moveit_planning_demo/panda_moveit_cartesian_demo_nobag" to ""
[26.726s] -- Up-to-date: /home/beniamino/ros2_ws/install/panda_moveit_planning_demo/lib/panda_moveit_planning_demo/libmoveit_utils.a
[26.726s] -- Up-to-date: /home/beniamino/ros2_ws/install/panda_moveit_planning_demo/lib/panda_moveit_planning_demo/libbag_file_utils.a
[26.727s] -- Up-to-date: /home/beniamino/ros2_ws/install/panda_moveit_planning_demo/lib/panda_moveit_planning_demo/libtask_space_client_utils.a
[26.727s] -- Up-to-date: /home/beniamino/ros2_ws/install/panda_moveit_planning_demo/share/panda_moveit_planning_demo/launch
[26.728s] -- Up-to-date: /home/beniamino/ros2_ws/install/panda_moveit_planning_demo/share/panda_moveit_planning_demo/launch/panda_moveit_planning_node.launch.py
[26.728s] -- Up-to-date: /home/beniamino/ros2_ws/install/panda_moveit_planning_demo/share/panda_moveit_planning_demo/launch/demo.launch.py
[26.729s] -- Up-to-date: /home/beniamino/ros2_ws/install/panda_moveit_planning_demo/share/panda_moveit_planning_demo/launch/panda_moveit_cartesian_demo.launch.py
[26.729s] -- Up-to-date: /home/beniamino/ros2_ws/install/panda_moveit_planning_demo/include/panda_moveit_planning_demo
[26.729s] -- Up-to-date: /home/beniamino/ros2_ws/install/panda_moveit_planning_demo/include/panda_moveit_planning_demo/task_space_client_utils.hpp
[26.729s] -- Up-to-date: /home/beniamino/ros2_ws/install/panda_moveit_planning_demo/include/panda_moveit_planning_demo/moveit_utils.hpp
[26.729s] -- Up-to-date: /home/beniamino/ros2_ws/install/panda_moveit_planning_demo/include/panda_moveit_planning_demo/bag_file_utils.hpp
[26.730s] -- Up-to-date: /home/beniamino/ros2_ws/install/panda_moveit_planning_demo/share/panda_moveit_planning_demo/launch
[26.730s] -- Up-to-date: /home/beniamino/ros2_ws/install/panda_moveit_planning_demo/share/panda_moveit_planning_demo/launch/panda_moveit_planning_node.launch.py
[26.730s] -- Up-to-date: /home/beniamino/ros2_ws/install/panda_moveit_planning_demo/share/panda_moveit_planning_demo/launch/demo.launch.py
[26.730s] -- Up-to-date: /home/beniamino/ros2_ws/install/panda_moveit_planning_demo/share/panda_moveit_planning_demo/launch/panda_moveit_cartesian_demo.launch.py
[26.730s] -- Up-to-date: /home/beniamino/ros2_ws/install/panda_moveit_planning_demo/share/ament_index/resource_index/package_run_dependencies/panda_moveit_planning_demo
[26.731s] -- Up-to-date: /home/beniamino/ros2_ws/install/panda_moveit_planning_demo/share/ament_index/resource_index/parent_prefix_path/panda_moveit_planning_demo
[26.731s] -- Up-to-date: /home/beniamino/ros2_ws/install/panda_moveit_planning_demo/share/panda_moveit_planning_demo/environment/ament_prefix_path.sh
[26.731s] -- Up-to-date: /home/beniamino/ros2_ws/install/panda_moveit_planning_demo/share/panda_moveit_planning_demo/environment/ament_prefix_path.dsv
[26.731s] -- Up-to-date: /home/beniamino/ros2_ws/install/panda_moveit_planning_demo/share/panda_moveit_planning_demo/environment/path.sh
[26.732s] -- Up-to-date: /home/beniamino/ros2_ws/install/panda_moveit_planning_demo/share/panda_moveit_planning_demo/environment/path.dsv
[26.732s] -- Up-to-date: /home/beniamino/ros2_ws/install/panda_moveit_planning_demo/share/panda_moveit_planning_demo/local_setup.bash
[26.732s] -- Up-to-date: /home/beniamino/ros2_ws/install/panda_moveit_planning_demo/share/panda_moveit_planning_demo/local_setup.sh
[26.732s] -- Up-to-date: /home/beniamino/ros2_ws/install/panda_moveit_planning_demo/share/panda_moveit_planning_demo/local_setup.zsh
[26.732s] -- Up-to-date: /home/beniamino/ros2_ws/install/panda_moveit_planning_demo/share/panda_moveit_planning_demo/local_setup.dsv
[26.733s] -- Installing: /home/beniamino/ros2_ws/install/panda_moveit_planning_demo/share/panda_moveit_planning_demo/package.dsv
[26.733s] -- Up-to-date: /home/beniamino/ros2_ws/install/panda_moveit_planning_demo/share/ament_index/resource_index/packages/panda_moveit_planning_demo
[26.733s] -- Up-to-date: /home/beniamino/ros2_ws/install/panda_moveit_planning_demo/share/panda_moveit_planning_demo/cmake/ament_cmake_export_dependencies-extras.cmake
[26.733s] -- Up-to-date: /home/beniamino/ros2_ws/install/panda_moveit_planning_demo/share/panda_moveit_planning_demo/cmake/panda_moveit_planning_demoConfig.cmake
[26.733s] -- Up-to-date: /home/beniamino/ros2_ws/install/panda_moveit_planning_demo/share/panda_moveit_planning_demo/cmake/panda_moveit_planning_demoConfig-version.cmake
[26.733s] -- Up-to-date: /home/beniamino/ros2_ws/install/panda_moveit_planning_demo/share/panda_moveit_planning_demo/package.xml
[26.736s] Invoked command in '/home/beniamino/ros2_ws/build/panda_moveit_planning_demo' returned '0': CMAKE_PREFIX_PATH=/home/beniamino/ros2_ws/install/acg_resources_panda_moveit_config:/home/beniamino/ros2_ws/install/cartesian_control_msgs:/home/beniamino/ros2_ws/install/acg_resources_panda_description:/home/beniamino/ros2_ws/install/ros_extensions_utilities:/home/beniamino/ros2_ws/install/panda_moveit_planning_demo:/home/beniamino/ros2_ws/install/panda_impedance_controller:/home/beniamino/ros2_ws/install/kdl_inverse_dynamics_solver:/home/beniamino/ros2_ws/install/inverse_dynamics_solver:/home/beniamino/ros2_ws/install/acg_resources_panda_trajectory_generation:/home/beniamino/ros2_ws/install/acg_resources_panda_trajectory_analyzer:/opt/ros/humble LD_LIBRARY_PATH=/home/beniamino/ros2_ws/install/cartesian_control_msgs/lib:/home/beniamino/ros2_ws/install/panda_impedance_controller/lib:/home/beniamino/ros2_ws/install/kdl_inverse_dynamics_solver/lib:/opt/ros/humble/opt/rviz_ogre_vendor/lib:/opt/ros/humble/lib/x86_64-linux-gnu:/opt/ros/humble/lib /usr/bin/cmake --install /home/beniamino/ros2_ws/build/panda_moveit_planning_demo
