[0.480s] DEBUG:colcon:Command line arguments: ['/usr/bin/colcon', 'build', '--packages-up-to', 'acg_resources_panda_moveit_config']
[0.480s] DEBUG:colcon:Parsed command line arguments: Namespace(log_base=None, log_level=None, verb_name='build', build_base='build', install_base='install', merge_install=False, symlink_install=False, test_result_base=None, continue_on_error=False, executor='parallel', parallel_workers=12, event_handlers=None, ignore_user_meta=False, metas=['./colcon.meta'], base_paths=['.'], packages_ignore=None, packages_ignore_regex=None, paths=None, packages_up_to=['acg_resources_panda_moveit_config'], packages_up_to_regex=None, packages_above=None, packages_above_and_dependencies=None, packages_above_depth=None, packages_select_by_dep=None, packages_skip_by_dep=None, packages_skip_up_to=None, packages_select_build_failed=False, packages_skip_build_finished=False, packages_select_test_failures=False, packages_skip_test_passed=False, packages_select=None, packages_skip=None, packages_select_regex=None, packages_skip_regex=None, packages_start=None, packages_end=None, allow_overriding=[], cmake_args=None, cmake_target=None, cmake_target_skip_unavailable=False, cmake_clean_cache=False, cmake_clean_first=False, cmake_force_configure=False, ament_cmake_args=None, catkin_cmake_args=None, catkin_skip_building_tests=False, mixin_files=None, mixin=None, verb_parser=<colcon_mixin.mixin.mixin_argument.MixinArgumentDecorator object at 0x7197ac85fac0>, verb_extension=<colcon_core.verb.build.BuildVerb object at 0x7197ac85f580>, main=<bound method BuildVerb.main of <colcon_core.verb.build.BuildVerb object at 0x7197ac85f580>>, mixin_verb=('build',))
[0.557s] Level 1:colcon.colcon_core.package_discovery:discover_packages(colcon_meta) check parameters
[0.557s] Level 1:colcon.colcon_core.package_discovery:discover_packages(recursive) check parameters
[0.557s] Level 1:colcon.colcon_core.package_discovery:discover_packages(ignore) check parameters
[0.557s] Level 1:colcon.colcon_core.package_discovery:discover_packages(path) check parameters
[0.557s] Level 1:colcon.colcon_core.package_discovery:discover_packages(colcon_meta) discover
[0.557s] Level 1:colcon.colcon_core.package_discovery:discover_packages(recursive) discover
[0.557s] INFO:colcon.colcon_core.package_discovery:Crawling recursively for packages in '/home/beniamino/ros2_ws'
[0.557s] Level 1:colcon.colcon_core.package_identification:_identify(.) by extensions ['ignore', 'ignore_ament_install']
[0.558s] Level 1:colcon.colcon_core.package_identification:_identify(.) by extension 'ignore'
[0.558s] Level 1:colcon.colcon_core.package_identification:_identify(.) by extension 'ignore_ament_install'
[0.558s] Level 1:colcon.colcon_core.package_identification:_identify(.) by extensions ['colcon_pkg']
[0.558s] Level 1:colcon.colcon_core.package_identification:_identify(.) by extension 'colcon_pkg'
[0.558s] Level 1:colcon.colcon_core.package_identification:_identify(.) by extensions ['colcon_meta']
[0.558s] Level 1:colcon.colcon_core.package_identification:_identify(.) by extension 'colcon_meta'
[0.558s] Level 1:colcon.colcon_core.package_identification:_identify(.) by extensions ['ros']
[0.558s] Level 1:colcon.colcon_core.package_identification:_identify(.) by extension 'ros'
[0.582s] Level 1:colcon.colcon_core.package_identification:_identify(.) by extensions ['cmake', 'python']
[0.583s] Level 1:colcon.colcon_core.package_identification:_identify(.) by extension 'cmake'
[0.583s] Level 1:colcon.colcon_core.package_identification:_identify(.) by extension 'python'
[0.583s] Level 1:colcon.colcon_core.package_identification:_identify(.) by extensions ['python_setup_py']
[0.583s] Level 1:colcon.colcon_core.package_identification:_identify(.) by extension 'python_setup_py'
[0.583s] Level 1:colcon.colcon_core.package_identification:_identify(build) by extensions ['ignore', 'ignore_ament_install']
[0.583s] Level 1:colcon.colcon_core.package_identification:_identify(build) by extension 'ignore'
[0.583s] Level 1:colcon.colcon_core.package_identification:_identify(build) ignored
[0.583s] Level 1:colcon.colcon_core.package_identification:_identify(executed_line_trajectory_2024_08_29_11_23_11.bag) by extensions ['ignore', 'ignore_ament_install']
[0.584s] Level 1:colcon.colcon_core.package_identification:_identify(executed_line_trajectory_2024_08_29_11_23_11.bag) by extension 'ignore'
[0.584s] Level 1:colcon.colcon_core.package_identification:_identify(executed_line_trajectory_2024_08_29_11_23_11.bag) by extension 'ignore_ament_install'
[0.584s] Level 1:colcon.colcon_core.package_identification:_identify(executed_line_trajectory_2024_08_29_11_23_11.bag) by extensions ['colcon_pkg']
[0.584s] Level 1:colcon.colcon_core.package_identification:_identify(executed_line_trajectory_2024_08_29_11_23_11.bag) by extension 'colcon_pkg'
[0.584s] Level 1:colcon.colcon_core.package_identification:_identify(executed_line_trajectory_2024_08_29_11_23_11.bag) by extensions ['colcon_meta']
[0.584s] Level 1:colcon.colcon_core.package_identification:_identify(executed_line_trajectory_2024_08_29_11_23_11.bag) by extension 'colcon_meta'
[0.584s] Level 1:colcon.colcon_core.package_identification:_identify(executed_line_trajectory_2024_08_29_11_23_11.bag) by extensions ['ros']
[0.584s] Level 1:colcon.colcon_core.package_identification:_identify(executed_line_trajectory_2024_08_29_11_23_11.bag) by extension 'ros'
[0.584s] Level 1:colcon.colcon_core.package_identification:_identify(executed_line_trajectory_2024_08_29_11_23_11.bag) by extensions ['cmake', 'python']
[0.584s] Level 1:colcon.colcon_core.package_identification:_identify(executed_line_trajectory_2024_08_29_11_23_11.bag) by extension 'cmake'
[0.584s] Level 1:colcon.colcon_core.package_identification:_identify(executed_line_trajectory_2024_08_29_11_23_11.bag) by extension 'python'
[0.584s] Level 1:colcon.colcon_core.package_identification:_identify(executed_line_trajectory_2024_08_29_11_23_11.bag) by extensions ['python_setup_py']
[0.584s] Level 1:colcon.colcon_core.package_identification:_identify(executed_line_trajectory_2024_08_29_11_23_11.bag) by extension 'python_setup_py'
[0.585s] Level 1:colcon.colcon_core.package_identification:_identify(install) by extensions ['ignore', 'ignore_ament_install']
[0.585s] Level 1:colcon.colcon_core.package_identification:_identify(install) by extension 'ignore'
[0.585s] Level 1:colcon.colcon_core.package_identification:_identify(install) ignored
[0.585s] Level 1:colcon.colcon_core.package_identification:_identify(log) by extensions ['ignore', 'ignore_ament_install']
[0.585s] Level 1:colcon.colcon_core.package_identification:_identify(log) by extension 'ignore'
[0.585s] Level 1:colcon.colcon_core.package_identification:_identify(log) ignored
[0.585s] Level 1:colcon.colcon_core.package_identification:_identify(planned_line_trajectory_2024_08_29_11_23_11.bag) by extensions ['ignore', 'ignore_ament_install']
[0.586s] Level 1:colcon.colcon_core.package_identification:_identify(planned_line_trajectory_2024_08_29_11_23_11.bag) by extension 'ignore'
[0.586s] Level 1:colcon.colcon_core.package_identification:_identify(planned_line_trajectory_2024_08_29_11_23_11.bag) by extension 'ignore_ament_install'
[0.586s] Level 1:colcon.colcon_core.package_identification:_identify(planned_line_trajectory_2024_08_29_11_23_11.bag) by extensions ['colcon_pkg']
[0.586s] Level 1:colcon.colcon_core.package_identification:_identify(planned_line_trajectory_2024_08_29_11_23_11.bag) by extension 'colcon_pkg'
[0.586s] Level 1:colcon.colcon_core.package_identification:_identify(planned_line_trajectory_2024_08_29_11_23_11.bag) by extensions ['colcon_meta']
[0.586s] Level 1:colcon.colcon_core.package_identification:_identify(planned_line_trajectory_2024_08_29_11_23_11.bag) by extension 'colcon_meta'
[0.586s] Level 1:colcon.colcon_core.package_identification:_identify(planned_line_trajectory_2024_08_29_11_23_11.bag) by extensions ['ros']
[0.586s] Level 1:colcon.colcon_core.package_identification:_identify(planned_line_trajectory_2024_08_29_11_23_11.bag) by extension 'ros'
[0.586s] Level 1:colcon.colcon_core.package_identification:_identify(planned_line_trajectory_2024_08_29_11_23_11.bag) by extensions ['cmake', 'python']
[0.586s] Level 1:colcon.colcon_core.package_identification:_identify(planned_line_trajectory_2024_08_29_11_23_11.bag) by extension 'cmake'
[0.586s] Level 1:colcon.colcon_core.package_identification:_identify(planned_line_trajectory_2024_08_29_11_23_11.bag) by extension 'python'
[0.586s] Level 1:colcon.colcon_core.package_identification:_identify(planned_line_trajectory_2024_08_29_11_23_11.bag) by extensions ['python_setup_py']
[0.586s] Level 1:colcon.colcon_core.package_identification:_identify(planned_line_trajectory_2024_08_29_11_23_11.bag) by extension 'python_setup_py'
[0.587s] Level 1:colcon.colcon_core.package_identification:_identify(src) by extensions ['ignore', 'ignore_ament_install']
[0.587s] Level 1:colcon.colcon_core.package_identification:_identify(src) by extension 'ignore'
[0.587s] Level 1:colcon.colcon_core.package_identification:_identify(src) by extension 'ignore_ament_install'
[0.587s] Level 1:colcon.colcon_core.package_identification:_identify(src) by extensions ['colcon_pkg']
[0.587s] Level 1:colcon.colcon_core.package_identification:_identify(src) by extension 'colcon_pkg'
[0.587s] Level 1:colcon.colcon_core.package_identification:_identify(src) by extensions ['colcon_meta']
[0.587s] Level 1:colcon.colcon_core.package_identification:_identify(src) by extension 'colcon_meta'
[0.587s] Level 1:colcon.colcon_core.package_identification:_identify(src) by extensions ['ros']
[0.587s] Level 1:colcon.colcon_core.package_identification:_identify(src) by extension 'ros'
[0.587s] Level 1:colcon.colcon_core.package_identification:_identify(src) by extensions ['cmake', 'python']
[0.587s] Level 1:colcon.colcon_core.package_identification:_identify(src) by extension 'cmake'
[0.588s] Level 1:colcon.colcon_core.package_identification:_identify(src) by extension 'python'
[0.588s] Level 1:colcon.colcon_core.package_identification:_identify(src) by extensions ['python_setup_py']
[0.588s] Level 1:colcon.colcon_core.package_identification:_identify(src) by extension 'python_setup_py'
[0.588s] Level 1:colcon.colcon_core.package_identification:_identify(src/panda_impedance_controller) by extensions ['ignore', 'ignore_ament_install']
[0.588s] Level 1:colcon.colcon_core.package_identification:_identify(src/panda_impedance_controller) by extension 'ignore'
[0.588s] Level 1:colcon.colcon_core.package_identification:_identify(src/panda_impedance_controller) by extension 'ignore_ament_install'
[0.588s] Level 1:colcon.colcon_core.package_identification:_identify(src/panda_impedance_controller) by extensions ['colcon_pkg']
[0.588s] Level 1:colcon.colcon_core.package_identification:_identify(src/panda_impedance_controller) by extension 'colcon_pkg'
[0.588s] Level 1:colcon.colcon_core.package_identification:_identify(src/panda_impedance_controller) by extensions ['colcon_meta']
[0.588s] Level 1:colcon.colcon_core.package_identification:_identify(src/panda_impedance_controller) by extension 'colcon_meta'
[0.588s] Level 1:colcon.colcon_core.package_identification:_identify(src/panda_impedance_controller) by extensions ['ros']
[0.588s] Level 1:colcon.colcon_core.package_identification:_identify(src/panda_impedance_controller) by extension 'ros'
[0.589s] Level 1:colcon.colcon_core.package_identification:_identify(src/panda_impedance_controller) by extensions ['cmake', 'python']
[0.589s] Level 1:colcon.colcon_core.package_identification:_identify(src/panda_impedance_controller) by extension 'cmake'
[0.589s] Level 1:colcon.colcon_core.package_identification:_identify(src/panda_impedance_controller) by extension 'python'
[0.589s] Level 1:colcon.colcon_core.package_identification:_identify(src/panda_impedance_controller) by extensions ['python_setup_py']
[0.589s] Level 1:colcon.colcon_core.package_identification:_identify(src/panda_impedance_controller) by extension 'python_setup_py'
[0.589s] Level 1:colcon.colcon_core.package_identification:_identify(src/panda_impedance_controller/acg_resources_panda_description) by extensions ['ignore', 'ignore_ament_install']
[0.589s] Level 1:colcon.colcon_core.package_identification:_identify(src/panda_impedance_controller/acg_resources_panda_description) by extension 'ignore'
[0.589s] Level 1:colcon.colcon_core.package_identification:_identify(src/panda_impedance_controller/acg_resources_panda_description) by extension 'ignore_ament_install'
[0.589s] Level 1:colcon.colcon_core.package_identification:_identify(src/panda_impedance_controller/acg_resources_panda_description) by extensions ['colcon_pkg']
[0.589s] Level 1:colcon.colcon_core.package_identification:_identify(src/panda_impedance_controller/acg_resources_panda_description) by extension 'colcon_pkg'
[0.589s] Level 1:colcon.colcon_core.package_identification:_identify(src/panda_impedance_controller/acg_resources_panda_description) by extensions ['colcon_meta']
[0.590s] Level 1:colcon.colcon_core.package_identification:_identify(src/panda_impedance_controller/acg_resources_panda_description) by extension 'colcon_meta'
[0.590s] Level 1:colcon.colcon_core.package_identification:_identify(src/panda_impedance_controller/acg_resources_panda_description) by extensions ['ros']
[0.590s] Level 1:colcon.colcon_core.package_identification:_identify(src/panda_impedance_controller/acg_resources_panda_description) by extension 'ros'
[0.593s] DEBUG:colcon.colcon_core.package_identification:Package 'src/panda_impedance_controller/acg_resources_panda_description' with type 'ros.ament_cmake' and name 'acg_resources_panda_description'
[0.593s] Level 1:colcon.colcon_core.package_identification:_identify(src/panda_impedance_controller/acg_resources_panda_moveit_config) by extensions ['ignore', 'ignore_ament_install']
[0.594s] Level 1:colcon.colcon_core.package_identification:_identify(src/panda_impedance_controller/acg_resources_panda_moveit_config) by extension 'ignore'
[0.594s] Level 1:colcon.colcon_core.package_identification:_identify(src/panda_impedance_controller/acg_resources_panda_moveit_config) by extension 'ignore_ament_install'
[0.594s] Level 1:colcon.colcon_core.package_identification:_identify(src/panda_impedance_controller/acg_resources_panda_moveit_config) by extensions ['colcon_pkg']
[0.594s] Level 1:colcon.colcon_core.package_identification:_identify(src/panda_impedance_controller/acg_resources_panda_moveit_config) by extension 'colcon_pkg'
[0.594s] Level 1:colcon.colcon_core.package_identification:_identify(src/panda_impedance_controller/acg_resources_panda_moveit_config) by extensions ['colcon_meta']
[0.594s] Level 1:colcon.colcon_core.package_identification:_identify(src/panda_impedance_controller/acg_resources_panda_moveit_config) by extension 'colcon_meta'
[0.594s] Level 1:colcon.colcon_core.package_identification:_identify(src/panda_impedance_controller/acg_resources_panda_moveit_config) by extensions ['ros']
[0.594s] Level 1:colcon.colcon_core.package_identification:_identify(src/panda_impedance_controller/acg_resources_panda_moveit_config) by extension 'ros'
[0.595s] DEBUG:colcon.colcon_core.package_identification:Package 'src/panda_impedance_controller/acg_resources_panda_moveit_config' with type 'ros.ament_cmake' and name 'acg_resources_panda_moveit_config'
[0.596s] Level 1:colcon.colcon_core.package_identification:_identify(src/panda_impedance_controller/acg_resources_panda_trajectory_analyzer) by extensions ['ignore', 'ignore_ament_install']
[0.596s] Level 1:colcon.colcon_core.package_identification:_identify(src/panda_impedance_controller/acg_resources_panda_trajectory_analyzer) by extension 'ignore'
[0.596s] Level 1:colcon.colcon_core.package_identification:_identify(src/panda_impedance_controller/acg_resources_panda_trajectory_analyzer) by extension 'ignore_ament_install'
[0.596s] Level 1:colcon.colcon_core.package_identification:_identify(src/panda_impedance_controller/acg_resources_panda_trajectory_analyzer) by extensions ['colcon_pkg']
[0.596s] Level 1:colcon.colcon_core.package_identification:_identify(src/panda_impedance_controller/acg_resources_panda_trajectory_analyzer) by extension 'colcon_pkg'
[0.596s] Level 1:colcon.colcon_core.package_identification:_identify(src/panda_impedance_controller/acg_resources_panda_trajectory_analyzer) by extensions ['colcon_meta']
[0.596s] Level 1:colcon.colcon_core.package_identification:_identify(src/panda_impedance_controller/acg_resources_panda_trajectory_analyzer) by extension 'colcon_meta'
[0.596s] Level 1:colcon.colcon_core.package_identification:_identify(src/panda_impedance_controller/acg_resources_panda_trajectory_analyzer) by extensions ['ros']
[0.596s] Level 1:colcon.colcon_core.package_identification:_identify(src/panda_impedance_controller/acg_resources_panda_trajectory_analyzer) by extension 'ros'
[0.597s] DEBUG:colcon.colcon_core.package_identification:Package 'src/panda_impedance_controller/acg_resources_panda_trajectory_analyzer' with type 'ros.ament_python' and name 'acg_resources_panda_trajectory_analyzer'
[0.598s] Level 1:colcon.colcon_core.package_identification:_identify(src/panda_impedance_controller/acg_resources_panda_trajectory_generation) by extensions ['ignore', 'ignore_ament_install']
[0.598s] Level 1:colcon.colcon_core.package_identification:_identify(src/panda_impedance_controller/acg_resources_panda_trajectory_generation) by extension 'ignore'
[0.598s] Level 1:colcon.colcon_core.package_identification:_identify(src/panda_impedance_controller/acg_resources_panda_trajectory_generation) by extension 'ignore_ament_install'
[0.598s] Level 1:colcon.colcon_core.package_identification:_identify(src/panda_impedance_controller/acg_resources_panda_trajectory_generation) by extensions ['colcon_pkg']
[0.598s] Level 1:colcon.colcon_core.package_identification:_identify(src/panda_impedance_controller/acg_resources_panda_trajectory_generation) by extension 'colcon_pkg'
[0.598s] Level 1:colcon.colcon_core.package_identification:_identify(src/panda_impedance_controller/acg_resources_panda_trajectory_generation) by extensions ['colcon_meta']
[0.598s] Level 1:colcon.colcon_core.package_identification:_identify(src/panda_impedance_controller/acg_resources_panda_trajectory_generation) by extension 'colcon_meta'
[0.598s] Level 1:colcon.colcon_core.package_identification:_identify(src/panda_impedance_controller/acg_resources_panda_trajectory_generation) by extensions ['ros']
[0.598s] Level 1:colcon.colcon_core.package_identification:_identify(src/panda_impedance_controller/acg_resources_panda_trajectory_generation) by extension 'ros'
[0.599s] DEBUG:colcon.colcon_core.package_identification:Package 'src/panda_impedance_controller/acg_resources_panda_trajectory_generation' with type 'ros.ament_python' and name 'acg_resources_panda_trajectory_generation'
[0.600s] Level 1:colcon.colcon_core.package_identification:_identify(src/panda_impedance_controller/cartesian_control_msgs) by extensions ['ignore', 'ignore_ament_install']
[0.600s] Level 1:colcon.colcon_core.package_identification:_identify(src/panda_impedance_controller/cartesian_control_msgs) by extension 'ignore'
[0.600s] Level 1:colcon.colcon_core.package_identification:_identify(src/panda_impedance_controller/cartesian_control_msgs) by extension 'ignore_ament_install'
[0.600s] Level 1:colcon.colcon_core.package_identification:_identify(src/panda_impedance_controller/cartesian_control_msgs) by extensions ['colcon_pkg']
[0.600s] Level 1:colcon.colcon_core.package_identification:_identify(src/panda_impedance_controller/cartesian_control_msgs) by extension 'colcon_pkg'
[0.600s] Level 1:colcon.colcon_core.package_identification:_identify(src/panda_impedance_controller/cartesian_control_msgs) by extensions ['colcon_meta']
[0.600s] Level 1:colcon.colcon_core.package_identification:_identify(src/panda_impedance_controller/cartesian_control_msgs) by extension 'colcon_meta'
[0.600s] Level 1:colcon.colcon_core.package_identification:_identify(src/panda_impedance_controller/cartesian_control_msgs) by extensions ['ros']
[0.600s] Level 1:colcon.colcon_core.package_identification:_identify(src/panda_impedance_controller/cartesian_control_msgs) by extension 'ros'
[0.601s] DEBUG:colcon.colcon_core.package_identification:Package 'src/panda_impedance_controller/cartesian_control_msgs' with type 'ros.ament_cmake' and name 'cartesian_control_msgs'
[0.602s] Level 1:colcon.colcon_core.package_identification:_identify(src/panda_impedance_controller/inverse_dynamics_solver) by extensions ['ignore', 'ignore_ament_install']
[0.602s] Level 1:colcon.colcon_core.package_identification:_identify(src/panda_impedance_controller/inverse_dynamics_solver) by extension 'ignore'
[0.602s] Level 1:colcon.colcon_core.package_identification:_identify(src/panda_impedance_controller/inverse_dynamics_solver) by extension 'ignore_ament_install'
[0.602s] Level 1:colcon.colcon_core.package_identification:_identify(src/panda_impedance_controller/inverse_dynamics_solver) by extensions ['colcon_pkg']
[0.602s] Level 1:colcon.colcon_core.package_identification:_identify(src/panda_impedance_controller/inverse_dynamics_solver) by extension 'colcon_pkg'
[0.602s] Level 1:colcon.colcon_core.package_identification:_identify(src/panda_impedance_controller/inverse_dynamics_solver) by extensions ['colcon_meta']
[0.602s] Level 1:colcon.colcon_core.package_identification:_identify(src/panda_impedance_controller/inverse_dynamics_solver) by extension 'colcon_meta'
[0.602s] Level 1:colcon.colcon_core.package_identification:_identify(src/panda_impedance_controller/inverse_dynamics_solver) by extensions ['ros']
[0.602s] Level 1:colcon.colcon_core.package_identification:_identify(src/panda_impedance_controller/inverse_dynamics_solver) by extension 'ros'
[0.603s] DEBUG:colcon.colcon_core.package_identification:Package 'src/panda_impedance_controller/inverse_dynamics_solver' with type 'ros.ament_cmake' and name 'inverse_dynamics_solver'
[0.603s] Level 1:colcon.colcon_core.package_identification:_identify(src/panda_impedance_controller/kdl_inverse_dynamics_solver) by extensions ['ignore', 'ignore_ament_install']
[0.604s] Level 1:colcon.colcon_core.package_identification:_identify(src/panda_impedance_controller/kdl_inverse_dynamics_solver) by extension 'ignore'
[0.604s] Level 1:colcon.colcon_core.package_identification:_identify(src/panda_impedance_controller/kdl_inverse_dynamics_solver) by extension 'ignore_ament_install'
[0.604s] Level 1:colcon.colcon_core.package_identification:_identify(src/panda_impedance_controller/kdl_inverse_dynamics_solver) by extensions ['colcon_pkg']
[0.604s] Level 1:colcon.colcon_core.package_identification:_identify(src/panda_impedance_controller/kdl_inverse_dynamics_solver) by extension 'colcon_pkg'
[0.604s] Level 1:colcon.colcon_core.package_identification:_identify(src/panda_impedance_controller/kdl_inverse_dynamics_solver) by extensions ['colcon_meta']
[0.604s] Level 1:colcon.colcon_core.package_identification:_identify(src/panda_impedance_controller/kdl_inverse_dynamics_solver) by extension 'colcon_meta'
[0.604s] Level 1:colcon.colcon_core.package_identification:_identify(src/panda_impedance_controller/kdl_inverse_dynamics_solver) by extensions ['ros']
[0.604s] Level 1:colcon.colcon_core.package_identification:_identify(src/panda_impedance_controller/kdl_inverse_dynamics_solver) by extension 'ros'
[0.606s] DEBUG:colcon.colcon_core.package_identification:Package 'src/panda_impedance_controller/kdl_inverse_dynamics_solver' with type 'ros.ament_cmake' and name 'kdl_inverse_dynamics_solver'
[0.606s] Level 1:colcon.colcon_core.package_identification:_identify(src/panda_impedance_controller/panda_impedance_controller) by extensions ['ignore', 'ignore_ament_install']
[0.606s] Level 1:colcon.colcon_core.package_identification:_identify(src/panda_impedance_controller/panda_impedance_controller) by extension 'ignore'
[0.606s] Level 1:colcon.colcon_core.package_identification:_identify(src/panda_impedance_controller/panda_impedance_controller) by extension 'ignore_ament_install'
[0.606s] Level 1:colcon.colcon_core.package_identification:_identify(src/panda_impedance_controller/panda_impedance_controller) by extensions ['colcon_pkg']
[0.606s] Level 1:colcon.colcon_core.package_identification:_identify(src/panda_impedance_controller/panda_impedance_controller) by extension 'colcon_pkg'
[0.606s] Level 1:colcon.colcon_core.package_identification:_identify(src/panda_impedance_controller/panda_impedance_controller) by extensions ['colcon_meta']
[0.607s] Level 1:colcon.colcon_core.package_identification:_identify(src/panda_impedance_controller/panda_impedance_controller) by extension 'colcon_meta'
[0.607s] Level 1:colcon.colcon_core.package_identification:_identify(src/panda_impedance_controller/panda_impedance_controller) by extensions ['ros']
[0.607s] Level 1:colcon.colcon_core.package_identification:_identify(src/panda_impedance_controller/panda_impedance_controller) by extension 'ros'
[0.608s] DEBUG:colcon.colcon_core.package_identification:Package 'src/panda_impedance_controller/panda_impedance_controller' with type 'ros.ament_cmake' and name 'panda_impedance_controller'
[0.608s] Level 1:colcon.colcon_core.package_identification:_identify(src/panda_impedance_controller/panda_moveit_planning_demo) by extensions ['ignore', 'ignore_ament_install']
[0.608s] Level 1:colcon.colcon_core.package_identification:_identify(src/panda_impedance_controller/panda_moveit_planning_demo) by extension 'ignore'
[0.608s] Level 1:colcon.colcon_core.package_identification:_identify(src/panda_impedance_controller/panda_moveit_planning_demo) by extension 'ignore_ament_install'
[0.609s] Level 1:colcon.colcon_core.package_identification:_identify(src/panda_impedance_controller/panda_moveit_planning_demo) by extensions ['colcon_pkg']
[0.609s] Level 1:colcon.colcon_core.package_identification:_identify(src/panda_impedance_controller/panda_moveit_planning_demo) by extension 'colcon_pkg'
[0.609s] Level 1:colcon.colcon_core.package_identification:_identify(src/panda_impedance_controller/panda_moveit_planning_demo) by extensions ['colcon_meta']
[0.609s] Level 1:colcon.colcon_core.package_identification:_identify(src/panda_impedance_controller/panda_moveit_planning_demo) by extension 'colcon_meta'
[0.609s] Level 1:colcon.colcon_core.package_identification:_identify(src/panda_impedance_controller/panda_moveit_planning_demo) by extensions ['ros']
[0.609s] Level 1:colcon.colcon_core.package_identification:_identify(src/panda_impedance_controller/panda_moveit_planning_demo) by extension 'ros'
[0.611s] DEBUG:colcon.colcon_core.package_identification:Package 'src/panda_impedance_controller/panda_moveit_planning_demo' with type 'ros.ament_cmake' and name 'panda_moveit_planning_demo'
[0.611s] Level 1:colcon.colcon_core.package_identification:_identify(src/panda_impedance_controller/ros_extensions_utilities) by extensions ['ignore', 'ignore_ament_install']
[0.611s] Level 1:colcon.colcon_core.package_identification:_identify(src/panda_impedance_controller/ros_extensions_utilities) by extension 'ignore'
[0.612s] Level 1:colcon.colcon_core.package_identification:_identify(src/panda_impedance_controller/ros_extensions_utilities) by extension 'ignore_ament_install'
[0.612s] Level 1:colcon.colcon_core.package_identification:_identify(src/panda_impedance_controller/ros_extensions_utilities) by extensions ['colcon_pkg']
[0.612s] Level 1:colcon.colcon_core.package_identification:_identify(src/panda_impedance_controller/ros_extensions_utilities) by extension 'colcon_pkg'
[0.612s] Level 1:colcon.colcon_core.package_identification:_identify(src/panda_impedance_controller/ros_extensions_utilities) by extensions ['colcon_meta']
[0.612s] Level 1:colcon.colcon_core.package_identification:_identify(src/panda_impedance_controller/ros_extensions_utilities) by extension 'colcon_meta'
[0.612s] Level 1:colcon.colcon_core.package_identification:_identify(src/panda_impedance_controller/ros_extensions_utilities) by extensions ['ros']
[0.612s] Level 1:colcon.colcon_core.package_identification:_identify(src/panda_impedance_controller/ros_extensions_utilities) by extension 'ros'
[0.613s] DEBUG:colcon.colcon_core.package_identification:Package 'src/panda_impedance_controller/ros_extensions_utilities' with type 'ros.ament_cmake' and name 'ros_extensions_utilities'
[0.613s] Level 1:colcon.colcon_core.package_identification:_identify(src/panda_impedance_controller/trajectories) by extensions ['ignore', 'ignore_ament_install']
[0.613s] Level 1:colcon.colcon_core.package_identification:_identify(src/panda_impedance_controller/trajectories) by extension 'ignore'
[0.613s] Level 1:colcon.colcon_core.package_identification:_identify(src/panda_impedance_controller/trajectories) by extension 'ignore_ament_install'
[0.614s] Level 1:colcon.colcon_core.package_identification:_identify(src/panda_impedance_controller/trajectories) by extensions ['colcon_pkg']
[0.614s] Level 1:colcon.colcon_core.package_identification:_identify(src/panda_impedance_controller/trajectories) by extension 'colcon_pkg'
[0.614s] Level 1:colcon.colcon_core.package_identification:_identify(src/panda_impedance_controller/trajectories) by extensions ['colcon_meta']
[0.614s] Level 1:colcon.colcon_core.package_identification:_identify(src/panda_impedance_controller/trajectories) by extension 'colcon_meta'
[0.614s] Level 1:colcon.colcon_core.package_identification:_identify(src/panda_impedance_controller/trajectories) by extensions ['ros']
[0.614s] Level 1:colcon.colcon_core.package_identification:_identify(src/panda_impedance_controller/trajectories) by extension 'ros'
[0.614s] Level 1:colcon.colcon_core.package_identification:_identify(src/panda_impedance_controller/trajectories) by extensions ['cmake', 'python']
[0.614s] Level 1:colcon.colcon_core.package_identification:_identify(src/panda_impedance_controller/trajectories) by extension 'cmake'
[0.614s] Level 1:colcon.colcon_core.package_identification:_identify(src/panda_impedance_controller/trajectories) by extension 'python'
[0.614s] Level 1:colcon.colcon_core.package_identification:_identify(src/panda_impedance_controller/trajectories) by extensions ['python_setup_py']
[0.614s] Level 1:colcon.colcon_core.package_identification:_identify(src/panda_impedance_controller/trajectories) by extension 'python_setup_py'
[0.614s] Level 1:colcon.colcon_core.package_identification:_identify(src/panda_impedance_controller/trajectories/line_trajectory_0.1.bag) by extensions ['ignore', 'ignore_ament_install']
[0.615s] Level 1:colcon.colcon_core.package_identification:_identify(src/panda_impedance_controller/trajectories/line_trajectory_0.1.bag) by extension 'ignore'
[0.615s] Level 1:colcon.colcon_core.package_identification:_identify(src/panda_impedance_controller/trajectories/line_trajectory_0.1.bag) by extension 'ignore_ament_install'
[0.615s] Level 1:colcon.colcon_core.package_identification:_identify(src/panda_impedance_controller/trajectories/line_trajectory_0.1.bag) by extensions ['colcon_pkg']
[0.615s] Level 1:colcon.colcon_core.package_identification:_identify(src/panda_impedance_controller/trajectories/line_trajectory_0.1.bag) by extension 'colcon_pkg'
[0.615s] Level 1:colcon.colcon_core.package_identification:_identify(src/panda_impedance_controller/trajectories/line_trajectory_0.1.bag) by extensions ['colcon_meta']
[0.615s] Level 1:colcon.colcon_core.package_identification:_identify(src/panda_impedance_controller/trajectories/line_trajectory_0.1.bag) by extension 'colcon_meta'
[0.615s] Level 1:colcon.colcon_core.package_identification:_identify(src/panda_impedance_controller/trajectories/line_trajectory_0.1.bag) by extensions ['ros']
[0.615s] Level 1:colcon.colcon_core.package_identification:_identify(src/panda_impedance_controller/trajectories/line_trajectory_0.1.bag) by extension 'ros'
[0.615s] Level 1:colcon.colcon_core.package_identification:_identify(src/panda_impedance_controller/trajectories/line_trajectory_0.1.bag) by extensions ['cmake', 'python']
[0.615s] Level 1:colcon.colcon_core.package_identification:_identify(src/panda_impedance_controller/trajectories/line_trajectory_0.1.bag) by extension 'cmake'
[0.615s] Level 1:colcon.colcon_core.package_identification:_identify(src/panda_impedance_controller/trajectories/line_trajectory_0.1.bag) by extension 'python'
[0.615s] Level 1:colcon.colcon_core.package_identification:_identify(src/panda_impedance_controller/trajectories/line_trajectory_0.1.bag) by extensions ['python_setup_py']
[0.616s] Level 1:colcon.colcon_core.package_identification:_identify(src/panda_impedance_controller/trajectories/line_trajectory_0.1.bag) by extension 'python_setup_py'
[0.616s] Level 1:colcon.colcon_core.package_identification:_identify(src/panda_impedance_controller/trajectories/line_trajectory_0.2.bag) by extensions ['ignore', 'ignore_ament_install']
[0.616s] Level 1:colcon.colcon_core.package_identification:_identify(src/panda_impedance_controller/trajectories/line_trajectory_0.2.bag) by extension 'ignore'
[0.616s] Level 1:colcon.colcon_core.package_identification:_identify(src/panda_impedance_controller/trajectories/line_trajectory_0.2.bag) by extension 'ignore_ament_install'
[0.616s] Level 1:colcon.colcon_core.package_identification:_identify(src/panda_impedance_controller/trajectories/line_trajectory_0.2.bag) by extensions ['colcon_pkg']
[0.616s] Level 1:colcon.colcon_core.package_identification:_identify(src/panda_impedance_controller/trajectories/line_trajectory_0.2.bag) by extension 'colcon_pkg'
[0.616s] Level 1:colcon.colcon_core.package_identification:_identify(src/panda_impedance_controller/trajectories/line_trajectory_0.2.bag) by extensions ['colcon_meta']
[0.616s] Level 1:colcon.colcon_core.package_identification:_identify(src/panda_impedance_controller/trajectories/line_trajectory_0.2.bag) by extension 'colcon_meta'
[0.616s] Level 1:colcon.colcon_core.package_identification:_identify(src/panda_impedance_controller/trajectories/line_trajectory_0.2.bag) by extensions ['ros']
[0.616s] Level 1:colcon.colcon_core.package_identification:_identify(src/panda_impedance_controller/trajectories/line_trajectory_0.2.bag) by extension 'ros'
[0.617s] Level 1:colcon.colcon_core.package_identification:_identify(src/panda_impedance_controller/trajectories/line_trajectory_0.2.bag) by extensions ['cmake', 'python']
[0.617s] Level 1:colcon.colcon_core.package_identification:_identify(src/panda_impedance_controller/trajectories/line_trajectory_0.2.bag) by extension 'cmake'
[0.617s] Level 1:colcon.colcon_core.package_identification:_identify(src/panda_impedance_controller/trajectories/line_trajectory_0.2.bag) by extension 'python'
[0.617s] Level 1:colcon.colcon_core.package_identification:_identify(src/panda_impedance_controller/trajectories/line_trajectory_0.2.bag) by extensions ['python_setup_py']
[0.617s] Level 1:colcon.colcon_core.package_identification:_identify(src/panda_impedance_controller/trajectories/line_trajectory_0.2.bag) by extension 'python_setup_py'
[0.617s] Level 1:colcon.colcon_core.package_identification:_identify(src/panda_impedance_controller/trajectories/line_trajectory_0.4.bag) by extensions ['ignore', 'ignore_ament_install']
[0.617s] Level 1:colcon.colcon_core.package_identification:_identify(src/panda_impedance_controller/trajectories/line_trajectory_0.4.bag) by extension 'ignore'
[0.617s] Level 1:colcon.colcon_core.package_identification:_identify(src/panda_impedance_controller/trajectories/line_trajectory_0.4.bag) by extension 'ignore_ament_install'
[0.617s] Level 1:colcon.colcon_core.package_identification:_identify(src/panda_impedance_controller/trajectories/line_trajectory_0.4.bag) by extensions ['colcon_pkg']
[0.617s] Level 1:colcon.colcon_core.package_identification:_identify(src/panda_impedance_controller/trajectories/line_trajectory_0.4.bag) by extension 'colcon_pkg'
[0.617s] Level 1:colcon.colcon_core.package_identification:_identify(src/panda_impedance_controller/trajectories/line_trajectory_0.4.bag) by extensions ['colcon_meta']
[0.617s] Level 1:colcon.colcon_core.package_identification:_identify(src/panda_impedance_controller/trajectories/line_trajectory_0.4.bag) by extension 'colcon_meta'
[0.618s] Level 1:colcon.colcon_core.package_identification:_identify(src/panda_impedance_controller/trajectories/line_trajectory_0.4.bag) by extensions ['ros']
[0.618s] Level 1:colcon.colcon_core.package_identification:_identify(src/panda_impedance_controller/trajectories/line_trajectory_0.4.bag) by extension 'ros'
[0.618s] Level 1:colcon.colcon_core.package_identification:_identify(src/panda_impedance_controller/trajectories/line_trajectory_0.4.bag) by extensions ['cmake', 'python']
[0.618s] Level 1:colcon.colcon_core.package_identification:_identify(src/panda_impedance_controller/trajectories/line_trajectory_0.4.bag) by extension 'cmake'
[0.618s] Level 1:colcon.colcon_core.package_identification:_identify(src/panda_impedance_controller/trajectories/line_trajectory_0.4.bag) by extension 'python'
[0.618s] Level 1:colcon.colcon_core.package_identification:_identify(src/panda_impedance_controller/trajectories/line_trajectory_0.4.bag) by extensions ['python_setup_py']
[0.618s] Level 1:colcon.colcon_core.package_identification:_identify(src/panda_impedance_controller/trajectories/line_trajectory_0.4.bag) by extension 'python_setup_py'
[0.618s] Level 1:colcon.colcon_core.package_identification:_identify(src/panda_impedance_controller/trajectories/line_trajectory_0.5.bag) by extensions ['ignore', 'ignore_ament_install']
[0.618s] Level 1:colcon.colcon_core.package_identification:_identify(src/panda_impedance_controller/trajectories/line_trajectory_0.5.bag) by extension 'ignore'
[0.618s] Level 1:colcon.colcon_core.package_identification:_identify(src/panda_impedance_controller/trajectories/line_trajectory_0.5.bag) by extension 'ignore_ament_install'
[0.619s] Level 1:colcon.colcon_core.package_identification:_identify(src/panda_impedance_controller/trajectories/line_trajectory_0.5.bag) by extensions ['colcon_pkg']
[0.619s] Level 1:colcon.colcon_core.package_identification:_identify(src/panda_impedance_controller/trajectories/line_trajectory_0.5.bag) by extension 'colcon_pkg'
[0.619s] Level 1:colcon.colcon_core.package_identification:_identify(src/panda_impedance_controller/trajectories/line_trajectory_0.5.bag) by extensions ['colcon_meta']
[0.619s] Level 1:colcon.colcon_core.package_identification:_identify(src/panda_impedance_controller/trajectories/line_trajectory_0.5.bag) by extension 'colcon_meta'
[0.619s] Level 1:colcon.colcon_core.package_identification:_identify(src/panda_impedance_controller/trajectories/line_trajectory_0.5.bag) by extensions ['ros']
[0.619s] Level 1:colcon.colcon_core.package_identification:_identify(src/panda_impedance_controller/trajectories/line_trajectory_0.5.bag) by extension 'ros'
[0.619s] Level 1:colcon.colcon_core.package_identification:_identify(src/panda_impedance_controller/trajectories/line_trajectory_0.5.bag) by extensions ['cmake', 'python']
[0.619s] Level 1:colcon.colcon_core.package_identification:_identify(src/panda_impedance_controller/trajectories/line_trajectory_0.5.bag) by extension 'cmake'
[0.619s] Level 1:colcon.colcon_core.package_identification:_identify(src/panda_impedance_controller/trajectories/line_trajectory_0.5.bag) by extension 'python'
[0.619s] Level 1:colcon.colcon_core.package_identification:_identify(src/panda_impedance_controller/trajectories/line_trajectory_0.5.bag) by extensions ['python_setup_py']
[0.619s] Level 1:colcon.colcon_core.package_identification:_identify(src/panda_impedance_controller/trajectories/line_trajectory_0.5.bag) by extension 'python_setup_py'
[0.619s] Level 1:colcon.colcon_core.package_identification:_identify(src/panda_impedance_controller/trajectories/line_trajectory_0.6.bag) by extensions ['ignore', 'ignore_ament_install']
[0.620s] Level 1:colcon.colcon_core.package_identification:_identify(src/panda_impedance_controller/trajectories/line_trajectory_0.6.bag) by extension 'ignore'
[0.620s] Level 1:colcon.colcon_core.package_identification:_identify(src/panda_impedance_controller/trajectories/line_trajectory_0.6.bag) by extension 'ignore_ament_install'
[0.620s] Level 1:colcon.colcon_core.package_identification:_identify(src/panda_impedance_controller/trajectories/line_trajectory_0.6.bag) by extensions ['colcon_pkg']
[0.620s] Level 1:colcon.colcon_core.package_identification:_identify(src/panda_impedance_controller/trajectories/line_trajectory_0.6.bag) by extension 'colcon_pkg'
[0.620s] Level 1:colcon.colcon_core.package_identification:_identify(src/panda_impedance_controller/trajectories/line_trajectory_0.6.bag) by extensions ['colcon_meta']
[0.620s] Level 1:colcon.colcon_core.package_identification:_identify(src/panda_impedance_controller/trajectories/line_trajectory_0.6.bag) by extension 'colcon_meta'
[0.620s] Level 1:colcon.colcon_core.package_identification:_identify(src/panda_impedance_controller/trajectories/line_trajectory_0.6.bag) by extensions ['ros']
[0.620s] Level 1:colcon.colcon_core.package_identification:_identify(src/panda_impedance_controller/trajectories/line_trajectory_0.6.bag) by extension 'ros'
[0.620s] Level 1:colcon.colcon_core.package_identification:_identify(src/panda_impedance_controller/trajectories/line_trajectory_0.6.bag) by extensions ['cmake', 'python']
[0.620s] Level 1:colcon.colcon_core.package_identification:_identify(src/panda_impedance_controller/trajectories/line_trajectory_0.6.bag) by extension 'cmake'
[0.620s] Level 1:colcon.colcon_core.package_identification:_identify(src/panda_impedance_controller/trajectories/line_trajectory_0.6.bag) by extension 'python'
[0.620s] Level 1:colcon.colcon_core.package_identification:_identify(src/panda_impedance_controller/trajectories/line_trajectory_0.6.bag) by extensions ['python_setup_py']
[0.621s] Level 1:colcon.colcon_core.package_identification:_identify(src/panda_impedance_controller/trajectories/line_trajectory_0.6.bag) by extension 'python_setup_py'
[0.621s] Level 1:colcon.colcon_core.package_identification:_identify(src/panda_impedance_controller/trajectories/line_trajectory_0.7.bag) by extensions ['ignore', 'ignore_ament_install']
[0.621s] Level 1:colcon.colcon_core.package_identification:_identify(src/panda_impedance_controller/trajectories/line_trajectory_0.7.bag) by extension 'ignore'
[0.621s] Level 1:colcon.colcon_core.package_identification:_identify(src/panda_impedance_controller/trajectories/line_trajectory_0.7.bag) by extension 'ignore_ament_install'
[0.621s] Level 1:colcon.colcon_core.package_identification:_identify(src/panda_impedance_controller/trajectories/line_trajectory_0.7.bag) by extensions ['colcon_pkg']
[0.621s] Level 1:colcon.colcon_core.package_identification:_identify(src/panda_impedance_controller/trajectories/line_trajectory_0.7.bag) by extension 'colcon_pkg'
[0.621s] Level 1:colcon.colcon_core.package_identification:_identify(src/panda_impedance_controller/trajectories/line_trajectory_0.7.bag) by extensions ['colcon_meta']
[0.621s] Level 1:colcon.colcon_core.package_identification:_identify(src/panda_impedance_controller/trajectories/line_trajectory_0.7.bag) by extension 'colcon_meta'
[0.621s] Level 1:colcon.colcon_core.package_identification:_identify(src/panda_impedance_controller/trajectories/line_trajectory_0.7.bag) by extensions ['ros']
[0.621s] Level 1:colcon.colcon_core.package_identification:_identify(src/panda_impedance_controller/trajectories/line_trajectory_0.7.bag) by extension 'ros'
[0.621s] Level 1:colcon.colcon_core.package_identification:_identify(src/panda_impedance_controller/trajectories/line_trajectory_0.7.bag) by extensions ['cmake', 'python']
[0.622s] Level 1:colcon.colcon_core.package_identification:_identify(src/panda_impedance_controller/trajectories/line_trajectory_0.7.bag) by extension 'cmake'
[0.622s] Level 1:colcon.colcon_core.package_identification:_identify(src/panda_impedance_controller/trajectories/line_trajectory_0.7.bag) by extension 'python'
[0.622s] Level 1:colcon.colcon_core.package_identification:_identify(src/panda_impedance_controller/trajectories/line_trajectory_0.7.bag) by extensions ['python_setup_py']
[0.622s] Level 1:colcon.colcon_core.package_identification:_identify(src/panda_impedance_controller/trajectories/line_trajectory_0.7.bag) by extension 'python_setup_py'
[0.622s] Level 1:colcon.colcon_core.package_discovery:discover_packages(recursive) using defaults
[0.622s] Level 1:colcon.colcon_core.package_discovery:discover_packages(ignore) discover
[0.622s] Level 1:colcon.colcon_core.package_discovery:discover_packages(ignore) using defaults
[0.622s] Level 1:colcon.colcon_core.package_discovery:discover_packages(path) discover
[0.622s] Level 1:colcon.colcon_core.package_discovery:discover_packages(path) using defaults
[0.703s] INFO:colcon.colcon_core.package_selection:Skipping package 'panda_moveit_planning_demo' in 'src/panda_impedance_controller/panda_moveit_planning_demo'
[0.703s] INFO:colcon.colcon_core.package_selection:Skipping package 'panda_impedance_controller' in 'src/panda_impedance_controller/panda_impedance_controller'
[0.703s] INFO:colcon.colcon_core.package_selection:Skipping package 'kdl_inverse_dynamics_solver' in 'src/panda_impedance_controller/kdl_inverse_dynamics_solver'
[0.703s] INFO:colcon.colcon_core.package_selection:Skipping package 'ros_extensions_utilities' in 'src/panda_impedance_controller/ros_extensions_utilities'
[0.703s] INFO:colcon.colcon_core.package_selection:Skipping package 'inverse_dynamics_solver' in 'src/panda_impedance_controller/inverse_dynamics_solver'
[0.703s] INFO:colcon.colcon_core.package_selection:Skipping package 'cartesian_control_msgs' in 'src/panda_impedance_controller/cartesian_control_msgs'
[0.703s] INFO:colcon.colcon_core.package_selection:Skipping package 'acg_resources_panda_trajectory_generation' in 'src/panda_impedance_controller/acg_resources_panda_trajectory_generation'
[0.703s] INFO:colcon.colcon_core.package_selection:Skipping package 'acg_resources_panda_trajectory_analyzer' in 'src/panda_impedance_controller/acg_resources_panda_trajectory_analyzer'
[0.704s] Level 1:colcon.colcon_core.package_discovery:discover_packages(prefix_path) check parameters
[0.704s] Level 1:colcon.colcon_core.package_discovery:discover_packages(prefix_path) discover
[0.710s] DEBUG:colcon.colcon_installed_package_information.package_discovery:Found 10 installed packages in /home/beniamino/ros2_ws/install
[0.712s] DEBUG:colcon.colcon_installed_package_information.package_discovery:Found 379 installed packages in /opt/ros/humble
[0.715s] Level 1:colcon.colcon_core.package_discovery:discover_packages(prefix_path) using defaults
[0.866s] WARNING:colcon.colcon_core.package_selection:Some selected packages are already built in one or more underlay workspaces:
	'acg_resources_panda_moveit_config' is in: /home/beniamino/ros2_ws/install/acg_resources_panda_moveit_config
If a package in a merged underlay workspace is overridden and it installs headers, then all packages in the overlay must sort their include directories by workspace order. Failure to do so may result in build failures or undefined behavior at run time.
If the overridden package is used by another package in any underlay, then the overriding package in the overlay must be API and ABI compatible or undefined behavior at run time may occur.

If you understand the risks and want to override a package anyways, add the following to the command line:
	--allow-overriding acg_resources_panda_moveit_config

This may be promoted to an error in a future release of colcon-override-check.
[0.868s] Level 5:colcon.colcon_core.verb:set package 'acg_resources_panda_description' build argument 'cmake_args' from command line to 'None'
[0.868s] Level 5:colcon.colcon_core.verb:set package 'acg_resources_panda_description' build argument 'cmake_target' from command line to 'None'
[0.868s] Level 5:colcon.colcon_core.verb:set package 'acg_resources_panda_description' build argument 'cmake_target_skip_unavailable' from command line to 'False'
[0.868s] Level 5:colcon.colcon_core.verb:set package 'acg_resources_panda_description' build argument 'cmake_clean_cache' from command line to 'False'
[0.868s] Level 5:colcon.colcon_core.verb:set package 'acg_resources_panda_description' build argument 'cmake_clean_first' from command line to 'False'
[0.868s] Level 5:colcon.colcon_core.verb:set package 'acg_resources_panda_description' build argument 'cmake_force_configure' from command line to 'False'
[0.868s] Level 5:colcon.colcon_core.verb:set package 'acg_resources_panda_description' build argument 'ament_cmake_args' from command line to 'None'
[0.868s] Level 5:colcon.colcon_core.verb:set package 'acg_resources_panda_description' build argument 'catkin_cmake_args' from command line to 'None'
[0.868s] Level 5:colcon.colcon_core.verb:set package 'acg_resources_panda_description' build argument 'catkin_skip_building_tests' from command line to 'False'
[0.868s] DEBUG:colcon.colcon_core.verb:Building package 'acg_resources_panda_description' with the following arguments: {'ament_cmake_args': None, 'build_base': '/home/beniamino/ros2_ws/build/acg_resources_panda_description', 'catkin_cmake_args': None, 'catkin_skip_building_tests': False, 'cmake_args': None, 'cmake_clean_cache': False, 'cmake_clean_first': False, 'cmake_force_configure': False, 'cmake_target': None, 'cmake_target_skip_unavailable': False, 'install_base': '/home/beniamino/ros2_ws/install/acg_resources_panda_description', 'merge_install': False, 'path': '/home/beniamino/ros2_ws/src/panda_impedance_controller/acg_resources_panda_description', 'symlink_install': False, 'test_result_base': None}
[0.869s] Level 5:colcon.colcon_core.verb:set package 'acg_resources_panda_moveit_config' build argument 'cmake_args' from command line to 'None'
[0.869s] Level 5:colcon.colcon_core.verb:set package 'acg_resources_panda_moveit_config' build argument 'cmake_target' from command line to 'None'
[0.869s] Level 5:colcon.colcon_core.verb:set package 'acg_resources_panda_moveit_config' build argument 'cmake_target_skip_unavailable' from command line to 'False'
[0.869s] Level 5:colcon.colcon_core.verb:set package 'acg_resources_panda_moveit_config' build argument 'cmake_clean_cache' from command line to 'False'
[0.869s] Level 5:colcon.colcon_core.verb:set package 'acg_resources_panda_moveit_config' build argument 'cmake_clean_first' from command line to 'False'
[0.869s] Level 5:colcon.colcon_core.verb:set package 'acg_resources_panda_moveit_config' build argument 'cmake_force_configure' from command line to 'False'
[0.869s] Level 5:colcon.colcon_core.verb:set package 'acg_resources_panda_moveit_config' build argument 'ament_cmake_args' from command line to 'None'
[0.869s] Level 5:colcon.colcon_core.verb:set package 'acg_resources_panda_moveit_config' build argument 'catkin_cmake_args' from command line to 'None'
[0.869s] Level 5:colcon.colcon_core.verb:set package 'acg_resources_panda_moveit_config' build argument 'catkin_skip_building_tests' from command line to 'False'
[0.869s] DEBUG:colcon.colcon_core.verb:Building package 'acg_resources_panda_moveit_config' with the following arguments: {'ament_cmake_args': None, 'build_base': '/home/beniamino/ros2_ws/build/acg_resources_panda_moveit_config', 'catkin_cmake_args': None, 'catkin_skip_building_tests': False, 'cmake_args': None, 'cmake_clean_cache': False, 'cmake_clean_first': False, 'cmake_force_configure': False, 'cmake_target': None, 'cmake_target_skip_unavailable': False, 'install_base': '/home/beniamino/ros2_ws/install/acg_resources_panda_moveit_config', 'merge_install': False, 'path': '/home/beniamino/ros2_ws/src/panda_impedance_controller/acg_resources_panda_moveit_config', 'symlink_install': False, 'test_result_base': None}
[0.870s] INFO:colcon.colcon_core.executor:Executing jobs using 'parallel' executor
[0.871s] DEBUG:colcon.colcon_parallel_executor.executor.parallel:run_until_complete
[0.871s] INFO:colcon.colcon_ros.task.ament_cmake.build:Building ROS package in '/home/beniamino/ros2_ws/src/panda_impedance_controller/acg_resources_panda_description' with build type 'ament_cmake'
[0.871s] INFO:colcon.colcon_cmake.task.cmake.build:Building CMake package in '/home/beniamino/ros2_ws/src/panda_impedance_controller/acg_resources_panda_description'
[0.907s] INFO:colcon.colcon_core.plugin_system:Skipping extension 'colcon_core.shell.bat': Not used on non-Windows systems
[0.907s] INFO:colcon.colcon_core.shell:Skip shell extension 'powershell' for command environment: Not usable outside of PowerShell
[0.907s] DEBUG:colcon.colcon_core.shell:Skip shell extension 'dsv' for command environment
[0.988s] DEBUG:colcon.colcon_core.event_handler.log_command:Invoking command in '/home/beniamino/ros2_ws/build/acg_resources_panda_description': CMAKE_PREFIX_PATH=${CMAKE_PREFIX_PATH}:/home/beniamino/ros2_ws/install/acg_resources_panda_trajectory_generation:/home/beniamino/ros2_ws/install/acg_resources_panda_trajectory_analyzer:/opt/ros/humble /usr/bin/cmake --build /home/beniamino/ros2_ws/build/acg_resources_panda_description -- -j12 -l12
[1.446s] DEBUG:colcon.colcon_core.event_handler.log_command:Invoked command in '/home/beniamino/ros2_ws/build/acg_resources_panda_description' returned '0': CMAKE_PREFIX_PATH=${CMAKE_PREFIX_PATH}:/home/beniamino/ros2_ws/install/acg_resources_panda_trajectory_generation:/home/beniamino/ros2_ws/install/acg_resources_panda_trajectory_analyzer:/opt/ros/humble /usr/bin/cmake --build /home/beniamino/ros2_ws/build/acg_resources_panda_description -- -j12 -l12
[1.497s] DEBUG:colcon.colcon_core.event_handler.log_command:Invoking command in '/home/beniamino/ros2_ws/build/acg_resources_panda_description': CMAKE_PREFIX_PATH=${CMAKE_PREFIX_PATH}:/home/beniamino/ros2_ws/install/acg_resources_panda_trajectory_generation:/home/beniamino/ros2_ws/install/acg_resources_panda_trajectory_analyzer:/opt/ros/humble /usr/bin/cmake --install /home/beniamino/ros2_ws/build/acg_resources_panda_description
[1.578s] Level 1:colcon.colcon_core.environment:create_environment_scripts_only(acg_resources_panda_description)
[1.579s] DEBUG:colcon.colcon_core.event_handler.log_command:Invoked command in '/home/beniamino/ros2_ws/build/acg_resources_panda_description' returned '0': CMAKE_PREFIX_PATH=${CMAKE_PREFIX_PATH}:/home/beniamino/ros2_ws/install/acg_resources_panda_trajectory_generation:/home/beniamino/ros2_ws/install/acg_resources_panda_trajectory_analyzer:/opt/ros/humble /usr/bin/cmake --install /home/beniamino/ros2_ws/build/acg_resources_panda_description
[1.621s] Level 1:colcon.colcon_core.environment:checking '/home/beniamino/ros2_ws/install/acg_resources_panda_description' for CMake module files
[1.622s] Level 1:colcon.colcon_core.environment:checking '/home/beniamino/ros2_ws/install/acg_resources_panda_description' for CMake config files
[1.622s] Level 1:colcon.colcon_core.shell:create_environment_hook('acg_resources_panda_description', 'cmake_prefix_path')
[1.623s] INFO:colcon.colcon_core.shell:Creating environment hook '/home/beniamino/ros2_ws/install/acg_resources_panda_description/share/acg_resources_panda_description/hook/cmake_prefix_path.ps1'
[1.624s] INFO:colcon.colcon_core.shell:Creating environment descriptor '/home/beniamino/ros2_ws/install/acg_resources_panda_description/share/acg_resources_panda_description/hook/cmake_prefix_path.dsv'
[1.625s] INFO:colcon.colcon_core.shell:Creating environment hook '/home/beniamino/ros2_ws/install/acg_resources_panda_description/share/acg_resources_panda_description/hook/cmake_prefix_path.sh'
[1.627s] Level 1:colcon.colcon_core.environment:checking '/home/beniamino/ros2_ws/install/acg_resources_panda_description/bin'
[1.627s] Level 1:colcon.colcon_core.environment:checking '/home/beniamino/ros2_ws/install/acg_resources_panda_description/lib/pkgconfig/acg_resources_panda_description.pc'
[1.628s] Level 1:colcon.colcon_core.environment:checking '/home/beniamino/ros2_ws/install/acg_resources_panda_description/lib/python3.10/site-packages'
[1.628s] Level 1:colcon.colcon_core.environment:checking '/home/beniamino/ros2_ws/install/acg_resources_panda_description/bin'
[1.628s] INFO:colcon.colcon_core.shell:Creating package script '/home/beniamino/ros2_ws/install/acg_resources_panda_description/share/acg_resources_panda_description/package.ps1'
[1.630s] INFO:colcon.colcon_core.shell:Creating package descriptor '/home/beniamino/ros2_ws/install/acg_resources_panda_description/share/acg_resources_panda_description/package.dsv'
[1.631s] INFO:colcon.colcon_core.shell:Creating package script '/home/beniamino/ros2_ws/install/acg_resources_panda_description/share/acg_resources_panda_description/package.sh'
[1.632s] INFO:colcon.colcon_core.shell:Creating package script '/home/beniamino/ros2_ws/install/acg_resources_panda_description/share/acg_resources_panda_description/package.bash'
[1.635s] INFO:colcon.colcon_core.shell:Creating package script '/home/beniamino/ros2_ws/install/acg_resources_panda_description/share/acg_resources_panda_description/package.zsh'
[1.637s] Level 1:colcon.colcon_core.environment:create_file_with_runtime_dependencies(/home/beniamino/ros2_ws/install/acg_resources_panda_description/share/colcon-core/packages/acg_resources_panda_description)
[1.674s] Level 1:colcon.colcon_core.environment:create_environment_scripts_only(acg_resources_panda_description)
[1.674s] Level 1:colcon.colcon_core.environment:checking '/home/beniamino/ros2_ws/install/acg_resources_panda_description' for CMake module files
[1.675s] Level 1:colcon.colcon_core.environment:checking '/home/beniamino/ros2_ws/install/acg_resources_panda_description' for CMake config files
[1.675s] Level 1:colcon.colcon_core.shell:create_environment_hook('acg_resources_panda_description', 'cmake_prefix_path')
[1.676s] INFO:colcon.colcon_core.shell:Creating environment hook '/home/beniamino/ros2_ws/install/acg_resources_panda_description/share/acg_resources_panda_description/hook/cmake_prefix_path.ps1'
[1.676s] INFO:colcon.colcon_core.shell:Creating environment descriptor '/home/beniamino/ros2_ws/install/acg_resources_panda_description/share/acg_resources_panda_description/hook/cmake_prefix_path.dsv'
[1.677s] INFO:colcon.colcon_core.shell:Creating environment hook '/home/beniamino/ros2_ws/install/acg_resources_panda_description/share/acg_resources_panda_description/hook/cmake_prefix_path.sh'
[1.677s] Level 1:colcon.colcon_core.environment:checking '/home/beniamino/ros2_ws/install/acg_resources_panda_description/bin'
[1.678s] Level 1:colcon.colcon_core.environment:checking '/home/beniamino/ros2_ws/install/acg_resources_panda_description/lib/pkgconfig/acg_resources_panda_description.pc'
[1.678s] Level 1:colcon.colcon_core.environment:checking '/home/beniamino/ros2_ws/install/acg_resources_panda_description/lib/python3.10/site-packages'
[1.678s] Level 1:colcon.colcon_core.environment:checking '/home/beniamino/ros2_ws/install/acg_resources_panda_description/bin'
[1.679s] INFO:colcon.colcon_core.shell:Creating package script '/home/beniamino/ros2_ws/install/acg_resources_panda_description/share/acg_resources_panda_description/package.ps1'
[1.679s] INFO:colcon.colcon_core.shell:Creating package descriptor '/home/beniamino/ros2_ws/install/acg_resources_panda_description/share/acg_resources_panda_description/package.dsv'
[1.680s] INFO:colcon.colcon_core.shell:Creating package script '/home/beniamino/ros2_ws/install/acg_resources_panda_description/share/acg_resources_panda_description/package.sh'
[1.681s] INFO:colcon.colcon_core.shell:Creating package script '/home/beniamino/ros2_ws/install/acg_resources_panda_description/share/acg_resources_panda_description/package.bash'
[1.681s] INFO:colcon.colcon_core.shell:Creating package script '/home/beniamino/ros2_ws/install/acg_resources_panda_description/share/acg_resources_panda_description/package.zsh'
[1.682s] Level 1:colcon.colcon_core.environment:create_file_with_runtime_dependencies(/home/beniamino/ros2_ws/install/acg_resources_panda_description/share/colcon-core/packages/acg_resources_panda_description)
[1.682s] INFO:colcon.colcon_ros.task.ament_cmake.build:Building ROS package in '/home/beniamino/ros2_ws/src/panda_impedance_controller/acg_resources_panda_moveit_config' with build type 'ament_cmake'
[1.683s] INFO:colcon.colcon_cmake.task.cmake.build:Building CMake package in '/home/beniamino/ros2_ws/src/panda_impedance_controller/acg_resources_panda_moveit_config'
[1.683s] INFO:colcon.colcon_core.shell:Skip shell extension 'powershell' for command environment: Not usable outside of PowerShell
[1.683s] DEBUG:colcon.colcon_core.shell:Skip shell extension 'dsv' for command environment
[1.734s] DEBUG:colcon.colcon_core.event_handler.log_command:Invoking command in '/home/beniamino/ros2_ws/build/acg_resources_panda_moveit_config': CMAKE_PREFIX_PATH=/home/beniamino/ros2_ws/install/acg_resources_panda_description:/home/beniamino/ros2_ws/install/ros_extensions_utilities:/home/beniamino/ros2_ws/install/panda_moveit_planning_demo:/home/beniamino/ros2_ws/install/panda_impedance_controller:/home/beniamino/ros2_ws/install/kdl_inverse_dynamics_solver:/home/beniamino/ros2_ws/install/inverse_dynamics_solver:/home/beniamino/ros2_ws/install/cartesian_control_msgs:/home/beniamino/ros2_ws/install/acg_resources_panda_moveit_config:/home/beniamino/ros2_ws/install/acg_resources_panda_trajectory_generation:/home/beniamino/ros2_ws/install/acg_resources_panda_trajectory_analyzer:/opt/ros/humble /usr/bin/cmake --build /home/beniamino/ros2_ws/build/acg_resources_panda_moveit_config -- -j12 -l12
[1.793s] DEBUG:colcon.colcon_core.event_handler.log_command:Invoked command in '/home/beniamino/ros2_ws/build/acg_resources_panda_moveit_config' returned '0': CMAKE_PREFIX_PATH=/home/beniamino/ros2_ws/install/acg_resources_panda_description:/home/beniamino/ros2_ws/install/ros_extensions_utilities:/home/beniamino/ros2_ws/install/panda_moveit_planning_demo:/home/beniamino/ros2_ws/install/panda_impedance_controller:/home/beniamino/ros2_ws/install/kdl_inverse_dynamics_solver:/home/beniamino/ros2_ws/install/inverse_dynamics_solver:/home/beniamino/ros2_ws/install/cartesian_control_msgs:/home/beniamino/ros2_ws/install/acg_resources_panda_moveit_config:/home/beniamino/ros2_ws/install/acg_resources_panda_trajectory_generation:/home/beniamino/ros2_ws/install/acg_resources_panda_trajectory_analyzer:/opt/ros/humble /usr/bin/cmake --build /home/beniamino/ros2_ws/build/acg_resources_panda_moveit_config -- -j12 -l12
[1.831s] DEBUG:colcon.colcon_core.event_handler.log_command:Invoking command in '/home/beniamino/ros2_ws/build/acg_resources_panda_moveit_config': CMAKE_PREFIX_PATH=/home/beniamino/ros2_ws/install/acg_resources_panda_description:/home/beniamino/ros2_ws/install/ros_extensions_utilities:/home/beniamino/ros2_ws/install/panda_moveit_planning_demo:/home/beniamino/ros2_ws/install/panda_impedance_controller:/home/beniamino/ros2_ws/install/kdl_inverse_dynamics_solver:/home/beniamino/ros2_ws/install/inverse_dynamics_solver:/home/beniamino/ros2_ws/install/cartesian_control_msgs:/home/beniamino/ros2_ws/install/acg_resources_panda_moveit_config:/home/beniamino/ros2_ws/install/acg_resources_panda_trajectory_generation:/home/beniamino/ros2_ws/install/acg_resources_panda_trajectory_analyzer:/opt/ros/humble /usr/bin/cmake --install /home/beniamino/ros2_ws/build/acg_resources_panda_moveit_config
[1.849s] Level 1:colcon.colcon_core.environment:create_environment_scripts_only(acg_resources_panda_moveit_config)
[1.850s] Level 1:colcon.colcon_core.environment:checking '/home/beniamino/ros2_ws/install/acg_resources_panda_moveit_config' for CMake module files
[1.850s] DEBUG:colcon.colcon_core.event_handler.log_command:Invoked command in '/home/beniamino/ros2_ws/build/acg_resources_panda_moveit_config' returned '0': CMAKE_PREFIX_PATH=/home/beniamino/ros2_ws/install/acg_resources_panda_description:/home/beniamino/ros2_ws/install/ros_extensions_utilities:/home/beniamino/ros2_ws/install/panda_moveit_planning_demo:/home/beniamino/ros2_ws/install/panda_impedance_controller:/home/beniamino/ros2_ws/install/kdl_inverse_dynamics_solver:/home/beniamino/ros2_ws/install/inverse_dynamics_solver:/home/beniamino/ros2_ws/install/cartesian_control_msgs:/home/beniamino/ros2_ws/install/acg_resources_panda_moveit_config:/home/beniamino/ros2_ws/install/acg_resources_panda_trajectory_generation:/home/beniamino/ros2_ws/install/acg_resources_panda_trajectory_analyzer:/opt/ros/humble /usr/bin/cmake --install /home/beniamino/ros2_ws/build/acg_resources_panda_moveit_config
[1.851s] Level 1:colcon.colcon_core.environment:checking '/home/beniamino/ros2_ws/install/acg_resources_panda_moveit_config' for CMake config files
[1.851s] Level 1:colcon.colcon_core.shell:create_environment_hook('acg_resources_panda_moveit_config', 'cmake_prefix_path')
[1.852s] INFO:colcon.colcon_core.shell:Creating environment hook '/home/beniamino/ros2_ws/install/acg_resources_panda_moveit_config/share/acg_resources_panda_moveit_config/hook/cmake_prefix_path.ps1'
[1.852s] INFO:colcon.colcon_core.shell:Creating environment descriptor '/home/beniamino/ros2_ws/install/acg_resources_panda_moveit_config/share/acg_resources_panda_moveit_config/hook/cmake_prefix_path.dsv'
[1.853s] INFO:colcon.colcon_core.shell:Creating environment hook '/home/beniamino/ros2_ws/install/acg_resources_panda_moveit_config/share/acg_resources_panda_moveit_config/hook/cmake_prefix_path.sh'
[1.854s] Level 1:colcon.colcon_core.environment:checking '/home/beniamino/ros2_ws/install/acg_resources_panda_moveit_config/bin'
[1.854s] Level 1:colcon.colcon_core.environment:checking '/home/beniamino/ros2_ws/install/acg_resources_panda_moveit_config/lib/pkgconfig/acg_resources_panda_moveit_config.pc'
[1.854s] Level 1:colcon.colcon_core.environment:checking '/home/beniamino/ros2_ws/install/acg_resources_panda_moveit_config/lib/python3.10/site-packages'
[1.854s] Level 1:colcon.colcon_core.environment:checking '/home/beniamino/ros2_ws/install/acg_resources_panda_moveit_config/bin'
[1.855s] INFO:colcon.colcon_core.shell:Creating package script '/home/beniamino/ros2_ws/install/acg_resources_panda_moveit_config/share/acg_resources_panda_moveit_config/package.ps1'
[1.855s] INFO:colcon.colcon_core.shell:Creating package descriptor '/home/beniamino/ros2_ws/install/acg_resources_panda_moveit_config/share/acg_resources_panda_moveit_config/package.dsv'
[1.856s] INFO:colcon.colcon_core.shell:Creating package script '/home/beniamino/ros2_ws/install/acg_resources_panda_moveit_config/share/acg_resources_panda_moveit_config/package.sh'
[1.857s] INFO:colcon.colcon_core.shell:Creating package script '/home/beniamino/ros2_ws/install/acg_resources_panda_moveit_config/share/acg_resources_panda_moveit_config/package.bash'
[1.857s] INFO:colcon.colcon_core.shell:Creating package script '/home/beniamino/ros2_ws/install/acg_resources_panda_moveit_config/share/acg_resources_panda_moveit_config/package.zsh'
[1.858s] Level 1:colcon.colcon_core.environment:create_file_with_runtime_dependencies(/home/beniamino/ros2_ws/install/acg_resources_panda_moveit_config/share/colcon-core/packages/acg_resources_panda_moveit_config)
[1.893s] Level 1:colcon.colcon_core.environment:create_environment_scripts_only(acg_resources_panda_moveit_config)
[1.893s] Level 1:colcon.colcon_core.environment:checking '/home/beniamino/ros2_ws/install/acg_resources_panda_moveit_config' for CMake module files
[1.894s] Level 1:colcon.colcon_core.environment:checking '/home/beniamino/ros2_ws/install/acg_resources_panda_moveit_config' for CMake config files
[1.894s] Level 1:colcon.colcon_core.shell:create_environment_hook('acg_resources_panda_moveit_config', 'cmake_prefix_path')
[1.895s] INFO:colcon.colcon_core.shell:Creating environment hook '/home/beniamino/ros2_ws/install/acg_resources_panda_moveit_config/share/acg_resources_panda_moveit_config/hook/cmake_prefix_path.ps1'
[1.895s] INFO:colcon.colcon_core.shell:Creating environment descriptor '/home/beniamino/ros2_ws/install/acg_resources_panda_moveit_config/share/acg_resources_panda_moveit_config/hook/cmake_prefix_path.dsv'
[1.896s] INFO:colcon.colcon_core.shell:Creating environment hook '/home/beniamino/ros2_ws/install/acg_resources_panda_moveit_config/share/acg_resources_panda_moveit_config/hook/cmake_prefix_path.sh'
[1.897s] Level 1:colcon.colcon_core.environment:checking '/home/beniamino/ros2_ws/install/acg_resources_panda_moveit_config/bin'
[1.897s] Level 1:colcon.colcon_core.environment:checking '/home/beniamino/ros2_ws/install/acg_resources_panda_moveit_config/lib/pkgconfig/acg_resources_panda_moveit_config.pc'
[1.897s] Level 1:colcon.colcon_core.environment:checking '/home/beniamino/ros2_ws/install/acg_resources_panda_moveit_config/lib/python3.10/site-packages'
[1.897s] Level 1:colcon.colcon_core.environment:checking '/home/beniamino/ros2_ws/install/acg_resources_panda_moveit_config/bin'
[1.898s] INFO:colcon.colcon_core.shell:Creating package script '/home/beniamino/ros2_ws/install/acg_resources_panda_moveit_config/share/acg_resources_panda_moveit_config/package.ps1'
[1.898s] INFO:colcon.colcon_core.shell:Creating package descriptor '/home/beniamino/ros2_ws/install/acg_resources_panda_moveit_config/share/acg_resources_panda_moveit_config/package.dsv'
[1.899s] INFO:colcon.colcon_core.shell:Creating package script '/home/beniamino/ros2_ws/install/acg_resources_panda_moveit_config/share/acg_resources_panda_moveit_config/package.sh'
[1.900s] INFO:colcon.colcon_core.shell:Creating package script '/home/beniamino/ros2_ws/install/acg_resources_panda_moveit_config/share/acg_resources_panda_moveit_config/package.bash'
[1.900s] INFO:colcon.colcon_core.shell:Creating package script '/home/beniamino/ros2_ws/install/acg_resources_panda_moveit_config/share/acg_resources_panda_moveit_config/package.zsh'
[1.901s] Level 1:colcon.colcon_core.environment:create_file_with_runtime_dependencies(/home/beniamino/ros2_ws/install/acg_resources_panda_moveit_config/share/colcon-core/packages/acg_resources_panda_moveit_config)
[1.901s] DEBUG:colcon.colcon_parallel_executor.executor.parallel:closing loop
[1.902s] DEBUG:colcon.colcon_parallel_executor.executor.parallel:loop closed
[1.902s] DEBUG:colcon.colcon_parallel_executor.executor.parallel:run_until_complete finished with '0'
[1.903s] DEBUG:colcon.colcon_core.event_reactor:joining thread
[1.969s] INFO:colcon.colcon_core.plugin_system:Skipping extension 'colcon_notification.desktop_notification.terminal_notifier': Not used on non-Darwin systems
[1.969s] INFO:colcon.colcon_core.plugin_system:Skipping extension 'colcon_notification.desktop_notification.win32': Not used on non-Windows systems
[1.969s] INFO:colcon.colcon_notification.desktop_notification:Sending desktop notification using 'notify2'
[1.991s] DEBUG:colcon.colcon_core.event_reactor:joined thread
[1.992s] INFO:colcon.colcon_core.shell:Creating prefix script '/home/beniamino/ros2_ws/install/local_setup.ps1'
[1.993s] INFO:colcon.colcon_core.shell:Creating prefix util module '/home/beniamino/ros2_ws/install/_local_setup_util_ps1.py'
[1.997s] INFO:colcon.colcon_core.shell:Creating prefix chain script '/home/beniamino/ros2_ws/install/setup.ps1'
[2.000s] INFO:colcon.colcon_core.shell:Creating prefix script '/home/beniamino/ros2_ws/install/local_setup.sh'
[2.001s] INFO:colcon.colcon_core.shell:Creating prefix util module '/home/beniamino/ros2_ws/install/_local_setup_util_sh.py'
[2.002s] INFO:colcon.colcon_core.shell:Creating prefix chain script '/home/beniamino/ros2_ws/install/setup.sh'
[2.005s] INFO:colcon.colcon_core.shell:Creating prefix script '/home/beniamino/ros2_ws/install/local_setup.bash'
[2.006s] INFO:colcon.colcon_core.shell:Creating prefix chain script '/home/beniamino/ros2_ws/install/setup.bash'
[2.009s] INFO:colcon.colcon_core.shell:Creating prefix script '/home/beniamino/ros2_ws/install/local_setup.zsh'
[2.010s] INFO:colcon.colcon_core.shell:Creating prefix chain script '/home/beniamino/ros2_ws/install/setup.zsh'
