[0.243s] DEBUG:colcon:Command line arguments: ['/usr/bin/colcon', 'build', '--packages-up-to', 'acg_resources_panda_moveit_config']
[0.243s] DEBUG:colcon:Parsed command line arguments: Namespace(log_base=None, log_level=None, verb_name='build', build_base='build', install_base='install', merge_install=False, symlink_install=False, test_result_base=None, continue_on_error=False, executor='parallel', parallel_workers=12, event_handlers=None, ignore_user_meta=False, metas=['./colcon.meta'], base_paths=['.'], packages_ignore=None, packages_ignore_regex=None, paths=None, packages_up_to=['acg_resources_panda_moveit_config'], packages_up_to_regex=None, packages_above=None, packages_above_and_dependencies=None, packages_above_depth=None, packages_select_by_dep=None, packages_skip_by_dep=None, packages_skip_up_to=None, packages_select_build_failed=False, packages_skip_build_finished=False, packages_select_test_failures=False, packages_skip_test_passed=False, packages_select=None, packages_skip=None, packages_select_regex=None, packages_skip_regex=None, packages_start=None, packages_end=None, allow_overriding=[], cmake_args=None, cmake_target=None, cmake_target_skip_unavailable=False, cmake_clean_cache=False, cmake_clean_first=False, cmake_force_configure=False, ament_cmake_args=None, catkin_cmake_args=None, catkin_skip_building_tests=False, mixin_files=None, mixin=None, verb_parser=<colcon_mixin.mixin.mixin_argument.MixinArgumentDecorator object at 0x7eee5ad5fb50>, verb_extension=<colcon_core.verb.build.BuildVerb object at 0x7eee5ad5f610>, main=<bound method BuildVerb.main of <colcon_core.verb.build.BuildVerb object at 0x7eee5ad5f610>>, mixin_verb=('build',))
[0.304s] Level 1:colcon.colcon_core.package_discovery:discover_packages(colcon_meta) check parameters
[0.304s] Level 1:colcon.colcon_core.package_discovery:discover_packages(recursive) check parameters
[0.304s] Level 1:colcon.colcon_core.package_discovery:discover_packages(ignore) check parameters
[0.305s] Level 1:colcon.colcon_core.package_discovery:discover_packages(path) check parameters
[0.305s] Level 1:colcon.colcon_core.package_discovery:discover_packages(colcon_meta) discover
[0.305s] Level 1:colcon.colcon_core.package_discovery:discover_packages(recursive) discover
[0.305s] INFO:colcon.colcon_core.package_discovery:Crawling recursively for packages in '/home/beniamino/ros2_ws'
[0.305s] Level 1:colcon.colcon_core.package_identification:_identify(.) by extensions ['ignore', 'ignore_ament_install']
[0.305s] Level 1:colcon.colcon_core.package_identification:_identify(.) by extension 'ignore'
[0.305s] Level 1:colcon.colcon_core.package_identification:_identify(.) by extension 'ignore_ament_install'
[0.305s] Level 1:colcon.colcon_core.package_identification:_identify(.) by extensions ['colcon_pkg']
[0.305s] Level 1:colcon.colcon_core.package_identification:_identify(.) by extension 'colcon_pkg'
[0.305s] Level 1:colcon.colcon_core.package_identification:_identify(.) by extensions ['colcon_meta']
[0.305s] Level 1:colcon.colcon_core.package_identification:_identify(.) by extension 'colcon_meta'
[0.306s] Level 1:colcon.colcon_core.package_identification:_identify(.) by extensions ['ros']
[0.306s] Level 1:colcon.colcon_core.package_identification:_identify(.) by extension 'ros'
[0.330s] Level 1:colcon.colcon_core.package_identification:_identify(.) by extensions ['cmake', 'python']
[0.330s] Level 1:colcon.colcon_core.package_identification:_identify(.) by extension 'cmake'
[0.330s] Level 1:colcon.colcon_core.package_identification:_identify(.) by extension 'python'
[0.330s] Level 1:colcon.colcon_core.package_identification:_identify(.) by extensions ['python_setup_py']
[0.330s] Level 1:colcon.colcon_core.package_identification:_identify(.) by extension 'python_setup_py'
[0.331s] Level 1:colcon.colcon_core.package_identification:_identify(build) by extensions ['ignore', 'ignore_ament_install']
[0.331s] Level 1:colcon.colcon_core.package_identification:_identify(build) by extension 'ignore'
[0.331s] Level 1:colcon.colcon_core.package_identification:_identify(build) ignored
[0.331s] Level 1:colcon.colcon_core.package_identification:_identify(executed_line_trajectory_2024_09_08_11_43_21.bag) by extensions ['ignore', 'ignore_ament_install']
[0.331s] Level 1:colcon.colcon_core.package_identification:_identify(executed_line_trajectory_2024_09_08_11_43_21.bag) by extension 'ignore'
[0.331s] Level 1:colcon.colcon_core.package_identification:_identify(executed_line_trajectory_2024_09_08_11_43_21.bag) by extension 'ignore_ament_install'
[0.331s] Level 1:colcon.colcon_core.package_identification:_identify(executed_line_trajectory_2024_09_08_11_43_21.bag) by extensions ['colcon_pkg']
[0.331s] Level 1:colcon.colcon_core.package_identification:_identify(executed_line_trajectory_2024_09_08_11_43_21.bag) by extension 'colcon_pkg'
[0.331s] Level 1:colcon.colcon_core.package_identification:_identify(executed_line_trajectory_2024_09_08_11_43_21.bag) by extensions ['colcon_meta']
[0.332s] Level 1:colcon.colcon_core.package_identification:_identify(executed_line_trajectory_2024_09_08_11_43_21.bag) by extension 'colcon_meta'
[0.332s] Level 1:colcon.colcon_core.package_identification:_identify(executed_line_trajectory_2024_09_08_11_43_21.bag) by extensions ['ros']
[0.332s] Level 1:colcon.colcon_core.package_identification:_identify(executed_line_trajectory_2024_09_08_11_43_21.bag) by extension 'ros'
[0.332s] Level 1:colcon.colcon_core.package_identification:_identify(executed_line_trajectory_2024_09_08_11_43_21.bag) by extensions ['cmake', 'python']
[0.332s] Level 1:colcon.colcon_core.package_identification:_identify(executed_line_trajectory_2024_09_08_11_43_21.bag) by extension 'cmake'
[0.332s] Level 1:colcon.colcon_core.package_identification:_identify(executed_line_trajectory_2024_09_08_11_43_21.bag) by extension 'python'
[0.332s] Level 1:colcon.colcon_core.package_identification:_identify(executed_line_trajectory_2024_09_08_11_43_21.bag) by extensions ['python_setup_py']
[0.332s] Level 1:colcon.colcon_core.package_identification:_identify(executed_line_trajectory_2024_09_08_11_43_21.bag) by extension 'python_setup_py'
[0.332s] Level 1:colcon.colcon_core.package_identification:_identify(install) by extensions ['ignore', 'ignore_ament_install']
[0.332s] Level 1:colcon.colcon_core.package_identification:_identify(install) by extension 'ignore'
[0.332s] Level 1:colcon.colcon_core.package_identification:_identify(install) ignored
[0.333s] Level 1:colcon.colcon_core.package_identification:_identify(log) by extensions ['ignore', 'ignore_ament_install']
[0.333s] Level 1:colcon.colcon_core.package_identification:_identify(log) by extension 'ignore'
[0.333s] Level 1:colcon.colcon_core.package_identification:_identify(log) ignored
[0.333s] Level 1:colcon.colcon_core.package_identification:_identify(planned_line_trajectory_2024_09_08_11_43_23.bag) by extensions ['ignore', 'ignore_ament_install']
[0.333s] Level 1:colcon.colcon_core.package_identification:_identify(planned_line_trajectory_2024_09_08_11_43_23.bag) by extension 'ignore'
[0.333s] Level 1:colcon.colcon_core.package_identification:_identify(planned_line_trajectory_2024_09_08_11_43_23.bag) by extension 'ignore_ament_install'
[0.333s] Level 1:colcon.colcon_core.package_identification:_identify(planned_line_trajectory_2024_09_08_11_43_23.bag) by extensions ['colcon_pkg']
[0.333s] Level 1:colcon.colcon_core.package_identification:_identify(planned_line_trajectory_2024_09_08_11_43_23.bag) by extension 'colcon_pkg'
[0.334s] Level 1:colcon.colcon_core.package_identification:_identify(planned_line_trajectory_2024_09_08_11_43_23.bag) by extensions ['colcon_meta']
[0.334s] Level 1:colcon.colcon_core.package_identification:_identify(planned_line_trajectory_2024_09_08_11_43_23.bag) by extension 'colcon_meta'
[0.334s] Level 1:colcon.colcon_core.package_identification:_identify(planned_line_trajectory_2024_09_08_11_43_23.bag) by extensions ['ros']
[0.334s] Level 1:colcon.colcon_core.package_identification:_identify(planned_line_trajectory_2024_09_08_11_43_23.bag) by extension 'ros'
[0.334s] Level 1:colcon.colcon_core.package_identification:_identify(planned_line_trajectory_2024_09_08_11_43_23.bag) by extensions ['cmake', 'python']
[0.334s] Level 1:colcon.colcon_core.package_identification:_identify(planned_line_trajectory_2024_09_08_11_43_23.bag) by extension 'cmake'
[0.334s] Level 1:colcon.colcon_core.package_identification:_identify(planned_line_trajectory_2024_09_08_11_43_23.bag) by extension 'python'
[0.334s] Level 1:colcon.colcon_core.package_identification:_identify(planned_line_trajectory_2024_09_08_11_43_23.bag) by extensions ['python_setup_py']
[0.334s] Level 1:colcon.colcon_core.package_identification:_identify(planned_line_trajectory_2024_09_08_11_43_23.bag) by extension 'python_setup_py'
[0.334s] Level 1:colcon.colcon_core.package_identification:_identify(src) by extensions ['ignore', 'ignore_ament_install']
[0.334s] Level 1:colcon.colcon_core.package_identification:_identify(src) by extension 'ignore'
[0.335s] Level 1:colcon.colcon_core.package_identification:_identify(src) by extension 'ignore_ament_install'
[0.335s] Level 1:colcon.colcon_core.package_identification:_identify(src) by extensions ['colcon_pkg']
[0.335s] Level 1:colcon.colcon_core.package_identification:_identify(src) by extension 'colcon_pkg'
[0.335s] Level 1:colcon.colcon_core.package_identification:_identify(src) by extensions ['colcon_meta']
[0.335s] Level 1:colcon.colcon_core.package_identification:_identify(src) by extension 'colcon_meta'
[0.335s] Level 1:colcon.colcon_core.package_identification:_identify(src) by extensions ['ros']
[0.335s] Level 1:colcon.colcon_core.package_identification:_identify(src) by extension 'ros'
[0.335s] Level 1:colcon.colcon_core.package_identification:_identify(src) by extensions ['cmake', 'python']
[0.335s] Level 1:colcon.colcon_core.package_identification:_identify(src) by extension 'cmake'
[0.335s] Level 1:colcon.colcon_core.package_identification:_identify(src) by extension 'python'
[0.335s] Level 1:colcon.colcon_core.package_identification:_identify(src) by extensions ['python_setup_py']
[0.335s] Level 1:colcon.colcon_core.package_identification:_identify(src) by extension 'python_setup_py'
[0.335s] Level 1:colcon.colcon_core.package_identification:_identify(src/panda_impedance_controller) by extensions ['ignore', 'ignore_ament_install']
[0.336s] Level 1:colcon.colcon_core.package_identification:_identify(src/panda_impedance_controller) by extension 'ignore'
[0.336s] Level 1:colcon.colcon_core.package_identification:_identify(src/panda_impedance_controller) by extension 'ignore_ament_install'
[0.336s] Level 1:colcon.colcon_core.package_identification:_identify(src/panda_impedance_controller) by extensions ['colcon_pkg']
[0.336s] Level 1:colcon.colcon_core.package_identification:_identify(src/panda_impedance_controller) by extension 'colcon_pkg'
[0.336s] Level 1:colcon.colcon_core.package_identification:_identify(src/panda_impedance_controller) by extensions ['colcon_meta']
[0.336s] Level 1:colcon.colcon_core.package_identification:_identify(src/panda_impedance_controller) by extension 'colcon_meta'
[0.336s] Level 1:colcon.colcon_core.package_identification:_identify(src/panda_impedance_controller) by extensions ['ros']
[0.336s] Level 1:colcon.colcon_core.package_identification:_identify(src/panda_impedance_controller) by extension 'ros'
[0.336s] Level 1:colcon.colcon_core.package_identification:_identify(src/panda_impedance_controller) by extensions ['cmake', 'python']
[0.336s] Level 1:colcon.colcon_core.package_identification:_identify(src/panda_impedance_controller) by extension 'cmake'
[0.336s] Level 1:colcon.colcon_core.package_identification:_identify(src/panda_impedance_controller) by extension 'python'
[0.336s] Level 1:colcon.colcon_core.package_identification:_identify(src/panda_impedance_controller) by extensions ['python_setup_py']
[0.336s] Level 1:colcon.colcon_core.package_identification:_identify(src/panda_impedance_controller) by extension 'python_setup_py'
[0.337s] Level 1:colcon.colcon_core.package_identification:_identify(src/panda_impedance_controller/acg_resources_panda_description) by extensions ['ignore', 'ignore_ament_install']
[0.337s] Level 1:colcon.colcon_core.package_identification:_identify(src/panda_impedance_controller/acg_resources_panda_description) by extension 'ignore'
[0.337s] Level 1:colcon.colcon_core.package_identification:_identify(src/panda_impedance_controller/acg_resources_panda_description) by extension 'ignore_ament_install'
[0.337s] Level 1:colcon.colcon_core.package_identification:_identify(src/panda_impedance_controller/acg_resources_panda_description) by extensions ['colcon_pkg']
[0.337s] Level 1:colcon.colcon_core.package_identification:_identify(src/panda_impedance_controller/acg_resources_panda_description) by extension 'colcon_pkg'
[0.337s] Level 1:colcon.colcon_core.package_identification:_identify(src/panda_impedance_controller/acg_resources_panda_description) by extensions ['colcon_meta']
[0.337s] Level 1:colcon.colcon_core.package_identification:_identify(src/panda_impedance_controller/acg_resources_panda_description) by extension 'colcon_meta'
[0.337s] Level 1:colcon.colcon_core.package_identification:_identify(src/panda_impedance_controller/acg_resources_panda_description) by extensions ['ros']
[0.337s] Level 1:colcon.colcon_core.package_identification:_identify(src/panda_impedance_controller/acg_resources_panda_description) by extension 'ros'
[0.341s] DEBUG:colcon.colcon_core.package_identification:Package 'src/panda_impedance_controller/acg_resources_panda_description' with type 'ros.ament_cmake' and name 'acg_resources_panda_description'
[0.341s] Level 1:colcon.colcon_core.package_identification:_identify(src/panda_impedance_controller/acg_resources_panda_moveit_config) by extensions ['ignore', 'ignore_ament_install']
[0.341s] Level 1:colcon.colcon_core.package_identification:_identify(src/panda_impedance_controller/acg_resources_panda_moveit_config) by extension 'ignore'
[0.341s] Level 1:colcon.colcon_core.package_identification:_identify(src/panda_impedance_controller/acg_resources_panda_moveit_config) by extension 'ignore_ament_install'
[0.342s] Level 1:colcon.colcon_core.package_identification:_identify(src/panda_impedance_controller/acg_resources_panda_moveit_config) by extensions ['colcon_pkg']
[0.342s] Level 1:colcon.colcon_core.package_identification:_identify(src/panda_impedance_controller/acg_resources_panda_moveit_config) by extension 'colcon_pkg'
[0.342s] Level 1:colcon.colcon_core.package_identification:_identify(src/panda_impedance_controller/acg_resources_panda_moveit_config) by extensions ['colcon_meta']
[0.342s] Level 1:colcon.colcon_core.package_identification:_identify(src/panda_impedance_controller/acg_resources_panda_moveit_config) by extension 'colcon_meta'
[0.342s] Level 1:colcon.colcon_core.package_identification:_identify(src/panda_impedance_controller/acg_resources_panda_moveit_config) by extensions ['ros']
[0.342s] Level 1:colcon.colcon_core.package_identification:_identify(src/panda_impedance_controller/acg_resources_panda_moveit_config) by extension 'ros'
[0.343s] DEBUG:colcon.colcon_core.package_identification:Package 'src/panda_impedance_controller/acg_resources_panda_moveit_config' with type 'ros.ament_cmake' and name 'acg_resources_panda_moveit_config'
[0.343s] Level 1:colcon.colcon_core.package_identification:_identify(src/panda_impedance_controller/acg_resources_panda_trajectory_analyzer) by extensions ['ignore', 'ignore_ament_install']
[0.343s] Level 1:colcon.colcon_core.package_identification:_identify(src/panda_impedance_controller/acg_resources_panda_trajectory_analyzer) by extension 'ignore'
[0.344s] Level 1:colcon.colcon_core.package_identification:_identify(src/panda_impedance_controller/acg_resources_panda_trajectory_analyzer) by extension 'ignore_ament_install'
[0.344s] Level 1:colcon.colcon_core.package_identification:_identify(src/panda_impedance_controller/acg_resources_panda_trajectory_analyzer) by extensions ['colcon_pkg']
[0.344s] Level 1:colcon.colcon_core.package_identification:_identify(src/panda_impedance_controller/acg_resources_panda_trajectory_analyzer) by extension 'colcon_pkg'
[0.344s] Level 1:colcon.colcon_core.package_identification:_identify(src/panda_impedance_controller/acg_resources_panda_trajectory_analyzer) by extensions ['colcon_meta']
[0.344s] Level 1:colcon.colcon_core.package_identification:_identify(src/panda_impedance_controller/acg_resources_panda_trajectory_analyzer) by extension 'colcon_meta'
[0.344s] Level 1:colcon.colcon_core.package_identification:_identify(src/panda_impedance_controller/acg_resources_panda_trajectory_analyzer) by extensions ['ros']
[0.344s] Level 1:colcon.colcon_core.package_identification:_identify(src/panda_impedance_controller/acg_resources_panda_trajectory_analyzer) by extension 'ros'
[0.345s] DEBUG:colcon.colcon_core.package_identification:Package 'src/panda_impedance_controller/acg_resources_panda_trajectory_analyzer' with type 'ros.ament_python' and name 'acg_resources_panda_trajectory_analyzer'
[0.345s] Level 1:colcon.colcon_core.package_identification:_identify(src/panda_impedance_controller/acg_resources_panda_trajectory_generation) by extensions ['ignore', 'ignore_ament_install']
[0.345s] Level 1:colcon.colcon_core.package_identification:_identify(src/panda_impedance_controller/acg_resources_panda_trajectory_generation) by extension 'ignore'
[0.345s] Level 1:colcon.colcon_core.package_identification:_identify(src/panda_impedance_controller/acg_resources_panda_trajectory_generation) by extension 'ignore_ament_install'
[0.346s] Level 1:colcon.colcon_core.package_identification:_identify(src/panda_impedance_controller/acg_resources_panda_trajectory_generation) by extensions ['colcon_pkg']
[0.346s] Level 1:colcon.colcon_core.package_identification:_identify(src/panda_impedance_controller/acg_resources_panda_trajectory_generation) by extension 'colcon_pkg'
[0.346s] Level 1:colcon.colcon_core.package_identification:_identify(src/panda_impedance_controller/acg_resources_panda_trajectory_generation) by extensions ['colcon_meta']
[0.346s] Level 1:colcon.colcon_core.package_identification:_identify(src/panda_impedance_controller/acg_resources_panda_trajectory_generation) by extension 'colcon_meta'
[0.346s] Level 1:colcon.colcon_core.package_identification:_identify(src/panda_impedance_controller/acg_resources_panda_trajectory_generation) by extensions ['ros']
[0.346s] Level 1:colcon.colcon_core.package_identification:_identify(src/panda_impedance_controller/acg_resources_panda_trajectory_generation) by extension 'ros'
[0.347s] DEBUG:colcon.colcon_core.package_identification:Package 'src/panda_impedance_controller/acg_resources_panda_trajectory_generation' with type 'ros.ament_python' and name 'acg_resources_panda_trajectory_generation'
[0.347s] Level 1:colcon.colcon_core.package_identification:_identify(src/panda_impedance_controller/cartesian_control_msgs) by extensions ['ignore', 'ignore_ament_install']
[0.347s] Level 1:colcon.colcon_core.package_identification:_identify(src/panda_impedance_controller/cartesian_control_msgs) by extension 'ignore'
[0.348s] Level 1:colcon.colcon_core.package_identification:_identify(src/panda_impedance_controller/cartesian_control_msgs) by extension 'ignore_ament_install'
[0.348s] Level 1:colcon.colcon_core.package_identification:_identify(src/panda_impedance_controller/cartesian_control_msgs) by extensions ['colcon_pkg']
[0.348s] Level 1:colcon.colcon_core.package_identification:_identify(src/panda_impedance_controller/cartesian_control_msgs) by extension 'colcon_pkg'
[0.348s] Level 1:colcon.colcon_core.package_identification:_identify(src/panda_impedance_controller/cartesian_control_msgs) by extensions ['colcon_meta']
[0.348s] Level 1:colcon.colcon_core.package_identification:_identify(src/panda_impedance_controller/cartesian_control_msgs) by extension 'colcon_meta'
[0.348s] Level 1:colcon.colcon_core.package_identification:_identify(src/panda_impedance_controller/cartesian_control_msgs) by extensions ['ros']
[0.348s] Level 1:colcon.colcon_core.package_identification:_identify(src/panda_impedance_controller/cartesian_control_msgs) by extension 'ros'
[0.349s] DEBUG:colcon.colcon_core.package_identification:Package 'src/panda_impedance_controller/cartesian_control_msgs' with type 'ros.ament_cmake' and name 'cartesian_control_msgs'
[0.349s] Level 1:colcon.colcon_core.package_identification:_identify(src/panda_impedance_controller/inverse_dynamics_solver) by extensions ['ignore', 'ignore_ament_install']
[0.349s] Level 1:colcon.colcon_core.package_identification:_identify(src/panda_impedance_controller/inverse_dynamics_solver) by extension 'ignore'
[0.350s] Level 1:colcon.colcon_core.package_identification:_identify(src/panda_impedance_controller/inverse_dynamics_solver) by extension 'ignore_ament_install'
[0.350s] Level 1:colcon.colcon_core.package_identification:_identify(src/panda_impedance_controller/inverse_dynamics_solver) by extensions ['colcon_pkg']
[0.350s] Level 1:colcon.colcon_core.package_identification:_identify(src/panda_impedance_controller/inverse_dynamics_solver) by extension 'colcon_pkg'
[0.350s] Level 1:colcon.colcon_core.package_identification:_identify(src/panda_impedance_controller/inverse_dynamics_solver) by extensions ['colcon_meta']
[0.350s] Level 1:colcon.colcon_core.package_identification:_identify(src/panda_impedance_controller/inverse_dynamics_solver) by extension 'colcon_meta'
[0.350s] Level 1:colcon.colcon_core.package_identification:_identify(src/panda_impedance_controller/inverse_dynamics_solver) by extensions ['ros']
[0.350s] Level 1:colcon.colcon_core.package_identification:_identify(src/panda_impedance_controller/inverse_dynamics_solver) by extension 'ros'
[0.351s] DEBUG:colcon.colcon_core.package_identification:Package 'src/panda_impedance_controller/inverse_dynamics_solver' with type 'ros.ament_cmake' and name 'inverse_dynamics_solver'
[0.351s] Level 1:colcon.colcon_core.package_identification:_identify(src/panda_impedance_controller/kdl_inverse_dynamics_solver) by extensions ['ignore', 'ignore_ament_install']
[0.351s] Level 1:colcon.colcon_core.package_identification:_identify(src/panda_impedance_controller/kdl_inverse_dynamics_solver) by extension 'ignore'
[0.351s] Level 1:colcon.colcon_core.package_identification:_identify(src/panda_impedance_controller/kdl_inverse_dynamics_solver) by extension 'ignore_ament_install'
[0.351s] Level 1:colcon.colcon_core.package_identification:_identify(src/panda_impedance_controller/kdl_inverse_dynamics_solver) by extensions ['colcon_pkg']
[0.351s] Level 1:colcon.colcon_core.package_identification:_identify(src/panda_impedance_controller/kdl_inverse_dynamics_solver) by extension 'colcon_pkg'
[0.352s] Level 1:colcon.colcon_core.package_identification:_identify(src/panda_impedance_controller/kdl_inverse_dynamics_solver) by extensions ['colcon_meta']
[0.352s] Level 1:colcon.colcon_core.package_identification:_identify(src/panda_impedance_controller/kdl_inverse_dynamics_solver) by extension 'colcon_meta'
[0.352s] Level 1:colcon.colcon_core.package_identification:_identify(src/panda_impedance_controller/kdl_inverse_dynamics_solver) by extensions ['ros']
[0.352s] Level 1:colcon.colcon_core.package_identification:_identify(src/panda_impedance_controller/kdl_inverse_dynamics_solver) by extension 'ros'
[0.353s] DEBUG:colcon.colcon_core.package_identification:Package 'src/panda_impedance_controller/kdl_inverse_dynamics_solver' with type 'ros.ament_cmake' and name 'kdl_inverse_dynamics_solver'
[0.353s] Level 1:colcon.colcon_core.package_identification:_identify(src/panda_impedance_controller/panda_impedance_controller) by extensions ['ignore', 'ignore_ament_install']
[0.354s] Level 1:colcon.colcon_core.package_identification:_identify(src/panda_impedance_controller/panda_impedance_controller) by extension 'ignore'
[0.354s] Level 1:colcon.colcon_core.package_identification:_identify(src/panda_impedance_controller/panda_impedance_controller) by extension 'ignore_ament_install'
[0.354s] Level 1:colcon.colcon_core.package_identification:_identify(src/panda_impedance_controller/panda_impedance_controller) by extensions ['colcon_pkg']
[0.354s] Level 1:colcon.colcon_core.package_identification:_identify(src/panda_impedance_controller/panda_impedance_controller) by extension 'colcon_pkg'
[0.354s] Level 1:colcon.colcon_core.package_identification:_identify(src/panda_impedance_controller/panda_impedance_controller) by extensions ['colcon_meta']
[0.354s] Level 1:colcon.colcon_core.package_identification:_identify(src/panda_impedance_controller/panda_impedance_controller) by extension 'colcon_meta'
[0.354s] Level 1:colcon.colcon_core.package_identification:_identify(src/panda_impedance_controller/panda_impedance_controller) by extensions ['ros']
[0.354s] Level 1:colcon.colcon_core.package_identification:_identify(src/panda_impedance_controller/panda_impedance_controller) by extension 'ros'
[0.355s] DEBUG:colcon.colcon_core.package_identification:Package 'src/panda_impedance_controller/panda_impedance_controller' with type 'ros.ament_cmake' and name 'panda_impedance_controller'
[0.356s] Level 1:colcon.colcon_core.package_identification:_identify(src/panda_impedance_controller/panda_moveit_planning_demo) by extensions ['ignore', 'ignore_ament_install']
[0.356s] Level 1:colcon.colcon_core.package_identification:_identify(src/panda_impedance_controller/panda_moveit_planning_demo) by extension 'ignore'
[0.356s] Level 1:colcon.colcon_core.package_identification:_identify(src/panda_impedance_controller/panda_moveit_planning_demo) by extension 'ignore_ament_install'
[0.356s] Level 1:colcon.colcon_core.package_identification:_identify(src/panda_impedance_controller/panda_moveit_planning_demo) by extensions ['colcon_pkg']
[0.356s] Level 1:colcon.colcon_core.package_identification:_identify(src/panda_impedance_controller/panda_moveit_planning_demo) by extension 'colcon_pkg'
[0.356s] Level 1:colcon.colcon_core.package_identification:_identify(src/panda_impedance_controller/panda_moveit_planning_demo) by extensions ['colcon_meta']
[0.356s] Level 1:colcon.colcon_core.package_identification:_identify(src/panda_impedance_controller/panda_moveit_planning_demo) by extension 'colcon_meta'
[0.356s] Level 1:colcon.colcon_core.package_identification:_identify(src/panda_impedance_controller/panda_moveit_planning_demo) by extensions ['ros']
[0.356s] Level 1:colcon.colcon_core.package_identification:_identify(src/panda_impedance_controller/panda_moveit_planning_demo) by extension 'ros'
[0.359s] DEBUG:colcon.colcon_core.package_identification:Package 'src/panda_impedance_controller/panda_moveit_planning_demo' with type 'ros.ament_cmake' and name 'panda_moveit_planning_demo'
[0.359s] Level 1:colcon.colcon_core.package_identification:_identify(src/panda_impedance_controller/ros_extensions_utilities) by extensions ['ignore', 'ignore_ament_install']
[0.359s] Level 1:colcon.colcon_core.package_identification:_identify(src/panda_impedance_controller/ros_extensions_utilities) by extension 'ignore'
[0.359s] Level 1:colcon.colcon_core.package_identification:_identify(src/panda_impedance_controller/ros_extensions_utilities) by extension 'ignore_ament_install'
[0.359s] Level 1:colcon.colcon_core.package_identification:_identify(src/panda_impedance_controller/ros_extensions_utilities) by extensions ['colcon_pkg']
[0.359s] Level 1:colcon.colcon_core.package_identification:_identify(src/panda_impedance_controller/ros_extensions_utilities) by extension 'colcon_pkg'
[0.359s] Level 1:colcon.colcon_core.package_identification:_identify(src/panda_impedance_controller/ros_extensions_utilities) by extensions ['colcon_meta']
[0.359s] Level 1:colcon.colcon_core.package_identification:_identify(src/panda_impedance_controller/ros_extensions_utilities) by extension 'colcon_meta'
[0.359s] Level 1:colcon.colcon_core.package_identification:_identify(src/panda_impedance_controller/ros_extensions_utilities) by extensions ['ros']
[0.359s] Level 1:colcon.colcon_core.package_identification:_identify(src/panda_impedance_controller/ros_extensions_utilities) by extension 'ros'
[0.360s] DEBUG:colcon.colcon_core.package_identification:Package 'src/panda_impedance_controller/ros_extensions_utilities' with type 'ros.ament_cmake' and name 'ros_extensions_utilities'
[0.361s] Level 1:colcon.colcon_core.package_identification:_identify(src/panda_impedance_controller/trajectories) by extensions ['ignore', 'ignore_ament_install']
[0.361s] Level 1:colcon.colcon_core.package_identification:_identify(src/panda_impedance_controller/trajectories) by extension 'ignore'
[0.361s] Level 1:colcon.colcon_core.package_identification:_identify(src/panda_impedance_controller/trajectories) by extension 'ignore_ament_install'
[0.361s] Level 1:colcon.colcon_core.package_identification:_identify(src/panda_impedance_controller/trajectories) by extensions ['colcon_pkg']
[0.361s] Level 1:colcon.colcon_core.package_identification:_identify(src/panda_impedance_controller/trajectories) by extension 'colcon_pkg'
[0.361s] Level 1:colcon.colcon_core.package_identification:_identify(src/panda_impedance_controller/trajectories) by extensions ['colcon_meta']
[0.361s] Level 1:colcon.colcon_core.package_identification:_identify(src/panda_impedance_controller/trajectories) by extension 'colcon_meta'
[0.361s] Level 1:colcon.colcon_core.package_identification:_identify(src/panda_impedance_controller/trajectories) by extensions ['ros']
[0.361s] Level 1:colcon.colcon_core.package_identification:_identify(src/panda_impedance_controller/trajectories) by extension 'ros'
[0.361s] Level 1:colcon.colcon_core.package_identification:_identify(src/panda_impedance_controller/trajectories) by extensions ['cmake', 'python']
[0.361s] Level 1:colcon.colcon_core.package_identification:_identify(src/panda_impedance_controller/trajectories) by extension 'cmake'
[0.362s] Level 1:colcon.colcon_core.package_identification:_identify(src/panda_impedance_controller/trajectories) by extension 'python'
[0.362s] Level 1:colcon.colcon_core.package_identification:_identify(src/panda_impedance_controller/trajectories) by extensions ['python_setup_py']
[0.362s] Level 1:colcon.colcon_core.package_identification:_identify(src/panda_impedance_controller/trajectories) by extension 'python_setup_py'
[0.362s] Level 1:colcon.colcon_core.package_identification:_identify(src/panda_impedance_controller/trajectories/line_trajectory_0.1.bag) by extensions ['ignore', 'ignore_ament_install']
[0.362s] Level 1:colcon.colcon_core.package_identification:_identify(src/panda_impedance_controller/trajectories/line_trajectory_0.1.bag) by extension 'ignore'
[0.362s] Level 1:colcon.colcon_core.package_identification:_identify(src/panda_impedance_controller/trajectories/line_trajectory_0.1.bag) by extension 'ignore_ament_install'
[0.362s] Level 1:colcon.colcon_core.package_identification:_identify(src/panda_impedance_controller/trajectories/line_trajectory_0.1.bag) by extensions ['colcon_pkg']
[0.362s] Level 1:colcon.colcon_core.package_identification:_identify(src/panda_impedance_controller/trajectories/line_trajectory_0.1.bag) by extension 'colcon_pkg'
[0.362s] Level 1:colcon.colcon_core.package_identification:_identify(src/panda_impedance_controller/trajectories/line_trajectory_0.1.bag) by extensions ['colcon_meta']
[0.362s] Level 1:colcon.colcon_core.package_identification:_identify(src/panda_impedance_controller/trajectories/line_trajectory_0.1.bag) by extension 'colcon_meta'
[0.362s] Level 1:colcon.colcon_core.package_identification:_identify(src/panda_impedance_controller/trajectories/line_trajectory_0.1.bag) by extensions ['ros']
[0.362s] Level 1:colcon.colcon_core.package_identification:_identify(src/panda_impedance_controller/trajectories/line_trajectory_0.1.bag) by extension 'ros'
[0.363s] Level 1:colcon.colcon_core.package_identification:_identify(src/panda_impedance_controller/trajectories/line_trajectory_0.1.bag) by extensions ['cmake', 'python']
[0.363s] Level 1:colcon.colcon_core.package_identification:_identify(src/panda_impedance_controller/trajectories/line_trajectory_0.1.bag) by extension 'cmake'
[0.363s] Level 1:colcon.colcon_core.package_identification:_identify(src/panda_impedance_controller/trajectories/line_trajectory_0.1.bag) by extension 'python'
[0.363s] Level 1:colcon.colcon_core.package_identification:_identify(src/panda_impedance_controller/trajectories/line_trajectory_0.1.bag) by extensions ['python_setup_py']
[0.363s] Level 1:colcon.colcon_core.package_identification:_identify(src/panda_impedance_controller/trajectories/line_trajectory_0.1.bag) by extension 'python_setup_py'
[0.363s] Level 1:colcon.colcon_core.package_identification:_identify(src/panda_impedance_controller/trajectories/line_trajectory_0.2.bag) by extensions ['ignore', 'ignore_ament_install']
[0.363s] Level 1:colcon.colcon_core.package_identification:_identify(src/panda_impedance_controller/trajectories/line_trajectory_0.2.bag) by extension 'ignore'
[0.363s] Level 1:colcon.colcon_core.package_identification:_identify(src/panda_impedance_controller/trajectories/line_trajectory_0.2.bag) by extension 'ignore_ament_install'
[0.363s] Level 1:colcon.colcon_core.package_identification:_identify(src/panda_impedance_controller/trajectories/line_trajectory_0.2.bag) by extensions ['colcon_pkg']
[0.363s] Level 1:colcon.colcon_core.package_identification:_identify(src/panda_impedance_controller/trajectories/line_trajectory_0.2.bag) by extension 'colcon_pkg'
[0.364s] Level 1:colcon.colcon_core.package_identification:_identify(src/panda_impedance_controller/trajectories/line_trajectory_0.2.bag) by extensions ['colcon_meta']
[0.364s] Level 1:colcon.colcon_core.package_identification:_identify(src/panda_impedance_controller/trajectories/line_trajectory_0.2.bag) by extension 'colcon_meta'
[0.364s] Level 1:colcon.colcon_core.package_identification:_identify(src/panda_impedance_controller/trajectories/line_trajectory_0.2.bag) by extensions ['ros']
[0.364s] Level 1:colcon.colcon_core.package_identification:_identify(src/panda_impedance_controller/trajectories/line_trajectory_0.2.bag) by extension 'ros'
[0.364s] Level 1:colcon.colcon_core.package_identification:_identify(src/panda_impedance_controller/trajectories/line_trajectory_0.2.bag) by extensions ['cmake', 'python']
[0.364s] Level 1:colcon.colcon_core.package_identification:_identify(src/panda_impedance_controller/trajectories/line_trajectory_0.2.bag) by extension 'cmake'
[0.364s] Level 1:colcon.colcon_core.package_identification:_identify(src/panda_impedance_controller/trajectories/line_trajectory_0.2.bag) by extension 'python'
[0.364s] Level 1:colcon.colcon_core.package_identification:_identify(src/panda_impedance_controller/trajectories/line_trajectory_0.2.bag) by extensions ['python_setup_py']
[0.364s] Level 1:colcon.colcon_core.package_identification:_identify(src/panda_impedance_controller/trajectories/line_trajectory_0.2.bag) by extension 'python_setup_py'
[0.364s] Level 1:colcon.colcon_core.package_identification:_identify(src/panda_impedance_controller/trajectories/line_trajectory_0.3.bag) by extensions ['ignore', 'ignore_ament_install']
[0.364s] Level 1:colcon.colcon_core.package_identification:_identify(src/panda_impedance_controller/trajectories/line_trajectory_0.3.bag) by extension 'ignore'
[0.365s] Level 1:colcon.colcon_core.package_identification:_identify(src/panda_impedance_controller/trajectories/line_trajectory_0.3.bag) by extension 'ignore_ament_install'
[0.365s] Level 1:colcon.colcon_core.package_identification:_identify(src/panda_impedance_controller/trajectories/line_trajectory_0.3.bag) by extensions ['colcon_pkg']
[0.365s] Level 1:colcon.colcon_core.package_identification:_identify(src/panda_impedance_controller/trajectories/line_trajectory_0.3.bag) by extension 'colcon_pkg'
[0.365s] Level 1:colcon.colcon_core.package_identification:_identify(src/panda_impedance_controller/trajectories/line_trajectory_0.3.bag) by extensions ['colcon_meta']
[0.365s] Level 1:colcon.colcon_core.package_identification:_identify(src/panda_impedance_controller/trajectories/line_trajectory_0.3.bag) by extension 'colcon_meta'
[0.365s] Level 1:colcon.colcon_core.package_identification:_identify(src/panda_impedance_controller/trajectories/line_trajectory_0.3.bag) by extensions ['ros']
[0.365s] Level 1:colcon.colcon_core.package_identification:_identify(src/panda_impedance_controller/trajectories/line_trajectory_0.3.bag) by extension 'ros'
[0.365s] Level 1:colcon.colcon_core.package_identification:_identify(src/panda_impedance_controller/trajectories/line_trajectory_0.3.bag) by extensions ['cmake', 'python']
[0.365s] Level 1:colcon.colcon_core.package_identification:_identify(src/panda_impedance_controller/trajectories/line_trajectory_0.3.bag) by extension 'cmake'
[0.365s] Level 1:colcon.colcon_core.package_identification:_identify(src/panda_impedance_controller/trajectories/line_trajectory_0.3.bag) by extension 'python'
[0.365s] Level 1:colcon.colcon_core.package_identification:_identify(src/panda_impedance_controller/trajectories/line_trajectory_0.3.bag) by extensions ['python_setup_py']
[0.365s] Level 1:colcon.colcon_core.package_identification:_identify(src/panda_impedance_controller/trajectories/line_trajectory_0.3.bag) by extension 'python_setup_py'
[0.366s] Level 1:colcon.colcon_core.package_identification:_identify(src/panda_impedance_controller/trajectories/line_trajectory_0.4.bag) by extensions ['ignore', 'ignore_ament_install']
[0.366s] Level 1:colcon.colcon_core.package_identification:_identify(src/panda_impedance_controller/trajectories/line_trajectory_0.4.bag) by extension 'ignore'
[0.366s] Level 1:colcon.colcon_core.package_identification:_identify(src/panda_impedance_controller/trajectories/line_trajectory_0.4.bag) by extension 'ignore_ament_install'
[0.366s] Level 1:colcon.colcon_core.package_identification:_identify(src/panda_impedance_controller/trajectories/line_trajectory_0.4.bag) by extensions ['colcon_pkg']
[0.366s] Level 1:colcon.colcon_core.package_identification:_identify(src/panda_impedance_controller/trajectories/line_trajectory_0.4.bag) by extension 'colcon_pkg'
[0.366s] Level 1:colcon.colcon_core.package_identification:_identify(src/panda_impedance_controller/trajectories/line_trajectory_0.4.bag) by extensions ['colcon_meta']
[0.366s] Level 1:colcon.colcon_core.package_identification:_identify(src/panda_impedance_controller/trajectories/line_trajectory_0.4.bag) by extension 'colcon_meta'
[0.366s] Level 1:colcon.colcon_core.package_identification:_identify(src/panda_impedance_controller/trajectories/line_trajectory_0.4.bag) by extensions ['ros']
[0.366s] Level 1:colcon.colcon_core.package_identification:_identify(src/panda_impedance_controller/trajectories/line_trajectory_0.4.bag) by extension 'ros'
[0.366s] Level 1:colcon.colcon_core.package_identification:_identify(src/panda_impedance_controller/trajectories/line_trajectory_0.4.bag) by extensions ['cmake', 'python']
[0.366s] Level 1:colcon.colcon_core.package_identification:_identify(src/panda_impedance_controller/trajectories/line_trajectory_0.4.bag) by extension 'cmake'
[0.366s] Level 1:colcon.colcon_core.package_identification:_identify(src/panda_impedance_controller/trajectories/line_trajectory_0.4.bag) by extension 'python'
[0.366s] Level 1:colcon.colcon_core.package_identification:_identify(src/panda_impedance_controller/trajectories/line_trajectory_0.4.bag) by extensions ['python_setup_py']
[0.367s] Level 1:colcon.colcon_core.package_identification:_identify(src/panda_impedance_controller/trajectories/line_trajectory_0.4.bag) by extension 'python_setup_py'
[0.367s] Level 1:colcon.colcon_core.package_identification:_identify(src/panda_impedance_controller/trajectories/line_trajectory_0.5.bag) by extensions ['ignore', 'ignore_ament_install']
[0.367s] Level 1:colcon.colcon_core.package_identification:_identify(src/panda_impedance_controller/trajectories/line_trajectory_0.5.bag) by extension 'ignore'
[0.367s] Level 1:colcon.colcon_core.package_identification:_identify(src/panda_impedance_controller/trajectories/line_trajectory_0.5.bag) by extension 'ignore_ament_install'
[0.367s] Level 1:colcon.colcon_core.package_identification:_identify(src/panda_impedance_controller/trajectories/line_trajectory_0.5.bag) by extensions ['colcon_pkg']
[0.367s] Level 1:colcon.colcon_core.package_identification:_identify(src/panda_impedance_controller/trajectories/line_trajectory_0.5.bag) by extension 'colcon_pkg'
[0.367s] Level 1:colcon.colcon_core.package_identification:_identify(src/panda_impedance_controller/trajectories/line_trajectory_0.5.bag) by extensions ['colcon_meta']
[0.367s] Level 1:colcon.colcon_core.package_identification:_identify(src/panda_impedance_controller/trajectories/line_trajectory_0.5.bag) by extension 'colcon_meta'
[0.367s] Level 1:colcon.colcon_core.package_identification:_identify(src/panda_impedance_controller/trajectories/line_trajectory_0.5.bag) by extensions ['ros']
[0.367s] Level 1:colcon.colcon_core.package_identification:_identify(src/panda_impedance_controller/trajectories/line_trajectory_0.5.bag) by extension 'ros'
[0.368s] Level 1:colcon.colcon_core.package_identification:_identify(src/panda_impedance_controller/trajectories/line_trajectory_0.5.bag) by extensions ['cmake', 'python']
[0.368s] Level 1:colcon.colcon_core.package_identification:_identify(src/panda_impedance_controller/trajectories/line_trajectory_0.5.bag) by extension 'cmake'
[0.368s] Level 1:colcon.colcon_core.package_identification:_identify(src/panda_impedance_controller/trajectories/line_trajectory_0.5.bag) by extension 'python'
[0.368s] Level 1:colcon.colcon_core.package_identification:_identify(src/panda_impedance_controller/trajectories/line_trajectory_0.5.bag) by extensions ['python_setup_py']
[0.368s] Level 1:colcon.colcon_core.package_identification:_identify(src/panda_impedance_controller/trajectories/line_trajectory_0.5.bag) by extension 'python_setup_py'
[0.368s] Level 1:colcon.colcon_core.package_identification:_identify(src/panda_impedance_controller/trajectories/line_trajectory_0.6.bag) by extensions ['ignore', 'ignore_ament_install']
[0.368s] Level 1:colcon.colcon_core.package_identification:_identify(src/panda_impedance_controller/trajectories/line_trajectory_0.6.bag) by extension 'ignore'
[0.368s] Level 1:colcon.colcon_core.package_identification:_identify(src/panda_impedance_controller/trajectories/line_trajectory_0.6.bag) by extension 'ignore_ament_install'
[0.368s] Level 1:colcon.colcon_core.package_identification:_identify(src/panda_impedance_controller/trajectories/line_trajectory_0.6.bag) by extensions ['colcon_pkg']
[0.368s] Level 1:colcon.colcon_core.package_identification:_identify(src/panda_impedance_controller/trajectories/line_trajectory_0.6.bag) by extension 'colcon_pkg'
[0.368s] Level 1:colcon.colcon_core.package_identification:_identify(src/panda_impedance_controller/trajectories/line_trajectory_0.6.bag) by extensions ['colcon_meta']
[0.368s] Level 1:colcon.colcon_core.package_identification:_identify(src/panda_impedance_controller/trajectories/line_trajectory_0.6.bag) by extension 'colcon_meta'
[0.369s] Level 1:colcon.colcon_core.package_identification:_identify(src/panda_impedance_controller/trajectories/line_trajectory_0.6.bag) by extensions ['ros']
[0.369s] Level 1:colcon.colcon_core.package_identification:_identify(src/panda_impedance_controller/trajectories/line_trajectory_0.6.bag) by extension 'ros'
[0.369s] Level 1:colcon.colcon_core.package_identification:_identify(src/panda_impedance_controller/trajectories/line_trajectory_0.6.bag) by extensions ['cmake', 'python']
[0.369s] Level 1:colcon.colcon_core.package_identification:_identify(src/panda_impedance_controller/trajectories/line_trajectory_0.6.bag) by extension 'cmake'
[0.369s] Level 1:colcon.colcon_core.package_identification:_identify(src/panda_impedance_controller/trajectories/line_trajectory_0.6.bag) by extension 'python'
[0.369s] Level 1:colcon.colcon_core.package_identification:_identify(src/panda_impedance_controller/trajectories/line_trajectory_0.6.bag) by extensions ['python_setup_py']
[0.369s] Level 1:colcon.colcon_core.package_identification:_identify(src/panda_impedance_controller/trajectories/line_trajectory_0.6.bag) by extension 'python_setup_py'
[0.369s] Level 1:colcon.colcon_core.package_identification:_identify(src/panda_impedance_controller/trajectories/line_trajectory_0.7.bag) by extensions ['ignore', 'ignore_ament_install']
[0.369s] Level 1:colcon.colcon_core.package_identification:_identify(src/panda_impedance_controller/trajectories/line_trajectory_0.7.bag) by extension 'ignore'
[0.369s] Level 1:colcon.colcon_core.package_identification:_identify(src/panda_impedance_controller/trajectories/line_trajectory_0.7.bag) by extension 'ignore_ament_install'
[0.369s] Level 1:colcon.colcon_core.package_identification:_identify(src/panda_impedance_controller/trajectories/line_trajectory_0.7.bag) by extensions ['colcon_pkg']
[0.370s] Level 1:colcon.colcon_core.package_identification:_identify(src/panda_impedance_controller/trajectories/line_trajectory_0.7.bag) by extension 'colcon_pkg'
[0.370s] Level 1:colcon.colcon_core.package_identification:_identify(src/panda_impedance_controller/trajectories/line_trajectory_0.7.bag) by extensions ['colcon_meta']
[0.370s] Level 1:colcon.colcon_core.package_identification:_identify(src/panda_impedance_controller/trajectories/line_trajectory_0.7.bag) by extension 'colcon_meta'
[0.370s] Level 1:colcon.colcon_core.package_identification:_identify(src/panda_impedance_controller/trajectories/line_trajectory_0.7.bag) by extensions ['ros']
[0.370s] Level 1:colcon.colcon_core.package_identification:_identify(src/panda_impedance_controller/trajectories/line_trajectory_0.7.bag) by extension 'ros'
[0.370s] Level 1:colcon.colcon_core.package_identification:_identify(src/panda_impedance_controller/trajectories/line_trajectory_0.7.bag) by extensions ['cmake', 'python']
[0.370s] Level 1:colcon.colcon_core.package_identification:_identify(src/panda_impedance_controller/trajectories/line_trajectory_0.7.bag) by extension 'cmake'
[0.370s] Level 1:colcon.colcon_core.package_identification:_identify(src/panda_impedance_controller/trajectories/line_trajectory_0.7.bag) by extension 'python'
[0.370s] Level 1:colcon.colcon_core.package_identification:_identify(src/panda_impedance_controller/trajectories/line_trajectory_0.7.bag) by extensions ['python_setup_py']
[0.370s] Level 1:colcon.colcon_core.package_identification:_identify(src/panda_impedance_controller/trajectories/line_trajectory_0.7.bag) by extension 'python_setup_py'
[0.370s] Level 1:colcon.colcon_core.package_discovery:discover_packages(recursive) using defaults
[0.370s] Level 1:colcon.colcon_core.package_discovery:discover_packages(ignore) discover
[0.370s] Level 1:colcon.colcon_core.package_discovery:discover_packages(ignore) using defaults
[0.370s] Level 1:colcon.colcon_core.package_discovery:discover_packages(path) discover
[0.370s] Level 1:colcon.colcon_core.package_discovery:discover_packages(path) using defaults
[0.404s] INFO:colcon.colcon_core.package_selection:Skipping package 'panda_moveit_planning_demo' in 'src/panda_impedance_controller/panda_moveit_planning_demo'
[0.404s] INFO:colcon.colcon_core.package_selection:Skipping package 'panda_impedance_controller' in 'src/panda_impedance_controller/panda_impedance_controller'
[0.405s] INFO:colcon.colcon_core.package_selection:Skipping package 'kdl_inverse_dynamics_solver' in 'src/panda_impedance_controller/kdl_inverse_dynamics_solver'
[0.405s] INFO:colcon.colcon_core.package_selection:Skipping package 'ros_extensions_utilities' in 'src/panda_impedance_controller/ros_extensions_utilities'
[0.405s] INFO:colcon.colcon_core.package_selection:Skipping package 'inverse_dynamics_solver' in 'src/panda_impedance_controller/inverse_dynamics_solver'
[0.405s] INFO:colcon.colcon_core.package_selection:Skipping package 'cartesian_control_msgs' in 'src/panda_impedance_controller/cartesian_control_msgs'
[0.405s] INFO:colcon.colcon_core.package_selection:Skipping package 'acg_resources_panda_trajectory_generation' in 'src/panda_impedance_controller/acg_resources_panda_trajectory_generation'
[0.405s] INFO:colcon.colcon_core.package_selection:Skipping package 'acg_resources_panda_trajectory_analyzer' in 'src/panda_impedance_controller/acg_resources_panda_trajectory_analyzer'
[0.405s] Level 1:colcon.colcon_core.package_discovery:discover_packages(prefix_path) check parameters
[0.405s] Level 1:colcon.colcon_core.package_discovery:discover_packages(prefix_path) discover
[0.409s] DEBUG:colcon.colcon_installed_package_information.package_discovery:Found 10 installed packages in /home/beniamino/ros2_ws/install
[0.412s] DEBUG:colcon.colcon_installed_package_information.package_discovery:Found 379 installed packages in /opt/ros/humble
[0.415s] Level 1:colcon.colcon_core.package_discovery:discover_packages(prefix_path) using defaults
[0.506s] WARNING:colcon.colcon_core.package_selection:Some selected packages are already built in one or more underlay workspaces:
	'acg_resources_panda_moveit_config' is in: /home/beniamino/ros2_ws/install/acg_resources_panda_moveit_config
If a package in a merged underlay workspace is overridden and it installs headers, then all packages in the overlay must sort their include directories by workspace order. Failure to do so may result in build failures or undefined behavior at run time.
If the overridden package is used by another package in any underlay, then the overriding package in the overlay must be API and ABI compatible or undefined behavior at run time may occur.

If you understand the risks and want to override a package anyways, add the following to the command line:
	--allow-overriding acg_resources_panda_moveit_config

This may be promoted to an error in a future release of colcon-override-check.
[0.507s] Level 5:colcon.colcon_core.verb:set package 'acg_resources_panda_description' build argument 'cmake_args' from command line to 'None'
[0.507s] Level 5:colcon.colcon_core.verb:set package 'acg_resources_panda_description' build argument 'cmake_target' from command line to 'None'
[0.507s] Level 5:colcon.colcon_core.verb:set package 'acg_resources_panda_description' build argument 'cmake_target_skip_unavailable' from command line to 'False'
[0.508s] Level 5:colcon.colcon_core.verb:set package 'acg_resources_panda_description' build argument 'cmake_clean_cache' from command line to 'False'
[0.508s] Level 5:colcon.colcon_core.verb:set package 'acg_resources_panda_description' build argument 'cmake_clean_first' from command line to 'False'
[0.508s] Level 5:colcon.colcon_core.verb:set package 'acg_resources_panda_description' build argument 'cmake_force_configure' from command line to 'False'
[0.508s] Level 5:colcon.colcon_core.verb:set package 'acg_resources_panda_description' build argument 'ament_cmake_args' from command line to 'None'
[0.508s] Level 5:colcon.colcon_core.verb:set package 'acg_resources_panda_description' build argument 'catkin_cmake_args' from command line to 'None'
[0.508s] Level 5:colcon.colcon_core.verb:set package 'acg_resources_panda_description' build argument 'catkin_skip_building_tests' from command line to 'False'
[0.508s] DEBUG:colcon.colcon_core.verb:Building package 'acg_resources_panda_description' with the following arguments: {'ament_cmake_args': None, 'build_base': '/home/beniamino/ros2_ws/build/acg_resources_panda_description', 'catkin_cmake_args': None, 'catkin_skip_building_tests': False, 'cmake_args': None, 'cmake_clean_cache': False, 'cmake_clean_first': False, 'cmake_force_configure': False, 'cmake_target': None, 'cmake_target_skip_unavailable': False, 'install_base': '/home/beniamino/ros2_ws/install/acg_resources_panda_description', 'merge_install': False, 'path': '/home/beniamino/ros2_ws/src/panda_impedance_controller/acg_resources_panda_description', 'symlink_install': False, 'test_result_base': None}
[0.508s] Level 5:colcon.colcon_core.verb:set package 'acg_resources_panda_moveit_config' build argument 'cmake_args' from command line to 'None'
[0.508s] Level 5:colcon.colcon_core.verb:set package 'acg_resources_panda_moveit_config' build argument 'cmake_target' from command line to 'None'
[0.509s] Level 5:colcon.colcon_core.verb:set package 'acg_resources_panda_moveit_config' build argument 'cmake_target_skip_unavailable' from command line to 'False'
[0.509s] Level 5:colcon.colcon_core.verb:set package 'acg_resources_panda_moveit_config' build argument 'cmake_clean_cache' from command line to 'False'
[0.509s] Level 5:colcon.colcon_core.verb:set package 'acg_resources_panda_moveit_config' build argument 'cmake_clean_first' from command line to 'False'
[0.509s] Level 5:colcon.colcon_core.verb:set package 'acg_resources_panda_moveit_config' build argument 'cmake_force_configure' from command line to 'False'
[0.509s] Level 5:colcon.colcon_core.verb:set package 'acg_resources_panda_moveit_config' build argument 'ament_cmake_args' from command line to 'None'
[0.509s] Level 5:colcon.colcon_core.verb:set package 'acg_resources_panda_moveit_config' build argument 'catkin_cmake_args' from command line to 'None'
[0.509s] Level 5:colcon.colcon_core.verb:set package 'acg_resources_panda_moveit_config' build argument 'catkin_skip_building_tests' from command line to 'False'
[0.509s] DEBUG:colcon.colcon_core.verb:Building package 'acg_resources_panda_moveit_config' with the following arguments: {'ament_cmake_args': None, 'build_base': '/home/beniamino/ros2_ws/build/acg_resources_panda_moveit_config', 'catkin_cmake_args': None, 'catkin_skip_building_tests': False, 'cmake_args': None, 'cmake_clean_cache': False, 'cmake_clean_first': False, 'cmake_force_configure': False, 'cmake_target': None, 'cmake_target_skip_unavailable': False, 'install_base': '/home/beniamino/ros2_ws/install/acg_resources_panda_moveit_config', 'merge_install': False, 'path': '/home/beniamino/ros2_ws/src/panda_impedance_controller/acg_resources_panda_moveit_config', 'symlink_install': False, 'test_result_base': None}
[0.509s] INFO:colcon.colcon_core.executor:Executing jobs using 'parallel' executor
[0.510s] DEBUG:colcon.colcon_parallel_executor.executor.parallel:run_until_complete
[0.511s] INFO:colcon.colcon_ros.task.ament_cmake.build:Building ROS package in '/home/beniamino/ros2_ws/src/panda_impedance_controller/acg_resources_panda_description' with build type 'ament_cmake'
[0.511s] INFO:colcon.colcon_cmake.task.cmake.build:Building CMake package in '/home/beniamino/ros2_ws/src/panda_impedance_controller/acg_resources_panda_description'
[0.514s] INFO:colcon.colcon_core.plugin_system:Skipping extension 'colcon_core.shell.bat': Not used on non-Windows systems
[0.515s] INFO:colcon.colcon_core.shell:Skip shell extension 'powershell' for command environment: Not usable outside of PowerShell
[0.515s] DEBUG:colcon.colcon_core.shell:Skip shell extension 'dsv' for command environment
[9.336s] DEBUG:colcon.colcon_core.event_handler.log_command:Invoking command in '/home/beniamino/ros2_ws/build/acg_resources_panda_description': CMAKE_PREFIX_PATH=${CMAKE_PREFIX_PATH}:/home/beniamino/ros2_ws/install/acg_resources_panda_trajectory_generation:/home/beniamino/ros2_ws/install/acg_resources_panda_trajectory_analyzer:/opt/ros/humble /usr/bin/cmake --build /home/beniamino/ros2_ws/build/acg_resources_panda_description -- -j12 -l12
[9.421s] DEBUG:colcon.colcon_core.event_handler.log_command:Invoked command in '/home/beniamino/ros2_ws/build/acg_resources_panda_description' returned '0': CMAKE_PREFIX_PATH=${CMAKE_PREFIX_PATH}:/home/beniamino/ros2_ws/install/acg_resources_panda_trajectory_generation:/home/beniamino/ros2_ws/install/acg_resources_panda_trajectory_analyzer:/opt/ros/humble /usr/bin/cmake --build /home/beniamino/ros2_ws/build/acg_resources_panda_description -- -j12 -l12
[9.483s] DEBUG:colcon.colcon_core.event_handler.log_command:Invoking command in '/home/beniamino/ros2_ws/build/acg_resources_panda_description': CMAKE_PREFIX_PATH=${CMAKE_PREFIX_PATH}:/home/beniamino/ros2_ws/install/acg_resources_panda_trajectory_generation:/home/beniamino/ros2_ws/install/acg_resources_panda_trajectory_analyzer:/opt/ros/humble /usr/bin/cmake --install /home/beniamino/ros2_ws/build/acg_resources_panda_description
[9.595s] Level 1:colcon.colcon_core.environment:create_environment_scripts_only(acg_resources_panda_description)
[9.597s] DEBUG:colcon.colcon_core.event_handler.log_command:Invoked command in '/home/beniamino/ros2_ws/build/acg_resources_panda_description' returned '0': CMAKE_PREFIX_PATH=${CMAKE_PREFIX_PATH}:/home/beniamino/ros2_ws/install/acg_resources_panda_trajectory_generation:/home/beniamino/ros2_ws/install/acg_resources_panda_trajectory_analyzer:/opt/ros/humble /usr/bin/cmake --install /home/beniamino/ros2_ws/build/acg_resources_panda_description
[9.601s] Level 1:colcon.colcon_core.environment:checking '/home/beniamino/ros2_ws/install/acg_resources_panda_description' for CMake module files
[9.602s] Level 1:colcon.colcon_core.environment:checking '/home/beniamino/ros2_ws/install/acg_resources_panda_description' for CMake config files
[9.602s] Level 1:colcon.colcon_core.shell:create_environment_hook('acg_resources_panda_description', 'cmake_prefix_path')
[9.603s] INFO:colcon.colcon_core.shell:Creating environment hook '/home/beniamino/ros2_ws/install/acg_resources_panda_description/share/acg_resources_panda_description/hook/cmake_prefix_path.ps1'
[9.746s] INFO:colcon.colcon_core.shell:Creating environment descriptor '/home/beniamino/ros2_ws/install/acg_resources_panda_description/share/acg_resources_panda_description/hook/cmake_prefix_path.dsv'
[9.761s] INFO:colcon.colcon_core.shell:Creating environment hook '/home/beniamino/ros2_ws/install/acg_resources_panda_description/share/acg_resources_panda_description/hook/cmake_prefix_path.sh'
[9.930s] Level 1:colcon.colcon_core.environment:checking '/home/beniamino/ros2_ws/install/acg_resources_panda_description/bin'
[9.930s] Level 1:colcon.colcon_core.environment:checking '/home/beniamino/ros2_ws/install/acg_resources_panda_description/lib/pkgconfig/acg_resources_panda_description.pc'
[9.931s] Level 1:colcon.colcon_core.environment:checking '/home/beniamino/ros2_ws/install/acg_resources_panda_description/lib/python3.10/site-packages'
[9.931s] Level 1:colcon.colcon_core.environment:checking '/home/beniamino/ros2_ws/install/acg_resources_panda_description/bin'
[9.932s] INFO:colcon.colcon_core.shell:Creating package script '/home/beniamino/ros2_ws/install/acg_resources_panda_description/share/acg_resources_panda_description/package.ps1'
[10.111s] INFO:colcon.colcon_core.shell:Creating package descriptor '/home/beniamino/ros2_ws/install/acg_resources_panda_description/share/acg_resources_panda_description/package.dsv'
[10.239s] INFO:colcon.colcon_core.shell:Creating package script '/home/beniamino/ros2_ws/install/acg_resources_panda_description/share/acg_resources_panda_description/package.sh'
[10.384s] INFO:colcon.colcon_core.shell:Creating package script '/home/beniamino/ros2_ws/install/acg_resources_panda_description/share/acg_resources_panda_description/package.bash'
[10.410s] INFO:colcon.colcon_core.shell:Creating package script '/home/beniamino/ros2_ws/install/acg_resources_panda_description/share/acg_resources_panda_description/package.zsh'
[10.429s] Level 1:colcon.colcon_core.environment:create_file_with_runtime_dependencies(/home/beniamino/ros2_ws/install/acg_resources_panda_description/share/colcon-core/packages/acg_resources_panda_description)
[10.463s] Level 1:colcon.colcon_core.environment:create_environment_scripts_only(acg_resources_panda_description)
[10.464s] Level 1:colcon.colcon_core.environment:checking '/home/beniamino/ros2_ws/install/acg_resources_panda_description' for CMake module files
[10.465s] Level 1:colcon.colcon_core.environment:checking '/home/beniamino/ros2_ws/install/acg_resources_panda_description' for CMake config files
[10.465s] Level 1:colcon.colcon_core.shell:create_environment_hook('acg_resources_panda_description', 'cmake_prefix_path')
[10.466s] INFO:colcon.colcon_core.shell:Creating environment hook '/home/beniamino/ros2_ws/install/acg_resources_panda_description/share/acg_resources_panda_description/hook/cmake_prefix_path.ps1'
[10.517s] INFO:colcon.colcon_core.shell:Creating environment descriptor '/home/beniamino/ros2_ws/install/acg_resources_panda_description/share/acg_resources_panda_description/hook/cmake_prefix_path.dsv'
[10.518s] INFO:colcon.colcon_core.shell:Creating environment hook '/home/beniamino/ros2_ws/install/acg_resources_panda_description/share/acg_resources_panda_description/hook/cmake_prefix_path.sh'
[10.519s] Level 1:colcon.colcon_core.environment:checking '/home/beniamino/ros2_ws/install/acg_resources_panda_description/bin'
[10.519s] Level 1:colcon.colcon_core.environment:checking '/home/beniamino/ros2_ws/install/acg_resources_panda_description/lib/pkgconfig/acg_resources_panda_description.pc'
[10.519s] Level 1:colcon.colcon_core.environment:checking '/home/beniamino/ros2_ws/install/acg_resources_panda_description/lib/python3.10/site-packages'
[10.519s] Level 1:colcon.colcon_core.environment:checking '/home/beniamino/ros2_ws/install/acg_resources_panda_description/bin'
[10.520s] INFO:colcon.colcon_core.shell:Creating package script '/home/beniamino/ros2_ws/install/acg_resources_panda_description/share/acg_resources_panda_description/package.ps1'
[10.521s] INFO:colcon.colcon_core.shell:Creating package descriptor '/home/beniamino/ros2_ws/install/acg_resources_panda_description/share/acg_resources_panda_description/package.dsv'
[10.521s] INFO:colcon.colcon_core.shell:Creating package script '/home/beniamino/ros2_ws/install/acg_resources_panda_description/share/acg_resources_panda_description/package.sh'
[10.522s] INFO:colcon.colcon_core.shell:Creating package script '/home/beniamino/ros2_ws/install/acg_resources_panda_description/share/acg_resources_panda_description/package.bash'
[10.522s] INFO:colcon.colcon_core.shell:Creating package script '/home/beniamino/ros2_ws/install/acg_resources_panda_description/share/acg_resources_panda_description/package.zsh'
[10.523s] Level 1:colcon.colcon_core.environment:create_file_with_runtime_dependencies(/home/beniamino/ros2_ws/install/acg_resources_panda_description/share/colcon-core/packages/acg_resources_panda_description)
[10.523s] INFO:colcon.colcon_ros.task.ament_cmake.build:Building ROS package in '/home/beniamino/ros2_ws/src/panda_impedance_controller/acg_resources_panda_moveit_config' with build type 'ament_cmake'
[10.524s] INFO:colcon.colcon_cmake.task.cmake.build:Building CMake package in '/home/beniamino/ros2_ws/src/panda_impedance_controller/acg_resources_panda_moveit_config'
[10.524s] INFO:colcon.colcon_core.shell:Skip shell extension 'powershell' for command environment: Not usable outside of PowerShell
[10.524s] DEBUG:colcon.colcon_core.shell:Skip shell extension 'dsv' for command environment
[10.696s] DEBUG:colcon.colcon_core.event_handler.log_command:Invoking command in '/home/beniamino/ros2_ws/build/acg_resources_panda_moveit_config': CMAKE_PREFIX_PATH=/home/beniamino/ros2_ws/install/acg_resources_panda_description:/home/beniamino/ros2_ws/install/ros_extensions_utilities:/home/beniamino/ros2_ws/install/panda_moveit_planning_demo:/home/beniamino/ros2_ws/install/panda_impedance_controller:/home/beniamino/ros2_ws/install/kdl_inverse_dynamics_solver:/home/beniamino/ros2_ws/install/inverse_dynamics_solver:/home/beniamino/ros2_ws/install/cartesian_control_msgs:/home/beniamino/ros2_ws/install/acg_resources_panda_moveit_config:/home/beniamino/ros2_ws/install/acg_resources_panda_trajectory_generation:/home/beniamino/ros2_ws/install/acg_resources_panda_trajectory_analyzer:/opt/ros/humble /usr/bin/cmake --build /home/beniamino/ros2_ws/build/acg_resources_panda_moveit_config -- -j12 -l12
[10.696s] DEBUG:colcon.colcon_core.event_handler.log_command:Invoked command in '/home/beniamino/ros2_ws/build/acg_resources_panda_moveit_config' returned '0': CMAKE_PREFIX_PATH=/home/beniamino/ros2_ws/install/acg_resources_panda_description:/home/beniamino/ros2_ws/install/ros_extensions_utilities:/home/beniamino/ros2_ws/install/panda_moveit_planning_demo:/home/beniamino/ros2_ws/install/panda_impedance_controller:/home/beniamino/ros2_ws/install/kdl_inverse_dynamics_solver:/home/beniamino/ros2_ws/install/inverse_dynamics_solver:/home/beniamino/ros2_ws/install/cartesian_control_msgs:/home/beniamino/ros2_ws/install/acg_resources_panda_moveit_config:/home/beniamino/ros2_ws/install/acg_resources_panda_trajectory_generation:/home/beniamino/ros2_ws/install/acg_resources_panda_trajectory_analyzer:/opt/ros/humble /usr/bin/cmake --build /home/beniamino/ros2_ws/build/acg_resources_panda_moveit_config -- -j12 -l12
[10.697s] DEBUG:colcon.colcon_core.event_handler.log_command:Invoking command in '/home/beniamino/ros2_ws/build/acg_resources_panda_moveit_config': CMAKE_PREFIX_PATH=/home/beniamino/ros2_ws/install/acg_resources_panda_description:/home/beniamino/ros2_ws/install/ros_extensions_utilities:/home/beniamino/ros2_ws/install/panda_moveit_planning_demo:/home/beniamino/ros2_ws/install/panda_impedance_controller:/home/beniamino/ros2_ws/install/kdl_inverse_dynamics_solver:/home/beniamino/ros2_ws/install/inverse_dynamics_solver:/home/beniamino/ros2_ws/install/cartesian_control_msgs:/home/beniamino/ros2_ws/install/acg_resources_panda_moveit_config:/home/beniamino/ros2_ws/install/acg_resources_panda_trajectory_generation:/home/beniamino/ros2_ws/install/acg_resources_panda_trajectory_analyzer:/opt/ros/humble /usr/bin/cmake --install /home/beniamino/ros2_ws/build/acg_resources_panda_moveit_config
[10.698s] Level 1:colcon.colcon_core.environment:create_environment_scripts_only(acg_resources_panda_moveit_config)
[10.699s] Level 1:colcon.colcon_core.environment:checking '/home/beniamino/ros2_ws/install/acg_resources_panda_moveit_config' for CMake module files
[10.701s] Level 1:colcon.colcon_core.environment:checking '/home/beniamino/ros2_ws/install/acg_resources_panda_moveit_config' for CMake config files
[10.704s] Level 1:colcon.colcon_core.shell:create_environment_hook('acg_resources_panda_moveit_config', 'cmake_prefix_path')
[10.704s] INFO:colcon.colcon_core.shell:Creating environment hook '/home/beniamino/ros2_ws/install/acg_resources_panda_moveit_config/share/acg_resources_panda_moveit_config/hook/cmake_prefix_path.ps1'
[10.707s] DEBUG:colcon.colcon_core.event_handler.log_command:Invoked command in '/home/beniamino/ros2_ws/build/acg_resources_panda_moveit_config' returned '0': CMAKE_PREFIX_PATH=/home/beniamino/ros2_ws/install/acg_resources_panda_description:/home/beniamino/ros2_ws/install/ros_extensions_utilities:/home/beniamino/ros2_ws/install/panda_moveit_planning_demo:/home/beniamino/ros2_ws/install/panda_impedance_controller:/home/beniamino/ros2_ws/install/kdl_inverse_dynamics_solver:/home/beniamino/ros2_ws/install/inverse_dynamics_solver:/home/beniamino/ros2_ws/install/cartesian_control_msgs:/home/beniamino/ros2_ws/install/acg_resources_panda_moveit_config:/home/beniamino/ros2_ws/install/acg_resources_panda_trajectory_generation:/home/beniamino/ros2_ws/install/acg_resources_panda_trajectory_analyzer:/opt/ros/humble /usr/bin/cmake --install /home/beniamino/ros2_ws/build/acg_resources_panda_moveit_config
[10.819s] INFO:colcon.colcon_core.shell:Creating environment descriptor '/home/beniamino/ros2_ws/install/acg_resources_panda_moveit_config/share/acg_resources_panda_moveit_config/hook/cmake_prefix_path.dsv'
[10.993s] INFO:colcon.colcon_core.shell:Creating environment hook '/home/beniamino/ros2_ws/install/acg_resources_panda_moveit_config/share/acg_resources_panda_moveit_config/hook/cmake_prefix_path.sh'
[11.012s] Level 1:colcon.colcon_core.environment:checking '/home/beniamino/ros2_ws/install/acg_resources_panda_moveit_config/bin'
[11.012s] Level 1:colcon.colcon_core.environment:checking '/home/beniamino/ros2_ws/install/acg_resources_panda_moveit_config/lib/pkgconfig/acg_resources_panda_moveit_config.pc'
[11.013s] Level 1:colcon.colcon_core.environment:checking '/home/beniamino/ros2_ws/install/acg_resources_panda_moveit_config/lib/python3.10/site-packages'
[11.013s] Level 1:colcon.colcon_core.environment:checking '/home/beniamino/ros2_ws/install/acg_resources_panda_moveit_config/bin'
[11.013s] INFO:colcon.colcon_core.shell:Creating package script '/home/beniamino/ros2_ws/install/acg_resources_panda_moveit_config/share/acg_resources_panda_moveit_config/package.ps1'
[11.140s] INFO:colcon.colcon_core.shell:Creating package descriptor '/home/beniamino/ros2_ws/install/acg_resources_panda_moveit_config/share/acg_resources_panda_moveit_config/package.dsv'
[11.154s] INFO:colcon.colcon_core.shell:Creating package script '/home/beniamino/ros2_ws/install/acg_resources_panda_moveit_config/share/acg_resources_panda_moveit_config/package.sh'
[11.170s] INFO:colcon.colcon_core.shell:Creating package script '/home/beniamino/ros2_ws/install/acg_resources_panda_moveit_config/share/acg_resources_panda_moveit_config/package.bash'
[11.192s] INFO:colcon.colcon_core.shell:Creating package script '/home/beniamino/ros2_ws/install/acg_resources_panda_moveit_config/share/acg_resources_panda_moveit_config/package.zsh'
[11.223s] Level 1:colcon.colcon_core.environment:create_file_with_runtime_dependencies(/home/beniamino/ros2_ws/install/acg_resources_panda_moveit_config/share/colcon-core/packages/acg_resources_panda_moveit_config)
[11.286s] Level 1:colcon.colcon_core.environment:create_environment_scripts_only(acg_resources_panda_moveit_config)
[11.287s] Level 1:colcon.colcon_core.environment:checking '/home/beniamino/ros2_ws/install/acg_resources_panda_moveit_config' for CMake module files
[11.287s] Level 1:colcon.colcon_core.environment:checking '/home/beniamino/ros2_ws/install/acg_resources_panda_moveit_config' for CMake config files
[11.288s] Level 1:colcon.colcon_core.shell:create_environment_hook('acg_resources_panda_moveit_config', 'cmake_prefix_path')
[11.288s] INFO:colcon.colcon_core.shell:Creating environment hook '/home/beniamino/ros2_ws/install/acg_resources_panda_moveit_config/share/acg_resources_panda_moveit_config/hook/cmake_prefix_path.ps1'
[11.306s] INFO:colcon.colcon_core.shell:Creating environment descriptor '/home/beniamino/ros2_ws/install/acg_resources_panda_moveit_config/share/acg_resources_panda_moveit_config/hook/cmake_prefix_path.dsv'
[11.345s] INFO:colcon.colcon_core.shell:Creating environment hook '/home/beniamino/ros2_ws/install/acg_resources_panda_moveit_config/share/acg_resources_panda_moveit_config/hook/cmake_prefix_path.sh'
[11.371s] Level 1:colcon.colcon_core.environment:checking '/home/beniamino/ros2_ws/install/acg_resources_panda_moveit_config/bin'
[11.372s] Level 1:colcon.colcon_core.environment:checking '/home/beniamino/ros2_ws/install/acg_resources_panda_moveit_config/lib/pkgconfig/acg_resources_panda_moveit_config.pc'
[11.372s] Level 1:colcon.colcon_core.environment:checking '/home/beniamino/ros2_ws/install/acg_resources_panda_moveit_config/lib/python3.10/site-packages'
[11.372s] Level 1:colcon.colcon_core.environment:checking '/home/beniamino/ros2_ws/install/acg_resources_panda_moveit_config/bin'
[11.373s] INFO:colcon.colcon_core.shell:Creating package script '/home/beniamino/ros2_ws/install/acg_resources_panda_moveit_config/share/acg_resources_panda_moveit_config/package.ps1'
[11.396s] INFO:colcon.colcon_core.shell:Creating package descriptor '/home/beniamino/ros2_ws/install/acg_resources_panda_moveit_config/share/acg_resources_panda_moveit_config/package.dsv'
[11.600s] INFO:colcon.colcon_core.shell:Creating package script '/home/beniamino/ros2_ws/install/acg_resources_panda_moveit_config/share/acg_resources_panda_moveit_config/package.sh'
[11.615s] INFO:colcon.colcon_core.shell:Creating package script '/home/beniamino/ros2_ws/install/acg_resources_panda_moveit_config/share/acg_resources_panda_moveit_config/package.bash'
[11.635s] INFO:colcon.colcon_core.shell:Creating package script '/home/beniamino/ros2_ws/install/acg_resources_panda_moveit_config/share/acg_resources_panda_moveit_config/package.zsh'
[11.655s] Level 1:colcon.colcon_core.environment:create_file_with_runtime_dependencies(/home/beniamino/ros2_ws/install/acg_resources_panda_moveit_config/share/colcon-core/packages/acg_resources_panda_moveit_config)
[11.765s] DEBUG:colcon.colcon_parallel_executor.executor.parallel:closing loop
[11.766s] DEBUG:colcon.colcon_parallel_executor.executor.parallel:loop closed
[11.766s] DEBUG:colcon.colcon_parallel_executor.executor.parallel:run_until_complete finished with '0'
[11.766s] DEBUG:colcon.colcon_core.event_reactor:joining thread
[11.774s] INFO:colcon.colcon_core.plugin_system:Skipping extension 'colcon_notification.desktop_notification.terminal_notifier': Not used on non-Darwin systems
[11.774s] INFO:colcon.colcon_core.plugin_system:Skipping extension 'colcon_notification.desktop_notification.win32': Not used on non-Windows systems
[11.774s] INFO:colcon.colcon_notification.desktop_notification:Sending desktop notification using 'notify2'
[11.794s] DEBUG:colcon.colcon_core.event_reactor:joined thread
[11.794s] INFO:colcon.colcon_core.shell:Creating prefix script '/home/beniamino/ros2_ws/install/local_setup.ps1'
[11.796s] INFO:colcon.colcon_core.shell:Creating prefix util module '/home/beniamino/ros2_ws/install/_local_setup_util_ps1.py'
[11.798s] INFO:colcon.colcon_core.shell:Creating prefix chain script '/home/beniamino/ros2_ws/install/setup.ps1'
[11.801s] INFO:colcon.colcon_core.shell:Creating prefix script '/home/beniamino/ros2_ws/install/local_setup.sh'
[11.802s] INFO:colcon.colcon_core.shell:Creating prefix util module '/home/beniamino/ros2_ws/install/_local_setup_util_sh.py'
[11.803s] INFO:colcon.colcon_core.shell:Creating prefix chain script '/home/beniamino/ros2_ws/install/setup.sh'
[11.805s] INFO:colcon.colcon_core.shell:Creating prefix script '/home/beniamino/ros2_ws/install/local_setup.bash'
[11.806s] INFO:colcon.colcon_core.shell:Creating prefix chain script '/home/beniamino/ros2_ws/install/setup.bash'
[11.808s] INFO:colcon.colcon_core.shell:Creating prefix script '/home/beniamino/ros2_ws/install/local_setup.zsh'
[11.809s] INFO:colcon.colcon_core.shell:Creating prefix chain script '/home/beniamino/ros2_ws/install/setup.zsh'
