[0.045s] Invoking command in '/home/beniamino/ros2_ws/build/panda_moveit_planning_demo': CMAKE_PREFIX_PATH=/home/beniamino/ros2_ws/install/acg_resources_panda_moveit_config:/home/beniamino/ros2_ws/install/cartesian_control_msgs:/home/beniamino/ros2_ws/install/acg_resources_panda_description:/home/beniamino/ros2_ws/install/ros_extensions_utilities:/home/beniamino/ros2_ws/install/panda_moveit_planning_demo:/home/beniamino/ros2_ws/install/panda_impedance_controller:/home/beniamino/ros2_ws/install/kdl_inverse_dynamics_solver:/home/beniamino/ros2_ws/install/inverse_dynamics_solver:/home/beniamino/ros2_ws/install/acg_resources_panda_trajectory_generation:/home/beniamino/ros2_ws/install/acg_resources_panda_trajectory_analyzer:/opt/ros/humble LD_LIBRARY_PATH=/home/beniamino/ros2_ws/install/cartesian_control_msgs/lib:/home/beniamino/ros2_ws/install/panda_impedance_controller/lib:/home/beniamino/ros2_ws/install/kdl_inverse_dynamics_solver/lib:/opt/ros/humble/opt/rviz_ogre_vendor/lib:/opt/ros/humble/lib/x86_64-linux-gnu:/opt/ros/humble/lib /usr/bin/cmake --build /home/beniamino/ros2_ws/build/panda_moveit_planning_demo -- -j12 -l12
[0.197s] [  7%] [34m[1mRunning `/opt/ros/humble/bin/generate_parameter_library_cpp /home/beniamino/ros2_ws/build/panda_moveit_planning_demo/task_space_client_utils_parameters/include//task_space_client_utils_parameters.hpp /home/beniamino/ros2_ws/src/panda_impedance_controller/panda_moveit_planning_demo/src/task_space_client_utils_parameters.yaml `[0m
[0.861s] [  7%] Built target task_space_client_utils_parameters
[0.924s] [ 23%] Built target bag_file_utils
[0.942s] [35m[1mConsolidate compiler generated dependencies of target task_space_client_utils[0m
[0.999s] [ 30%] [32mBuilding CXX object CMakeFiles/task_space_client_utils.dir/src/task_space_client_utils.cpp.o[0m
[13.816s] [ 38%] [32m[1mLinking CXX static library libtask_space_client_utils.a[0m
[13.939s] [ 38%] Built target task_space_client_utils
[13.976s] [ 53%] Built target moveit_utils
[14.008s] [35m[1mConsolidate compiler generated dependencies of target panda_moveit_cartesian_demo_nobag[0m
[14.009s] [35m[1mConsolidate compiler generated dependencies of target panda_moveit_cartesian_demo[0m
[14.030s] [ 61%] [32m[1mLinking CXX executable panda_moveit_planning_node[0m
[14.050s] [ 76%] [32mBuilding CXX object CMakeFiles/panda_moveit_cartesian_demo.dir/src/panda_moveit_cartesian_demo.cpp.o[0m
[14.051s] [ 76%] [32mBuilding CXX object CMakeFiles/panda_moveit_cartesian_demo_nobag.dir/src/panda_moveit_cartesian_demo_nobag.cpp.o[0m
[15.063s] [ 84%] Built target panda_moveit_planning_node
[30.217s] [100%] [32m[1mLinking CXX executable panda_moveit_cartesian_demo_nobag[0m
[30.217s] [100%] [32m[1mLinking CXX executable panda_moveit_cartesian_demo[0m
[31.611s] [100%] Built target panda_moveit_cartesian_demo_nobag
[31.631s] [100%] Built target panda_moveit_cartesian_demo
[31.659s] Invoked command in '/home/beniamino/ros2_ws/build/panda_moveit_planning_demo' returned '0': CMAKE_PREFIX_PATH=/home/beniamino/ros2_ws/install/acg_resources_panda_moveit_config:/home/beniamino/ros2_ws/install/cartesian_control_msgs:/home/beniamino/ros2_ws/install/acg_resources_panda_description:/home/beniamino/ros2_ws/install/ros_extensions_utilities:/home/beniamino/ros2_ws/install/panda_moveit_planning_demo:/home/beniamino/ros2_ws/install/panda_impedance_controller:/home/beniamino/ros2_ws/install/kdl_inverse_dynamics_solver:/home/beniamino/ros2_ws/install/inverse_dynamics_solver:/home/beniamino/ros2_ws/install/acg_resources_panda_trajectory_generation:/home/beniamino/ros2_ws/install/acg_resources_panda_trajectory_analyzer:/opt/ros/humble LD_LIBRARY_PATH=/home/beniamino/ros2_ws/install/cartesian_control_msgs/lib:/home/beniamino/ros2_ws/install/panda_impedance_controller/lib:/home/beniamino/ros2_ws/install/kdl_inverse_dynamics_solver/lib:/opt/ros/humble/opt/rviz_ogre_vendor/lib:/opt/ros/humble/lib/x86_64-linux-gnu:/opt/ros/humble/lib /usr/bin/cmake --build /home/beniamino/ros2_ws/build/panda_moveit_planning_demo -- -j12 -l12
[31.730s] Invoking command in '/home/beniamino/ros2_ws/build/panda_moveit_planning_demo': CMAKE_PREFIX_PATH=/home/beniamino/ros2_ws/install/acg_resources_panda_moveit_config:/home/beniamino/ros2_ws/install/cartesian_control_msgs:/home/beniamino/ros2_ws/install/acg_resources_panda_description:/home/beniamino/ros2_ws/install/ros_extensions_utilities:/home/beniamino/ros2_ws/install/panda_moveit_planning_demo:/home/beniamino/ros2_ws/install/panda_impedance_controller:/home/beniamino/ros2_ws/install/kdl_inverse_dynamics_solver:/home/beniamino/ros2_ws/install/inverse_dynamics_solver:/home/beniamino/ros2_ws/install/acg_resources_panda_trajectory_generation:/home/beniamino/ros2_ws/install/acg_resources_panda_trajectory_analyzer:/opt/ros/humble LD_LIBRARY_PATH=/home/beniamino/ros2_ws/install/cartesian_control_msgs/lib:/home/beniamino/ros2_ws/install/panda_impedance_controller/lib:/home/beniamino/ros2_ws/install/kdl_inverse_dynamics_solver/lib:/opt/ros/humble/opt/rviz_ogre_vendor/lib:/opt/ros/humble/lib/x86_64-linux-gnu:/opt/ros/humble/lib /usr/bin/cmake --install /home/beniamino/ros2_ws/build/panda_moveit_planning_demo
[31.738s] -- Install configuration: ""
[31.739s] -- Up-to-date: /home/beniamino/ros2_ws/install/panda_moveit_planning_demo/include/task_space_client_utils_parameters
[31.739s] -- Installing: /home/beniamino/ros2_ws/install/panda_moveit_planning_demo/include/task_space_client_utils_parameters/task_space_client_utils_parameters.hpp
[31.746s] -- Installing: /home/beniamino/ros2_ws/install/panda_moveit_planning_demo/lib/panda_moveit_planning_demo/panda_moveit_planning_node
[31.746s] -- Set runtime path of "/home/beniamino/ros2_ws/install/panda_moveit_planning_demo/lib/panda_moveit_planning_demo/panda_moveit_planning_node" to ""
[31.746s] -- Installing: /home/beniamino/ros2_ws/install/panda_moveit_planning_demo/lib/panda_moveit_planning_demo/panda_moveit_cartesian_demo
[31.747s] -- Set runtime path of "/home/beniamino/ros2_ws/install/panda_moveit_planning_demo/lib/panda_moveit_planning_demo/panda_moveit_cartesian_demo" to ""
[31.747s] -- Installing: /home/beniamino/ros2_ws/install/panda_moveit_planning_demo/lib/panda_moveit_planning_demo/panda_moveit_cartesian_demo_nobag
[31.750s] -- Set runtime path of "/home/beniamino/ros2_ws/install/panda_moveit_planning_demo/lib/panda_moveit_planning_demo/panda_moveit_cartesian_demo_nobag" to ""
[31.750s] -- Up-to-date: /home/beniamino/ros2_ws/install/panda_moveit_planning_demo/lib/panda_moveit_planning_demo/libmoveit_utils.a
[31.750s] -- Up-to-date: /home/beniamino/ros2_ws/install/panda_moveit_planning_demo/lib/panda_moveit_planning_demo/libbag_file_utils.a
[31.750s] -- Installing: /home/beniamino/ros2_ws/install/panda_moveit_planning_demo/lib/panda_moveit_planning_demo/libtask_space_client_utils.a
[31.757s] -- Up-to-date: /home/beniamino/ros2_ws/install/panda_moveit_planning_demo/share/panda_moveit_planning_demo/launch
[31.757s] -- Up-to-date: /home/beniamino/ros2_ws/install/panda_moveit_planning_demo/share/panda_moveit_planning_demo/launch/panda_moveit_planning_node.launch.py
[31.757s] -- Up-to-date: /home/beniamino/ros2_ws/install/panda_moveit_planning_demo/share/panda_moveit_planning_demo/launch/demo.launch.py
[31.758s] -- Up-to-date: /home/beniamino/ros2_ws/install/panda_moveit_planning_demo/share/panda_moveit_planning_demo/launch/panda_moveit_cartesian_demo.launch.py
[31.758s] -- Up-to-date: /home/beniamino/ros2_ws/install/panda_moveit_planning_demo/include/panda_moveit_planning_demo
[31.758s] -- Installing: /home/beniamino/ros2_ws/install/panda_moveit_planning_demo/include/panda_moveit_planning_demo/task_space_client_utils.hpp
[31.758s] -- Up-to-date: /home/beniamino/ros2_ws/install/panda_moveit_planning_demo/include/panda_moveit_planning_demo/moveit_utils.hpp
[31.758s] -- Up-to-date: /home/beniamino/ros2_ws/install/panda_moveit_planning_demo/include/panda_moveit_planning_demo/bag_file_utils.hpp
[31.758s] -- Up-to-date: /home/beniamino/ros2_ws/install/panda_moveit_planning_demo/share/panda_moveit_planning_demo/launch
[31.758s] -- Up-to-date: /home/beniamino/ros2_ws/install/panda_moveit_planning_demo/share/panda_moveit_planning_demo/launch/panda_moveit_planning_node.launch.py
[31.758s] -- Up-to-date: /home/beniamino/ros2_ws/install/panda_moveit_planning_demo/share/panda_moveit_planning_demo/launch/demo.launch.py
[31.759s] -- Up-to-date: /home/beniamino/ros2_ws/install/panda_moveit_planning_demo/share/panda_moveit_planning_demo/launch/panda_moveit_cartesian_demo.launch.py
[31.759s] -- Up-to-date: /home/beniamino/ros2_ws/install/panda_moveit_planning_demo/share/ament_index/resource_index/package_run_dependencies/panda_moveit_planning_demo
[31.759s] -- Up-to-date: /home/beniamino/ros2_ws/install/panda_moveit_planning_demo/share/ament_index/resource_index/parent_prefix_path/panda_moveit_planning_demo
[31.759s] -- Up-to-date: /home/beniamino/ros2_ws/install/panda_moveit_planning_demo/share/panda_moveit_planning_demo/environment/ament_prefix_path.sh
[31.759s] -- Up-to-date: /home/beniamino/ros2_ws/install/panda_moveit_planning_demo/share/panda_moveit_planning_demo/environment/ament_prefix_path.dsv
[31.759s] -- Up-to-date: /home/beniamino/ros2_ws/install/panda_moveit_planning_demo/share/panda_moveit_planning_demo/environment/path.sh
[31.759s] -- Up-to-date: /home/beniamino/ros2_ws/install/panda_moveit_planning_demo/share/panda_moveit_planning_demo/environment/path.dsv
[31.759s] -- Up-to-date: /home/beniamino/ros2_ws/install/panda_moveit_planning_demo/share/panda_moveit_planning_demo/local_setup.bash
[31.759s] -- Up-to-date: /home/beniamino/ros2_ws/install/panda_moveit_planning_demo/share/panda_moveit_planning_demo/local_setup.sh
[31.759s] -- Up-to-date: /home/beniamino/ros2_ws/install/panda_moveit_planning_demo/share/panda_moveit_planning_demo/local_setup.zsh
[31.760s] -- Up-to-date: /home/beniamino/ros2_ws/install/panda_moveit_planning_demo/share/panda_moveit_planning_demo/local_setup.dsv
[31.760s] -- Installing: /home/beniamino/ros2_ws/install/panda_moveit_planning_demo/share/panda_moveit_planning_demo/package.dsv
[31.760s] -- Up-to-date: /home/beniamino/ros2_ws/install/panda_moveit_planning_demo/share/ament_index/resource_index/packages/panda_moveit_planning_demo
[31.760s] -- Up-to-date: /home/beniamino/ros2_ws/install/panda_moveit_planning_demo/share/panda_moveit_planning_demo/cmake/ament_cmake_export_dependencies-extras.cmake
[31.760s] -- Up-to-date: /home/beniamino/ros2_ws/install/panda_moveit_planning_demo/share/panda_moveit_planning_demo/cmake/panda_moveit_planning_demoConfig.cmake
[31.760s] -- Up-to-date: /home/beniamino/ros2_ws/install/panda_moveit_planning_demo/share/panda_moveit_planning_demo/cmake/panda_moveit_planning_demoConfig-version.cmake
[31.760s] -- Up-to-date: /home/beniamino/ros2_ws/install/panda_moveit_planning_demo/share/panda_moveit_planning_demo/package.xml
[31.769s] Invoked command in '/home/beniamino/ros2_ws/build/panda_moveit_planning_demo' returned '0': CMAKE_PREFIX_PATH=/home/beniamino/ros2_ws/install/acg_resources_panda_moveit_config:/home/beniamino/ros2_ws/install/cartesian_control_msgs:/home/beniamino/ros2_ws/install/acg_resources_panda_description:/home/beniamino/ros2_ws/install/ros_extensions_utilities:/home/beniamino/ros2_ws/install/panda_moveit_planning_demo:/home/beniamino/ros2_ws/install/panda_impedance_controller:/home/beniamino/ros2_ws/install/kdl_inverse_dynamics_solver:/home/beniamino/ros2_ws/install/inverse_dynamics_solver:/home/beniamino/ros2_ws/install/acg_resources_panda_trajectory_generation:/home/beniamino/ros2_ws/install/acg_resources_panda_trajectory_analyzer:/opt/ros/humble LD_LIBRARY_PATH=/home/beniamino/ros2_ws/install/cartesian_control_msgs/lib:/home/beniamino/ros2_ws/install/panda_impedance_controller/lib:/home/beniamino/ros2_ws/install/kdl_inverse_dynamics_solver/lib:/opt/ros/humble/opt/rviz_ogre_vendor/lib:/opt/ros/humble/lib/x86_64-linux-gnu:/opt/ros/humble/lib /usr/bin/cmake --install /home/beniamino/ros2_ws/build/panda_moveit_planning_demo
