[0.027s] Invoking command in '/home/beniamino/ros2_ws/build/cartesian_control_msgs': CMAKE_PREFIX_PATH=${CMAKE_PREFIX_PATH}:/home/beniamino/ros2_ws/install/acg_resources_panda_trajectory_generation:/home/beniamino/ros2_ws/install/acg_resources_panda_trajectory_analyzer:/opt/ros/humble /usr/bin/cmake --build /home/beniamino/ros2_ws/build/cartesian_control_msgs -- -j12 -l12
[0.122s] [  3%] Built target cartesian_control_msgs__cpp
[0.123s] [ 12%] Built target cartesian_control_msgs__rosidl_generator_c
[0.145s] [ 12%] Built target ament_cmake_python_copy_cartesian_control_msgs
[0.187s] [ 22%] Built target cartesian_control_msgs__rosidl_typesupport_cpp
[0.187s] [ 32%] Built target cartesian_control_msgs__rosidl_typesupport_introspection_cpp
[0.187s] [ 41%] Built target cartesian_control_msgs__rosidl_typesupport_fastrtps_cpp
[0.188s] [ 51%] Built target cartesian_control_msgs__rosidl_typesupport_fastrtps_c
[0.189s] [ 61%] Built target cartesian_control_msgs__rosidl_typesupport_c
[0.189s] [ 70%] Built target cartesian_control_msgs__rosidl_typesupport_introspection_c
[0.230s] [ 70%] Built target cartesian_control_msgs
[0.275s] [ 74%] Built target cartesian_control_msgs__py
[0.326s] [ 80%] Built target cartesian_control_msgs__rosidl_generator_py
[0.371s] [ 87%] Built target cartesian_control_msgs__rosidl_typesupport_c__pyext
[0.372s] [ 93%] Built target cartesian_control_msgs__rosidl_typesupport_introspection_c__pyext
[0.373s] [100%] Built target cartesian_control_msgs__rosidl_typesupport_fastrtps_c__pyext
[0.598s] running egg_info
[0.635s] writing cartesian_control_msgs.egg-info/PKG-INFO
[0.635s] writing dependency_links to cartesian_control_msgs.egg-info/dependency_links.txt
[0.636s] writing top-level names to cartesian_control_msgs.egg-info/top_level.txt
[0.737s] reading manifest file 'cartesian_control_msgs.egg-info/SOURCES.txt'
[0.738s] writing manifest file 'cartesian_control_msgs.egg-info/SOURCES.txt'
[0.778s] [100%] Built target ament_cmake_python_build_cartesian_control_msgs_egg
[0.798s] Invoked command in '/home/beniamino/ros2_ws/build/cartesian_control_msgs' returned '0': CMAKE_PREFIX_PATH=${CMAKE_PREFIX_PATH}:/home/beniamino/ros2_ws/install/acg_resources_panda_trajectory_generation:/home/beniamino/ros2_ws/install/acg_resources_panda_trajectory_analyzer:/opt/ros/humble /usr/bin/cmake --build /home/beniamino/ros2_ws/build/cartesian_control_msgs -- -j12 -l12
[0.909s] Invoking command in '/home/beniamino/ros2_ws/build/cartesian_control_msgs': CMAKE_PREFIX_PATH=${CMAKE_PREFIX_PATH}:/home/beniamino/ros2_ws/install/acg_resources_panda_trajectory_generation:/home/beniamino/ros2_ws/install/acg_resources_panda_trajectory_analyzer:/opt/ros/humble /usr/bin/cmake --install /home/beniamino/ros2_ws/build/cartesian_control_msgs
[0.924s] -- Install configuration: ""
[0.924s] -- Up-to-date: /home/beniamino/ros2_ws/install/cartesian_control_msgs/share/ament_index/resource_index/rosidl_interfaces/cartesian_control_msgs
[0.925s] -- Up-to-date: /home/beniamino/ros2_ws/install/cartesian_control_msgs/include/cartesian_control_msgs/cartesian_control_msgs
[0.925s] -- Up-to-date: /home/beniamino/ros2_ws/install/cartesian_control_msgs/include/cartesian_control_msgs/cartesian_control_msgs/action
[0.925s] -- Up-to-date: /home/beniamino/ros2_ws/install/cartesian_control_msgs/include/cartesian_control_msgs/cartesian_control_msgs/action/follow_cartesian_trajectory.h
[0.925s] -- Up-to-date: /home/beniamino/ros2_ws/install/cartesian_control_msgs/include/cartesian_control_msgs/cartesian_control_msgs/action/detail
[0.925s] -- Up-to-date: /home/beniamino/ros2_ws/install/cartesian_control_msgs/include/cartesian_control_msgs/cartesian_control_msgs/action/detail/follow_cartesian_trajectory__type_support.h
[0.925s] -- Up-to-date: /home/beniamino/ros2_ws/install/cartesian_control_msgs/include/cartesian_control_msgs/cartesian_control_msgs/action/detail/follow_cartesian_trajectory__functions.h
[0.925s] -- Up-to-date: /home/beniamino/ros2_ws/install/cartesian_control_msgs/include/cartesian_control_msgs/cartesian_control_msgs/action/detail/follow_cartesian_trajectory__struct.h
[0.925s] -- Up-to-date: /home/beniamino/ros2_ws/install/cartesian_control_msgs/include/cartesian_control_msgs/cartesian_control_msgs/action/detail/follow_cartesian_trajectory__functions.c
[0.926s] -- Up-to-date: /home/beniamino/ros2_ws/install/cartesian_control_msgs/include/cartesian_control_msgs/cartesian_control_msgs/msg
[0.926s] -- Up-to-date: /home/beniamino/ros2_ws/install/cartesian_control_msgs/include/cartesian_control_msgs/cartesian_control_msgs/msg/rosidl_generator_c__visibility_control.h
[0.926s] -- Up-to-date: /home/beniamino/ros2_ws/install/cartesian_control_msgs/share/cartesian_control_msgs/environment/library_path.sh
[0.926s] -- Up-to-date: /home/beniamino/ros2_ws/install/cartesian_control_msgs/share/cartesian_control_msgs/environment/library_path.dsv
[0.926s] -- Up-to-date: /home/beniamino/ros2_ws/install/cartesian_control_msgs/lib/libcartesian_control_msgs__rosidl_generator_c.so
[0.926s] -- Up-to-date: /home/beniamino/ros2_ws/install/cartesian_control_msgs/include/cartesian_control_msgs/cartesian_control_msgs
[0.927s] -- Up-to-date: /home/beniamino/ros2_ws/install/cartesian_control_msgs/include/cartesian_control_msgs/cartesian_control_msgs/action
[0.927s] -- Up-to-date: /home/beniamino/ros2_ws/install/cartesian_control_msgs/include/cartesian_control_msgs/cartesian_control_msgs/action/detail
[0.927s] -- Up-to-date: /home/beniamino/ros2_ws/install/cartesian_control_msgs/include/cartesian_control_msgs/cartesian_control_msgs/action/detail/follow_cartesian_trajectory__rosidl_typesupport_fastrtps_c.h
[0.928s] -- Up-to-date: /home/beniamino/ros2_ws/install/cartesian_control_msgs/include/cartesian_control_msgs/cartesian_control_msgs/msg
[0.928s] -- Up-to-date: /home/beniamino/ros2_ws/install/cartesian_control_msgs/include/cartesian_control_msgs/cartesian_control_msgs/msg/rosidl_typesupport_fastrtps_c__visibility_control.h
[0.928s] -- Up-to-date: /home/beniamino/ros2_ws/install/cartesian_control_msgs/lib/libcartesian_control_msgs__rosidl_typesupport_fastrtps_c.so
[0.928s] -- Up-to-date: /home/beniamino/ros2_ws/install/cartesian_control_msgs/include/cartesian_control_msgs/cartesian_control_msgs
[0.928s] -- Up-to-date: /home/beniamino/ros2_ws/install/cartesian_control_msgs/include/cartesian_control_msgs/cartesian_control_msgs/action
[0.929s] -- Up-to-date: /home/beniamino/ros2_ws/install/cartesian_control_msgs/include/cartesian_control_msgs/cartesian_control_msgs/action/detail
[0.929s] -- Up-to-date: /home/beniamino/ros2_ws/install/cartesian_control_msgs/include/cartesian_control_msgs/cartesian_control_msgs/action/detail/follow_cartesian_trajectory__builder.hpp
[0.929s] -- Up-to-date: /home/beniamino/ros2_ws/install/cartesian_control_msgs/include/cartesian_control_msgs/cartesian_control_msgs/action/detail/follow_cartesian_trajectory__struct.hpp
[0.929s] -- Up-to-date: /home/beniamino/ros2_ws/install/cartesian_control_msgs/include/cartesian_control_msgs/cartesian_control_msgs/action/detail/follow_cartesian_trajectory__traits.hpp
[0.929s] -- Up-to-date: /home/beniamino/ros2_ws/install/cartesian_control_msgs/include/cartesian_control_msgs/cartesian_control_msgs/action/follow_cartesian_trajectory.hpp
[0.930s] -- Up-to-date: /home/beniamino/ros2_ws/install/cartesian_control_msgs/include/cartesian_control_msgs/cartesian_control_msgs
[0.930s] -- Up-to-date: /home/beniamino/ros2_ws/install/cartesian_control_msgs/include/cartesian_control_msgs/cartesian_control_msgs/action
[0.930s] -- Up-to-date: /home/beniamino/ros2_ws/install/cartesian_control_msgs/include/cartesian_control_msgs/cartesian_control_msgs/action/detail
[0.930s] -- Up-to-date: /home/beniamino/ros2_ws/install/cartesian_control_msgs/include/cartesian_control_msgs/cartesian_control_msgs/action/detail/dds_fastrtps
[0.930s] -- Up-to-date: /home/beniamino/ros2_ws/install/cartesian_control_msgs/include/cartesian_control_msgs/cartesian_control_msgs/action/detail/follow_cartesian_trajectory__rosidl_typesupport_fastrtps_cpp.hpp
[0.931s] -- Up-to-date: /home/beniamino/ros2_ws/install/cartesian_control_msgs/include/cartesian_control_msgs/cartesian_control_msgs/msg
[0.931s] -- Up-to-date: /home/beniamino/ros2_ws/install/cartesian_control_msgs/include/cartesian_control_msgs/cartesian_control_msgs/msg/rosidl_typesupport_fastrtps_cpp__visibility_control.h
[0.931s] -- Up-to-date: /home/beniamino/ros2_ws/install/cartesian_control_msgs/lib/libcartesian_control_msgs__rosidl_typesupport_fastrtps_cpp.so
[0.931s] -- Up-to-date: /home/beniamino/ros2_ws/install/cartesian_control_msgs/include/cartesian_control_msgs/cartesian_control_msgs
[0.932s] -- Up-to-date: /home/beniamino/ros2_ws/install/cartesian_control_msgs/include/cartesian_control_msgs/cartesian_control_msgs/action
[0.932s] -- Up-to-date: /home/beniamino/ros2_ws/install/cartesian_control_msgs/include/cartesian_control_msgs/cartesian_control_msgs/action/detail
[0.932s] -- Up-to-date: /home/beniamino/ros2_ws/install/cartesian_control_msgs/include/cartesian_control_msgs/cartesian_control_msgs/action/detail/follow_cartesian_trajectory__type_support.c
[0.932s] -- Up-to-date: /home/beniamino/ros2_ws/install/cartesian_control_msgs/include/cartesian_control_msgs/cartesian_control_msgs/action/detail/follow_cartesian_trajectory__rosidl_typesupport_introspection_c.h
[0.932s] -- Up-to-date: /home/beniamino/ros2_ws/install/cartesian_control_msgs/include/cartesian_control_msgs/cartesian_control_msgs/msg
[0.933s] -- Up-to-date: /home/beniamino/ros2_ws/install/cartesian_control_msgs/include/cartesian_control_msgs/cartesian_control_msgs/msg/rosidl_typesupport_introspection_c__visibility_control.h
[0.933s] -- Up-to-date: /home/beniamino/ros2_ws/install/cartesian_control_msgs/lib/libcartesian_control_msgs__rosidl_typesupport_introspection_c.so
[0.933s] -- Up-to-date: /home/beniamino/ros2_ws/install/cartesian_control_msgs/lib/libcartesian_control_msgs__rosidl_typesupport_c.so
[0.933s] -- Up-to-date: /home/beniamino/ros2_ws/install/cartesian_control_msgs/include/cartesian_control_msgs/cartesian_control_msgs
[0.933s] -- Up-to-date: /home/beniamino/ros2_ws/install/cartesian_control_msgs/include/cartesian_control_msgs/cartesian_control_msgs/action
[0.934s] -- Up-to-date: /home/beniamino/ros2_ws/install/cartesian_control_msgs/include/cartesian_control_msgs/cartesian_control_msgs/action/detail
[0.934s] -- Up-to-date: /home/beniamino/ros2_ws/install/cartesian_control_msgs/include/cartesian_control_msgs/cartesian_control_msgs/action/detail/follow_cartesian_trajectory__rosidl_typesupport_introspection_cpp.hpp
[0.934s] -- Up-to-date: /home/beniamino/ros2_ws/install/cartesian_control_msgs/include/cartesian_control_msgs/cartesian_control_msgs/action/detail/follow_cartesian_trajectory__type_support.cpp
[0.934s] -- Up-to-date: /home/beniamino/ros2_ws/install/cartesian_control_msgs/lib/libcartesian_control_msgs__rosidl_typesupport_introspection_cpp.so
[0.935s] -- Up-to-date: /home/beniamino/ros2_ws/install/cartesian_control_msgs/lib/libcartesian_control_msgs__rosidl_typesupport_cpp.so
[0.935s] -- Up-to-date: /home/beniamino/ros2_ws/install/cartesian_control_msgs/share/cartesian_control_msgs/environment/pythonpath.sh
[0.935s] -- Up-to-date: /home/beniamino/ros2_ws/install/cartesian_control_msgs/share/cartesian_control_msgs/environment/pythonpath.dsv
[0.935s] -- Up-to-date: /home/beniamino/ros2_ws/install/cartesian_control_msgs/local/lib/python3.10/dist-packages/cartesian_control_msgs-0.0.1-py3.10.egg-info
[0.935s] -- Installing: /home/beniamino/ros2_ws/install/cartesian_control_msgs/local/lib/python3.10/dist-packages/cartesian_control_msgs-0.0.1-py3.10.egg-info/SOURCES.txt
[0.935s] -- Installing: /home/beniamino/ros2_ws/install/cartesian_control_msgs/local/lib/python3.10/dist-packages/cartesian_control_msgs-0.0.1-py3.10.egg-info/dependency_links.txt
[0.936s] -- Installing: /home/beniamino/ros2_ws/install/cartesian_control_msgs/local/lib/python3.10/dist-packages/cartesian_control_msgs-0.0.1-py3.10.egg-info/top_level.txt
[0.936s] -- Installing: /home/beniamino/ros2_ws/install/cartesian_control_msgs/local/lib/python3.10/dist-packages/cartesian_control_msgs-0.0.1-py3.10.egg-info/PKG-INFO
[0.936s] -- Up-to-date: /home/beniamino/ros2_ws/install/cartesian_control_msgs/local/lib/python3.10/dist-packages/cartesian_control_msgs
[0.936s] -- Up-to-date: /home/beniamino/ros2_ws/install/cartesian_control_msgs/local/lib/python3.10/dist-packages/cartesian_control_msgs/_cartesian_control_msgs_s.ep.rosidl_typesupport_introspection_c.c
[0.936s] -- Up-to-date: /home/beniamino/ros2_ws/install/cartesian_control_msgs/local/lib/python3.10/dist-packages/cartesian_control_msgs/_cartesian_control_msgs_s.ep.rosidl_typesupport_c.c
[0.936s] -- Up-to-date: /home/beniamino/ros2_ws/install/cartesian_control_msgs/local/lib/python3.10/dist-packages/cartesian_control_msgs/libcartesian_control_msgs__rosidl_generator_py.so
[0.937s] -- Up-to-date: /home/beniamino/ros2_ws/install/cartesian_control_msgs/local/lib/python3.10/dist-packages/cartesian_control_msgs/action
[0.937s] -- Up-to-date: /home/beniamino/ros2_ws/install/cartesian_control_msgs/local/lib/python3.10/dist-packages/cartesian_control_msgs/action/_follow_cartesian_trajectory.py
[0.937s] -- Up-to-date: /home/beniamino/ros2_ws/install/cartesian_control_msgs/local/lib/python3.10/dist-packages/cartesian_control_msgs/action/__init__.py
[0.937s] -- Up-to-date: /home/beniamino/ros2_ws/install/cartesian_control_msgs/local/lib/python3.10/dist-packages/cartesian_control_msgs/action/_follow_cartesian_trajectory_s.c
[0.937s] -- Up-to-date: /home/beniamino/ros2_ws/install/cartesian_control_msgs/local/lib/python3.10/dist-packages/cartesian_control_msgs/cartesian_control_msgs_s__rosidl_typesupport_introspection_c.cpython-310-x86_64-linux-gnu.so
[0.937s] -- Up-to-date: /home/beniamino/ros2_ws/install/cartesian_control_msgs/local/lib/python3.10/dist-packages/cartesian_control_msgs/cartesian_control_msgs_s__rosidl_typesupport_c.cpython-310-x86_64-linux-gnu.so
[0.938s] -- Up-to-date: /home/beniamino/ros2_ws/install/cartesian_control_msgs/local/lib/python3.10/dist-packages/cartesian_control_msgs/__init__.py
[0.938s] -- Up-to-date: /home/beniamino/ros2_ws/install/cartesian_control_msgs/local/lib/python3.10/dist-packages/cartesian_control_msgs/cartesian_control_msgs_s__rosidl_typesupport_fastrtps_c.cpython-310-x86_64-linux-gnu.so
[0.938s] -- Up-to-date: /home/beniamino/ros2_ws/install/cartesian_control_msgs/local/lib/python3.10/dist-packages/cartesian_control_msgs/_cartesian_control_msgs_s.ep.rosidl_typesupport_fastrtps_c.c
[0.995s] Listing '/home/beniamino/ros2_ws/install/cartesian_control_msgs/local/lib/python3.10/dist-packages/cartesian_control_msgs'...
[0.995s] Listing '/home/beniamino/ros2_ws/install/cartesian_control_msgs/local/lib/python3.10/dist-packages/cartesian_control_msgs/action'...
[1.002s] -- Up-to-date: /home/beniamino/ros2_ws/install/cartesian_control_msgs/local/lib/python3.10/dist-packages/cartesian_control_msgs/cartesian_control_msgs_s__rosidl_typesupport_fastrtps_c.cpython-310-x86_64-linux-gnu.so
[1.002s] -- Up-to-date: /home/beniamino/ros2_ws/install/cartesian_control_msgs/local/lib/python3.10/dist-packages/cartesian_control_msgs/cartesian_control_msgs_s__rosidl_typesupport_introspection_c.cpython-310-x86_64-linux-gnu.so
[1.003s] -- Up-to-date: /home/beniamino/ros2_ws/install/cartesian_control_msgs/local/lib/python3.10/dist-packages/cartesian_control_msgs/cartesian_control_msgs_s__rosidl_typesupport_c.cpython-310-x86_64-linux-gnu.so
[1.004s] -- Up-to-date: /home/beniamino/ros2_ws/install/cartesian_control_msgs/lib/libcartesian_control_msgs__rosidl_generator_py.so
[1.004s] -- Up-to-date: /home/beniamino/ros2_ws/install/cartesian_control_msgs/share/cartesian_control_msgs/action/FollowCartesianTrajectory.idl
[1.004s] -- Up-to-date: /home/beniamino/ros2_ws/install/cartesian_control_msgs/share/cartesian_control_msgs/action/FollowCartesianTrajectory.action
[1.005s] -- Up-to-date: /home/beniamino/ros2_ws/install/cartesian_control_msgs/share/ament_index/resource_index/package_run_dependencies/cartesian_control_msgs
[1.005s] -- Up-to-date: /home/beniamino/ros2_ws/install/cartesian_control_msgs/share/ament_index/resource_index/parent_prefix_path/cartesian_control_msgs
[1.005s] -- Up-to-date: /home/beniamino/ros2_ws/install/cartesian_control_msgs/share/cartesian_control_msgs/environment/ament_prefix_path.sh
[1.005s] -- Up-to-date: /home/beniamino/ros2_ws/install/cartesian_control_msgs/share/cartesian_control_msgs/environment/ament_prefix_path.dsv
[1.005s] -- Up-to-date: /home/beniamino/ros2_ws/install/cartesian_control_msgs/share/cartesian_control_msgs/environment/path.sh
[1.006s] -- Up-to-date: /home/beniamino/ros2_ws/install/cartesian_control_msgs/share/cartesian_control_msgs/environment/path.dsv
[1.006s] -- Up-to-date: /home/beniamino/ros2_ws/install/cartesian_control_msgs/share/cartesian_control_msgs/local_setup.bash
[1.006s] -- Up-to-date: /home/beniamino/ros2_ws/install/cartesian_control_msgs/share/cartesian_control_msgs/local_setup.sh
[1.006s] -- Up-to-date: /home/beniamino/ros2_ws/install/cartesian_control_msgs/share/cartesian_control_msgs/local_setup.zsh
[1.007s] -- Up-to-date: /home/beniamino/ros2_ws/install/cartesian_control_msgs/share/cartesian_control_msgs/local_setup.dsv
[1.007s] -- Installing: /home/beniamino/ros2_ws/install/cartesian_control_msgs/share/cartesian_control_msgs/package.dsv
[1.007s] -- Up-to-date: /home/beniamino/ros2_ws/install/cartesian_control_msgs/share/ament_index/resource_index/packages/cartesian_control_msgs
[1.007s] -- Up-to-date: /home/beniamino/ros2_ws/install/cartesian_control_msgs/share/cartesian_control_msgs/cmake/export_cartesian_control_msgs__rosidl_generator_cExport.cmake
[1.007s] -- Up-to-date: /home/beniamino/ros2_ws/install/cartesian_control_msgs/share/cartesian_control_msgs/cmake/export_cartesian_control_msgs__rosidl_generator_cExport-noconfig.cmake
[1.008s] -- Up-to-date: /home/beniamino/ros2_ws/install/cartesian_control_msgs/share/cartesian_control_msgs/cmake/export_cartesian_control_msgs__rosidl_typesupport_fastrtps_cExport.cmake
[1.008s] -- Up-to-date: /home/beniamino/ros2_ws/install/cartesian_control_msgs/share/cartesian_control_msgs/cmake/export_cartesian_control_msgs__rosidl_typesupport_fastrtps_cExport-noconfig.cmake
[1.008s] -- Up-to-date: /home/beniamino/ros2_ws/install/cartesian_control_msgs/share/cartesian_control_msgs/cmake/export_cartesian_control_msgs__rosidl_generator_cppExport.cmake
[1.008s] -- Up-to-date: /home/beniamino/ros2_ws/install/cartesian_control_msgs/share/cartesian_control_msgs/cmake/export_cartesian_control_msgs__rosidl_typesupport_fastrtps_cppExport.cmake
[1.008s] -- Up-to-date: /home/beniamino/ros2_ws/install/cartesian_control_msgs/share/cartesian_control_msgs/cmake/export_cartesian_control_msgs__rosidl_typesupport_fastrtps_cppExport-noconfig.cmake
[1.008s] -- Up-to-date: /home/beniamino/ros2_ws/install/cartesian_control_msgs/share/cartesian_control_msgs/cmake/cartesian_control_msgs__rosidl_typesupport_introspection_cExport.cmake
[1.009s] -- Up-to-date: /home/beniamino/ros2_ws/install/cartesian_control_msgs/share/cartesian_control_msgs/cmake/cartesian_control_msgs__rosidl_typesupport_introspection_cExport-noconfig.cmake
[1.009s] -- Up-to-date: /home/beniamino/ros2_ws/install/cartesian_control_msgs/share/cartesian_control_msgs/cmake/cartesian_control_msgs__rosidl_typesupport_cExport.cmake
[1.009s] -- Up-to-date: /home/beniamino/ros2_ws/install/cartesian_control_msgs/share/cartesian_control_msgs/cmake/cartesian_control_msgs__rosidl_typesupport_cExport-noconfig.cmake
[1.009s] -- Up-to-date: /home/beniamino/ros2_ws/install/cartesian_control_msgs/share/cartesian_control_msgs/cmake/cartesian_control_msgs__rosidl_typesupport_introspection_cppExport.cmake
[1.009s] -- Up-to-date: /home/beniamino/ros2_ws/install/cartesian_control_msgs/share/cartesian_control_msgs/cmake/cartesian_control_msgs__rosidl_typesupport_introspection_cppExport-noconfig.cmake
[1.009s] -- Up-to-date: /home/beniamino/ros2_ws/install/cartesian_control_msgs/share/cartesian_control_msgs/cmake/cartesian_control_msgs__rosidl_typesupport_cppExport.cmake
[1.010s] -- Up-to-date: /home/beniamino/ros2_ws/install/cartesian_control_msgs/share/cartesian_control_msgs/cmake/cartesian_control_msgs__rosidl_typesupport_cppExport-noconfig.cmake
[1.010s] -- Up-to-date: /home/beniamino/ros2_ws/install/cartesian_control_msgs/share/cartesian_control_msgs/cmake/export_cartesian_control_msgs__rosidl_generator_pyExport.cmake
[1.010s] -- Up-to-date: /home/beniamino/ros2_ws/install/cartesian_control_msgs/share/cartesian_control_msgs/cmake/export_cartesian_control_msgs__rosidl_generator_pyExport-noconfig.cmake
[1.010s] -- Up-to-date: /home/beniamino/ros2_ws/install/cartesian_control_msgs/share/cartesian_control_msgs/cmake/rosidl_cmake-extras.cmake
[1.010s] -- Up-to-date: /home/beniamino/ros2_ws/install/cartesian_control_msgs/share/cartesian_control_msgs/cmake/ament_cmake_export_dependencies-extras.cmake
[1.011s] -- Up-to-date: /home/beniamino/ros2_ws/install/cartesian_control_msgs/share/cartesian_control_msgs/cmake/ament_cmake_export_include_directories-extras.cmake
[1.011s] -- Up-to-date: /home/beniamino/ros2_ws/install/cartesian_control_msgs/share/cartesian_control_msgs/cmake/ament_cmake_export_libraries-extras.cmake
[1.011s] -- Up-to-date: /home/beniamino/ros2_ws/install/cartesian_control_msgs/share/cartesian_control_msgs/cmake/ament_cmake_export_targets-extras.cmake
[1.012s] -- Up-to-date: /home/beniamino/ros2_ws/install/cartesian_control_msgs/share/cartesian_control_msgs/cmake/rosidl_cmake_export_typesupport_targets-extras.cmake
[1.012s] -- Up-to-date: /home/beniamino/ros2_ws/install/cartesian_control_msgs/share/cartesian_control_msgs/cmake/rosidl_cmake_export_typesupport_libraries-extras.cmake
[1.012s] -- Up-to-date: /home/beniamino/ros2_ws/install/cartesian_control_msgs/share/cartesian_control_msgs/cmake/cartesian_control_msgsConfig.cmake
[1.014s] -- Up-to-date: /home/beniamino/ros2_ws/install/cartesian_control_msgs/share/cartesian_control_msgs/cmake/cartesian_control_msgsConfig-version.cmake
[1.014s] -- Up-to-date: /home/beniamino/ros2_ws/install/cartesian_control_msgs/share/cartesian_control_msgs/package.xml
[1.014s] Invoked command in '/home/beniamino/ros2_ws/build/cartesian_control_msgs' returned '0': CMAKE_PREFIX_PATH=${CMAKE_PREFIX_PATH}:/home/beniamino/ros2_ws/install/acg_resources_panda_trajectory_generation:/home/beniamino/ros2_ws/install/acg_resources_panda_trajectory_analyzer:/opt/ros/humble /usr/bin/cmake --install /home/beniamino/ros2_ws/build/cartesian_control_msgs
