[0.026s] Invoking command in '/home/beniamino/ros2_ws/build/panda_moveit_planning_demo': CMAKE_PREFIX_PATH=/home/beniamino/ros2_ws/install/acg_resources_panda_moveit_config:/home/beniamino/ros2_ws/install/cartesian_control_msgs:/home/beniamino/ros2_ws/install/acg_resources_panda_description:/home/beniamino/ros2_ws/install/ros_extensions_utilities:/home/beniamino/ros2_ws/install/panda_moveit_planning_demo:/home/beniamino/ros2_ws/install/panda_impedance_controller:/home/beniamino/ros2_ws/install/kdl_inverse_dynamics_solver:/home/beniamino/ros2_ws/install/inverse_dynamics_solver:/home/beniamino/ros2_ws/install/acg_resources_panda_trajectory_generation:/home/beniamino/ros2_ws/install/acg_resources_panda_trajectory_analyzer:/opt/ros/humble LD_LIBRARY_PATH=/home/beniamino/ros2_ws/install/cartesian_control_msgs/lib:/home/beniamino/ros2_ws/install/panda_impedance_controller/lib:/home/beniamino/ros2_ws/install/kdl_inverse_dynamics_solver/lib:/opt/ros/humble/opt/rviz_ogre_vendor/lib:/opt/ros/humble/lib/x86_64-linux-gnu:/opt/ros/humble/lib /usr/bin/cmake --build /home/beniamino/ros2_ws/build/panda_moveit_planning_demo -- -j12 -l12
[0.130s] [  7%] Built target task_space_client_utils_parameters
[0.139s] [ 23%] Built target bag_file_utils
[0.156s] [ 38%] Built target moveit_utils
[0.186s] [ 53%] Built target task_space_client_utils
[0.221s] [35m[1mConsolidate compiler generated dependencies of target panda_moveit_cartesian_demo[0m
[0.256s] [ 84%] Built target panda_moveit_cartesian_demo_nobag
[0.256s] [ 84%] Built target panda_moveit_planning_node
[0.283s] [ 92%] [32mBuilding CXX object CMakeFiles/panda_moveit_cartesian_demo.dir/src/panda_moveit_cartesian_demo.cpp.o[0m
[14.767s] [01m[K/home/beniamino/ros2_ws/src/panda_impedance_controller/panda_moveit_planning_demo/src/panda_moveit_cartesian_demo.cpp:[m[K In function ‘[01m[Kint main(int, char**)[m[K’:
[14.768s] [01m[K/home/beniamino/ros2_ws/src/panda_impedance_controller/panda_moveit_planning_demo/src/panda_moveit_cartesian_demo.cpp:227:80:[m[K [01;31m[Kerror: [m[Kcannot convert ‘[01m[Kstd::shared_ptr<geometry_msgs::msg::PoseArray_<std::allocator<void> > >[m[K’ to ‘[01m[Kstd::vector<geometry_msgs::msg::Pose_<std::allocator<void> > >[m[K’
[14.768s]   227 |     auto [fraction, cartesian_plan] = planning_node->cartesian_path_generation([01;31m[Kcartesian_path_poses[m[K, &logger, &move_group_interface);  // Generate a Cartesian path
[14.768s]       |                                                                                [01;31m[K^~~~~~~~~~~~~~~~~~~~[m[K
[14.768s]       |                                                                                [01;31m[K|[m[K
[14.768s]       |                                                                                [01;31m[Kstd::shared_ptr<geometry_msgs::msg::PoseArray_<std::allocator<void> > >[m[K
[14.768s] In file included from [01m[K/home/beniamino/ros2_ws/src/panda_impedance_controller/panda_moveit_planning_demo/src/panda_moveit_cartesian_demo.cpp:13[m[K:
[14.768s] [01m[K/home/beniamino/ros2_ws/src/panda_impedance_controller/panda_moveit_planning_demo/include/task_space_client_utils.hpp:96:141:[m[K [01;36m[Knote: [m[K  initializing argument 1 of ‘[01m[Kstd::pair<double, moveit::planning_interface::MoveGroupInterface::Plan> task_space_client_utils::TaskSpaceClient::cartesian_path_generation(std::vector<geometry_msgs::msg::Pose_<std::allocator<void> > >, const rclcpp::Logger*, moveit::planning_interface::MoveGroupInterface*)[m[K’
[14.768s]    96 |     std::pair<double, moveit::planning_interface::MoveGroupInterface::Plan> cartesian_path_generation([01;36m[Kstd::vector<geometry_msgs::msg::Pose> waypoints[m[K, const rclcpp::Logger *logger, moveit::planning_interface::MoveGroupInterface *move_group_interface/*, moveit_msgs::msg::Constraints &constraints*/);
[14.768s]       |                                                                                                       [01;36m[K~~~~~~~~~~~~~~~~~~~~~~~~~~~~~~~~~~~~~~^~~~~~~~~[m[K
[19.517s] gmake[2]: *** [CMakeFiles/panda_moveit_cartesian_demo.dir/build.make:76: CMakeFiles/panda_moveit_cartesian_demo.dir/src/panda_moveit_cartesian_demo.cpp.o] Error 1
[19.517s] gmake[1]: *** [CMakeFiles/Makefile2:285: CMakeFiles/panda_moveit_cartesian_demo.dir/all] Error 2
[19.518s] gmake: *** [Makefile:146: all] Error 2
[19.521s] Invoked command in '/home/beniamino/ros2_ws/build/panda_moveit_planning_demo' returned '2': CMAKE_PREFIX_PATH=/home/beniamino/ros2_ws/install/acg_resources_panda_moveit_config:/home/beniamino/ros2_ws/install/cartesian_control_msgs:/home/beniamino/ros2_ws/install/acg_resources_panda_description:/home/beniamino/ros2_ws/install/ros_extensions_utilities:/home/beniamino/ros2_ws/install/panda_moveit_planning_demo:/home/beniamino/ros2_ws/install/panda_impedance_controller:/home/beniamino/ros2_ws/install/kdl_inverse_dynamics_solver:/home/beniamino/ros2_ws/install/inverse_dynamics_solver:/home/beniamino/ros2_ws/install/acg_resources_panda_trajectory_generation:/home/beniamino/ros2_ws/install/acg_resources_panda_trajectory_analyzer:/opt/ros/humble LD_LIBRARY_PATH=/home/beniamino/ros2_ws/install/cartesian_control_msgs/lib:/home/beniamino/ros2_ws/install/panda_impedance_controller/lib:/home/beniamino/ros2_ws/install/kdl_inverse_dynamics_solver/lib:/opt/ros/humble/opt/rviz_ogre_vendor/lib:/opt/ros/humble/lib/x86_64-linux-gnu:/opt/ros/humble/lib /usr/bin/cmake --build /home/beniamino/ros2_ws/build/panda_moveit_planning_demo -- -j12 -l12
