[0.054s] Invoking command in '/home/beniamino/ros2_ws/build/cartesian_control_msgs': CMAKE_PREFIX_PATH=${CMAKE_PREFIX_PATH}:/home/beniamino/ros2_ws/install/acg_resources_panda_trajectory_generation:/home/beniamino/ros2_ws/install/acg_resources_panda_trajectory_analyzer:/opt/ros/humble /usr/bin/cmake --build /home/beniamino/ros2_ws/build/cartesian_control_msgs -- -j12 -l12
[4.574s] [  3%] Built target cartesian_control_msgs__cpp
[4.574s] [ 12%] Built target cartesian_control_msgs__rosidl_generator_c
[4.575s] [ 12%] Built target ament_cmake_python_copy_cartesian_control_msgs
[4.576s] [ 22%] Built target cartesian_control_msgs__rosidl_typesupport_introspection_cpp
[4.576s] [ 32%] Built target cartesian_control_msgs__rosidl_typesupport_cpp
[4.577s] [ 41%] Built target cartesian_control_msgs__rosidl_typesupport_introspection_c
[4.577s] [ 51%] Built target cartesian_control_msgs__rosidl_typesupport_fastrtps_cpp
[4.578s] [ 61%] Built target cartesian_control_msgs__rosidl_typesupport_fastrtps_c
[4.578s] [ 70%] Built target cartesian_control_msgs__rosidl_typesupport_c
[4.578s] [ 70%] Built target cartesian_control_msgs
[4.578s] [ 74%] Built target cartesian_control_msgs__py
[4.579s] [ 80%] Built target cartesian_control_msgs__rosidl_generator_py
[4.579s] [ 93%] Built target cartesian_control_msgs__rosidl_typesupport_c__pyext
[4.579s] [ 93%] Built target cartesian_control_msgs__rosidl_typesupport_fastrtps_c__pyext
[4.579s] [100%] Built target cartesian_control_msgs__rosidl_typesupport_introspection_c__pyext
[4.579s] running egg_info
[4.579s] writing cartesian_control_msgs.egg-info/PKG-INFO
[4.580s] writing dependency_links to cartesian_control_msgs.egg-info/dependency_links.txt
[4.580s] writing top-level names to cartesian_control_msgs.egg-info/top_level.txt
[4.580s] reading manifest file 'cartesian_control_msgs.egg-info/SOURCES.txt'
[4.580s] writing manifest file 'cartesian_control_msgs.egg-info/SOURCES.txt'
[4.580s] [100%] Built target ament_cmake_python_build_cartesian_control_msgs_egg
[5.116s] Invoked command in '/home/beniamino/ros2_ws/build/cartesian_control_msgs' returned '0': CMAKE_PREFIX_PATH=${CMAKE_PREFIX_PATH}:/home/beniamino/ros2_ws/install/acg_resources_panda_trajectory_generation:/home/beniamino/ros2_ws/install/acg_resources_panda_trajectory_analyzer:/opt/ros/humble /usr/bin/cmake --build /home/beniamino/ros2_ws/build/cartesian_control_msgs -- -j12 -l12
[6.320s] Invoking command in '/home/beniamino/ros2_ws/build/cartesian_control_msgs': CMAKE_PREFIX_PATH=${CMAKE_PREFIX_PATH}:/home/beniamino/ros2_ws/install/acg_resources_panda_trajectory_generation:/home/beniamino/ros2_ws/install/acg_resources_panda_trajectory_analyzer:/opt/ros/humble /usr/bin/cmake --install /home/beniamino/ros2_ws/build/cartesian_control_msgs
[6.335s] -- Install configuration: ""
[6.336s] -- Up-to-date: /home/beniamino/ros2_ws/install/cartesian_control_msgs/share/ament_index/resource_index/rosidl_interfaces/cartesian_control_msgs
[6.336s] -- Up-to-date: /home/beniamino/ros2_ws/install/cartesian_control_msgs/include/cartesian_control_msgs/cartesian_control_msgs
[6.337s] -- Up-to-date: /home/beniamino/ros2_ws/install/cartesian_control_msgs/include/cartesian_control_msgs/cartesian_control_msgs/action
[6.337s] -- Up-to-date: /home/beniamino/ros2_ws/install/cartesian_control_msgs/include/cartesian_control_msgs/cartesian_control_msgs/action/follow_cartesian_trajectory.h
[6.337s] -- Up-to-date: /home/beniamino/ros2_ws/install/cartesian_control_msgs/include/cartesian_control_msgs/cartesian_control_msgs/action/detail
[6.338s] -- Up-to-date: /home/beniamino/ros2_ws/install/cartesian_control_msgs/include/cartesian_control_msgs/cartesian_control_msgs/action/detail/follow_cartesian_trajectory__type_support.h
[6.338s] -- Up-to-date: /home/beniamino/ros2_ws/install/cartesian_control_msgs/include/cartesian_control_msgs/cartesian_control_msgs/action/detail/follow_cartesian_trajectory__functions.h
[6.338s] -- Up-to-date: /home/beniamino/ros2_ws/install/cartesian_control_msgs/include/cartesian_control_msgs/cartesian_control_msgs/action/detail/follow_cartesian_trajectory__struct.h
[6.339s] -- Up-to-date: /home/beniamino/ros2_ws/install/cartesian_control_msgs/include/cartesian_control_msgs/cartesian_control_msgs/action/detail/follow_cartesian_trajectory__functions.c
[6.339s] -- Up-to-date: /home/beniamino/ros2_ws/install/cartesian_control_msgs/include/cartesian_control_msgs/cartesian_control_msgs/msg
[6.340s] -- Up-to-date: /home/beniamino/ros2_ws/install/cartesian_control_msgs/include/cartesian_control_msgs/cartesian_control_msgs/msg/rosidl_generator_c__visibility_control.h
[6.340s] -- Up-to-date: /home/beniamino/ros2_ws/install/cartesian_control_msgs/share/cartesian_control_msgs/environment/library_path.sh
[6.340s] -- Up-to-date: /home/beniamino/ros2_ws/install/cartesian_control_msgs/share/cartesian_control_msgs/environment/library_path.dsv
[6.341s] -- Up-to-date: /home/beniamino/ros2_ws/install/cartesian_control_msgs/lib/libcartesian_control_msgs__rosidl_generator_c.so
[6.344s] -- Up-to-date: /home/beniamino/ros2_ws/install/cartesian_control_msgs/include/cartesian_control_msgs/cartesian_control_msgs
[6.344s] -- Up-to-date: /home/beniamino/ros2_ws/install/cartesian_control_msgs/include/cartesian_control_msgs/cartesian_control_msgs/action
[6.345s] -- Up-to-date: /home/beniamino/ros2_ws/install/cartesian_control_msgs/include/cartesian_control_msgs/cartesian_control_msgs/action/detail
[6.346s] -- Up-to-date: /home/beniamino/ros2_ws/install/cartesian_control_msgs/include/cartesian_control_msgs/cartesian_control_msgs/action/detail/follow_cartesian_trajectory__rosidl_typesupport_fastrtps_c.h
[6.346s] -- Up-to-date: /home/beniamino/ros2_ws/install/cartesian_control_msgs/include/cartesian_control_msgs/cartesian_control_msgs/msg
[6.346s] -- Up-to-date: /home/beniamino/ros2_ws/install/cartesian_control_msgs/include/cartesian_control_msgs/cartesian_control_msgs/msg/rosidl_typesupport_fastrtps_c__visibility_control.h
[6.347s] -- Up-to-date: /home/beniamino/ros2_ws/install/cartesian_control_msgs/lib/libcartesian_control_msgs__rosidl_typesupport_fastrtps_c.so
[6.347s] -- Up-to-date: /home/beniamino/ros2_ws/install/cartesian_control_msgs/include/cartesian_control_msgs/cartesian_control_msgs
[6.348s] -- Up-to-date: /home/beniamino/ros2_ws/install/cartesian_control_msgs/include/cartesian_control_msgs/cartesian_control_msgs/action
[6.348s] -- Up-to-date: /home/beniamino/ros2_ws/install/cartesian_control_msgs/include/cartesian_control_msgs/cartesian_control_msgs/action/detail
[6.348s] -- Up-to-date: /home/beniamino/ros2_ws/install/cartesian_control_msgs/include/cartesian_control_msgs/cartesian_control_msgs/action/detail/follow_cartesian_trajectory__builder.hpp
[6.349s] -- Up-to-date: /home/beniamino/ros2_ws/install/cartesian_control_msgs/include/cartesian_control_msgs/cartesian_control_msgs/action/detail/follow_cartesian_trajectory__struct.hpp
[6.349s] -- Up-to-date: /home/beniamino/ros2_ws/install/cartesian_control_msgs/include/cartesian_control_msgs/cartesian_control_msgs/action/detail/follow_cartesian_trajectory__traits.hpp
[6.349s] -- Up-to-date: /home/beniamino/ros2_ws/install/cartesian_control_msgs/include/cartesian_control_msgs/cartesian_control_msgs/action/follow_cartesian_trajectory.hpp
[6.351s] -- Up-to-date: /home/beniamino/ros2_ws/install/cartesian_control_msgs/include/cartesian_control_msgs/cartesian_control_msgs
[6.351s] -- Up-to-date: /home/beniamino/ros2_ws/install/cartesian_control_msgs/include/cartesian_control_msgs/cartesian_control_msgs/action
[6.352s] -- Up-to-date: /home/beniamino/ros2_ws/install/cartesian_control_msgs/include/cartesian_control_msgs/cartesian_control_msgs/action/detail
[6.352s] -- Up-to-date: /home/beniamino/ros2_ws/install/cartesian_control_msgs/include/cartesian_control_msgs/cartesian_control_msgs/action/detail/dds_fastrtps
[6.352s] -- Up-to-date: /home/beniamino/ros2_ws/install/cartesian_control_msgs/include/cartesian_control_msgs/cartesian_control_msgs/action/detail/follow_cartesian_trajectory__rosidl_typesupport_fastrtps_cpp.hpp
[6.353s] -- Up-to-date: /home/beniamino/ros2_ws/install/cartesian_control_msgs/include/cartesian_control_msgs/cartesian_control_msgs/msg
[6.354s] -- Up-to-date: /home/beniamino/ros2_ws/install/cartesian_control_msgs/include/cartesian_control_msgs/cartesian_control_msgs/msg/rosidl_typesupport_fastrtps_cpp__visibility_control.h
[6.354s] -- Up-to-date: /home/beniamino/ros2_ws/install/cartesian_control_msgs/lib/libcartesian_control_msgs__rosidl_typesupport_fastrtps_cpp.so
[6.356s] -- Up-to-date: /home/beniamino/ros2_ws/install/cartesian_control_msgs/include/cartesian_control_msgs/cartesian_control_msgs
[6.357s] -- Up-to-date: /home/beniamino/ros2_ws/install/cartesian_control_msgs/include/cartesian_control_msgs/cartesian_control_msgs/action
[6.357s] -- Up-to-date: /home/beniamino/ros2_ws/install/cartesian_control_msgs/include/cartesian_control_msgs/cartesian_control_msgs/action/detail
[6.358s] -- Up-to-date: /home/beniamino/ros2_ws/install/cartesian_control_msgs/include/cartesian_control_msgs/cartesian_control_msgs/action/detail/follow_cartesian_trajectory__type_support.c
[6.358s] -- Up-to-date: /home/beniamino/ros2_ws/install/cartesian_control_msgs/include/cartesian_control_msgs/cartesian_control_msgs/action/detail/follow_cartesian_trajectory__rosidl_typesupport_introspection_c.h
[6.359s] -- Up-to-date: /home/beniamino/ros2_ws/install/cartesian_control_msgs/include/cartesian_control_msgs/cartesian_control_msgs/msg
[6.359s] -- Up-to-date: /home/beniamino/ros2_ws/install/cartesian_control_msgs/include/cartesian_control_msgs/cartesian_control_msgs/msg/rosidl_typesupport_introspection_c__visibility_control.h
[6.360s] -- Up-to-date: /home/beniamino/ros2_ws/install/cartesian_control_msgs/lib/libcartesian_control_msgs__rosidl_typesupport_introspection_c.so
[6.360s] -- Up-to-date: /home/beniamino/ros2_ws/install/cartesian_control_msgs/lib/libcartesian_control_msgs__rosidl_typesupport_c.so
[6.361s] -- Up-to-date: /home/beniamino/ros2_ws/install/cartesian_control_msgs/include/cartesian_control_msgs/cartesian_control_msgs
[6.362s] -- Up-to-date: /home/beniamino/ros2_ws/install/cartesian_control_msgs/include/cartesian_control_msgs/cartesian_control_msgs/action
[6.362s] -- Up-to-date: /home/beniamino/ros2_ws/install/cartesian_control_msgs/include/cartesian_control_msgs/cartesian_control_msgs/action/detail
[6.362s] -- Up-to-date: /home/beniamino/ros2_ws/install/cartesian_control_msgs/include/cartesian_control_msgs/cartesian_control_msgs/action/detail/follow_cartesian_trajectory__rosidl_typesupport_introspection_cpp.hpp
[6.363s] -- Up-to-date: /home/beniamino/ros2_ws/install/cartesian_control_msgs/include/cartesian_control_msgs/cartesian_control_msgs/action/detail/follow_cartesian_trajectory__type_support.cpp
[6.363s] -- Up-to-date: /home/beniamino/ros2_ws/install/cartesian_control_msgs/lib/libcartesian_control_msgs__rosidl_typesupport_introspection_cpp.so
[6.364s] -- Up-to-date: /home/beniamino/ros2_ws/install/cartesian_control_msgs/lib/libcartesian_control_msgs__rosidl_typesupport_cpp.so
[6.364s] -- Up-to-date: /home/beniamino/ros2_ws/install/cartesian_control_msgs/share/cartesian_control_msgs/environment/pythonpath.sh
[6.364s] -- Up-to-date: /home/beniamino/ros2_ws/install/cartesian_control_msgs/share/cartesian_control_msgs/environment/pythonpath.dsv
[6.366s] -- Up-to-date: /home/beniamino/ros2_ws/install/cartesian_control_msgs/local/lib/python3.10/dist-packages/cartesian_control_msgs-0.0.1-py3.10.egg-info
[6.367s] -- Installing: /home/beniamino/ros2_ws/install/cartesian_control_msgs/local/lib/python3.10/dist-packages/cartesian_control_msgs-0.0.1-py3.10.egg-info/SOURCES.txt
[6.367s] -- Installing: /home/beniamino/ros2_ws/install/cartesian_control_msgs/local/lib/python3.10/dist-packages/cartesian_control_msgs-0.0.1-py3.10.egg-info/dependency_links.txt
[6.368s] -- Installing: /home/beniamino/ros2_ws/install/cartesian_control_msgs/local/lib/python3.10/dist-packages/cartesian_control_msgs-0.0.1-py3.10.egg-info/top_level.txt
[6.368s] -- Installing: /home/beniamino/ros2_ws/install/cartesian_control_msgs/local/lib/python3.10/dist-packages/cartesian_control_msgs-0.0.1-py3.10.egg-info/PKG-INFO
[6.368s] -- Up-to-date: /home/beniamino/ros2_ws/install/cartesian_control_msgs/local/lib/python3.10/dist-packages/cartesian_control_msgs
[6.369s] -- Up-to-date: /home/beniamino/ros2_ws/install/cartesian_control_msgs/local/lib/python3.10/dist-packages/cartesian_control_msgs/_cartesian_control_msgs_s.ep.rosidl_typesupport_introspection_c.c
[6.369s] -- Up-to-date: /home/beniamino/ros2_ws/install/cartesian_control_msgs/local/lib/python3.10/dist-packages/cartesian_control_msgs/_cartesian_control_msgs_s.ep.rosidl_typesupport_c.c
[6.369s] -- Up-to-date: /home/beniamino/ros2_ws/install/cartesian_control_msgs/local/lib/python3.10/dist-packages/cartesian_control_msgs/libcartesian_control_msgs__rosidl_generator_py.so
[6.369s] -- Up-to-date: /home/beniamino/ros2_ws/install/cartesian_control_msgs/local/lib/python3.10/dist-packages/cartesian_control_msgs/action
[6.370s] -- Up-to-date: /home/beniamino/ros2_ws/install/cartesian_control_msgs/local/lib/python3.10/dist-packages/cartesian_control_msgs/action/_follow_cartesian_trajectory.py
[6.370s] -- Up-to-date: /home/beniamino/ros2_ws/install/cartesian_control_msgs/local/lib/python3.10/dist-packages/cartesian_control_msgs/action/__init__.py
[6.370s] -- Up-to-date: /home/beniamino/ros2_ws/install/cartesian_control_msgs/local/lib/python3.10/dist-packages/cartesian_control_msgs/action/_follow_cartesian_trajectory_s.c
[6.371s] -- Up-to-date: /home/beniamino/ros2_ws/install/cartesian_control_msgs/local/lib/python3.10/dist-packages/cartesian_control_msgs/cartesian_control_msgs_s__rosidl_typesupport_introspection_c.cpython-310-x86_64-linux-gnu.so
[6.372s] -- Up-to-date: /home/beniamino/ros2_ws/install/cartesian_control_msgs/local/lib/python3.10/dist-packages/cartesian_control_msgs/cartesian_control_msgs_s__rosidl_typesupport_c.cpython-310-x86_64-linux-gnu.so
[6.373s] -- Up-to-date: /home/beniamino/ros2_ws/install/cartesian_control_msgs/local/lib/python3.10/dist-packages/cartesian_control_msgs/__init__.py
[6.373s] -- Up-to-date: /home/beniamino/ros2_ws/install/cartesian_control_msgs/local/lib/python3.10/dist-packages/cartesian_control_msgs/cartesian_control_msgs_s__rosidl_typesupport_fastrtps_c.cpython-310-x86_64-linux-gnu.so
[6.373s] -- Up-to-date: /home/beniamino/ros2_ws/install/cartesian_control_msgs/local/lib/python3.10/dist-packages/cartesian_control_msgs/_cartesian_control_msgs_s.ep.rosidl_typesupport_fastrtps_c.c
[6.406s] Listing '/home/beniamino/ros2_ws/install/cartesian_control_msgs/local/lib/python3.10/dist-packages/cartesian_control_msgs'...
[6.406s] Listing '/home/beniamino/ros2_ws/install/cartesian_control_msgs/local/lib/python3.10/dist-packages/cartesian_control_msgs/action'...
[6.418s] -- Up-to-date: /home/beniamino/ros2_ws/install/cartesian_control_msgs/local/lib/python3.10/dist-packages/cartesian_control_msgs/cartesian_control_msgs_s__rosidl_typesupport_fastrtps_c.cpython-310-x86_64-linux-gnu.so
[6.418s] -- Up-to-date: /home/beniamino/ros2_ws/install/cartesian_control_msgs/local/lib/python3.10/dist-packages/cartesian_control_msgs/cartesian_control_msgs_s__rosidl_typesupport_introspection_c.cpython-310-x86_64-linux-gnu.so
[6.418s] -- Up-to-date: /home/beniamino/ros2_ws/install/cartesian_control_msgs/local/lib/python3.10/dist-packages/cartesian_control_msgs/cartesian_control_msgs_s__rosidl_typesupport_c.cpython-310-x86_64-linux-gnu.so
[6.419s] -- Up-to-date: /home/beniamino/ros2_ws/install/cartesian_control_msgs/lib/libcartesian_control_msgs__rosidl_generator_py.so
[6.419s] -- Up-to-date: /home/beniamino/ros2_ws/install/cartesian_control_msgs/share/cartesian_control_msgs/action/FollowCartesianTrajectory.idl
[6.419s] -- Up-to-date: /home/beniamino/ros2_ws/install/cartesian_control_msgs/share/cartesian_control_msgs/action/FollowCartesianTrajectory.action
[6.419s] -- Up-to-date: /home/beniamino/ros2_ws/install/cartesian_control_msgs/share/ament_index/resource_index/package_run_dependencies/cartesian_control_msgs
[6.419s] -- Up-to-date: /home/beniamino/ros2_ws/install/cartesian_control_msgs/share/ament_index/resource_index/parent_prefix_path/cartesian_control_msgs
[6.419s] -- Up-to-date: /home/beniamino/ros2_ws/install/cartesian_control_msgs/share/cartesian_control_msgs/environment/ament_prefix_path.sh
[6.420s] -- Up-to-date: /home/beniamino/ros2_ws/install/cartesian_control_msgs/share/cartesian_control_msgs/environment/ament_prefix_path.dsv
[6.420s] -- Up-to-date: /home/beniamino/ros2_ws/install/cartesian_control_msgs/share/cartesian_control_msgs/environment/path.sh
[6.421s] -- Up-to-date: /home/beniamino/ros2_ws/install/cartesian_control_msgs/share/cartesian_control_msgs/environment/path.dsv
[6.421s] -- Up-to-date: /home/beniamino/ros2_ws/install/cartesian_control_msgs/share/cartesian_control_msgs/local_setup.bash
[6.421s] -- Up-to-date: /home/beniamino/ros2_ws/install/cartesian_control_msgs/share/cartesian_control_msgs/local_setup.sh
[6.421s] -- Up-to-date: /home/beniamino/ros2_ws/install/cartesian_control_msgs/share/cartesian_control_msgs/local_setup.zsh
[6.422s] -- Up-to-date: /home/beniamino/ros2_ws/install/cartesian_control_msgs/share/cartesian_control_msgs/local_setup.dsv
[6.422s] -- Installing: /home/beniamino/ros2_ws/install/cartesian_control_msgs/share/cartesian_control_msgs/package.dsv
[6.423s] -- Up-to-date: /home/beniamino/ros2_ws/install/cartesian_control_msgs/share/ament_index/resource_index/packages/cartesian_control_msgs
[6.426s] -- Up-to-date: /home/beniamino/ros2_ws/install/cartesian_control_msgs/share/cartesian_control_msgs/cmake/export_cartesian_control_msgs__rosidl_generator_cExport.cmake
[6.428s] -- Up-to-date: /home/beniamino/ros2_ws/install/cartesian_control_msgs/share/cartesian_control_msgs/cmake/export_cartesian_control_msgs__rosidl_generator_cExport-noconfig.cmake
[6.430s] -- Up-to-date: /home/beniamino/ros2_ws/install/cartesian_control_msgs/share/cartesian_control_msgs/cmake/export_cartesian_control_msgs__rosidl_typesupport_fastrtps_cExport.cmake
[6.432s] -- Up-to-date: /home/beniamino/ros2_ws/install/cartesian_control_msgs/share/cartesian_control_msgs/cmake/export_cartesian_control_msgs__rosidl_typesupport_fastrtps_cExport-noconfig.cmake
[6.432s] -- Up-to-date: /home/beniamino/ros2_ws/install/cartesian_control_msgs/share/cartesian_control_msgs/cmake/export_cartesian_control_msgs__rosidl_generator_cppExport.cmake
[6.432s] -- Up-to-date: /home/beniamino/ros2_ws/install/cartesian_control_msgs/share/cartesian_control_msgs/cmake/export_cartesian_control_msgs__rosidl_typesupport_fastrtps_cppExport.cmake
[6.433s] -- Up-to-date: /home/beniamino/ros2_ws/install/cartesian_control_msgs/share/cartesian_control_msgs/cmake/export_cartesian_control_msgs__rosidl_typesupport_fastrtps_cppExport-noconfig.cmake
[6.433s] -- Up-to-date: /home/beniamino/ros2_ws/install/cartesian_control_msgs/share/cartesian_control_msgs/cmake/cartesian_control_msgs__rosidl_typesupport_introspection_cExport.cmake
[6.434s] -- Up-to-date: /home/beniamino/ros2_ws/install/cartesian_control_msgs/share/cartesian_control_msgs/cmake/cartesian_control_msgs__rosidl_typesupport_introspection_cExport-noconfig.cmake
[6.434s] -- Up-to-date: /home/beniamino/ros2_ws/install/cartesian_control_msgs/share/cartesian_control_msgs/cmake/cartesian_control_msgs__rosidl_typesupport_cExport.cmake
[6.434s] -- Up-to-date: /home/beniamino/ros2_ws/install/cartesian_control_msgs/share/cartesian_control_msgs/cmake/cartesian_control_msgs__rosidl_typesupport_cExport-noconfig.cmake
[6.435s] -- Up-to-date: /home/beniamino/ros2_ws/install/cartesian_control_msgs/share/cartesian_control_msgs/cmake/cartesian_control_msgs__rosidl_typesupport_introspection_cppExport.cmake
[6.435s] -- Up-to-date: /home/beniamino/ros2_ws/install/cartesian_control_msgs/share/cartesian_control_msgs/cmake/cartesian_control_msgs__rosidl_typesupport_introspection_cppExport-noconfig.cmake
[6.435s] -- Up-to-date: /home/beniamino/ros2_ws/install/cartesian_control_msgs/share/cartesian_control_msgs/cmake/cartesian_control_msgs__rosidl_typesupport_cppExport.cmake
[6.435s] -- Up-to-date: /home/beniamino/ros2_ws/install/cartesian_control_msgs/share/cartesian_control_msgs/cmake/cartesian_control_msgs__rosidl_typesupport_cppExport-noconfig.cmake
[6.436s] -- Up-to-date: /home/beniamino/ros2_ws/install/cartesian_control_msgs/share/cartesian_control_msgs/cmake/export_cartesian_control_msgs__rosidl_generator_pyExport.cmake
[6.436s] -- Up-to-date: /home/beniamino/ros2_ws/install/cartesian_control_msgs/share/cartesian_control_msgs/cmake/export_cartesian_control_msgs__rosidl_generator_pyExport-noconfig.cmake
[6.436s] -- Up-to-date: /home/beniamino/ros2_ws/install/cartesian_control_msgs/share/cartesian_control_msgs/cmake/rosidl_cmake-extras.cmake
[6.437s] -- Up-to-date: /home/beniamino/ros2_ws/install/cartesian_control_msgs/share/cartesian_control_msgs/cmake/ament_cmake_export_dependencies-extras.cmake
[6.437s] -- Up-to-date: /home/beniamino/ros2_ws/install/cartesian_control_msgs/share/cartesian_control_msgs/cmake/ament_cmake_export_include_directories-extras.cmake
[6.437s] -- Up-to-date: /home/beniamino/ros2_ws/install/cartesian_control_msgs/share/cartesian_control_msgs/cmake/ament_cmake_export_libraries-extras.cmake
[6.437s] -- Up-to-date: /home/beniamino/ros2_ws/install/cartesian_control_msgs/share/cartesian_control_msgs/cmake/ament_cmake_export_targets-extras.cmake
[6.438s] -- Up-to-date: /home/beniamino/ros2_ws/install/cartesian_control_msgs/share/cartesian_control_msgs/cmake/rosidl_cmake_export_typesupport_targets-extras.cmake
[6.438s] -- Up-to-date: /home/beniamino/ros2_ws/install/cartesian_control_msgs/share/cartesian_control_msgs/cmake/rosidl_cmake_export_typesupport_libraries-extras.cmake
[6.438s] -- Up-to-date: /home/beniamino/ros2_ws/install/cartesian_control_msgs/share/cartesian_control_msgs/cmake/cartesian_control_msgsConfig.cmake
[6.438s] -- Up-to-date: /home/beniamino/ros2_ws/install/cartesian_control_msgs/share/cartesian_control_msgs/cmake/cartesian_control_msgsConfig-version.cmake
[6.439s] -- Up-to-date: /home/beniamino/ros2_ws/install/cartesian_control_msgs/share/cartesian_control_msgs/package.xml
[6.442s] Invoked command in '/home/beniamino/ros2_ws/build/cartesian_control_msgs' returned '0': CMAKE_PREFIX_PATH=${CMAKE_PREFIX_PATH}:/home/beniamino/ros2_ws/install/acg_resources_panda_trajectory_generation:/home/beniamino/ros2_ws/install/acg_resources_panda_trajectory_analyzer:/opt/ros/humble /usr/bin/cmake --install /home/beniamino/ros2_ws/build/cartesian_control_msgs
