[0.066s] Invoking command in '/home/beniamino/ros2_ws/build/acg_resources_panda_description': CMAKE_PREFIX_PATH=${CMAKE_PREFIX_PATH}:/home/beniamino/ros2_ws/install/acg_resources_panda_trajectory_generation:/home/beniamino/ros2_ws/install/acg_resources_panda_trajectory_analyzer:/opt/ros/humble /usr/bin/cmake --build /home/beniamino/ros2_ws/build/acg_resources_panda_description -- -j12 -l12
[0.581s] Invoked command in '/home/beniamino/ros2_ws/build/acg_resources_panda_description' returned '0': CMAKE_PREFIX_PATH=${CMAKE_PREFIX_PATH}:/home/beniamino/ros2_ws/install/acg_resources_panda_trajectory_generation:/home/beniamino/ros2_ws/install/acg_resources_panda_trajectory_analyzer:/opt/ros/humble /usr/bin/cmake --build /home/beniamino/ros2_ws/build/acg_resources_panda_description -- -j12 -l12
[1.013s] Invoking command in '/home/beniamino/ros2_ws/build/acg_resources_panda_description': CMAKE_PREFIX_PATH=${CMAKE_PREFIX_PATH}:/home/beniamino/ros2_ws/install/acg_resources_panda_trajectory_generation:/home/beniamino/ros2_ws/install/acg_resources_panda_trajectory_analyzer:/opt/ros/humble /usr/bin/cmake --install /home/beniamino/ros2_ws/build/acg_resources_panda_description
[1.031s] -- Install configuration: ""
[1.032s] -- Up-to-date: /home/beniamino/ros2_ws/install/acg_resources_panda_description/share/ament_index/resource_index/package_run_dependencies/acg_resources_panda_description
[1.033s] -- Up-to-date: /home/beniamino/ros2_ws/install/acg_resources_panda_description/share/ament_index/resource_index/parent_prefix_path/acg_resources_panda_description
[1.034s] -- Up-to-date: /home/beniamino/ros2_ws/install/acg_resources_panda_description/share/acg_resources_panda_description/environment/ament_prefix_path.sh
[1.035s] -- Up-to-date: /home/beniamino/ros2_ws/install/acg_resources_panda_description/share/acg_resources_panda_description/environment/ament_prefix_path.dsv
[1.036s] -- Up-to-date: /home/beniamino/ros2_ws/install/acg_resources_panda_description/share/acg_resources_panda_description/environment/path.sh
[1.038s] -- Up-to-date: /home/beniamino/ros2_ws/install/acg_resources_panda_description/share/acg_resources_panda_description/environment/path.dsv
[1.038s] -- Up-to-date: /home/beniamino/ros2_ws/install/acg_resources_panda_description/share/acg_resources_panda_description/local_setup.bash
[1.039s] -- Up-to-date: /home/beniamino/ros2_ws/install/acg_resources_panda_description/share/acg_resources_panda_description/local_setup.sh
[1.040s] -- Up-to-date: /home/beniamino/ros2_ws/install/acg_resources_panda_description/share/acg_resources_panda_description/local_setup.zsh
[1.040s] -- Up-to-date: /home/beniamino/ros2_ws/install/acg_resources_panda_description/share/acg_resources_panda_description/local_setup.dsv
[1.040s] -- Installing: /home/beniamino/ros2_ws/install/acg_resources_panda_description/share/acg_resources_panda_description/package.dsv
[1.041s] -- Up-to-date: /home/beniamino/ros2_ws/install/acg_resources_panda_description/share/ament_index/resource_index/packages/acg_resources_panda_description
[1.042s] -- Up-to-date: /home/beniamino/ros2_ws/install/acg_resources_panda_description/share/acg_resources_panda_description/cmake/acg_resources_panda_descriptionConfig.cmake
[1.042s] -- Up-to-date: /home/beniamino/ros2_ws/install/acg_resources_panda_description/share/acg_resources_panda_description/cmake/acg_resources_panda_descriptionConfig-version.cmake
[1.043s] -- Up-to-date: /home/beniamino/ros2_ws/install/acg_resources_panda_description/share/acg_resources_panda_description/package.xml
[1.043s] -- Up-to-date: /home/beniamino/ros2_ws/install/acg_resources_panda_description/share/acg_resources_panda_description/meshes
[1.044s] -- Up-to-date: /home/beniamino/ros2_ws/install/acg_resources_panda_description/share/acg_resources_panda_description/meshes/visual
[1.044s] -- Up-to-date: /home/beniamino/ros2_ws/install/acg_resources_panda_description/share/acg_resources_panda_description/meshes/visual/link5.dae
[1.046s] -- Up-to-date: /home/beniamino/ros2_ws/install/acg_resources_panda_description/share/acg_resources_panda_description/meshes/visual/link2.dae
[1.047s] -- Up-to-date: /home/beniamino/ros2_ws/install/acg_resources_panda_description/share/acg_resources_panda_description/meshes/visual/finger.dae
[1.047s] -- Up-to-date: /home/beniamino/ros2_ws/install/acg_resources_panda_description/share/acg_resources_panda_description/meshes/visual/link4.dae
[1.047s] -- Up-to-date: /home/beniamino/ros2_ws/install/acg_resources_panda_description/share/acg_resources_panda_description/meshes/visual/link0.dae
[1.047s] -- Up-to-date: /home/beniamino/ros2_ws/install/acg_resources_panda_description/share/acg_resources_panda_description/meshes/visual/link3.dae
[1.048s] -- Up-to-date: /home/beniamino/ros2_ws/install/acg_resources_panda_description/share/acg_resources_panda_description/meshes/visual/hand.dae
[1.048s] -- Up-to-date: /home/beniamino/ros2_ws/install/acg_resources_panda_description/share/acg_resources_panda_description/meshes/visual/link7.dae
[1.048s] -- Up-to-date: /home/beniamino/ros2_ws/install/acg_resources_panda_description/share/acg_resources_panda_description/meshes/visual/link1.dae
[1.049s] -- Up-to-date: /home/beniamino/ros2_ws/install/acg_resources_panda_description/share/acg_resources_panda_description/meshes/visual/link6.dae
[1.049s] -- Up-to-date: /home/beniamino/ros2_ws/install/acg_resources_panda_description/share/acg_resources_panda_description/meshes/collision
[1.050s] -- Up-to-date: /home/beniamino/ros2_ws/install/acg_resources_panda_description/share/acg_resources_panda_description/meshes/collision/link6.stl
[1.051s] -- Up-to-date: /home/beniamino/ros2_ws/install/acg_resources_panda_description/share/acg_resources_panda_description/meshes/collision/finger.stl
[1.051s] -- Up-to-date: /home/beniamino/ros2_ws/install/acg_resources_panda_description/share/acg_resources_panda_description/meshes/collision/link3.stl
[1.051s] -- Up-to-date: /home/beniamino/ros2_ws/install/acg_resources_panda_description/share/acg_resources_panda_description/meshes/collision/link2.stl
[1.052s] -- Up-to-date: /home/beniamino/ros2_ws/install/acg_resources_panda_description/share/acg_resources_panda_description/meshes/collision/link4.stl
[1.052s] -- Up-to-date: /home/beniamino/ros2_ws/install/acg_resources_panda_description/share/acg_resources_panda_description/meshes/collision/link5.stl
[1.053s] -- Up-to-date: /home/beniamino/ros2_ws/install/acg_resources_panda_description/share/acg_resources_panda_description/meshes/collision/link0.stl
[1.053s] -- Up-to-date: /home/beniamino/ros2_ws/install/acg_resources_panda_description/share/acg_resources_panda_description/meshes/collision/hand.stl
[1.055s] -- Up-to-date: /home/beniamino/ros2_ws/install/acg_resources_panda_description/share/acg_resources_panda_description/meshes/collision/link7.stl
[1.055s] -- Up-to-date: /home/beniamino/ros2_ws/install/acg_resources_panda_description/share/acg_resources_panda_description/meshes/collision/link1.stl
[1.056s] -- Up-to-date: /home/beniamino/ros2_ws/install/acg_resources_panda_description/share/acg_resources_panda_description/urdf
[1.056s] -- Up-to-date: /home/beniamino/ros2_ws/install/acg_resources_panda_description/share/acg_resources_panda_description/urdf/panda.xacro
[1.057s] -- Up-to-date: /home/beniamino/ros2_ws/install/acg_resources_panda_description/share/acg_resources_panda_description/urdf/inertial.xacro
[1.057s] -- Up-to-date: /home/beniamino/ros2_ws/install/acg_resources_panda_description/share/acg_resources_panda_description/launch
[1.057s] -- Up-to-date: /home/beniamino/ros2_ws/install/acg_resources_panda_description/share/acg_resources_panda_description/launch/display.launch.py
[1.058s] -- Up-to-date: /home/beniamino/ros2_ws/install/acg_resources_panda_description/share/acg_resources_panda_description/config
[1.058s] -- Up-to-date: /home/beniamino/ros2_ws/install/acg_resources_panda_description/share/acg_resources_panda_description/config/inertial.yaml
[1.058s] -- Up-to-date: /home/beniamino/ros2_ws/install/acg_resources_panda_description/share/acg_resources_panda_description/config/urdf.rviz
[1.060s] Invoked command in '/home/beniamino/ros2_ws/build/acg_resources_panda_description' returned '0': CMAKE_PREFIX_PATH=${CMAKE_PREFIX_PATH}:/home/beniamino/ros2_ws/install/acg_resources_panda_trajectory_generation:/home/beniamino/ros2_ws/install/acg_resources_panda_trajectory_analyzer:/opt/ros/humble /usr/bin/cmake --install /home/beniamino/ros2_ws/build/acg_resources_panda_description
