[0.027s] Invoking command in '/home/beniamino/ros2_ws/build/acg_resources_panda_description': CMAKE_PREFIX_PATH=${CMAKE_PREFIX_PATH}:/home/beniamino/ros2_ws/install/acg_resources_panda_trajectory_generation:/home/beniamino/ros2_ws/install/acg_resources_panda_trajectory_analyzer:/opt/ros/humble /usr/bin/cmake --build /home/beniamino/ros2_ws/build/acg_resources_panda_description -- -j12 -l12
[0.085s] Invoked command in '/home/beniamino/ros2_ws/build/acg_resources_panda_description' returned '0': CMAKE_PREFIX_PATH=${CMAKE_PREFIX_PATH}:/home/beniamino/ros2_ws/install/acg_resources_panda_trajectory_generation:/home/beniamino/ros2_ws/install/acg_resources_panda_trajectory_analyzer:/opt/ros/humble /usr/bin/cmake --build /home/beniamino/ros2_ws/build/acg_resources_panda_description -- -j12 -l12
[0.148s] Invoking command in '/home/beniamino/ros2_ws/build/acg_resources_panda_description': CMAKE_PREFIX_PATH=${CMAKE_PREFIX_PATH}:/home/beniamino/ros2_ws/install/acg_resources_panda_trajectory_generation:/home/beniamino/ros2_ws/install/acg_resources_panda_trajectory_analyzer:/opt/ros/humble /usr/bin/cmake --install /home/beniamino/ros2_ws/build/acg_resources_panda_description
[0.166s] -- Install configuration: ""
[0.166s] -- Up-to-date: /home/beniamino/ros2_ws/install/acg_resources_panda_description/share/ament_index/resource_index/package_run_dependencies/acg_resources_panda_description
[0.166s] -- Up-to-date: /home/beniamino/ros2_ws/install/acg_resources_panda_description/share/ament_index/resource_index/parent_prefix_path/acg_resources_panda_description
[0.167s] -- Up-to-date: /home/beniamino/ros2_ws/install/acg_resources_panda_description/share/acg_resources_panda_description/environment/ament_prefix_path.sh
[0.167s] -- Up-to-date: /home/beniamino/ros2_ws/install/acg_resources_panda_description/share/acg_resources_panda_description/environment/ament_prefix_path.dsv
[0.167s] -- Up-to-date: /home/beniamino/ros2_ws/install/acg_resources_panda_description/share/acg_resources_panda_description/environment/path.sh
[0.168s] -- Up-to-date: /home/beniamino/ros2_ws/install/acg_resources_panda_description/share/acg_resources_panda_description/environment/path.dsv
[0.168s] -- Up-to-date: /home/beniamino/ros2_ws/install/acg_resources_panda_description/share/acg_resources_panda_description/local_setup.bash
[0.169s] -- Up-to-date: /home/beniamino/ros2_ws/install/acg_resources_panda_description/share/acg_resources_panda_description/local_setup.sh
[0.169s] -- Up-to-date: /home/beniamino/ros2_ws/install/acg_resources_panda_description/share/acg_resources_panda_description/local_setup.zsh
[0.169s] -- Up-to-date: /home/beniamino/ros2_ws/install/acg_resources_panda_description/share/acg_resources_panda_description/local_setup.dsv
[0.169s] -- Installing: /home/beniamino/ros2_ws/install/acg_resources_panda_description/share/acg_resources_panda_description/package.dsv
[0.170s] -- Up-to-date: /home/beniamino/ros2_ws/install/acg_resources_panda_description/share/ament_index/resource_index/packages/acg_resources_panda_description
[0.170s] -- Up-to-date: /home/beniamino/ros2_ws/install/acg_resources_panda_description/share/acg_resources_panda_description/cmake/acg_resources_panda_descriptionConfig.cmake
[0.170s] -- Up-to-date: /home/beniamino/ros2_ws/install/acg_resources_panda_description/share/acg_resources_panda_description/cmake/acg_resources_panda_descriptionConfig-version.cmake
[0.171s] -- Up-to-date: /home/beniamino/ros2_ws/install/acg_resources_panda_description/share/acg_resources_panda_description/package.xml
[0.171s] -- Up-to-date: /home/beniamino/ros2_ws/install/acg_resources_panda_description/share/acg_resources_panda_description/meshes
[0.171s] -- Up-to-date: /home/beniamino/ros2_ws/install/acg_resources_panda_description/share/acg_resources_panda_description/meshes/visual
[0.171s] -- Up-to-date: /home/beniamino/ros2_ws/install/acg_resources_panda_description/share/acg_resources_panda_description/meshes/visual/link5.dae
[0.171s] -- Up-to-date: /home/beniamino/ros2_ws/install/acg_resources_panda_description/share/acg_resources_panda_description/meshes/visual/link2.dae
[0.172s] -- Up-to-date: /home/beniamino/ros2_ws/install/acg_resources_panda_description/share/acg_resources_panda_description/meshes/visual/finger.dae
[0.172s] -- Up-to-date: /home/beniamino/ros2_ws/install/acg_resources_panda_description/share/acg_resources_panda_description/meshes/visual/link4.dae
[0.172s] -- Up-to-date: /home/beniamino/ros2_ws/install/acg_resources_panda_description/share/acg_resources_panda_description/meshes/visual/link0.dae
[0.172s] -- Up-to-date: /home/beniamino/ros2_ws/install/acg_resources_panda_description/share/acg_resources_panda_description/meshes/visual/link3.dae
[0.173s] -- Up-to-date: /home/beniamino/ros2_ws/install/acg_resources_panda_description/share/acg_resources_panda_description/meshes/visual/hand.dae
[0.173s] -- Up-to-date: /home/beniamino/ros2_ws/install/acg_resources_panda_description/share/acg_resources_panda_description/meshes/visual/link7.dae
[0.173s] -- Up-to-date: /home/beniamino/ros2_ws/install/acg_resources_panda_description/share/acg_resources_panda_description/meshes/visual/link1.dae
[0.174s] -- Up-to-date: /home/beniamino/ros2_ws/install/acg_resources_panda_description/share/acg_resources_panda_description/meshes/visual/link6.dae
[0.174s] -- Up-to-date: /home/beniamino/ros2_ws/install/acg_resources_panda_description/share/acg_resources_panda_description/meshes/collision
[0.175s] -- Up-to-date: /home/beniamino/ros2_ws/install/acg_resources_panda_description/share/acg_resources_panda_description/meshes/collision/link6.stl
[0.175s] -- Up-to-date: /home/beniamino/ros2_ws/install/acg_resources_panda_description/share/acg_resources_panda_description/meshes/collision/finger.stl
[0.175s] -- Up-to-date: /home/beniamino/ros2_ws/install/acg_resources_panda_description/share/acg_resources_panda_description/meshes/collision/link3.stl
[0.175s] -- Up-to-date: /home/beniamino/ros2_ws/install/acg_resources_panda_description/share/acg_resources_panda_description/meshes/collision/link2.stl
[0.176s] -- Up-to-date: /home/beniamino/ros2_ws/install/acg_resources_panda_description/share/acg_resources_panda_description/meshes/collision/link4.stl
[0.177s] -- Up-to-date: /home/beniamino/ros2_ws/install/acg_resources_panda_description/share/acg_resources_panda_description/meshes/collision/link5.stl
[0.177s] -- Up-to-date: /home/beniamino/ros2_ws/install/acg_resources_panda_description/share/acg_resources_panda_description/meshes/collision/link0.stl
[0.177s] -- Up-to-date: /home/beniamino/ros2_ws/install/acg_resources_panda_description/share/acg_resources_panda_description/meshes/collision/hand.stl
[0.177s] -- Up-to-date: /home/beniamino/ros2_ws/install/acg_resources_panda_description/share/acg_resources_panda_description/meshes/collision/link7.stl
[0.177s] -- Up-to-date: /home/beniamino/ros2_ws/install/acg_resources_panda_description/share/acg_resources_panda_description/meshes/collision/link1.stl
[0.178s] -- Up-to-date: /home/beniamino/ros2_ws/install/acg_resources_panda_description/share/acg_resources_panda_description/urdf
[0.178s] -- Up-to-date: /home/beniamino/ros2_ws/install/acg_resources_panda_description/share/acg_resources_panda_description/urdf/panda.xacro
[0.178s] -- Up-to-date: /home/beniamino/ros2_ws/install/acg_resources_panda_description/share/acg_resources_panda_description/urdf/inertial.xacro
[0.178s] -- Up-to-date: /home/beniamino/ros2_ws/install/acg_resources_panda_description/share/acg_resources_panda_description/launch
[0.178s] -- Up-to-date: /home/beniamino/ros2_ws/install/acg_resources_panda_description/share/acg_resources_panda_description/launch/display.launch.py
[0.179s] -- Up-to-date: /home/beniamino/ros2_ws/install/acg_resources_panda_description/share/acg_resources_panda_description/config
[0.179s] -- Up-to-date: /home/beniamino/ros2_ws/install/acg_resources_panda_description/share/acg_resources_panda_description/config/inertial.yaml
[0.179s] -- Up-to-date: /home/beniamino/ros2_ws/install/acg_resources_panda_description/share/acg_resources_panda_description/config/urdf.rviz
[0.180s] Invoked command in '/home/beniamino/ros2_ws/build/acg_resources_panda_description' returned '0': CMAKE_PREFIX_PATH=${CMAKE_PREFIX_PATH}:/home/beniamino/ros2_ws/install/acg_resources_panda_trajectory_generation:/home/beniamino/ros2_ws/install/acg_resources_panda_trajectory_analyzer:/opt/ros/humble /usr/bin/cmake --install /home/beniamino/ros2_ws/build/acg_resources_panda_description
