[0.372s] Invoking command in '/home/beniamino/ros2_ws/build/cartesian_control_msgs': CMAKE_PREFIX_PATH=${CMAKE_PREFIX_PATH}:/home/beniamino/ros2_ws/install/acg_resources_panda_trajectory_generation:/home/beniamino/ros2_ws/install/acg_resources_panda_trajectory_analyzer:/opt/ros/humble /usr/bin/cmake --build /home/beniamino/ros2_ws/build/cartesian_control_msgs -- -j12 -l12
[0.411s] [  3%] Built target cartesian_control_msgs__cpp
[0.419s] [ 12%] Built target cartesian_control_msgs__rosidl_generator_c
[0.455s] [ 12%] Built target ament_cmake_python_copy_cartesian_control_msgs
[0.455s] [ 22%] Built target cartesian_control_msgs__rosidl_typesupport_introspection_cpp
[0.487s] [ 41%] Built target cartesian_control_msgs__rosidl_typesupport_c
[0.487s] [ 41%] Built target cartesian_control_msgs__rosidl_typesupport_introspection_c
[0.918s] running egg_info
[0.918s] writing cartesian_control_msgs.egg-info/PKG-INFO
[0.919s] writing dependency_links to cartesian_control_msgs.egg-info/dependency_links.txt
[0.950s] writing top-level names to cartesian_control_msgs.egg-info/top_level.txt
[1.813s] reading manifest file 'cartesian_control_msgs.egg-info/SOURCES.txt'
[1.813s] writing manifest file 'cartesian_control_msgs.egg-info/SOURCES.txt'
[2.608s] [ 41%] Built target ament_cmake_python_build_cartesian_control_msgs_egg
[2.608s] [ 51%] Built target cartesian_control_msgs__rosidl_typesupport_fastrtps_c
[2.609s] [ 61%] Built target cartesian_control_msgs__rosidl_typesupport_fastrtps_cpp
[2.609s] [ 70%] Built target cartesian_control_msgs__rosidl_typesupport_cpp
[2.609s] [ 70%] Built target cartesian_control_msgs
[2.609s] [ 74%] Built target cartesian_control_msgs__py
[2.609s] [ 80%] Built target cartesian_control_msgs__rosidl_generator_py
[2.609s] [ 87%] Built target cartesian_control_msgs__rosidl_typesupport_fastrtps_c__pyext
[2.613s] [ 93%] Built target cartesian_control_msgs__rosidl_typesupport_c__pyext
[2.613s] [100%] Built target cartesian_control_msgs__rosidl_typesupport_introspection_c__pyext
[2.645s] Invoked command in '/home/beniamino/ros2_ws/build/cartesian_control_msgs' returned '0': CMAKE_PREFIX_PATH=${CMAKE_PREFIX_PATH}:/home/beniamino/ros2_ws/install/acg_resources_panda_trajectory_generation:/home/beniamino/ros2_ws/install/acg_resources_panda_trajectory_analyzer:/opt/ros/humble /usr/bin/cmake --build /home/beniamino/ros2_ws/build/cartesian_control_msgs -- -j12 -l12
[4.387s] Invoking command in '/home/beniamino/ros2_ws/build/cartesian_control_msgs': CMAKE_PREFIX_PATH=${CMAKE_PREFIX_PATH}:/home/beniamino/ros2_ws/install/acg_resources_panda_trajectory_generation:/home/beniamino/ros2_ws/install/acg_resources_panda_trajectory_analyzer:/opt/ros/humble /usr/bin/cmake --install /home/beniamino/ros2_ws/build/cartesian_control_msgs
[4.387s] -- Install configuration: ""
[4.387s] -- Up-to-date: /home/beniamino/ros2_ws/install/cartesian_control_msgs/share/ament_index/resource_index/rosidl_interfaces/cartesian_control_msgs
[4.387s] -- Up-to-date: /home/beniamino/ros2_ws/install/cartesian_control_msgs/include/cartesian_control_msgs/cartesian_control_msgs
[4.387s] -- Up-to-date: /home/beniamino/ros2_ws/install/cartesian_control_msgs/include/cartesian_control_msgs/cartesian_control_msgs/action
[4.387s] -- Up-to-date: /home/beniamino/ros2_ws/install/cartesian_control_msgs/include/cartesian_control_msgs/cartesian_control_msgs/action/follow_cartesian_trajectory.h
[4.387s] -- Up-to-date: /home/beniamino/ros2_ws/install/cartesian_control_msgs/include/cartesian_control_msgs/cartesian_control_msgs/action/detail
[4.387s] -- Up-to-date: /home/beniamino/ros2_ws/install/cartesian_control_msgs/include/cartesian_control_msgs/cartesian_control_msgs/action/detail/follow_cartesian_trajectory__type_support.h
[4.387s] -- Up-to-date: /home/beniamino/ros2_ws/install/cartesian_control_msgs/include/cartesian_control_msgs/cartesian_control_msgs/action/detail/follow_cartesian_trajectory__functions.h
[4.387s] -- Up-to-date: /home/beniamino/ros2_ws/install/cartesian_control_msgs/include/cartesian_control_msgs/cartesian_control_msgs/action/detail/follow_cartesian_trajectory__struct.h
[4.387s] -- Up-to-date: /home/beniamino/ros2_ws/install/cartesian_control_msgs/include/cartesian_control_msgs/cartesian_control_msgs/action/detail/follow_cartesian_trajectory__functions.c
[4.387s] -- Up-to-date: /home/beniamino/ros2_ws/install/cartesian_control_msgs/include/cartesian_control_msgs/cartesian_control_msgs/msg
[4.387s] -- Up-to-date: /home/beniamino/ros2_ws/install/cartesian_control_msgs/include/cartesian_control_msgs/cartesian_control_msgs/msg/rosidl_generator_c__visibility_control.h
[4.388s] -- Up-to-date: /home/beniamino/ros2_ws/install/cartesian_control_msgs/share/cartesian_control_msgs/environment/library_path.sh
[4.388s] -- Up-to-date: /home/beniamino/ros2_ws/install/cartesian_control_msgs/share/cartesian_control_msgs/environment/library_path.dsv
[4.388s] -- Up-to-date: /home/beniamino/ros2_ws/install/cartesian_control_msgs/lib/libcartesian_control_msgs__rosidl_generator_c.so
[4.388s] -- Up-to-date: /home/beniamino/ros2_ws/install/cartesian_control_msgs/include/cartesian_control_msgs/cartesian_control_msgs
[4.388s] -- Up-to-date: /home/beniamino/ros2_ws/install/cartesian_control_msgs/include/cartesian_control_msgs/cartesian_control_msgs/action
[4.388s] -- Up-to-date: /home/beniamino/ros2_ws/install/cartesian_control_msgs/include/cartesian_control_msgs/cartesian_control_msgs/action/detail
[4.389s] -- Up-to-date: /home/beniamino/ros2_ws/install/cartesian_control_msgs/include/cartesian_control_msgs/cartesian_control_msgs/action/detail/follow_cartesian_trajectory__rosidl_typesupport_fastrtps_c.h
[4.389s] -- Up-to-date: /home/beniamino/ros2_ws/install/cartesian_control_msgs/include/cartesian_control_msgs/cartesian_control_msgs/msg
[4.389s] -- Up-to-date: /home/beniamino/ros2_ws/install/cartesian_control_msgs/include/cartesian_control_msgs/cartesian_control_msgs/msg/rosidl_typesupport_fastrtps_c__visibility_control.h
[4.390s] -- Up-to-date: /home/beniamino/ros2_ws/install/cartesian_control_msgs/lib/libcartesian_control_msgs__rosidl_typesupport_fastrtps_c.so
[4.390s] -- Up-to-date: /home/beniamino/ros2_ws/install/cartesian_control_msgs/include/cartesian_control_msgs/cartesian_control_msgs
[4.390s] -- Up-to-date: /home/beniamino/ros2_ws/install/cartesian_control_msgs/include/cartesian_control_msgs/cartesian_control_msgs/action
[4.390s] -- Up-to-date: /home/beniamino/ros2_ws/install/cartesian_control_msgs/include/cartesian_control_msgs/cartesian_control_msgs/action/detail
[4.390s] -- Up-to-date: /home/beniamino/ros2_ws/install/cartesian_control_msgs/include/cartesian_control_msgs/cartesian_control_msgs/action/detail/follow_cartesian_trajectory__builder.hpp
[4.390s] -- Up-to-date: /home/beniamino/ros2_ws/install/cartesian_control_msgs/include/cartesian_control_msgs/cartesian_control_msgs/action/detail/follow_cartesian_trajectory__struct.hpp
[4.390s] -- Up-to-date: /home/beniamino/ros2_ws/install/cartesian_control_msgs/include/cartesian_control_msgs/cartesian_control_msgs/action/detail/follow_cartesian_trajectory__traits.hpp
[4.390s] -- Up-to-date: /home/beniamino/ros2_ws/install/cartesian_control_msgs/include/cartesian_control_msgs/cartesian_control_msgs/action/follow_cartesian_trajectory.hpp
[4.390s] -- Up-to-date: /home/beniamino/ros2_ws/install/cartesian_control_msgs/include/cartesian_control_msgs/cartesian_control_msgs
[4.391s] -- Up-to-date: /home/beniamino/ros2_ws/install/cartesian_control_msgs/include/cartesian_control_msgs/cartesian_control_msgs/action
[4.391s] -- Up-to-date: /home/beniamino/ros2_ws/install/cartesian_control_msgs/include/cartesian_control_msgs/cartesian_control_msgs/action/detail
[4.391s] -- Up-to-date: /home/beniamino/ros2_ws/install/cartesian_control_msgs/include/cartesian_control_msgs/cartesian_control_msgs/action/detail/dds_fastrtps
[4.391s] -- Up-to-date: /home/beniamino/ros2_ws/install/cartesian_control_msgs/include/cartesian_control_msgs/cartesian_control_msgs/action/detail/follow_cartesian_trajectory__rosidl_typesupport_fastrtps_cpp.hpp
[4.391s] -- Up-to-date: /home/beniamino/ros2_ws/install/cartesian_control_msgs/include/cartesian_control_msgs/cartesian_control_msgs/msg
[4.391s] -- Up-to-date: /home/beniamino/ros2_ws/install/cartesian_control_msgs/include/cartesian_control_msgs/cartesian_control_msgs/msg/rosidl_typesupport_fastrtps_cpp__visibility_control.h
[4.391s] -- Up-to-date: /home/beniamino/ros2_ws/install/cartesian_control_msgs/lib/libcartesian_control_msgs__rosidl_typesupport_fastrtps_cpp.so
[4.391s] -- Up-to-date: /home/beniamino/ros2_ws/install/cartesian_control_msgs/include/cartesian_control_msgs/cartesian_control_msgs
[4.391s] -- Up-to-date: /home/beniamino/ros2_ws/install/cartesian_control_msgs/include/cartesian_control_msgs/cartesian_control_msgs/action
[4.391s] -- Up-to-date: /home/beniamino/ros2_ws/install/cartesian_control_msgs/include/cartesian_control_msgs/cartesian_control_msgs/action/detail
[4.392s] -- Up-to-date: /home/beniamino/ros2_ws/install/cartesian_control_msgs/include/cartesian_control_msgs/cartesian_control_msgs/action/detail/follow_cartesian_trajectory__type_support.c
[4.392s] -- Up-to-date: /home/beniamino/ros2_ws/install/cartesian_control_msgs/include/cartesian_control_msgs/cartesian_control_msgs/action/detail/follow_cartesian_trajectory__rosidl_typesupport_introspection_c.h
[4.392s] -- Up-to-date: /home/beniamino/ros2_ws/install/cartesian_control_msgs/include/cartesian_control_msgs/cartesian_control_msgs/msg
[4.392s] -- Up-to-date: /home/beniamino/ros2_ws/install/cartesian_control_msgs/include/cartesian_control_msgs/cartesian_control_msgs/msg/rosidl_typesupport_introspection_c__visibility_control.h
[4.392s] -- Up-to-date: /home/beniamino/ros2_ws/install/cartesian_control_msgs/lib/libcartesian_control_msgs__rosidl_typesupport_introspection_c.so
[4.392s] -- Up-to-date: /home/beniamino/ros2_ws/install/cartesian_control_msgs/lib/libcartesian_control_msgs__rosidl_typesupport_c.so
[4.392s] -- Up-to-date: /home/beniamino/ros2_ws/install/cartesian_control_msgs/include/cartesian_control_msgs/cartesian_control_msgs
[4.392s] -- Up-to-date: /home/beniamino/ros2_ws/install/cartesian_control_msgs/include/cartesian_control_msgs/cartesian_control_msgs/action
[4.392s] -- Up-to-date: /home/beniamino/ros2_ws/install/cartesian_control_msgs/include/cartesian_control_msgs/cartesian_control_msgs/action/detail
[4.392s] -- Up-to-date: /home/beniamino/ros2_ws/install/cartesian_control_msgs/include/cartesian_control_msgs/cartesian_control_msgs/action/detail/follow_cartesian_trajectory__rosidl_typesupport_introspection_cpp.hpp
[4.392s] -- Up-to-date: /home/beniamino/ros2_ws/install/cartesian_control_msgs/include/cartesian_control_msgs/cartesian_control_msgs/action/detail/follow_cartesian_trajectory__type_support.cpp
[4.392s] -- Up-to-date: /home/beniamino/ros2_ws/install/cartesian_control_msgs/lib/libcartesian_control_msgs__rosidl_typesupport_introspection_cpp.so
[4.392s] -- Up-to-date: /home/beniamino/ros2_ws/install/cartesian_control_msgs/lib/libcartesian_control_msgs__rosidl_typesupport_cpp.so
[4.393s] -- Up-to-date: /home/beniamino/ros2_ws/install/cartesian_control_msgs/share/cartesian_control_msgs/environment/pythonpath.sh
[4.393s] -- Up-to-date: /home/beniamino/ros2_ws/install/cartesian_control_msgs/share/cartesian_control_msgs/environment/pythonpath.dsv
[4.393s] -- Up-to-date: /home/beniamino/ros2_ws/install/cartesian_control_msgs/local/lib/python3.10/dist-packages/cartesian_control_msgs-0.0.1-py3.10.egg-info
[4.393s] -- Installing: /home/beniamino/ros2_ws/install/cartesian_control_msgs/local/lib/python3.10/dist-packages/cartesian_control_msgs-0.0.1-py3.10.egg-info/SOURCES.txt
[4.393s] -- Installing: /home/beniamino/ros2_ws/install/cartesian_control_msgs/local/lib/python3.10/dist-packages/cartesian_control_msgs-0.0.1-py3.10.egg-info/dependency_links.txt
[4.393s] -- Installing: /home/beniamino/ros2_ws/install/cartesian_control_msgs/local/lib/python3.10/dist-packages/cartesian_control_msgs-0.0.1-py3.10.egg-info/top_level.txt
[4.393s] -- Installing: /home/beniamino/ros2_ws/install/cartesian_control_msgs/local/lib/python3.10/dist-packages/cartesian_control_msgs-0.0.1-py3.10.egg-info/PKG-INFO
[4.393s] -- Up-to-date: /home/beniamino/ros2_ws/install/cartesian_control_msgs/local/lib/python3.10/dist-packages/cartesian_control_msgs
[4.393s] -- Up-to-date: /home/beniamino/ros2_ws/install/cartesian_control_msgs/local/lib/python3.10/dist-packages/cartesian_control_msgs/_cartesian_control_msgs_s.ep.rosidl_typesupport_introspection_c.c
[4.393s] -- Up-to-date: /home/beniamino/ros2_ws/install/cartesian_control_msgs/local/lib/python3.10/dist-packages/cartesian_control_msgs/_cartesian_control_msgs_s.ep.rosidl_typesupport_c.c
[4.393s] -- Up-to-date: /home/beniamino/ros2_ws/install/cartesian_control_msgs/local/lib/python3.10/dist-packages/cartesian_control_msgs/libcartesian_control_msgs__rosidl_generator_py.so
[4.393s] -- Up-to-date: /home/beniamino/ros2_ws/install/cartesian_control_msgs/local/lib/python3.10/dist-packages/cartesian_control_msgs/action
[4.393s] -- Up-to-date: /home/beniamino/ros2_ws/install/cartesian_control_msgs/local/lib/python3.10/dist-packages/cartesian_control_msgs/action/_follow_cartesian_trajectory.py
[4.394s] -- Up-to-date: /home/beniamino/ros2_ws/install/cartesian_control_msgs/local/lib/python3.10/dist-packages/cartesian_control_msgs/action/__init__.py
[4.394s] -- Up-to-date: /home/beniamino/ros2_ws/install/cartesian_control_msgs/local/lib/python3.10/dist-packages/cartesian_control_msgs/action/_follow_cartesian_trajectory_s.c
[4.394s] -- Up-to-date: /home/beniamino/ros2_ws/install/cartesian_control_msgs/local/lib/python3.10/dist-packages/cartesian_control_msgs/cartesian_control_msgs_s__rosidl_typesupport_introspection_c.cpython-310-x86_64-linux-gnu.so
[4.394s] -- Up-to-date: /home/beniamino/ros2_ws/install/cartesian_control_msgs/local/lib/python3.10/dist-packages/cartesian_control_msgs/cartesian_control_msgs_s__rosidl_typesupport_c.cpython-310-x86_64-linux-gnu.so
[4.394s] -- Up-to-date: /home/beniamino/ros2_ws/install/cartesian_control_msgs/local/lib/python3.10/dist-packages/cartesian_control_msgs/__init__.py
[4.394s] -- Up-to-date: /home/beniamino/ros2_ws/install/cartesian_control_msgs/local/lib/python3.10/dist-packages/cartesian_control_msgs/cartesian_control_msgs_s__rosidl_typesupport_fastrtps_c.cpython-310-x86_64-linux-gnu.so
[4.394s] -- Up-to-date: /home/beniamino/ros2_ws/install/cartesian_control_msgs/local/lib/python3.10/dist-packages/cartesian_control_msgs/_cartesian_control_msgs_s.ep.rosidl_typesupport_fastrtps_c.c
[4.394s] Listing '/home/beniamino/ros2_ws/install/cartesian_control_msgs/local/lib/python3.10/dist-packages/cartesian_control_msgs'...
[4.394s] Listing '/home/beniamino/ros2_ws/install/cartesian_control_msgs/local/lib/python3.10/dist-packages/cartesian_control_msgs/action'...
[4.394s] -- Up-to-date: /home/beniamino/ros2_ws/install/cartesian_control_msgs/local/lib/python3.10/dist-packages/cartesian_control_msgs/cartesian_control_msgs_s__rosidl_typesupport_fastrtps_c.cpython-310-x86_64-linux-gnu.so
[4.394s] -- Up-to-date: /home/beniamino/ros2_ws/install/cartesian_control_msgs/local/lib/python3.10/dist-packages/cartesian_control_msgs/cartesian_control_msgs_s__rosidl_typesupport_introspection_c.cpython-310-x86_64-linux-gnu.so
[4.394s] -- Up-to-date: /home/beniamino/ros2_ws/install/cartesian_control_msgs/local/lib/python3.10/dist-packages/cartesian_control_msgs/cartesian_control_msgs_s__rosidl_typesupport_c.cpython-310-x86_64-linux-gnu.so
[4.395s] -- Up-to-date: /home/beniamino/ros2_ws/install/cartesian_control_msgs/lib/libcartesian_control_msgs__rosidl_generator_py.so
[4.395s] -- Up-to-date: /home/beniamino/ros2_ws/install/cartesian_control_msgs/share/cartesian_control_msgs/action/FollowCartesianTrajectory.idl
[4.395s] -- Up-to-date: /home/beniamino/ros2_ws/install/cartesian_control_msgs/share/cartesian_control_msgs/action/FollowCartesianTrajectory.action
[4.395s] -- Up-to-date: /home/beniamino/ros2_ws/install/cartesian_control_msgs/share/ament_index/resource_index/package_run_dependencies/cartesian_control_msgs
[4.395s] -- Up-to-date: /home/beniamino/ros2_ws/install/cartesian_control_msgs/share/ament_index/resource_index/parent_prefix_path/cartesian_control_msgs
[4.395s] -- Up-to-date: /home/beniamino/ros2_ws/install/cartesian_control_msgs/share/cartesian_control_msgs/environment/ament_prefix_path.sh
[4.395s] -- Up-to-date: /home/beniamino/ros2_ws/install/cartesian_control_msgs/share/cartesian_control_msgs/environment/ament_prefix_path.dsv
[4.395s] -- Up-to-date: /home/beniamino/ros2_ws/install/cartesian_control_msgs/share/cartesian_control_msgs/environment/path.sh
[4.395s] -- Up-to-date: /home/beniamino/ros2_ws/install/cartesian_control_msgs/share/cartesian_control_msgs/environment/path.dsv
[4.396s] -- Up-to-date: /home/beniamino/ros2_ws/install/cartesian_control_msgs/share/cartesian_control_msgs/local_setup.bash
[4.396s] -- Up-to-date: /home/beniamino/ros2_ws/install/cartesian_control_msgs/share/cartesian_control_msgs/local_setup.sh
[4.396s] -- Up-to-date: /home/beniamino/ros2_ws/install/cartesian_control_msgs/share/cartesian_control_msgs/local_setup.zsh
[4.396s] -- Up-to-date: /home/beniamino/ros2_ws/install/cartesian_control_msgs/share/cartesian_control_msgs/local_setup.dsv
[4.396s] -- Installing: /home/beniamino/ros2_ws/install/cartesian_control_msgs/share/cartesian_control_msgs/package.dsv
[4.396s] -- Up-to-date: /home/beniamino/ros2_ws/install/cartesian_control_msgs/share/ament_index/resource_index/packages/cartesian_control_msgs
[4.396s] -- Up-to-date: /home/beniamino/ros2_ws/install/cartesian_control_msgs/share/cartesian_control_msgs/cmake/export_cartesian_control_msgs__rosidl_generator_cExport.cmake
[4.396s] -- Up-to-date: /home/beniamino/ros2_ws/install/cartesian_control_msgs/share/cartesian_control_msgs/cmake/export_cartesian_control_msgs__rosidl_generator_cExport-noconfig.cmake
[4.396s] -- Up-to-date: /home/beniamino/ros2_ws/install/cartesian_control_msgs/share/cartesian_control_msgs/cmake/export_cartesian_control_msgs__rosidl_typesupport_fastrtps_cExport.cmake
[4.396s] -- Up-to-date: /home/beniamino/ros2_ws/install/cartesian_control_msgs/share/cartesian_control_msgs/cmake/export_cartesian_control_msgs__rosidl_typesupport_fastrtps_cExport-noconfig.cmake
[4.396s] -- Up-to-date: /home/beniamino/ros2_ws/install/cartesian_control_msgs/share/cartesian_control_msgs/cmake/export_cartesian_control_msgs__rosidl_generator_cppExport.cmake
[4.396s] -- Up-to-date: /home/beniamino/ros2_ws/install/cartesian_control_msgs/share/cartesian_control_msgs/cmake/export_cartesian_control_msgs__rosidl_typesupport_fastrtps_cppExport.cmake
[4.396s] -- Up-to-date: /home/beniamino/ros2_ws/install/cartesian_control_msgs/share/cartesian_control_msgs/cmake/export_cartesian_control_msgs__rosidl_typesupport_fastrtps_cppExport-noconfig.cmake
[4.397s] -- Up-to-date: /home/beniamino/ros2_ws/install/cartesian_control_msgs/share/cartesian_control_msgs/cmake/cartesian_control_msgs__rosidl_typesupport_introspection_cExport.cmake
[4.397s] -- Up-to-date: /home/beniamino/ros2_ws/install/cartesian_control_msgs/share/cartesian_control_msgs/cmake/cartesian_control_msgs__rosidl_typesupport_introspection_cExport-noconfig.cmake
[4.397s] -- Up-to-date: /home/beniamino/ros2_ws/install/cartesian_control_msgs/share/cartesian_control_msgs/cmake/cartesian_control_msgs__rosidl_typesupport_cExport.cmake
[4.397s] -- Up-to-date: /home/beniamino/ros2_ws/install/cartesian_control_msgs/share/cartesian_control_msgs/cmake/cartesian_control_msgs__rosidl_typesupport_cExport-noconfig.cmake
[4.397s] -- Up-to-date: /home/beniamino/ros2_ws/install/cartesian_control_msgs/share/cartesian_control_msgs/cmake/cartesian_control_msgs__rosidl_typesupport_introspection_cppExport.cmake
[4.397s] -- Up-to-date: /home/beniamino/ros2_ws/install/cartesian_control_msgs/share/cartesian_control_msgs/cmake/cartesian_control_msgs__rosidl_typesupport_introspection_cppExport-noconfig.cmake
[4.397s] -- Up-to-date: /home/beniamino/ros2_ws/install/cartesian_control_msgs/share/cartesian_control_msgs/cmake/cartesian_control_msgs__rosidl_typesupport_cppExport.cmake
[4.397s] -- Up-to-date: /home/beniamino/ros2_ws/install/cartesian_control_msgs/share/cartesian_control_msgs/cmake/cartesian_control_msgs__rosidl_typesupport_cppExport-noconfig.cmake
[4.397s] -- Up-to-date: /home/beniamino/ros2_ws/install/cartesian_control_msgs/share/cartesian_control_msgs/cmake/export_cartesian_control_msgs__rosidl_generator_pyExport.cmake
[4.397s] -- Up-to-date: /home/beniamino/ros2_ws/install/cartesian_control_msgs/share/cartesian_control_msgs/cmake/export_cartesian_control_msgs__rosidl_generator_pyExport-noconfig.cmake
[4.397s] -- Up-to-date: /home/beniamino/ros2_ws/install/cartesian_control_msgs/share/cartesian_control_msgs/cmake/rosidl_cmake-extras.cmake
[4.397s] -- Up-to-date: /home/beniamino/ros2_ws/install/cartesian_control_msgs/share/cartesian_control_msgs/cmake/ament_cmake_export_dependencies-extras.cmake
[4.397s] -- Up-to-date: /home/beniamino/ros2_ws/install/cartesian_control_msgs/share/cartesian_control_msgs/cmake/ament_cmake_export_include_directories-extras.cmake
[4.397s] -- Up-to-date: /home/beniamino/ros2_ws/install/cartesian_control_msgs/share/cartesian_control_msgs/cmake/ament_cmake_export_libraries-extras.cmake
[4.397s] -- Up-to-date: /home/beniamino/ros2_ws/install/cartesian_control_msgs/share/cartesian_control_msgs/cmake/ament_cmake_export_targets-extras.cmake
[4.397s] -- Up-to-date: /home/beniamino/ros2_ws/install/cartesian_control_msgs/share/cartesian_control_msgs/cmake/rosidl_cmake_export_typesupport_targets-extras.cmake
[4.397s] -- Up-to-date: /home/beniamino/ros2_ws/install/cartesian_control_msgs/share/cartesian_control_msgs/cmake/rosidl_cmake_export_typesupport_libraries-extras.cmake
[4.397s] -- Up-to-date: /home/beniamino/ros2_ws/install/cartesian_control_msgs/share/cartesian_control_msgs/cmake/cartesian_control_msgsConfig.cmake
[4.398s] -- Up-to-date: /home/beniamino/ros2_ws/install/cartesian_control_msgs/share/cartesian_control_msgs/cmake/cartesian_control_msgsConfig-version.cmake
[4.398s] -- Up-to-date: /home/beniamino/ros2_ws/install/cartesian_control_msgs/share/cartesian_control_msgs/package.xml
[4.398s] Invoked command in '/home/beniamino/ros2_ws/build/cartesian_control_msgs' returned '0': CMAKE_PREFIX_PATH=${CMAKE_PREFIX_PATH}:/home/beniamino/ros2_ws/install/acg_resources_panda_trajectory_generation:/home/beniamino/ros2_ws/install/acg_resources_panda_trajectory_analyzer:/opt/ros/humble /usr/bin/cmake --install /home/beniamino/ros2_ws/build/cartesian_control_msgs
