-- The C compiler identification is GNU 11.4.0
-- The CXX compiler identification is GNU 11.4.0
-- Detecting C compiler ABI info
-- Detecting C compiler ABI info - done
-- Check for working C compiler: /usr/bin/cc - skipped
-- Detecting C compile features
-- Detecting C compile features - done
-- Detecting CXX compiler ABI info
-- Detecting CXX compiler ABI info - done
-- Check for working CXX compiler: /usr/bin/c++ - skipped
-- Detecting CXX compile features
-- Detecting CXX compile features - done
-- Found ament_cmake: 1.3.10 (/opt/ros/humble/share/ament_cmake/cmake)
-- Found Python3: /usr/bin/python3 (found version "3.10.12") found components: Interpreter 
-- Configuring done
-- Generating done
-- Build files have been written to: /home/beniamino/ros2_ws/build/acg_resources_panda_moveit_config
-- Install configuration: ""
-- Installing: /home/beniamino/ros2_ws/install/acg_resources_panda_moveit_config/share/ament_index/resource_index/package_run_dependencies/acg_resources_panda_moveit_config
-- Installing: /home/beniamino/ros2_ws/install/acg_resources_panda_moveit_config/share/ament_index/resource_index/parent_prefix_path/acg_resources_panda_moveit_config
-- Installing: /home/beniamino/ros2_ws/install/acg_resources_panda_moveit_config/share/acg_resources_panda_moveit_config/environment/ament_prefix_path.sh
-- Installing: /home/beniamino/ros2_ws/install/acg_resources_panda_moveit_config/share/acg_resources_panda_moveit_config/environment/ament_prefix_path.dsv
-- Installing: /home/beniamino/ros2_ws/install/acg_resources_panda_moveit_config/share/acg_resources_panda_moveit_config/environment/path.sh
-- Installing: /home/beniamino/ros2_ws/install/acg_resources_panda_moveit_config/share/acg_resources_panda_moveit_config/environment/path.dsv
-- Installing: /home/beniamino/ros2_ws/install/acg_resources_panda_moveit_config/share/acg_resources_panda_moveit_config/local_setup.bash
-- Installing: /home/beniamino/ros2_ws/install/acg_resources_panda_moveit_config/share/acg_resources_panda_moveit_config/local_setup.sh
-- Installing: /home/beniamino/ros2_ws/install/acg_resources_panda_moveit_config/share/acg_resources_panda_moveit_config/local_setup.zsh
-- Installing: /home/beniamino/ros2_ws/install/acg_resources_panda_moveit_config/share/acg_resources_panda_moveit_config/local_setup.dsv
-- Installing: /home/beniamino/ros2_ws/install/acg_resources_panda_moveit_config/share/acg_resources_panda_moveit_config/package.dsv
-- Installing: /home/beniamino/ros2_ws/install/acg_resources_panda_moveit_config/share/ament_index/resource_index/packages/acg_resources_panda_moveit_config
-- Installing: /home/beniamino/ros2_ws/install/acg_resources_panda_moveit_config/share/acg_resources_panda_moveit_config/cmake/acg_resources_panda_moveit_configConfig.cmake
-- Installing: /home/beniamino/ros2_ws/install/acg_resources_panda_moveit_config/share/acg_resources_panda_moveit_config/cmake/acg_resources_panda_moveit_configConfig-version.cmake
-- Installing: /home/beniamino/ros2_ws/install/acg_resources_panda_moveit_config/share/acg_resources_panda_moveit_config/package.xml
-- Installing: /home/beniamino/ros2_ws/install/acg_resources_panda_moveit_config/share/acg_resources_panda_moveit_config/launch
-- Installing: /home/beniamino/ros2_ws/install/acg_resources_panda_moveit_config/share/acg_resources_panda_moveit_config/launch/rsp.launch.py
-- Installing: /home/beniamino/ros2_ws/install/acg_resources_panda_moveit_config/share/acg_resources_panda_moveit_config/launch/warehouse_db.launch.py
-- Installing: /home/beniamino/ros2_ws/install/acg_resources_panda_moveit_config/share/acg_resources_panda_moveit_config/launch/moveit_gazebo_ros2_control_demo.launch.py
-- Installing: /home/beniamino/ros2_ws/install/acg_resources_panda_moveit_config/share/acg_resources_panda_moveit_config/launch/spawn_controllers.launch.py
-- Installing: /home/beniamino/ros2_ws/install/acg_resources_panda_moveit_config/share/acg_resources_panda_moveit_config/launch/ros2_control_demo.launch.py
-- Installing: /home/beniamino/ros2_ws/install/acg_resources_panda_moveit_config/share/acg_resources_panda_moveit_config/launch/demo.launch.py
-- Installing: /home/beniamino/ros2_ws/install/acg_resources_panda_moveit_config/share/acg_resources_panda_moveit_config/launch/setup_assistant.launch.py
-- Installing: /home/beniamino/ros2_ws/install/acg_resources_panda_moveit_config/share/acg_resources_panda_moveit_config/launch/gazebo_impedance_controller.launch.py
-- Installing: /home/beniamino/ros2_ws/install/acg_resources_panda_moveit_config/share/acg_resources_panda_moveit_config/launch/static_virtual_joint_tfs.launch.py
-- Installing: /home/beniamino/ros2_ws/install/acg_resources_panda_moveit_config/share/acg_resources_panda_moveit_config/launch/gazebo_ros2_control_demo.launch.py
-- Installing: /home/beniamino/ros2_ws/install/acg_resources_panda_moveit_config/share/acg_resources_panda_moveit_config/launch/move_group.launch.py
-- Installing: /home/beniamino/ros2_ws/install/acg_resources_panda_moveit_config/share/acg_resources_panda_moveit_config/launch/moveit_gazebo_impedance_controller.launch.py
-- Installing: /home/beniamino/ros2_ws/install/acg_resources_panda_moveit_config/share/acg_resources_panda_moveit_config/launch/moveit_rviz.launch.py
-- Installing: /home/beniamino/ros2_ws/install/acg_resources_panda_moveit_config/share/acg_resources_panda_moveit_config/config
-- Installing: /home/beniamino/ros2_ws/install/acg_resources_panda_moveit_config/share/acg_resources_panda_moveit_config/config/panda.urdf.xacro
-- Installing: /home/beniamino/ros2_ws/install/acg_resources_panda_moveit_config/share/acg_resources_panda_moveit_config/config/ros2_controllers.yaml
-- Installing: /home/beniamino/ros2_ws/install/acg_resources_panda_moveit_config/share/acg_resources_panda_moveit_config/config/panda_impedance_world.sdf
-- Installing: /home/beniamino/ros2_ws/install/acg_resources_panda_moveit_config/share/acg_resources_panda_moveit_config/config/initial_positions.yaml
-- Installing: /home/beniamino/ros2_ws/install/acg_resources_panda_moveit_config/share/acg_resources_panda_moveit_config/config/planning_demo.rviz
-- Installing: /home/beniamino/ros2_ws/install/acg_resources_panda_moveit_config/share/acg_resources_panda_moveit_config/config/pilz_cartesian_limits.yaml
-- Installing: /home/beniamino/ros2_ws/install/acg_resources_panda_moveit_config/share/acg_resources_panda_moveit_config/config/initial_velocities.yaml
-- Installing: /home/beniamino/ros2_ws/install/acg_resources_panda_moveit_config/share/acg_resources_panda_moveit_config/config/panda.ros2_control.xacro
-- Installing: /home/beniamino/ros2_ws/install/acg_resources_panda_moveit_config/share/acg_resources_panda_moveit_config/config/ros2_control_demo.rviz
-- Installing: /home/beniamino/ros2_ws/install/acg_resources_panda_moveit_config/share/acg_resources_panda_moveit_config/config/moveit.rviz
-- Installing: /home/beniamino/ros2_ws/install/acg_resources_panda_moveit_config/share/acg_resources_panda_moveit_config/config/panda.srdf
-- Installing: /home/beniamino/ros2_ws/install/acg_resources_panda_moveit_config/share/acg_resources_panda_moveit_config/config/ompl_planning.yaml
-- Installing: /home/beniamino/ros2_ws/install/acg_resources_panda_moveit_config/share/acg_resources_panda_moveit_config/config/kinematics.yaml
-- Installing: /home/beniamino/ros2_ws/install/acg_resources_panda_moveit_config/share/acg_resources_panda_moveit_config/config/initial_efforts.yaml
-- Installing: /home/beniamino/ros2_ws/install/acg_resources_panda_moveit_config/share/acg_resources_panda_moveit_config/config/moveit_controllers.yaml
-- Installing: /home/beniamino/ros2_ws/install/acg_resources_panda_moveit_config/share/acg_resources_panda_moveit_config/config/cartesian_impedance_tuning.rviz
-- Installing: /home/beniamino/ros2_ws/install/acg_resources_panda_moveit_config/share/acg_resources_panda_moveit_config/config/joint_limits.yaml
-- Installing: /home/beniamino/ros2_ws/install/acg_resources_panda_moveit_config/share/acg_resources_panda_moveit_config/.setup_assistant
