[ 25%] Built target kdl_inverse_dynamics_solver
[ 50%] Built target gtest
[ 75%] Built target gtest_main
[100%] Built target kdl_inverse_dynamics_solver_test
-- Install configuration: ""
-- Up-to-date: /home/beniamino/ros2_ws/install/kdl_inverse_dynamics_solver/share/kdl_inverse_dynamics_solver/kdl_inverse_dynamics_solver.xml
-- Up-to-date: /home/beniamino/ros2_ws/install/kdl_inverse_dynamics_solver/include
-- Up-to-date: /home/beniamino/ros2_ws/install/kdl_inverse_dynamics_solver/include/kdl_inverse_dynamics_solver
-- Up-to-date: /home/beniamino/ros2_ws/install/kdl_inverse_dynamics_solver/include/kdl_inverse_dynamics_solver/kdl_inverse_dynamics_solver.h
-- Up-to-date: /home/beniamino/ros2_ws/install/kdl_inverse_dynamics_solver/include/kdl_inverse_dynamics_solver/exceptions.h
-- Up-to-date: /home/beniamino/ros2_ws/install/kdl_inverse_dynamics_solver/lib/libkdl_inverse_dynamics_solver.so
-- Up-to-date: /home/beniamino/ros2_ws/install/kdl_inverse_dynamics_solver/share/kdl_inverse_dynamics_solver/launch
-- Up-to-date: /home/beniamino/ros2_ws/install/kdl_inverse_dynamics_solver/share/kdl_inverse_dynamics_solver/launch/test_kdl_inverse_dynamics_solver.py
-- Up-to-date: /home/beniamino/ros2_ws/install/kdl_inverse_dynamics_solver/lib/kdl_inverse_dynamics_solver/kdl_inverse_dynamics_solver_test
-- Up-to-date: /home/beniamino/ros2_ws/install/kdl_inverse_dynamics_solver/share/kdl_inverse_dynamics_solver/environment/library_path.sh
-- Up-to-date: /home/beniamino/ros2_ws/install/kdl_inverse_dynamics_solver/share/kdl_inverse_dynamics_solver/environment/library_path.dsv
-- Up-to-date: /home/beniamino/ros2_ws/install/kdl_inverse_dynamics_solver/share/kdl_inverse_dynamics_solver//launch
-- Up-to-date: /home/beniamino/ros2_ws/install/kdl_inverse_dynamics_solver/share/kdl_inverse_dynamics_solver//launch/test_kdl_inverse_dynamics_solver.py
-- Up-to-date: /home/beniamino/ros2_ws/install/kdl_inverse_dynamics_solver/share/ament_index/resource_index/package_run_dependencies/kdl_inverse_dynamics_solver
-- Up-to-date: /home/beniamino/ros2_ws/install/kdl_inverse_dynamics_solver/share/ament_index/resource_index/parent_prefix_path/kdl_inverse_dynamics_solver
-- Up-to-date: /home/beniamino/ros2_ws/install/kdl_inverse_dynamics_solver/share/kdl_inverse_dynamics_solver/environment/ament_prefix_path.sh
-- Up-to-date: /home/beniamino/ros2_ws/install/kdl_inverse_dynamics_solver/share/kdl_inverse_dynamics_solver/environment/ament_prefix_path.dsv
-- Up-to-date: /home/beniamino/ros2_ws/install/kdl_inverse_dynamics_solver/share/kdl_inverse_dynamics_solver/environment/path.sh
-- Up-to-date: /home/beniamino/ros2_ws/install/kdl_inverse_dynamics_solver/share/kdl_inverse_dynamics_solver/environment/path.dsv
-- Up-to-date: /home/beniamino/ros2_ws/install/kdl_inverse_dynamics_solver/share/kdl_inverse_dynamics_solver/local_setup.bash
-- Up-to-date: /home/beniamino/ros2_ws/install/kdl_inverse_dynamics_solver/share/kdl_inverse_dynamics_solver/local_setup.sh
-- Up-to-date: /home/beniamino/ros2_ws/install/kdl_inverse_dynamics_solver/share/kdl_inverse_dynamics_solver/local_setup.zsh
-- Up-to-date: /home/beniamino/ros2_ws/install/kdl_inverse_dynamics_solver/share/kdl_inverse_dynamics_solver/local_setup.dsv
-- Installing: /home/beniamino/ros2_ws/install/kdl_inverse_dynamics_solver/share/kdl_inverse_dynamics_solver/package.dsv
-- Up-to-date: /home/beniamino/ros2_ws/install/kdl_inverse_dynamics_solver/share/ament_index/resource_index/packages/kdl_inverse_dynamics_solver
-- Up-to-date: /home/beniamino/ros2_ws/install/kdl_inverse_dynamics_solver/share/ament_index/resource_index/inverse_dynamics_solver__pluginlib__plugin/kdl_inverse_dynamics_solver
-- Up-to-date: /home/beniamino/ros2_ws/install/kdl_inverse_dynamics_solver/share/kdl_inverse_dynamics_solver/cmake/export_kdl_inverse_dynamics_solverExport.cmake
-- Up-to-date: /home/beniamino/ros2_ws/install/kdl_inverse_dynamics_solver/share/kdl_inverse_dynamics_solver/cmake/export_kdl_inverse_dynamics_solverExport-noconfig.cmake
-- Up-to-date: /home/beniamino/ros2_ws/install/kdl_inverse_dynamics_solver/share/kdl_inverse_dynamics_solver/cmake/ament_cmake_export_include_directories-extras.cmake
-- Up-to-date: /home/beniamino/ros2_ws/install/kdl_inverse_dynamics_solver/share/kdl_inverse_dynamics_solver/cmake/ament_cmake_export_libraries-extras.cmake
-- Up-to-date: /home/beniamino/ros2_ws/install/kdl_inverse_dynamics_solver/share/kdl_inverse_dynamics_solver/cmake/ament_cmake_export_targets-extras.cmake
-- Up-to-date: /home/beniamino/ros2_ws/install/kdl_inverse_dynamics_solver/share/kdl_inverse_dynamics_solver/cmake/kdl_inverse_dynamics_solverConfig.cmake
-- Up-to-date: /home/beniamino/ros2_ws/install/kdl_inverse_dynamics_solver/share/kdl_inverse_dynamics_solver/cmake/kdl_inverse_dynamics_solverConfig-version.cmake
-- Up-to-date: /home/beniamino/ros2_ws/install/kdl_inverse_dynamics_solver/share/kdl_inverse_dynamics_solver/package.xml
