[0.023s] Invoking command in '/home/beniamino/ros2_ws/build/panda_impedance_controller': CMAKE_PREFIX_PATH=/home/beniamino/ros2_ws/install/kdl_inverse_dynamics_solver:/home/beniamino/ros2_ws/install/ros_extensions_utilities:/home/beniamino/ros2_ws/install/inverse_dynamics_solver:/home/beniamino/ros2_ws/install/cartesian_control_msgs:/home/beniamino/ros2_ws/install/panda_moveit_planning_demo:/home/beniamino/ros2_ws/install/panda_impedance_controller:/home/beniamino/ros2_ws/install/acg_resources_panda_moveit_config:/home/beniamino/ros2_ws/install/acg_resources_panda_description:/home/beniamino/ros2_ws/install/acg_resources_panda_trajectory_generation:/home/beniamino/ros2_ws/install/acg_resources_panda_trajectory_analyzer:/opt/ros/humble LD_LIBRARY_PATH=/home/beniamino/ros2_ws/install/kdl_inverse_dynamics_solver/lib:/home/beniamino/ros2_ws/install/cartesian_control_msgs/lib:/home/beniamino/ros2_ws/install/panda_impedance_controller/lib:/opt/ros/humble/opt/rviz_ogre_vendor/lib:/opt/ros/humble/lib/x86_64-linux-gnu:/opt/ros/humble/lib /usr/bin/cmake --build /home/beniamino/ros2_ws/build/panda_impedance_controller -- -j12 -l12
[0.107s] [ 16%] Built target panda_impedance_controller_parameters
[0.126s] [ 50%] Built target calculate_pose
[0.135s] [35m[1mConsolidate compiler generated dependencies of target panda_impedance_controller[0m
[0.186s] [ 66%] [32mBuilding CXX object CMakeFiles/panda_impedance_controller.dir/src/impedance_controller.cpp.o[0m
[34.019s] [ 83%] [32m[1mLinking CXX shared library libpanda_impedance_controller.so[0m
[39.570s] [100%] Built target panda_impedance_controller
[39.587s] Invoked command in '/home/beniamino/ros2_ws/build/panda_impedance_controller' returned '0': CMAKE_PREFIX_PATH=/home/beniamino/ros2_ws/install/kdl_inverse_dynamics_solver:/home/beniamino/ros2_ws/install/ros_extensions_utilities:/home/beniamino/ros2_ws/install/inverse_dynamics_solver:/home/beniamino/ros2_ws/install/cartesian_control_msgs:/home/beniamino/ros2_ws/install/panda_moveit_planning_demo:/home/beniamino/ros2_ws/install/panda_impedance_controller:/home/beniamino/ros2_ws/install/acg_resources_panda_moveit_config:/home/beniamino/ros2_ws/install/acg_resources_panda_description:/home/beniamino/ros2_ws/install/acg_resources_panda_trajectory_generation:/home/beniamino/ros2_ws/install/acg_resources_panda_trajectory_analyzer:/opt/ros/humble LD_LIBRARY_PATH=/home/beniamino/ros2_ws/install/kdl_inverse_dynamics_solver/lib:/home/beniamino/ros2_ws/install/cartesian_control_msgs/lib:/home/beniamino/ros2_ws/install/panda_impedance_controller/lib:/opt/ros/humble/opt/rviz_ogre_vendor/lib:/opt/ros/humble/lib/x86_64-linux-gnu:/opt/ros/humble/lib /usr/bin/cmake --build /home/beniamino/ros2_ws/build/panda_impedance_controller -- -j12 -l12
[39.639s] Invoking command in '/home/beniamino/ros2_ws/build/panda_impedance_controller': CMAKE_PREFIX_PATH=/home/beniamino/ros2_ws/install/kdl_inverse_dynamics_solver:/home/beniamino/ros2_ws/install/ros_extensions_utilities:/home/beniamino/ros2_ws/install/inverse_dynamics_solver:/home/beniamino/ros2_ws/install/cartesian_control_msgs:/home/beniamino/ros2_ws/install/panda_moveit_planning_demo:/home/beniamino/ros2_ws/install/panda_impedance_controller:/home/beniamino/ros2_ws/install/acg_resources_panda_moveit_config:/home/beniamino/ros2_ws/install/acg_resources_panda_description:/home/beniamino/ros2_ws/install/acg_resources_panda_trajectory_generation:/home/beniamino/ros2_ws/install/acg_resources_panda_trajectory_analyzer:/opt/ros/humble LD_LIBRARY_PATH=/home/beniamino/ros2_ws/install/kdl_inverse_dynamics_solver/lib:/home/beniamino/ros2_ws/install/cartesian_control_msgs/lib:/home/beniamino/ros2_ws/install/panda_impedance_controller/lib:/opt/ros/humble/opt/rviz_ogre_vendor/lib:/opt/ros/humble/lib/x86_64-linux-gnu:/opt/ros/humble/lib /usr/bin/cmake --install /home/beniamino/ros2_ws/build/panda_impedance_controller
[39.651s] -- Install configuration: ""
[39.651s] -- Up-to-date: /home/beniamino/ros2_ws/install/panda_impedance_controller/include/panda_impedance_controller_parameters
[39.651s] -- Up-to-date: /home/beniamino/ros2_ws/install/panda_impedance_controller/include/panda_impedance_controller_parameters/panda_impedance_controller_parameters.hpp
[39.651s] -- Up-to-date: /home/beniamino/ros2_ws/install/panda_impedance_controller/share/panda_impedance_controller/panda_impedance_controller.xml
[39.687s] -- Installing: /home/beniamino/ros2_ws/install/panda_impedance_controller/lib/libpanda_impedance_controller.so
[39.722s] -- Set runtime path of "/home/beniamino/ros2_ws/install/panda_impedance_controller/lib/libpanda_impedance_controller.so" to ""
[39.745s] -- Up-to-date: /home/beniamino/ros2_ws/install/panda_impedance_controller/lib/panda_impedance_controller/calculate_pose
[39.745s] -- Up-to-date: /home/beniamino/ros2_ws/install/panda_impedance_controller/include/
[39.746s] -- Up-to-date: /home/beniamino/ros2_ws/install/panda_impedance_controller/include//panda_impedance_controller
[39.746s] -- Up-to-date: /home/beniamino/ros2_ws/install/panda_impedance_controller/include//panda_impedance_controller/impedance_controller.hpp
[39.746s] -- Up-to-date: /home/beniamino/ros2_ws/install/panda_impedance_controller/share/panda_impedance_controller/panda_impedance_controller.xml
[39.747s] -- Up-to-date: /home/beniamino/ros2_ws/install/panda_impedance_controller/share/panda_impedance_controller/environment/library_path.sh
[39.747s] -- Up-to-date: /home/beniamino/ros2_ws/install/panda_impedance_controller/share/panda_impedance_controller/environment/library_path.dsv
[39.747s] -- Up-to-date: /home/beniamino/ros2_ws/install/panda_impedance_controller/share/ament_index/resource_index/package_run_dependencies/panda_impedance_controller
[39.747s] -- Up-to-date: /home/beniamino/ros2_ws/install/panda_impedance_controller/share/ament_index/resource_index/parent_prefix_path/panda_impedance_controller
[39.747s] -- Up-to-date: /home/beniamino/ros2_ws/install/panda_impedance_controller/share/panda_impedance_controller/environment/ament_prefix_path.sh
[39.747s] -- Up-to-date: /home/beniamino/ros2_ws/install/panda_impedance_controller/share/panda_impedance_controller/environment/ament_prefix_path.dsv
[39.747s] -- Up-to-date: /home/beniamino/ros2_ws/install/panda_impedance_controller/share/panda_impedance_controller/environment/path.sh
[39.747s] -- Up-to-date: /home/beniamino/ros2_ws/install/panda_impedance_controller/share/panda_impedance_controller/environment/path.dsv
[39.748s] -- Up-to-date: /home/beniamino/ros2_ws/install/panda_impedance_controller/share/panda_impedance_controller/local_setup.bash
[39.748s] -- Up-to-date: /home/beniamino/ros2_ws/install/panda_impedance_controller/share/panda_impedance_controller/local_setup.sh
[39.748s] -- Up-to-date: /home/beniamino/ros2_ws/install/panda_impedance_controller/share/panda_impedance_controller/local_setup.zsh
[39.748s] -- Up-to-date: /home/beniamino/ros2_ws/install/panda_impedance_controller/share/panda_impedance_controller/local_setup.dsv
[39.748s] -- Installing: /home/beniamino/ros2_ws/install/panda_impedance_controller/share/panda_impedance_controller/package.dsv
[39.776s] -- Up-to-date: /home/beniamino/ros2_ws/install/panda_impedance_controller/share/ament_index/resource_index/packages/panda_impedance_controller
[39.777s] -- Up-to-date: /home/beniamino/ros2_ws/install/panda_impedance_controller/share/ament_index/resource_index/controller_interface__pluginlib__plugin/panda_impedance_controller
[39.777s] -- Up-to-date: /home/beniamino/ros2_ws/install/panda_impedance_controller/share/panda_impedance_controller/cmake/ament_cmake_export_dependencies-extras.cmake
[39.777s] -- Up-to-date: /home/beniamino/ros2_ws/install/panda_impedance_controller/share/panda_impedance_controller/cmake/ament_cmake_export_include_directories-extras.cmake
[39.777s] -- Up-to-date: /home/beniamino/ros2_ws/install/panda_impedance_controller/share/panda_impedance_controller/cmake/ament_cmake_export_libraries-extras.cmake
[39.777s] -- Up-to-date: /home/beniamino/ros2_ws/install/panda_impedance_controller/share/panda_impedance_controller/cmake/panda_impedance_controllerConfig.cmake
[39.777s] -- Up-to-date: /home/beniamino/ros2_ws/install/panda_impedance_controller/share/panda_impedance_controller/cmake/panda_impedance_controllerConfig-version.cmake
[39.778s] -- Up-to-date: /home/beniamino/ros2_ws/install/panda_impedance_controller/share/panda_impedance_controller/package.xml
[39.781s] Invoked command in '/home/beniamino/ros2_ws/build/panda_impedance_controller' returned '0': CMAKE_PREFIX_PATH=/home/beniamino/ros2_ws/install/kdl_inverse_dynamics_solver:/home/beniamino/ros2_ws/install/ros_extensions_utilities:/home/beniamino/ros2_ws/install/inverse_dynamics_solver:/home/beniamino/ros2_ws/install/cartesian_control_msgs:/home/beniamino/ros2_ws/install/panda_moveit_planning_demo:/home/beniamino/ros2_ws/install/panda_impedance_controller:/home/beniamino/ros2_ws/install/acg_resources_panda_moveit_config:/home/beniamino/ros2_ws/install/acg_resources_panda_description:/home/beniamino/ros2_ws/install/acg_resources_panda_trajectory_generation:/home/beniamino/ros2_ws/install/acg_resources_panda_trajectory_analyzer:/opt/ros/humble LD_LIBRARY_PATH=/home/beniamino/ros2_ws/install/kdl_inverse_dynamics_solver/lib:/home/beniamino/ros2_ws/install/cartesian_control_msgs/lib:/home/beniamino/ros2_ws/install/panda_impedance_controller/lib:/opt/ros/humble/opt/rviz_ogre_vendor/lib:/opt/ros/humble/lib/x86_64-linux-gnu:/opt/ros/humble/lib /usr/bin/cmake --install /home/beniamino/ros2_ws/build/panda_impedance_controller
