[ 16%] Built target panda_impedance_controller_parameters
[ 50%] Built target calculate_pose
[ 66%] [32mBuilding CXX object CMakeFiles/panda_impedance_controller.dir/src/impedance_controller.cpp.o[0m
[01m[K/home/beniamino/ros2_ws/src/panda_impedance_controller/panda_impedance_controller/src/impedance_controller.cpp:[m[K In member function ‘[01m[Kvirtual controller_interface::return_type panda_impedance_controller::ImpedanceController::update(const rclcpp::Time&, const rclcpp::Duration&)[m[K’:
[01m[K/home/beniamino/ros2_ws/src/panda_impedance_controller/panda_impedance_controller/src/impedance_controller.cpp:825:10:[m[K [01;35m[Kwarning: [m[Kunused variable ‘[01m[Kcycle_time[m[K’ [[01;35m[K]8;;https://gcc.gnu.org/onlinedocs/gcc/Warning-Options.html#index-Wunused-variable-Wunused-variable]8;;[m[K]
  825 |   double [01;35m[Kcycle_time[m[K = std::chrono::duration_cast<std::chrono::nanoseconds>(end - begin).count() * 1e-9;
      |          [01;35m[K^~~~~~~~~~[m[K
[ 83%] [32m[1mLinking CXX shared library libpanda_impedance_controller.so[0m
[100%] Built target panda_impedance_controller
-- Install configuration: ""
-- Up-to-date: /home/beniamino/ros2_ws/install/panda_impedance_controller/include/panda_impedance_controller_parameters
-- Up-to-date: /home/beniamino/ros2_ws/install/panda_impedance_controller/include/panda_impedance_controller_parameters/panda_impedance_controller_parameters.hpp
-- Up-to-date: /home/beniamino/ros2_ws/install/panda_impedance_controller/share/panda_impedance_controller/panda_impedance_controller.xml
-- Installing: /home/beniamino/ros2_ws/install/panda_impedance_controller/lib/libpanda_impedance_controller.so
-- Set runtime path of "/home/beniamino/ros2_ws/install/panda_impedance_controller/lib/libpanda_impedance_controller.so" to ""
-- Up-to-date: /home/beniamino/ros2_ws/install/panda_impedance_controller/lib/panda_impedance_controller/calculate_pose
-- Up-to-date: /home/beniamino/ros2_ws/install/panda_impedance_controller/include/
-- Up-to-date: /home/beniamino/ros2_ws/install/panda_impedance_controller/include//panda_impedance_controller
-- Up-to-date: /home/beniamino/ros2_ws/install/panda_impedance_controller/include//panda_impedance_controller/impedance_controller.hpp
-- Up-to-date: /home/beniamino/ros2_ws/install/panda_impedance_controller/share/panda_impedance_controller/panda_impedance_controller.xml
-- Up-to-date: /home/beniamino/ros2_ws/install/panda_impedance_controller/share/panda_impedance_controller/environment/library_path.sh
-- Up-to-date: /home/beniamino/ros2_ws/install/panda_impedance_controller/share/panda_impedance_controller/environment/library_path.dsv
-- Up-to-date: /home/beniamino/ros2_ws/install/panda_impedance_controller/share/ament_index/resource_index/package_run_dependencies/panda_impedance_controller
-- Up-to-date: /home/beniamino/ros2_ws/install/panda_impedance_controller/share/ament_index/resource_index/parent_prefix_path/panda_impedance_controller
-- Up-to-date: /home/beniamino/ros2_ws/install/panda_impedance_controller/share/panda_impedance_controller/environment/ament_prefix_path.sh
-- Up-to-date: /home/beniamino/ros2_ws/install/panda_impedance_controller/share/panda_impedance_controller/environment/ament_prefix_path.dsv
-- Up-to-date: /home/beniamino/ros2_ws/install/panda_impedance_controller/share/panda_impedance_controller/environment/path.sh
-- Up-to-date: /home/beniamino/ros2_ws/install/panda_impedance_controller/share/panda_impedance_controller/environment/path.dsv
-- Up-to-date: /home/beniamino/ros2_ws/install/panda_impedance_controller/share/panda_impedance_controller/local_setup.bash
-- Up-to-date: /home/beniamino/ros2_ws/install/panda_impedance_controller/share/panda_impedance_controller/local_setup.sh
-- Up-to-date: /home/beniamino/ros2_ws/install/panda_impedance_controller/share/panda_impedance_controller/local_setup.zsh
-- Up-to-date: /home/beniamino/ros2_ws/install/panda_impedance_controller/share/panda_impedance_controller/local_setup.dsv
-- Installing: /home/beniamino/ros2_ws/install/panda_impedance_controller/share/panda_impedance_controller/package.dsv
-- Up-to-date: /home/beniamino/ros2_ws/install/panda_impedance_controller/share/ament_index/resource_index/packages/panda_impedance_controller
-- Up-to-date: /home/beniamino/ros2_ws/install/panda_impedance_controller/share/ament_index/resource_index/controller_interface__pluginlib__plugin/panda_impedance_controller
-- Up-to-date: /home/beniamino/ros2_ws/install/panda_impedance_controller/share/panda_impedance_controller/cmake/ament_cmake_export_dependencies-extras.cmake
-- Up-to-date: /home/beniamino/ros2_ws/install/panda_impedance_controller/share/panda_impedance_controller/cmake/ament_cmake_export_include_directories-extras.cmake
-- Up-to-date: /home/beniamino/ros2_ws/install/panda_impedance_controller/share/panda_impedance_controller/cmake/ament_cmake_export_libraries-extras.cmake
-- Up-to-date: /home/beniamino/ros2_ws/install/panda_impedance_controller/share/panda_impedance_controller/cmake/panda_impedance_controllerConfig.cmake
-- Up-to-date: /home/beniamino/ros2_ws/install/panda_impedance_controller/share/panda_impedance_controller/cmake/panda_impedance_controllerConfig-version.cmake
-- Up-to-date: /home/beniamino/ros2_ws/install/panda_impedance_controller/share/panda_impedance_controller/package.xml
