[0.046s] Invoking command in '/home/beniamino/ros2_ws/build/ros_extensions_utilities': CMAKE_PREFIX_PATH=${CMAKE_PREFIX_PATH}:/home/beniamino/ros2_ws/install/acg_resources_panda_trajectory_generation:/home/beniamino/ros2_ws/install/acg_resources_panda_trajectory_analyzer:/opt/ros/humble /usr/bin/cmake --build /home/beniamino/ros2_ws/build/ros_extensions_utilities -- -j12 -l12
[1.227s] Invoked command in '/home/beniamino/ros2_ws/build/ros_extensions_utilities' returned '0': CMAKE_PREFIX_PATH=${CMAKE_PREFIX_PATH}:/home/beniamino/ros2_ws/install/acg_resources_panda_trajectory_generation:/home/beniamino/ros2_ws/install/acg_resources_panda_trajectory_analyzer:/opt/ros/humble /usr/bin/cmake --build /home/beniamino/ros2_ws/build/ros_extensions_utilities -- -j12 -l12
[2.408s] Invoking command in '/home/beniamino/ros2_ws/build/ros_extensions_utilities': CMAKE_PREFIX_PATH=${CMAKE_PREFIX_PATH}:/home/beniamino/ros2_ws/install/acg_resources_panda_trajectory_generation:/home/beniamino/ros2_ws/install/acg_resources_panda_trajectory_analyzer:/opt/ros/humble /usr/bin/cmake --install /home/beniamino/ros2_ws/build/ros_extensions_utilities
[2.435s] -- Install configuration: ""
[2.435s] -- Up-to-date: /home/beniamino/ros2_ws/install/ros_extensions_utilities/include
[2.436s] -- Up-to-date: /home/beniamino/ros2_ws/install/ros_extensions_utilities/include/ros_extensions_utilities
[2.436s] -- Up-to-date: /home/beniamino/ros2_ws/install/ros_extensions_utilities/include/ros_extensions_utilities/exceptions.h
[2.437s] -- Up-to-date: /home/beniamino/ros2_ws/install/ros_extensions_utilities/include/ros_extensions_utilities/ros_extensions_utils.h
[2.437s] -- Up-to-date: /home/beniamino/ros2_ws/install/ros_extensions_utilities/share/ament_index/resource_index/package_run_dependencies/ros_extensions_utilities
[2.437s] -- Up-to-date: /home/beniamino/ros2_ws/install/ros_extensions_utilities/share/ament_index/resource_index/parent_prefix_path/ros_extensions_utilities
[2.438s] -- Up-to-date: /home/beniamino/ros2_ws/install/ros_extensions_utilities/share/ros_extensions_utilities/environment/ament_prefix_path.sh
[2.439s] -- Up-to-date: /home/beniamino/ros2_ws/install/ros_extensions_utilities/share/ros_extensions_utilities/environment/ament_prefix_path.dsv
[2.439s] -- Up-to-date: /home/beniamino/ros2_ws/install/ros_extensions_utilities/share/ros_extensions_utilities/environment/path.sh
[2.440s] -- Up-to-date: /home/beniamino/ros2_ws/install/ros_extensions_utilities/share/ros_extensions_utilities/environment/path.dsv
[2.440s] -- Up-to-date: /home/beniamino/ros2_ws/install/ros_extensions_utilities/share/ros_extensions_utilities/local_setup.bash
[2.440s] -- Up-to-date: /home/beniamino/ros2_ws/install/ros_extensions_utilities/share/ros_extensions_utilities/local_setup.sh
[2.440s] -- Up-to-date: /home/beniamino/ros2_ws/install/ros_extensions_utilities/share/ros_extensions_utilities/local_setup.zsh
[2.440s] -- Up-to-date: /home/beniamino/ros2_ws/install/ros_extensions_utilities/share/ros_extensions_utilities/local_setup.dsv
[2.440s] -- Installing: /home/beniamino/ros2_ws/install/ros_extensions_utilities/share/ros_extensions_utilities/package.dsv
[2.440s] -- Up-to-date: /home/beniamino/ros2_ws/install/ros_extensions_utilities/share/ament_index/resource_index/packages/ros_extensions_utilities
[2.441s] -- Up-to-date: /home/beniamino/ros2_ws/install/ros_extensions_utilities/share/ros_extensions_utilities/cmake/ament_cmake_export_include_directories-extras.cmake
[2.442s] -- Up-to-date: /home/beniamino/ros2_ws/install/ros_extensions_utilities/share/ros_extensions_utilities/cmake/ament_cmake_export_dependencies-extras.cmake
[2.443s] -- Up-to-date: /home/beniamino/ros2_ws/install/ros_extensions_utilities/share/ros_extensions_utilities/cmake/ros_extensions_utilitiesConfig.cmake
[2.443s] -- Up-to-date: /home/beniamino/ros2_ws/install/ros_extensions_utilities/share/ros_extensions_utilities/cmake/ros_extensions_utilitiesConfig-version.cmake
[2.445s] -- Up-to-date: /home/beniamino/ros2_ws/install/ros_extensions_utilities/share/ros_extensions_utilities/package.xml
[2.465s] Invoked command in '/home/beniamino/ros2_ws/build/ros_extensions_utilities' returned '0': CMAKE_PREFIX_PATH=${CMAKE_PREFIX_PATH}:/home/beniamino/ros2_ws/install/acg_resources_panda_trajectory_generation:/home/beniamino/ros2_ws/install/acg_resources_panda_trajectory_analyzer:/opt/ros/humble /usr/bin/cmake --install /home/beniamino/ros2_ws/build/ros_extensions_utilities
