[0.012s] Invoking command in '/home/beniamino/ros2_ws/build/panda_moveit_planning_demo': CMAKE_PREFIX_PATH=/home/beniamino/ros2_ws/install/acg_resources_panda_moveit_config:/home/beniamino/ros2_ws/install/cartesian_control_msgs:/home/beniamino/ros2_ws/install/acg_resources_panda_description:/home/beniamino/ros2_ws/install/ros_extensions_utilities:/home/beniamino/ros2_ws/install/panda_moveit_planning_demo:/home/beniamino/ros2_ws/install/panda_impedance_controller:/home/beniamino/ros2_ws/install/kdl_inverse_dynamics_solver:/home/beniamino/ros2_ws/install/inverse_dynamics_solver:/home/beniamino/ros2_ws/install/acg_resources_panda_trajectory_generation:/home/beniamino/ros2_ws/install/acg_resources_panda_trajectory_analyzer:/opt/ros/humble LD_LIBRARY_PATH=/home/beniamino/ros2_ws/install/cartesian_control_msgs/lib:/home/beniamino/ros2_ws/install/panda_impedance_controller/lib:/home/beniamino/ros2_ws/install/kdl_inverse_dynamics_solver/lib:/opt/ros/humble/opt/rviz_ogre_vendor/lib:/opt/ros/humble/lib/x86_64-linux-gnu:/opt/ros/humble/lib /usr/bin/cmake --build /home/beniamino/ros2_ws/build/panda_moveit_planning_demo -- -j12 -l12
[0.083s] [  7%] Built target task_space_client_utils_parameters
[0.118s] [ 23%] Built target bag_file_utils
[0.140s] [35m[1mConsolidate compiler generated dependencies of target task_space_client_utils[0m
[0.190s] [ 30%] [32mBuilding CXX object CMakeFiles/task_space_client_utils.dir/src/task_space_client_utils.cpp.o[0m
[13.164s] [ 38%] [32m[1mLinking CXX static library libtask_space_client_utils.a[0m
[13.268s] [ 38%] Built target task_space_client_utils
[13.301s] [ 53%] Built target moveit_utils
[13.338s] [ 76%] [32m[1mLinking CXX executable panda_moveit_cartesian_demo_nobag[0m
[13.338s] [ 76%] [32m[1mLinking CXX executable panda_moveit_planning_node[0m
[13.338s] [ 76%] [32m[1mLinking CXX executable panda_moveit_cartesian_demo[0m
[14.200s] [ 84%] Built target panda_moveit_planning_node
[14.461s] [ 92%] Built target panda_moveit_cartesian_demo_nobag
[14.464s] [100%] Built target panda_moveit_cartesian_demo
[14.476s] Invoked command in '/home/beniamino/ros2_ws/build/panda_moveit_planning_demo' returned '0': CMAKE_PREFIX_PATH=/home/beniamino/ros2_ws/install/acg_resources_panda_moveit_config:/home/beniamino/ros2_ws/install/cartesian_control_msgs:/home/beniamino/ros2_ws/install/acg_resources_panda_description:/home/beniamino/ros2_ws/install/ros_extensions_utilities:/home/beniamino/ros2_ws/install/panda_moveit_planning_demo:/home/beniamino/ros2_ws/install/panda_impedance_controller:/home/beniamino/ros2_ws/install/kdl_inverse_dynamics_solver:/home/beniamino/ros2_ws/install/inverse_dynamics_solver:/home/beniamino/ros2_ws/install/acg_resources_panda_trajectory_generation:/home/beniamino/ros2_ws/install/acg_resources_panda_trajectory_analyzer:/opt/ros/humble LD_LIBRARY_PATH=/home/beniamino/ros2_ws/install/cartesian_control_msgs/lib:/home/beniamino/ros2_ws/install/panda_impedance_controller/lib:/home/beniamino/ros2_ws/install/kdl_inverse_dynamics_solver/lib:/opt/ros/humble/opt/rviz_ogre_vendor/lib:/opt/ros/humble/lib/x86_64-linux-gnu:/opt/ros/humble/lib /usr/bin/cmake --build /home/beniamino/ros2_ws/build/panda_moveit_planning_demo -- -j12 -l12
[14.528s] Invoking command in '/home/beniamino/ros2_ws/build/panda_moveit_planning_demo': CMAKE_PREFIX_PATH=/home/beniamino/ros2_ws/install/acg_resources_panda_moveit_config:/home/beniamino/ros2_ws/install/cartesian_control_msgs:/home/beniamino/ros2_ws/install/acg_resources_panda_description:/home/beniamino/ros2_ws/install/ros_extensions_utilities:/home/beniamino/ros2_ws/install/panda_moveit_planning_demo:/home/beniamino/ros2_ws/install/panda_impedance_controller:/home/beniamino/ros2_ws/install/kdl_inverse_dynamics_solver:/home/beniamino/ros2_ws/install/inverse_dynamics_solver:/home/beniamino/ros2_ws/install/acg_resources_panda_trajectory_generation:/home/beniamino/ros2_ws/install/acg_resources_panda_trajectory_analyzer:/opt/ros/humble LD_LIBRARY_PATH=/home/beniamino/ros2_ws/install/cartesian_control_msgs/lib:/home/beniamino/ros2_ws/install/panda_impedance_controller/lib:/home/beniamino/ros2_ws/install/kdl_inverse_dynamics_solver/lib:/opt/ros/humble/opt/rviz_ogre_vendor/lib:/opt/ros/humble/lib/x86_64-linux-gnu:/opt/ros/humble/lib /usr/bin/cmake --install /home/beniamino/ros2_ws/build/panda_moveit_planning_demo
[14.536s] -- Install configuration: ""
[14.536s] -- Up-to-date: /home/beniamino/ros2_ws/install/panda_moveit_planning_demo/include/task_space_client_utils_parameters
[14.536s] -- Up-to-date: /home/beniamino/ros2_ws/install/panda_moveit_planning_demo/include/task_space_client_utils_parameters/task_space_client_utils_parameters.hpp
[14.536s] -- Installing: /home/beniamino/ros2_ws/install/panda_moveit_planning_demo/lib/panda_moveit_planning_demo/panda_moveit_planning_node
[14.538s] -- Set runtime path of "/home/beniamino/ros2_ws/install/panda_moveit_planning_demo/lib/panda_moveit_planning_demo/panda_moveit_planning_node" to ""
[14.538s] -- Installing: /home/beniamino/ros2_ws/install/panda_moveit_planning_demo/lib/panda_moveit_planning_demo/panda_moveit_cartesian_demo
[14.541s] -- Set runtime path of "/home/beniamino/ros2_ws/install/panda_moveit_planning_demo/lib/panda_moveit_planning_demo/panda_moveit_cartesian_demo" to ""
[14.542s] -- Installing: /home/beniamino/ros2_ws/install/panda_moveit_planning_demo/lib/panda_moveit_planning_demo/panda_moveit_cartesian_demo_nobag
[14.545s] -- Set runtime path of "/home/beniamino/ros2_ws/install/panda_moveit_planning_demo/lib/panda_moveit_planning_demo/panda_moveit_cartesian_demo_nobag" to ""
[14.545s] -- Up-to-date: /home/beniamino/ros2_ws/install/panda_moveit_planning_demo/lib/panda_moveit_planning_demo/libmoveit_utils.a
[14.545s] -- Up-to-date: /home/beniamino/ros2_ws/install/panda_moveit_planning_demo/lib/panda_moveit_planning_demo/libbag_file_utils.a
[14.545s] -- Installing: /home/beniamino/ros2_ws/install/panda_moveit_planning_demo/lib/panda_moveit_planning_demo/libtask_space_client_utils.a
[14.551s] -- Up-to-date: /home/beniamino/ros2_ws/install/panda_moveit_planning_demo/share/panda_moveit_planning_demo/launch
[14.551s] -- Up-to-date: /home/beniamino/ros2_ws/install/panda_moveit_planning_demo/share/panda_moveit_planning_demo/launch/panda_moveit_planning_node.launch.py
[14.552s] -- Up-to-date: /home/beniamino/ros2_ws/install/panda_moveit_planning_demo/share/panda_moveit_planning_demo/launch/demo.launch.py
[14.552s] -- Up-to-date: /home/beniamino/ros2_ws/install/panda_moveit_planning_demo/share/panda_moveit_planning_demo/launch/panda_moveit_cartesian_demo.launch.py
[14.552s] -- Up-to-date: /home/beniamino/ros2_ws/install/panda_moveit_planning_demo/include/panda_moveit_planning_demo
[14.552s] -- Up-to-date: /home/beniamino/ros2_ws/install/panda_moveit_planning_demo/include/panda_moveit_planning_demo/task_space_client_utils.hpp
[14.552s] -- Up-to-date: /home/beniamino/ros2_ws/install/panda_moveit_planning_demo/include/panda_moveit_planning_demo/moveit_utils.hpp
[14.552s] -- Up-to-date: /home/beniamino/ros2_ws/install/panda_moveit_planning_demo/include/panda_moveit_planning_demo/bag_file_utils.hpp
[14.552s] -- Up-to-date: /home/beniamino/ros2_ws/install/panda_moveit_planning_demo/share/panda_moveit_planning_demo/launch
[14.553s] -- Up-to-date: /home/beniamino/ros2_ws/install/panda_moveit_planning_demo/share/panda_moveit_planning_demo/launch/panda_moveit_planning_node.launch.py
[14.553s] -- Up-to-date: /home/beniamino/ros2_ws/install/panda_moveit_planning_demo/share/panda_moveit_planning_demo/launch/demo.launch.py
[14.553s] -- Up-to-date: /home/beniamino/ros2_ws/install/panda_moveit_planning_demo/share/panda_moveit_planning_demo/launch/panda_moveit_cartesian_demo.launch.py
[14.553s] -- Up-to-date: /home/beniamino/ros2_ws/install/panda_moveit_planning_demo/share/ament_index/resource_index/package_run_dependencies/panda_moveit_planning_demo
[14.553s] -- Up-to-date: /home/beniamino/ros2_ws/install/panda_moveit_planning_demo/share/ament_index/resource_index/parent_prefix_path/panda_moveit_planning_demo
[14.553s] -- Up-to-date: /home/beniamino/ros2_ws/install/panda_moveit_planning_demo/share/panda_moveit_planning_demo/environment/ament_prefix_path.sh
[14.553s] -- Up-to-date: /home/beniamino/ros2_ws/install/panda_moveit_planning_demo/share/panda_moveit_planning_demo/environment/ament_prefix_path.dsv
[14.553s] -- Up-to-date: /home/beniamino/ros2_ws/install/panda_moveit_planning_demo/share/panda_moveit_planning_demo/environment/path.sh
[14.554s] -- Up-to-date: /home/beniamino/ros2_ws/install/panda_moveit_planning_demo/share/panda_moveit_planning_demo/environment/path.dsv
[14.554s] -- Up-to-date: /home/beniamino/ros2_ws/install/panda_moveit_planning_demo/share/panda_moveit_planning_demo/local_setup.bash
[14.554s] -- Up-to-date: /home/beniamino/ros2_ws/install/panda_moveit_planning_demo/share/panda_moveit_planning_demo/local_setup.sh
[14.554s] -- Up-to-date: /home/beniamino/ros2_ws/install/panda_moveit_planning_demo/share/panda_moveit_planning_demo/local_setup.zsh
[14.555s] -- Up-to-date: /home/beniamino/ros2_ws/install/panda_moveit_planning_demo/share/panda_moveit_planning_demo/local_setup.dsv
[14.555s] -- Installing: /home/beniamino/ros2_ws/install/panda_moveit_planning_demo/share/panda_moveit_planning_demo/package.dsv
[14.555s] -- Up-to-date: /home/beniamino/ros2_ws/install/panda_moveit_planning_demo/share/ament_index/resource_index/packages/panda_moveit_planning_demo
[14.556s] -- Up-to-date: /home/beniamino/ros2_ws/install/panda_moveit_planning_demo/share/panda_moveit_planning_demo/cmake/ament_cmake_export_dependencies-extras.cmake
[14.556s] -- Up-to-date: /home/beniamino/ros2_ws/install/panda_moveit_planning_demo/share/panda_moveit_planning_demo/cmake/panda_moveit_planning_demoConfig.cmake
[14.556s] -- Up-to-date: /home/beniamino/ros2_ws/install/panda_moveit_planning_demo/share/panda_moveit_planning_demo/cmake/panda_moveit_planning_demoConfig-version.cmake
[14.556s] -- Up-to-date: /home/beniamino/ros2_ws/install/panda_moveit_planning_demo/share/panda_moveit_planning_demo/package.xml
[14.556s] Invoked command in '/home/beniamino/ros2_ws/build/panda_moveit_planning_demo' returned '0': CMAKE_PREFIX_PATH=/home/beniamino/ros2_ws/install/acg_resources_panda_moveit_config:/home/beniamino/ros2_ws/install/cartesian_control_msgs:/home/beniamino/ros2_ws/install/acg_resources_panda_description:/home/beniamino/ros2_ws/install/ros_extensions_utilities:/home/beniamino/ros2_ws/install/panda_moveit_planning_demo:/home/beniamino/ros2_ws/install/panda_impedance_controller:/home/beniamino/ros2_ws/install/kdl_inverse_dynamics_solver:/home/beniamino/ros2_ws/install/inverse_dynamics_solver:/home/beniamino/ros2_ws/install/acg_resources_panda_trajectory_generation:/home/beniamino/ros2_ws/install/acg_resources_panda_trajectory_analyzer:/opt/ros/humble LD_LIBRARY_PATH=/home/beniamino/ros2_ws/install/cartesian_control_msgs/lib:/home/beniamino/ros2_ws/install/panda_impedance_controller/lib:/home/beniamino/ros2_ws/install/kdl_inverse_dynamics_solver/lib:/opt/ros/humble/opt/rviz_ogre_vendor/lib:/opt/ros/humble/lib/x86_64-linux-gnu:/opt/ros/humble/lib /usr/bin/cmake --install /home/beniamino/ros2_ws/build/panda_moveit_planning_demo
