[0.379s] Invoking command in '/home/beniamino/ros2_ws/build/ros_extensions_utilities': CMAKE_PREFIX_PATH=${CMAKE_PREFIX_PATH}:/home/beniamino/ros2_ws/install/acg_resources_panda_trajectory_generation:/home/beniamino/ros2_ws/install/acg_resources_panda_trajectory_analyzer:/opt/ros/humble /usr/bin/cmake --build /home/beniamino/ros2_ws/build/ros_extensions_utilities -- -j12 -l12
[0.798s] Invoked command in '/home/beniamino/ros2_ws/build/ros_extensions_utilities' returned '0': CMAKE_PREFIX_PATH=${CMAKE_PREFIX_PATH}:/home/beniamino/ros2_ws/install/acg_resources_panda_trajectory_generation:/home/beniamino/ros2_ws/install/acg_resources_panda_trajectory_analyzer:/opt/ros/humble /usr/bin/cmake --build /home/beniamino/ros2_ws/build/ros_extensions_utilities -- -j12 -l12
[0.835s] Invoking command in '/home/beniamino/ros2_ws/build/ros_extensions_utilities': CMAKE_PREFIX_PATH=${CMAKE_PREFIX_PATH}:/home/beniamino/ros2_ws/install/acg_resources_panda_trajectory_generation:/home/beniamino/ros2_ws/install/acg_resources_panda_trajectory_analyzer:/opt/ros/humble /usr/bin/cmake --install /home/beniamino/ros2_ws/build/ros_extensions_utilities
[0.860s] -- Install configuration: ""
[0.861s] -- Up-to-date: /home/beniamino/ros2_ws/install/ros_extensions_utilities/include
[0.862s] -- Up-to-date: /home/beniamino/ros2_ws/install/ros_extensions_utilities/include/ros_extensions_utilities
[0.862s] -- Up-to-date: /home/beniamino/ros2_ws/install/ros_extensions_utilities/include/ros_extensions_utilities/exceptions.h
[0.862s] -- Up-to-date: /home/beniamino/ros2_ws/install/ros_extensions_utilities/include/ros_extensions_utilities/ros_extensions_utils.h
[0.862s] -- Up-to-date: /home/beniamino/ros2_ws/install/ros_extensions_utilities/share/ament_index/resource_index/package_run_dependencies/ros_extensions_utilities
[0.863s] -- Up-to-date: /home/beniamino/ros2_ws/install/ros_extensions_utilities/share/ament_index/resource_index/parent_prefix_path/ros_extensions_utilities
[0.864s] -- Up-to-date: /home/beniamino/ros2_ws/install/ros_extensions_utilities/share/ros_extensions_utilities/environment/ament_prefix_path.sh
[0.865s] -- Up-to-date: /home/beniamino/ros2_ws/install/ros_extensions_utilities/share/ros_extensions_utilities/environment/ament_prefix_path.dsv
[0.865s] -- Up-to-date: /home/beniamino/ros2_ws/install/ros_extensions_utilities/share/ros_extensions_utilities/environment/path.sh
[0.866s] -- Up-to-date: /home/beniamino/ros2_ws/install/ros_extensions_utilities/share/ros_extensions_utilities/environment/path.dsv
[0.866s] -- Up-to-date: /home/beniamino/ros2_ws/install/ros_extensions_utilities/share/ros_extensions_utilities/local_setup.bash
[0.866s] -- Up-to-date: /home/beniamino/ros2_ws/install/ros_extensions_utilities/share/ros_extensions_utilities/local_setup.sh
[0.867s] -- Up-to-date: /home/beniamino/ros2_ws/install/ros_extensions_utilities/share/ros_extensions_utilities/local_setup.zsh
[0.867s] -- Up-to-date: /home/beniamino/ros2_ws/install/ros_extensions_utilities/share/ros_extensions_utilities/local_setup.dsv
[0.867s] -- Installing: /home/beniamino/ros2_ws/install/ros_extensions_utilities/share/ros_extensions_utilities/package.dsv
[0.868s] -- Up-to-date: /home/beniamino/ros2_ws/install/ros_extensions_utilities/share/ament_index/resource_index/packages/ros_extensions_utilities
[0.868s] -- Up-to-date: /home/beniamino/ros2_ws/install/ros_extensions_utilities/share/ros_extensions_utilities/cmake/ament_cmake_export_include_directories-extras.cmake
[0.868s] -- Up-to-date: /home/beniamino/ros2_ws/install/ros_extensions_utilities/share/ros_extensions_utilities/cmake/ament_cmake_export_dependencies-extras.cmake
[0.869s] -- Up-to-date: /home/beniamino/ros2_ws/install/ros_extensions_utilities/share/ros_extensions_utilities/cmake/ros_extensions_utilitiesConfig.cmake
[0.869s] -- Up-to-date: /home/beniamino/ros2_ws/install/ros_extensions_utilities/share/ros_extensions_utilities/cmake/ros_extensions_utilitiesConfig-version.cmake
[0.870s] -- Up-to-date: /home/beniamino/ros2_ws/install/ros_extensions_utilities/share/ros_extensions_utilities/package.xml
[0.884s] Invoked command in '/home/beniamino/ros2_ws/build/ros_extensions_utilities' returned '0': CMAKE_PREFIX_PATH=${CMAKE_PREFIX_PATH}:/home/beniamino/ros2_ws/install/acg_resources_panda_trajectory_generation:/home/beniamino/ros2_ws/install/acg_resources_panda_trajectory_analyzer:/opt/ros/humble /usr/bin/cmake --install /home/beniamino/ros2_ws/build/ros_extensions_utilities
