[0.019s] Invoking command in '/home/beniamino/ros2_ws/build/panda_impedance_controller': CMAKE_PREFIX_PATH=/home/beniamino/ros2_ws/install/kdl_inverse_dynamics_solver:/home/beniamino/ros2_ws/install/ros_extensions_utilities:/home/beniamino/ros2_ws/install/inverse_dynamics_solver:/home/beniamino/ros2_ws/install/cartesian_control_msgs:/home/beniamino/ros2_ws/install/panda_moveit_planning_demo:/home/beniamino/ros2_ws/install/panda_impedance_controller:/home/beniamino/ros2_ws/install/acg_resources_panda_moveit_config:/home/beniamino/ros2_ws/install/acg_resources_panda_description:/home/beniamino/ros2_ws/install/acg_resources_panda_trajectory_generation:/home/beniamino/ros2_ws/install/acg_resources_panda_trajectory_analyzer:/opt/ros/humble LD_LIBRARY_PATH=/home/beniamino/ros2_ws/install/kdl_inverse_dynamics_solver/lib:/home/beniamino/ros2_ws/install/cartesian_control_msgs/lib:/home/beniamino/ros2_ws/install/panda_impedance_controller/lib:/opt/ros/humble/opt/rviz_ogre_vendor/lib:/opt/ros/humble/lib/x86_64-linux-gnu:/opt/ros/humble/lib /usr/bin/cmake /home/beniamino/ros2_ws/src/panda_impedance_controller/panda_impedance_controller -DCMAKE_INSTALL_PREFIX=/home/beniamino/ros2_ws/install/panda_impedance_controller
[0.101s] -- The C compiler identification is GNU 11.4.0
[0.195s] -- The CXX compiler identification is GNU 11.4.0
[0.206s] -- Detecting C compiler ABI info
[0.300s] -- Detecting C compiler ABI info - done
[0.315s] -- Check for working C compiler: /usr/bin/cc - skipped
[0.315s] -- Detecting C compile features
[0.315s] -- Detecting C compile features - done
[0.320s] -- Detecting CXX compiler ABI info
[0.432s] -- Detecting CXX compiler ABI info - done
[0.447s] -- Check for working CXX compiler: /usr/bin/c++ - skipped
[0.448s] -- Detecting CXX compile features
[0.448s] -- Detecting CXX compile features - done
[0.453s] -- Found ament_cmake: 1.3.10 (/opt/ros/humble/share/ament_cmake/cmake)
[1.024s] -- Found Python3: /usr/bin/python3 (found version "3.10.12") found components: Interpreter 
[1.144s] -- Found rclcpp: 16.0.10 (/opt/ros/humble/share/rclcpp/cmake)
[1.233s] -- Found rosidl_generator_c: 3.1.5 (/opt/ros/humble/share/rosidl_generator_c/cmake)
[1.244s] -- Found rosidl_adapter: 3.1.5 (/opt/ros/humble/share/rosidl_adapter/cmake)
[1.261s] -- Found rosidl_generator_cpp: 3.1.5 (/opt/ros/humble/share/rosidl_generator_cpp/cmake)
[1.281s] -- Using all available rosidl_typesupport_c: rosidl_typesupport_fastrtps_c;rosidl_typesupport_introspection_c
[1.301s] -- Using all available rosidl_typesupport_cpp: rosidl_typesupport_fastrtps_cpp;rosidl_typesupport_introspection_cpp
[1.365s] -- Found rmw_implementation_cmake: 6.1.2 (/opt/ros/humble/share/rmw_implementation_cmake/cmake)
[1.369s] -- Found rmw_fastrtps_cpp: 6.2.7 (/opt/ros/humble/share/rmw_fastrtps_cpp/cmake)
[1.475s] -- Found OpenSSL: /usr/lib/x86_64-linux-gnu/libcrypto.so (found version "3.0.2")  
[1.520s] -- Found FastRTPS: /opt/ros/humble/include  
[1.590s] -- Using RMW implementation 'rmw_fastrtps_cpp' as default
[1.607s] -- Looking for pthread.h
[1.696s] -- Looking for pthread.h - found
[1.697s] -- Performing Test CMAKE_HAVE_LIBC_PTHREAD
[1.789s] -- Performing Test CMAKE_HAVE_LIBC_PTHREAD - Success
[1.791s] -- Found Threads: TRUE  
[1.916s] -- Found rclcpp_action: 16.0.10 (/opt/ros/humble/share/rclcpp_action/cmake)
[2.006s] -- Found cartesian_control_msgs: 0.0.1 (/home/beniamino/ros2_ws/install/cartesian_control_msgs/share/cartesian_control_msgs/cmake)
[2.342s] -- Found controller_interface: 2.43.0 (/opt/ros/humble/share/controller_interface/cmake)
[2.482s] -- Found generate_parameter_library: 0.3.8 (/opt/ros/humble/share/generate_parameter_library/cmake)
[2.485s] -- Found parameter_traits: 0.3.8 (/opt/ros/humble/share/parameter_traits/cmake)
[2.521s] -- Found kdl_parser: 2.6.4 (/opt/ros/humble/share/kdl_parser/cmake)
[2.529s] -- Found eigen3_cmake_module: 0.1.1 (/opt/ros/humble/share/eigen3_cmake_module/cmake)
[2.531s] -- Found Eigen3: TRUE (found version "3.4.0") 
[2.531s] -- Ensuring Eigen3 include directory is part of orocos-kdl CMake target
[2.538s] -- Found urdf: 2.6.1 (/opt/ros/humble/share/urdf/cmake)
[2.551s] -- Found inverse_dynamics_solver: 0.0.0 (/home/beniamino/ros2_ws/install/inverse_dynamics_solver/share/inverse_dynamics_solver/cmake)
[2.552s] -- Found kdl_inverse_dynamics_solver: 0.0.0 (/home/beniamino/ros2_ws/install/kdl_inverse_dynamics_solver/share/kdl_inverse_dynamics_solver/cmake)
[2.558s] -- Found moveit_core: 2.5.5 (/opt/ros/humble/share/moveit_core/cmake)
[2.621s] -- Found Boost: /usr/lib/x86_64-linux-gnu/cmake/Boost-1.74.0/BoostConfig.cmake (found version "1.74.0") found components: chrono date_time filesystem iostreams program_options regex serialization system thread 
[2.644s] -- Found Boost: /usr/lib/x86_64-linux-gnu/cmake/Boost-1.74.0/BoostConfig.cmake (found version "1.74.0") found components: filesystem 
[2.778s] -- library: /usr/lib/x86_64-linux-gnu/libcurl.so
[2.988s] -- Found moveit_ros_planning: 2.5.5 (/opt/ros/humble/share/moveit_ros_planning/cmake)
[2.995s] -- Found Boost: /usr/lib/x86_64-linux-gnu/cmake/Boost-1.74.0/BoostConfig.cmake (found version "1.74.0") found components: system filesystem date_time program_options thread chrono 
[3.034s] -- Found moveit_ros_planning_interface: 2.5.5 (/opt/ros/humble/share/moveit_ros_planning_interface/cmake)
[3.040s] -- Found Boost: /usr/lib/x86_64-linux-gnu/cmake/Boost-1.74.0/BoostConfig.cmake (found version "1.74.0") found components: date_time filesystem program_options system thread 
[3.060s] -- Found Boost: /usr/lib/x86_64-linux-gnu/cmake/Boost-1.74.0/BoostConfig.cmake (found version "1.74.0") found components: thread system filesystem regex date_time program_options 
[3.092s] -- Found Boost: /usr/lib/x86_64-linux-gnu/cmake/Boost-1.74.0/BoostConfig.cmake (found version "1.74.0") found components: system filesystem date_time program_options thread 
[3.340s] -- Found moveit_kinematics: 2.5.5 (/opt/ros/humble/share/moveit_kinematics/cmake)
[3.348s] -- Found Boost: /usr/lib/x86_64-linux-gnu/cmake/Boost-1.74.0/BoostConfig.cmake (found version "1.74.0") found components: program_options system 
[3.365s] -- Found tf2_kdl: 0.25.7 (/opt/ros/humble/share/tf2_kdl/cmake)
[3.558s] -- Found realtime_tools: 2.6.0 (/opt/ros/humble/share/realtime_tools/cmake)
[4.051s] -- Found control_toolbox: 3.2.0 (/opt/ros/humble/share/control_toolbox/cmake)
[4.518s] -- Configuring done
[4.841s] -- Generating done
[4.852s] -- Build files have been written to: /home/beniamino/ros2_ws/build/panda_impedance_controller
[4.920s] Invoked command in '/home/beniamino/ros2_ws/build/panda_impedance_controller' returned '0': CMAKE_PREFIX_PATH=/home/beniamino/ros2_ws/install/kdl_inverse_dynamics_solver:/home/beniamino/ros2_ws/install/ros_extensions_utilities:/home/beniamino/ros2_ws/install/inverse_dynamics_solver:/home/beniamino/ros2_ws/install/cartesian_control_msgs:/home/beniamino/ros2_ws/install/panda_moveit_planning_demo:/home/beniamino/ros2_ws/install/panda_impedance_controller:/home/beniamino/ros2_ws/install/acg_resources_panda_moveit_config:/home/beniamino/ros2_ws/install/acg_resources_panda_description:/home/beniamino/ros2_ws/install/acg_resources_panda_trajectory_generation:/home/beniamino/ros2_ws/install/acg_resources_panda_trajectory_analyzer:/opt/ros/humble LD_LIBRARY_PATH=/home/beniamino/ros2_ws/install/kdl_inverse_dynamics_solver/lib:/home/beniamino/ros2_ws/install/cartesian_control_msgs/lib:/home/beniamino/ros2_ws/install/panda_impedance_controller/lib:/opt/ros/humble/opt/rviz_ogre_vendor/lib:/opt/ros/humble/lib/x86_64-linux-gnu:/opt/ros/humble/lib /usr/bin/cmake /home/beniamino/ros2_ws/src/panda_impedance_controller/panda_impedance_controller -DCMAKE_INSTALL_PREFIX=/home/beniamino/ros2_ws/install/panda_impedance_controller
[4.923s] Invoking command in '/home/beniamino/ros2_ws/build/panda_impedance_controller': CMAKE_PREFIX_PATH=/home/beniamino/ros2_ws/install/kdl_inverse_dynamics_solver:/home/beniamino/ros2_ws/install/ros_extensions_utilities:/home/beniamino/ros2_ws/install/inverse_dynamics_solver:/home/beniamino/ros2_ws/install/cartesian_control_msgs:/home/beniamino/ros2_ws/install/panda_moveit_planning_demo:/home/beniamino/ros2_ws/install/panda_impedance_controller:/home/beniamino/ros2_ws/install/acg_resources_panda_moveit_config:/home/beniamino/ros2_ws/install/acg_resources_panda_description:/home/beniamino/ros2_ws/install/acg_resources_panda_trajectory_generation:/home/beniamino/ros2_ws/install/acg_resources_panda_trajectory_analyzer:/opt/ros/humble LD_LIBRARY_PATH=/home/beniamino/ros2_ws/install/kdl_inverse_dynamics_solver/lib:/home/beniamino/ros2_ws/install/cartesian_control_msgs/lib:/home/beniamino/ros2_ws/install/panda_impedance_controller/lib:/opt/ros/humble/opt/rviz_ogre_vendor/lib:/opt/ros/humble/lib/x86_64-linux-gnu:/opt/ros/humble/lib /usr/bin/cmake --build /home/beniamino/ros2_ws/build/panda_impedance_controller -- -j12 -l12
[5.096s] [ 16%] [34m[1mRunning `/opt/ros/humble/bin/generate_parameter_library_cpp /home/beniamino/ros2_ws/build/panda_impedance_controller/panda_impedance_controller_parameters/include//panda_impedance_controller_parameters.hpp /home/beniamino/ros2_ws/src/panda_impedance_controller/panda_impedance_controller/src/impedance_controller_parameters.yaml `[0m
[5.128s] [ 33%] [32mBuilding CXX object CMakeFiles/calculate_pose.dir/src/calculate_pose.cpp.o[0m
[6.172s] [ 33%] Built target panda_impedance_controller_parameters
[6.221s] [ 50%] [32mBuilding CXX object CMakeFiles/panda_impedance_controller.dir/src/impedance_controller.cpp.o[0m
[6.222s] [ 66%] [32mBuilding CXX object CMakeFiles/panda_impedance_controller.dir/src/calculate_pose.cpp.o[0m
[30.641s] [ 83%] [32m[1mLinking CXX executable calculate_pose[0m
[32.436s] [ 83%] Built target calculate_pose
[45.462s] [100%] [32m[1mLinking CXX shared library libpanda_impedance_controller.so[0m
[49.267s] [100%] Built target panda_impedance_controller
[49.280s] Invoked command in '/home/beniamino/ros2_ws/build/panda_impedance_controller' returned '0': CMAKE_PREFIX_PATH=/home/beniamino/ros2_ws/install/kdl_inverse_dynamics_solver:/home/beniamino/ros2_ws/install/ros_extensions_utilities:/home/beniamino/ros2_ws/install/inverse_dynamics_solver:/home/beniamino/ros2_ws/install/cartesian_control_msgs:/home/beniamino/ros2_ws/install/panda_moveit_planning_demo:/home/beniamino/ros2_ws/install/panda_impedance_controller:/home/beniamino/ros2_ws/install/acg_resources_panda_moveit_config:/home/beniamino/ros2_ws/install/acg_resources_panda_description:/home/beniamino/ros2_ws/install/acg_resources_panda_trajectory_generation:/home/beniamino/ros2_ws/install/acg_resources_panda_trajectory_analyzer:/opt/ros/humble LD_LIBRARY_PATH=/home/beniamino/ros2_ws/install/kdl_inverse_dynamics_solver/lib:/home/beniamino/ros2_ws/install/cartesian_control_msgs/lib:/home/beniamino/ros2_ws/install/panda_impedance_controller/lib:/opt/ros/humble/opt/rviz_ogre_vendor/lib:/opt/ros/humble/lib/x86_64-linux-gnu:/opt/ros/humble/lib /usr/bin/cmake --build /home/beniamino/ros2_ws/build/panda_impedance_controller -- -j12 -l12
[49.319s] Invoking command in '/home/beniamino/ros2_ws/build/panda_impedance_controller': CMAKE_PREFIX_PATH=/home/beniamino/ros2_ws/install/kdl_inverse_dynamics_solver:/home/beniamino/ros2_ws/install/ros_extensions_utilities:/home/beniamino/ros2_ws/install/inverse_dynamics_solver:/home/beniamino/ros2_ws/install/cartesian_control_msgs:/home/beniamino/ros2_ws/install/panda_moveit_planning_demo:/home/beniamino/ros2_ws/install/panda_impedance_controller:/home/beniamino/ros2_ws/install/acg_resources_panda_moveit_config:/home/beniamino/ros2_ws/install/acg_resources_panda_description:/home/beniamino/ros2_ws/install/acg_resources_panda_trajectory_generation:/home/beniamino/ros2_ws/install/acg_resources_panda_trajectory_analyzer:/opt/ros/humble LD_LIBRARY_PATH=/home/beniamino/ros2_ws/install/kdl_inverse_dynamics_solver/lib:/home/beniamino/ros2_ws/install/cartesian_control_msgs/lib:/home/beniamino/ros2_ws/install/panda_impedance_controller/lib:/opt/ros/humble/opt/rviz_ogre_vendor/lib:/opt/ros/humble/lib/x86_64-linux-gnu:/opt/ros/humble/lib /usr/bin/cmake --install /home/beniamino/ros2_ws/build/panda_impedance_controller
[49.328s] -- Install configuration: ""
[49.328s] -- Installing: /home/beniamino/ros2_ws/install/panda_impedance_controller/include/panda_impedance_controller_parameters
[49.328s] -- Installing: /home/beniamino/ros2_ws/install/panda_impedance_controller/include/panda_impedance_controller_parameters/panda_impedance_controller_parameters.hpp
[49.329s] -- Installing: /home/beniamino/ros2_ws/install/panda_impedance_controller/share/panda_impedance_controller/panda_impedance_controller.xml
[49.329s] -- Installing: /home/beniamino/ros2_ws/install/panda_impedance_controller/lib/libpanda_impedance_controller.so
[49.351s] -- Set runtime path of "/home/beniamino/ros2_ws/install/panda_impedance_controller/lib/libpanda_impedance_controller.so" to ""
[49.351s] -- Installing: /home/beniamino/ros2_ws/install/panda_impedance_controller/lib/panda_impedance_controller/calculate_pose
[49.357s] -- Set runtime path of "/home/beniamino/ros2_ws/install/panda_impedance_controller/lib/panda_impedance_controller/calculate_pose" to ""
[49.358s] -- Up-to-date: /home/beniamino/ros2_ws/install/panda_impedance_controller/include/
[49.358s] -- Installing: /home/beniamino/ros2_ws/install/panda_impedance_controller/include//panda_impedance_controller
[49.358s] -- Installing: /home/beniamino/ros2_ws/install/panda_impedance_controller/include//panda_impedance_controller/impedance_controller.hpp
[49.358s] -- Up-to-date: /home/beniamino/ros2_ws/install/panda_impedance_controller/share/panda_impedance_controller/panda_impedance_controller.xml
[49.358s] -- Installing: /home/beniamino/ros2_ws/install/panda_impedance_controller/share/panda_impedance_controller/environment/library_path.sh
[49.358s] -- Installing: /home/beniamino/ros2_ws/install/panda_impedance_controller/share/panda_impedance_controller/environment/library_path.dsv
[49.358s] -- Installing: /home/beniamino/ros2_ws/install/panda_impedance_controller/share/ament_index/resource_index/package_run_dependencies/panda_impedance_controller
[49.358s] -- Installing: /home/beniamino/ros2_ws/install/panda_impedance_controller/share/ament_index/resource_index/parent_prefix_path/panda_impedance_controller
[49.358s] -- Installing: /home/beniamino/ros2_ws/install/panda_impedance_controller/share/panda_impedance_controller/environment/ament_prefix_path.sh
[49.359s] -- Installing: /home/beniamino/ros2_ws/install/panda_impedance_controller/share/panda_impedance_controller/environment/ament_prefix_path.dsv
[49.359s] -- Installing: /home/beniamino/ros2_ws/install/panda_impedance_controller/share/panda_impedance_controller/environment/path.sh
[49.359s] -- Installing: /home/beniamino/ros2_ws/install/panda_impedance_controller/share/panda_impedance_controller/environment/path.dsv
[49.359s] -- Installing: /home/beniamino/ros2_ws/install/panda_impedance_controller/share/panda_impedance_controller/local_setup.bash
[49.359s] -- Installing: /home/beniamino/ros2_ws/install/panda_impedance_controller/share/panda_impedance_controller/local_setup.sh
[49.359s] -- Installing: /home/beniamino/ros2_ws/install/panda_impedance_controller/share/panda_impedance_controller/local_setup.zsh
[49.359s] -- Installing: /home/beniamino/ros2_ws/install/panda_impedance_controller/share/panda_impedance_controller/local_setup.dsv
[49.360s] -- Installing: /home/beniamino/ros2_ws/install/panda_impedance_controller/share/panda_impedance_controller/package.dsv
[49.360s] -- Installing: /home/beniamino/ros2_ws/install/panda_impedance_controller/share/ament_index/resource_index/packages/panda_impedance_controller
[49.360s] -- Installing: /home/beniamino/ros2_ws/install/panda_impedance_controller/share/ament_index/resource_index/controller_interface__pluginlib__plugin/panda_impedance_controller
[49.360s] -- Installing: /home/beniamino/ros2_ws/install/panda_impedance_controller/share/panda_impedance_controller/cmake/ament_cmake_export_dependencies-extras.cmake
[49.361s] -- Installing: /home/beniamino/ros2_ws/install/panda_impedance_controller/share/panda_impedance_controller/cmake/ament_cmake_export_include_directories-extras.cmake
[49.361s] -- Installing: /home/beniamino/ros2_ws/install/panda_impedance_controller/share/panda_impedance_controller/cmake/ament_cmake_export_libraries-extras.cmake
[49.361s] -- Installing: /home/beniamino/ros2_ws/install/panda_impedance_controller/share/panda_impedance_controller/cmake/panda_impedance_controllerConfig.cmake
[49.361s] -- Installing: /home/beniamino/ros2_ws/install/panda_impedance_controller/share/panda_impedance_controller/cmake/panda_impedance_controllerConfig-version.cmake
[49.361s] -- Installing: /home/beniamino/ros2_ws/install/panda_impedance_controller/share/panda_impedance_controller/package.xml
[49.366s] Invoked command in '/home/beniamino/ros2_ws/build/panda_impedance_controller' returned '0': CMAKE_PREFIX_PATH=/home/beniamino/ros2_ws/install/kdl_inverse_dynamics_solver:/home/beniamino/ros2_ws/install/ros_extensions_utilities:/home/beniamino/ros2_ws/install/inverse_dynamics_solver:/home/beniamino/ros2_ws/install/cartesian_control_msgs:/home/beniamino/ros2_ws/install/panda_moveit_planning_demo:/home/beniamino/ros2_ws/install/panda_impedance_controller:/home/beniamino/ros2_ws/install/acg_resources_panda_moveit_config:/home/beniamino/ros2_ws/install/acg_resources_panda_description:/home/beniamino/ros2_ws/install/acg_resources_panda_trajectory_generation:/home/beniamino/ros2_ws/install/acg_resources_panda_trajectory_analyzer:/opt/ros/humble LD_LIBRARY_PATH=/home/beniamino/ros2_ws/install/kdl_inverse_dynamics_solver/lib:/home/beniamino/ros2_ws/install/cartesian_control_msgs/lib:/home/beniamino/ros2_ws/install/panda_impedance_controller/lib:/opt/ros/humble/opt/rviz_ogre_vendor/lib:/opt/ros/humble/lib/x86_64-linux-gnu:/opt/ros/humble/lib /usr/bin/cmake --install /home/beniamino/ros2_ws/build/panda_impedance_controller
