[0.018s] Invoking command in '/home/beniamino/ros2_ws/build/panda_impedance_controller': CMAKE_PREFIX_PATH=/home/beniamino/ros2_ws/install/kdl_inverse_dynamics_solver:/home/beniamino/ros2_ws/install/ros_extensions_utilities:/home/beniamino/ros2_ws/install/inverse_dynamics_solver:/home/beniamino/ros2_ws/install/cartesian_control_msgs:/home/beniamino/ros2_ws/install/panda_moveit_planning_demo:/home/beniamino/ros2_ws/install/panda_impedance_controller:/home/beniamino/ros2_ws/install/acg_resources_panda_moveit_config:/home/beniamino/ros2_ws/install/acg_resources_panda_description:/home/beniamino/ros2_ws/install/acg_resources_panda_trajectory_generation:/home/beniamino/ros2_ws/install/acg_resources_panda_trajectory_analyzer:/opt/ros/humble LD_LIBRARY_PATH=/home/beniamino/ros2_ws/install/kdl_inverse_dynamics_solver/lib:/home/beniamino/ros2_ws/install/cartesian_control_msgs/lib:/home/beniamino/ros2_ws/install/panda_impedance_controller/lib:/opt/ros/humble/opt/rviz_ogre_vendor/lib:/opt/ros/humble/lib/x86_64-linux-gnu:/opt/ros/humble/lib /usr/bin/cmake --build /home/beniamino/ros2_ws/build/panda_impedance_controller -- -j12 -l12
[0.103s] [ 16%] [34m[1mRunning `/opt/ros/humble/bin/generate_parameter_library_cpp /home/beniamino/ros2_ws/build/panda_impedance_controller/panda_impedance_controller_parameters/include//panda_impedance_controller_parameters.hpp /home/beniamino/ros2_ws/src/panda_impedance_controller/panda_impedance_controller/src/impedance_controller_parameters.yaml `[0m
[0.119s] [ 50%] Built target calculate_pose
[1.054s] [ 50%] Built target panda_impedance_controller_parameters
[1.135s] [ 66%] [32mBuilding CXX object CMakeFiles/panda_impedance_controller.dir/src/impedance_controller.cpp.o[0m
[34.427s] [ 83%] [32m[1mLinking CXX shared library libpanda_impedance_controller.so[0m
[36.938s] [100%] Built target panda_impedance_controller
[36.955s] Invoked command in '/home/beniamino/ros2_ws/build/panda_impedance_controller' returned '0': CMAKE_PREFIX_PATH=/home/beniamino/ros2_ws/install/kdl_inverse_dynamics_solver:/home/beniamino/ros2_ws/install/ros_extensions_utilities:/home/beniamino/ros2_ws/install/inverse_dynamics_solver:/home/beniamino/ros2_ws/install/cartesian_control_msgs:/home/beniamino/ros2_ws/install/panda_moveit_planning_demo:/home/beniamino/ros2_ws/install/panda_impedance_controller:/home/beniamino/ros2_ws/install/acg_resources_panda_moveit_config:/home/beniamino/ros2_ws/install/acg_resources_panda_description:/home/beniamino/ros2_ws/install/acg_resources_panda_trajectory_generation:/home/beniamino/ros2_ws/install/acg_resources_panda_trajectory_analyzer:/opt/ros/humble LD_LIBRARY_PATH=/home/beniamino/ros2_ws/install/kdl_inverse_dynamics_solver/lib:/home/beniamino/ros2_ws/install/cartesian_control_msgs/lib:/home/beniamino/ros2_ws/install/panda_impedance_controller/lib:/opt/ros/humble/opt/rviz_ogre_vendor/lib:/opt/ros/humble/lib/x86_64-linux-gnu:/opt/ros/humble/lib /usr/bin/cmake --build /home/beniamino/ros2_ws/build/panda_impedance_controller -- -j12 -l12
[37.006s] Invoking command in '/home/beniamino/ros2_ws/build/panda_impedance_controller': CMAKE_PREFIX_PATH=/home/beniamino/ros2_ws/install/kdl_inverse_dynamics_solver:/home/beniamino/ros2_ws/install/ros_extensions_utilities:/home/beniamino/ros2_ws/install/inverse_dynamics_solver:/home/beniamino/ros2_ws/install/cartesian_control_msgs:/home/beniamino/ros2_ws/install/panda_moveit_planning_demo:/home/beniamino/ros2_ws/install/panda_impedance_controller:/home/beniamino/ros2_ws/install/acg_resources_panda_moveit_config:/home/beniamino/ros2_ws/install/acg_resources_panda_description:/home/beniamino/ros2_ws/install/acg_resources_panda_trajectory_generation:/home/beniamino/ros2_ws/install/acg_resources_panda_trajectory_analyzer:/opt/ros/humble LD_LIBRARY_PATH=/home/beniamino/ros2_ws/install/kdl_inverse_dynamics_solver/lib:/home/beniamino/ros2_ws/install/cartesian_control_msgs/lib:/home/beniamino/ros2_ws/install/panda_impedance_controller/lib:/opt/ros/humble/opt/rviz_ogre_vendor/lib:/opt/ros/humble/lib/x86_64-linux-gnu:/opt/ros/humble/lib /usr/bin/cmake --install /home/beniamino/ros2_ws/build/panda_impedance_controller
[37.019s] -- Install configuration: ""
[37.019s] -- Up-to-date: /home/beniamino/ros2_ws/install/panda_impedance_controller/include/panda_impedance_controller_parameters
[37.019s] -- Installing: /home/beniamino/ros2_ws/install/panda_impedance_controller/include/panda_impedance_controller_parameters/panda_impedance_controller_parameters.hpp
[37.020s] -- Up-to-date: /home/beniamino/ros2_ws/install/panda_impedance_controller/share/panda_impedance_controller/panda_impedance_controller.xml
[37.020s] -- Installing: /home/beniamino/ros2_ws/install/panda_impedance_controller/lib/libpanda_impedance_controller.so
[37.050s] -- Set runtime path of "/home/beniamino/ros2_ws/install/panda_impedance_controller/lib/libpanda_impedance_controller.so" to ""
[37.050s] -- Up-to-date: /home/beniamino/ros2_ws/install/panda_impedance_controller/lib/panda_impedance_controller/calculate_pose
[37.050s] -- Up-to-date: /home/beniamino/ros2_ws/install/panda_impedance_controller/include/
[37.051s] -- Up-to-date: /home/beniamino/ros2_ws/install/panda_impedance_controller/include//panda_impedance_controller
[37.051s] -- Up-to-date: /home/beniamino/ros2_ws/install/panda_impedance_controller/include//panda_impedance_controller/impedance_controller.hpp
[37.051s] -- Up-to-date: /home/beniamino/ros2_ws/install/panda_impedance_controller/share/panda_impedance_controller/panda_impedance_controller.xml
[37.051s] -- Up-to-date: /home/beniamino/ros2_ws/install/panda_impedance_controller/share/panda_impedance_controller/environment/library_path.sh
[37.051s] -- Up-to-date: /home/beniamino/ros2_ws/install/panda_impedance_controller/share/panda_impedance_controller/environment/library_path.dsv
[37.052s] -- Up-to-date: /home/beniamino/ros2_ws/install/panda_impedance_controller/share/ament_index/resource_index/package_run_dependencies/panda_impedance_controller
[37.052s] -- Up-to-date: /home/beniamino/ros2_ws/install/panda_impedance_controller/share/ament_index/resource_index/parent_prefix_path/panda_impedance_controller
[37.052s] -- Up-to-date: /home/beniamino/ros2_ws/install/panda_impedance_controller/share/panda_impedance_controller/environment/ament_prefix_path.sh
[37.052s] -- Up-to-date: /home/beniamino/ros2_ws/install/panda_impedance_controller/share/panda_impedance_controller/environment/ament_prefix_path.dsv
[37.052s] -- Up-to-date: /home/beniamino/ros2_ws/install/panda_impedance_controller/share/panda_impedance_controller/environment/path.sh
[37.052s] -- Up-to-date: /home/beniamino/ros2_ws/install/panda_impedance_controller/share/panda_impedance_controller/environment/path.dsv
[37.052s] -- Up-to-date: /home/beniamino/ros2_ws/install/panda_impedance_controller/share/panda_impedance_controller/local_setup.bash
[37.052s] -- Up-to-date: /home/beniamino/ros2_ws/install/panda_impedance_controller/share/panda_impedance_controller/local_setup.sh
[37.053s] -- Up-to-date: /home/beniamino/ros2_ws/install/panda_impedance_controller/share/panda_impedance_controller/local_setup.zsh
[37.053s] -- Up-to-date: /home/beniamino/ros2_ws/install/panda_impedance_controller/share/panda_impedance_controller/local_setup.dsv
[37.053s] -- Installing: /home/beniamino/ros2_ws/install/panda_impedance_controller/share/panda_impedance_controller/package.dsv
[37.053s] -- Up-to-date: /home/beniamino/ros2_ws/install/panda_impedance_controller/share/ament_index/resource_index/packages/panda_impedance_controller
[37.053s] -- Up-to-date: /home/beniamino/ros2_ws/install/panda_impedance_controller/share/ament_index/resource_index/controller_interface__pluginlib__plugin/panda_impedance_controller
[37.053s] -- Up-to-date: /home/beniamino/ros2_ws/install/panda_impedance_controller/share/panda_impedance_controller/cmake/ament_cmake_export_dependencies-extras.cmake
[37.053s] -- Up-to-date: /home/beniamino/ros2_ws/install/panda_impedance_controller/share/panda_impedance_controller/cmake/ament_cmake_export_include_directories-extras.cmake
[37.053s] -- Up-to-date: /home/beniamino/ros2_ws/install/panda_impedance_controller/share/panda_impedance_controller/cmake/ament_cmake_export_libraries-extras.cmake
[37.053s] -- Up-to-date: /home/beniamino/ros2_ws/install/panda_impedance_controller/share/panda_impedance_controller/cmake/panda_impedance_controllerConfig.cmake
[37.053s] -- Up-to-date: /home/beniamino/ros2_ws/install/panda_impedance_controller/share/panda_impedance_controller/cmake/panda_impedance_controllerConfig-version.cmake
[37.054s] -- Up-to-date: /home/beniamino/ros2_ws/install/panda_impedance_controller/share/panda_impedance_controller/package.xml
[37.056s] Invoked command in '/home/beniamino/ros2_ws/build/panda_impedance_controller' returned '0': CMAKE_PREFIX_PATH=/home/beniamino/ros2_ws/install/kdl_inverse_dynamics_solver:/home/beniamino/ros2_ws/install/ros_extensions_utilities:/home/beniamino/ros2_ws/install/inverse_dynamics_solver:/home/beniamino/ros2_ws/install/cartesian_control_msgs:/home/beniamino/ros2_ws/install/panda_moveit_planning_demo:/home/beniamino/ros2_ws/install/panda_impedance_controller:/home/beniamino/ros2_ws/install/acg_resources_panda_moveit_config:/home/beniamino/ros2_ws/install/acg_resources_panda_description:/home/beniamino/ros2_ws/install/acg_resources_panda_trajectory_generation:/home/beniamino/ros2_ws/install/acg_resources_panda_trajectory_analyzer:/opt/ros/humble LD_LIBRARY_PATH=/home/beniamino/ros2_ws/install/kdl_inverse_dynamics_solver/lib:/home/beniamino/ros2_ws/install/cartesian_control_msgs/lib:/home/beniamino/ros2_ws/install/panda_impedance_controller/lib:/opt/ros/humble/opt/rviz_ogre_vendor/lib:/opt/ros/humble/lib/x86_64-linux-gnu:/opt/ros/humble/lib /usr/bin/cmake --install /home/beniamino/ros2_ws/build/panda_impedance_controller
