[0.023s] Invoking command in '/home/beniamino/ros2_ws/build/panda_moveit_planning_demo': CMAKE_PREFIX_PATH=/home/beniamino/ros2_ws/install/acg_resources_panda_moveit_config:/home/beniamino/ros2_ws/install/cartesian_control_msgs:/home/beniamino/ros2_ws/install/acg_resources_panda_description:/home/beniamino/ros2_ws/install/ros_extensions_utilities:/home/beniamino/ros2_ws/install/panda_moveit_planning_demo:/home/beniamino/ros2_ws/install/panda_impedance_controller:/home/beniamino/ros2_ws/install/kdl_inverse_dynamics_solver:/home/beniamino/ros2_ws/install/inverse_dynamics_solver:/home/beniamino/ros2_ws/install/acg_resources_panda_trajectory_generation:/home/beniamino/ros2_ws/install/acg_resources_panda_trajectory_analyzer:/opt/ros/humble LD_LIBRARY_PATH=/home/beniamino/ros2_ws/install/cartesian_control_msgs/lib:/home/beniamino/ros2_ws/install/panda_impedance_controller/lib:/home/beniamino/ros2_ws/install/kdl_inverse_dynamics_solver/lib:/opt/ros/humble/opt/rviz_ogre_vendor/lib:/opt/ros/humble/lib/x86_64-linux-gnu:/opt/ros/humble/lib /usr/bin/cmake --build /home/beniamino/ros2_ws/build/panda_moveit_planning_demo -- -j12 -l12
[0.116s] [  7%] Built target task_space_client_utils_parameters
[0.128s] [ 23%] Built target bag_file_utils
[0.149s] [ 38%] Built target moveit_utils
[0.174s] [ 53%] Built target task_space_client_utils
[0.208s] [35m[1mConsolidate compiler generated dependencies of target panda_moveit_cartesian_demo_nobag[0m
[0.240s] [ 69%] Built target panda_moveit_cartesian_demo
[0.241s] [ 84%] Built target panda_moveit_planning_node
[0.271s] [ 92%] [32mBuilding CXX object CMakeFiles/panda_moveit_cartesian_demo_nobag.dir/src/panda_moveit_cartesian_demo_nobag.cpp.o[0m
[23.111s] [100%] [32m[1mLinking CXX executable panda_moveit_cartesian_demo_nobag[0m
[24.791s] [100%] Built target panda_moveit_cartesian_demo_nobag
[24.817s] Invoked command in '/home/beniamino/ros2_ws/build/panda_moveit_planning_demo' returned '0': CMAKE_PREFIX_PATH=/home/beniamino/ros2_ws/install/acg_resources_panda_moveit_config:/home/beniamino/ros2_ws/install/cartesian_control_msgs:/home/beniamino/ros2_ws/install/acg_resources_panda_description:/home/beniamino/ros2_ws/install/ros_extensions_utilities:/home/beniamino/ros2_ws/install/panda_moveit_planning_demo:/home/beniamino/ros2_ws/install/panda_impedance_controller:/home/beniamino/ros2_ws/install/kdl_inverse_dynamics_solver:/home/beniamino/ros2_ws/install/inverse_dynamics_solver:/home/beniamino/ros2_ws/install/acg_resources_panda_trajectory_generation:/home/beniamino/ros2_ws/install/acg_resources_panda_trajectory_analyzer:/opt/ros/humble LD_LIBRARY_PATH=/home/beniamino/ros2_ws/install/cartesian_control_msgs/lib:/home/beniamino/ros2_ws/install/panda_impedance_controller/lib:/home/beniamino/ros2_ws/install/kdl_inverse_dynamics_solver/lib:/opt/ros/humble/opt/rviz_ogre_vendor/lib:/opt/ros/humble/lib/x86_64-linux-gnu:/opt/ros/humble/lib /usr/bin/cmake --build /home/beniamino/ros2_ws/build/panda_moveit_planning_demo -- -j12 -l12
[24.905s] Invoking command in '/home/beniamino/ros2_ws/build/panda_moveit_planning_demo': CMAKE_PREFIX_PATH=/home/beniamino/ros2_ws/install/acg_resources_panda_moveit_config:/home/beniamino/ros2_ws/install/cartesian_control_msgs:/home/beniamino/ros2_ws/install/acg_resources_panda_description:/home/beniamino/ros2_ws/install/ros_extensions_utilities:/home/beniamino/ros2_ws/install/panda_moveit_planning_demo:/home/beniamino/ros2_ws/install/panda_impedance_controller:/home/beniamino/ros2_ws/install/kdl_inverse_dynamics_solver:/home/beniamino/ros2_ws/install/inverse_dynamics_solver:/home/beniamino/ros2_ws/install/acg_resources_panda_trajectory_generation:/home/beniamino/ros2_ws/install/acg_resources_panda_trajectory_analyzer:/opt/ros/humble LD_LIBRARY_PATH=/home/beniamino/ros2_ws/install/cartesian_control_msgs/lib:/home/beniamino/ros2_ws/install/panda_impedance_controller/lib:/home/beniamino/ros2_ws/install/kdl_inverse_dynamics_solver/lib:/opt/ros/humble/opt/rviz_ogre_vendor/lib:/opt/ros/humble/lib/x86_64-linux-gnu:/opt/ros/humble/lib /usr/bin/cmake --install /home/beniamino/ros2_ws/build/panda_moveit_planning_demo
[24.916s] -- Install configuration: ""
[24.916s] -- Up-to-date: /home/beniamino/ros2_ws/install/panda_moveit_planning_demo/include/task_space_client_utils_parameters
[24.916s] -- Up-to-date: /home/beniamino/ros2_ws/install/panda_moveit_planning_demo/include/task_space_client_utils_parameters/task_space_client_utils_parameters.hpp
[24.916s] -- Up-to-date: /home/beniamino/ros2_ws/install/panda_moveit_planning_demo/lib/panda_moveit_planning_demo/panda_moveit_planning_node
[24.917s] -- Up-to-date: /home/beniamino/ros2_ws/install/panda_moveit_planning_demo/lib/panda_moveit_planning_demo/panda_moveit_cartesian_demo
[24.918s] -- Installing: /home/beniamino/ros2_ws/install/panda_moveit_planning_demo/lib/panda_moveit_planning_demo/panda_moveit_cartesian_demo_nobag
[24.922s] -- Set runtime path of "/home/beniamino/ros2_ws/install/panda_moveit_planning_demo/lib/panda_moveit_planning_demo/panda_moveit_cartesian_demo_nobag" to ""
[24.923s] -- Up-to-date: /home/beniamino/ros2_ws/install/panda_moveit_planning_demo/lib/panda_moveit_planning_demo/libmoveit_utils.a
[24.923s] -- Up-to-date: /home/beniamino/ros2_ws/install/panda_moveit_planning_demo/lib/panda_moveit_planning_demo/libbag_file_utils.a
[24.923s] -- Up-to-date: /home/beniamino/ros2_ws/install/panda_moveit_planning_demo/lib/panda_moveit_planning_demo/libtask_space_client_utils.a
[24.924s] -- Up-to-date: /home/beniamino/ros2_ws/install/panda_moveit_planning_demo/share/panda_moveit_planning_demo/launch
[24.924s] -- Up-to-date: /home/beniamino/ros2_ws/install/panda_moveit_planning_demo/share/panda_moveit_planning_demo/launch/panda_moveit_planning_node.launch.py
[24.924s] -- Up-to-date: /home/beniamino/ros2_ws/install/panda_moveit_planning_demo/share/panda_moveit_planning_demo/launch/demo.launch.py
[24.925s] -- Up-to-date: /home/beniamino/ros2_ws/install/panda_moveit_planning_demo/share/panda_moveit_planning_demo/launch/panda_moveit_cartesian_demo.launch.py
[24.925s] -- Up-to-date: /home/beniamino/ros2_ws/install/panda_moveit_planning_demo/include/panda_moveit_planning_demo
[24.925s] -- Up-to-date: /home/beniamino/ros2_ws/install/panda_moveit_planning_demo/include/panda_moveit_planning_demo/task_space_client_utils.hpp
[24.925s] -- Up-to-date: /home/beniamino/ros2_ws/install/panda_moveit_planning_demo/include/panda_moveit_planning_demo/moveit_utils.hpp
[24.925s] -- Up-to-date: /home/beniamino/ros2_ws/install/panda_moveit_planning_demo/include/panda_moveit_planning_demo/bag_file_utils.hpp
[24.925s] -- Up-to-date: /home/beniamino/ros2_ws/install/panda_moveit_planning_demo/share/panda_moveit_planning_demo/launch
[24.926s] -- Up-to-date: /home/beniamino/ros2_ws/install/panda_moveit_planning_demo/share/panda_moveit_planning_demo/launch/panda_moveit_planning_node.launch.py
[24.926s] -- Up-to-date: /home/beniamino/ros2_ws/install/panda_moveit_planning_demo/share/panda_moveit_planning_demo/launch/demo.launch.py
[24.926s] -- Up-to-date: /home/beniamino/ros2_ws/install/panda_moveit_planning_demo/share/panda_moveit_planning_demo/launch/panda_moveit_cartesian_demo.launch.py
[24.926s] -- Up-to-date: /home/beniamino/ros2_ws/install/panda_moveit_planning_demo/share/ament_index/resource_index/package_run_dependencies/panda_moveit_planning_demo
[24.926s] -- Up-to-date: /home/beniamino/ros2_ws/install/panda_moveit_planning_demo/share/ament_index/resource_index/parent_prefix_path/panda_moveit_planning_demo
[24.927s] -- Up-to-date: /home/beniamino/ros2_ws/install/panda_moveit_planning_demo/share/panda_moveit_planning_demo/environment/ament_prefix_path.sh
[24.927s] -- Up-to-date: /home/beniamino/ros2_ws/install/panda_moveit_planning_demo/share/panda_moveit_planning_demo/environment/ament_prefix_path.dsv
[24.927s] -- Up-to-date: /home/beniamino/ros2_ws/install/panda_moveit_planning_demo/share/panda_moveit_planning_demo/environment/path.sh
[24.928s] -- Up-to-date: /home/beniamino/ros2_ws/install/panda_moveit_planning_demo/share/panda_moveit_planning_demo/environment/path.dsv
[24.930s] -- Up-to-date: /home/beniamino/ros2_ws/install/panda_moveit_planning_demo/share/panda_moveit_planning_demo/local_setup.bash
[24.930s] -- Up-to-date: /home/beniamino/ros2_ws/install/panda_moveit_planning_demo/share/panda_moveit_planning_demo/local_setup.sh
[24.930s] -- Up-to-date: /home/beniamino/ros2_ws/install/panda_moveit_planning_demo/share/panda_moveit_planning_demo/local_setup.zsh
[24.930s] -- Up-to-date: /home/beniamino/ros2_ws/install/panda_moveit_planning_demo/share/panda_moveit_planning_demo/local_setup.dsv
[24.931s] -- Installing: /home/beniamino/ros2_ws/install/panda_moveit_planning_demo/share/panda_moveit_planning_demo/package.dsv
[24.931s] -- Up-to-date: /home/beniamino/ros2_ws/install/panda_moveit_planning_demo/share/ament_index/resource_index/packages/panda_moveit_planning_demo
[24.931s] -- Up-to-date: /home/beniamino/ros2_ws/install/panda_moveit_planning_demo/share/panda_moveit_planning_demo/cmake/ament_cmake_export_dependencies-extras.cmake
[24.931s] -- Up-to-date: /home/beniamino/ros2_ws/install/panda_moveit_planning_demo/share/panda_moveit_planning_demo/cmake/panda_moveit_planning_demoConfig.cmake
[24.931s] -- Up-to-date: /home/beniamino/ros2_ws/install/panda_moveit_planning_demo/share/panda_moveit_planning_demo/cmake/panda_moveit_planning_demoConfig-version.cmake
[24.931s] -- Up-to-date: /home/beniamino/ros2_ws/install/panda_moveit_planning_demo/share/panda_moveit_planning_demo/package.xml
[24.931s] Invoked command in '/home/beniamino/ros2_ws/build/panda_moveit_planning_demo' returned '0': CMAKE_PREFIX_PATH=/home/beniamino/ros2_ws/install/acg_resources_panda_moveit_config:/home/beniamino/ros2_ws/install/cartesian_control_msgs:/home/beniamino/ros2_ws/install/acg_resources_panda_description:/home/beniamino/ros2_ws/install/ros_extensions_utilities:/home/beniamino/ros2_ws/install/panda_moveit_planning_demo:/home/beniamino/ros2_ws/install/panda_impedance_controller:/home/beniamino/ros2_ws/install/kdl_inverse_dynamics_solver:/home/beniamino/ros2_ws/install/inverse_dynamics_solver:/home/beniamino/ros2_ws/install/acg_resources_panda_trajectory_generation:/home/beniamino/ros2_ws/install/acg_resources_panda_trajectory_analyzer:/opt/ros/humble LD_LIBRARY_PATH=/home/beniamino/ros2_ws/install/cartesian_control_msgs/lib:/home/beniamino/ros2_ws/install/panda_impedance_controller/lib:/home/beniamino/ros2_ws/install/kdl_inverse_dynamics_solver/lib:/opt/ros/humble/opt/rviz_ogre_vendor/lib:/opt/ros/humble/lib/x86_64-linux-gnu:/opt/ros/humble/lib /usr/bin/cmake --install /home/beniamino/ros2_ws/build/panda_moveit_planning_demo
