[0.242s] DEBUG:colcon:Command line arguments: ['/usr/bin/colcon', 'build', '--packages-up-to', 'acg_resources_panda_moveit_config']
[0.242s] DEBUG:colcon:Parsed command line arguments: Namespace(log_base=None, log_level=None, verb_name='build', build_base='build', install_base='install', merge_install=False, symlink_install=False, test_result_base=None, continue_on_error=False, executor='parallel', parallel_workers=12, event_handlers=None, ignore_user_meta=False, metas=['./colcon.meta'], base_paths=['.'], packages_ignore=None, packages_ignore_regex=None, paths=None, packages_up_to=['acg_resources_panda_moveit_config'], packages_up_to_regex=None, packages_above=None, packages_above_and_dependencies=None, packages_above_depth=None, packages_select_by_dep=None, packages_skip_by_dep=None, packages_skip_up_to=None, packages_select_build_failed=False, packages_skip_build_finished=False, packages_select_test_failures=False, packages_skip_test_passed=False, packages_select=None, packages_skip=None, packages_select_regex=None, packages_skip_regex=None, packages_start=None, packages_end=None, allow_overriding=[], cmake_args=None, cmake_target=None, cmake_target_skip_unavailable=False, cmake_clean_cache=False, cmake_clean_first=False, cmake_force_configure=False, ament_cmake_args=None, catkin_cmake_args=None, catkin_skip_building_tests=False, mixin_files=None, mixin=None, verb_parser=<colcon_mixin.mixin.mixin_argument.MixinArgumentDecorator object at 0x777ccea6fb50>, verb_extension=<colcon_core.verb.build.BuildVerb object at 0x777ccea6f610>, main=<bound method BuildVerb.main of <colcon_core.verb.build.BuildVerb object at 0x777ccea6f610>>, mixin_verb=('build',))
[0.302s] Level 1:colcon.colcon_core.package_discovery:discover_packages(colcon_meta) check parameters
[0.302s] Level 1:colcon.colcon_core.package_discovery:discover_packages(recursive) check parameters
[0.302s] Level 1:colcon.colcon_core.package_discovery:discover_packages(ignore) check parameters
[0.302s] Level 1:colcon.colcon_core.package_discovery:discover_packages(path) check parameters
[0.303s] Level 1:colcon.colcon_core.package_discovery:discover_packages(colcon_meta) discover
[0.303s] Level 1:colcon.colcon_core.package_discovery:discover_packages(recursive) discover
[0.303s] INFO:colcon.colcon_core.package_discovery:Crawling recursively for packages in '/home/beniamino/ros2_ws'
[0.303s] Level 1:colcon.colcon_core.package_identification:_identify(.) by extensions ['ignore', 'ignore_ament_install']
[0.303s] Level 1:colcon.colcon_core.package_identification:_identify(.) by extension 'ignore'
[0.303s] Level 1:colcon.colcon_core.package_identification:_identify(.) by extension 'ignore_ament_install'
[0.303s] Level 1:colcon.colcon_core.package_identification:_identify(.) by extensions ['colcon_pkg']
[0.303s] Level 1:colcon.colcon_core.package_identification:_identify(.) by extension 'colcon_pkg'
[0.303s] Level 1:colcon.colcon_core.package_identification:_identify(.) by extensions ['colcon_meta']
[0.303s] Level 1:colcon.colcon_core.package_identification:_identify(.) by extension 'colcon_meta'
[0.303s] Level 1:colcon.colcon_core.package_identification:_identify(.) by extensions ['ros']
[0.304s] Level 1:colcon.colcon_core.package_identification:_identify(.) by extension 'ros'
[0.328s] Level 1:colcon.colcon_core.package_identification:_identify(.) by extensions ['cmake', 'python']
[0.328s] Level 1:colcon.colcon_core.package_identification:_identify(.) by extension 'cmake'
[0.328s] Level 1:colcon.colcon_core.package_identification:_identify(.) by extension 'python'
[0.328s] Level 1:colcon.colcon_core.package_identification:_identify(.) by extensions ['python_setup_py']
[0.328s] Level 1:colcon.colcon_core.package_identification:_identify(.) by extension 'python_setup_py'
[0.329s] Level 1:colcon.colcon_core.package_identification:_identify(build) by extensions ['ignore', 'ignore_ament_install']
[0.329s] Level 1:colcon.colcon_core.package_identification:_identify(build) by extension 'ignore'
[0.329s] Level 1:colcon.colcon_core.package_identification:_identify(build) ignored
[0.329s] Level 1:colcon.colcon_core.package_identification:_identify(executed_line_trajectory_2024_09_08_18_44_22.bag) by extensions ['ignore', 'ignore_ament_install']
[0.329s] Level 1:colcon.colcon_core.package_identification:_identify(executed_line_trajectory_2024_09_08_18_44_22.bag) by extension 'ignore'
[0.329s] Level 1:colcon.colcon_core.package_identification:_identify(executed_line_trajectory_2024_09_08_18_44_22.bag) by extension 'ignore_ament_install'
[0.329s] Level 1:colcon.colcon_core.package_identification:_identify(executed_line_trajectory_2024_09_08_18_44_22.bag) by extensions ['colcon_pkg']
[0.329s] Level 1:colcon.colcon_core.package_identification:_identify(executed_line_trajectory_2024_09_08_18_44_22.bag) by extension 'colcon_pkg'
[0.329s] Level 1:colcon.colcon_core.package_identification:_identify(executed_line_trajectory_2024_09_08_18_44_22.bag) by extensions ['colcon_meta']
[0.330s] Level 1:colcon.colcon_core.package_identification:_identify(executed_line_trajectory_2024_09_08_18_44_22.bag) by extension 'colcon_meta'
[0.330s] Level 1:colcon.colcon_core.package_identification:_identify(executed_line_trajectory_2024_09_08_18_44_22.bag) by extensions ['ros']
[0.330s] Level 1:colcon.colcon_core.package_identification:_identify(executed_line_trajectory_2024_09_08_18_44_22.bag) by extension 'ros'
[0.330s] Level 1:colcon.colcon_core.package_identification:_identify(executed_line_trajectory_2024_09_08_18_44_22.bag) by extensions ['cmake', 'python']
[0.330s] Level 1:colcon.colcon_core.package_identification:_identify(executed_line_trajectory_2024_09_08_18_44_22.bag) by extension 'cmake'
[0.330s] Level 1:colcon.colcon_core.package_identification:_identify(executed_line_trajectory_2024_09_08_18_44_22.bag) by extension 'python'
[0.330s] Level 1:colcon.colcon_core.package_identification:_identify(executed_line_trajectory_2024_09_08_18_44_22.bag) by extensions ['python_setup_py']
[0.330s] Level 1:colcon.colcon_core.package_identification:_identify(executed_line_trajectory_2024_09_08_18_44_22.bag) by extension 'python_setup_py'
[0.330s] Level 1:colcon.colcon_core.package_identification:_identify(install) by extensions ['ignore', 'ignore_ament_install']
[0.330s] Level 1:colcon.colcon_core.package_identification:_identify(install) by extension 'ignore'
[0.330s] Level 1:colcon.colcon_core.package_identification:_identify(install) ignored
[0.331s] Level 1:colcon.colcon_core.package_identification:_identify(log) by extensions ['ignore', 'ignore_ament_install']
[0.331s] Level 1:colcon.colcon_core.package_identification:_identify(log) by extension 'ignore'
[0.331s] Level 1:colcon.colcon_core.package_identification:_identify(log) ignored
[0.331s] Level 1:colcon.colcon_core.package_identification:_identify(src) by extensions ['ignore', 'ignore_ament_install']
[0.331s] Level 1:colcon.colcon_core.package_identification:_identify(src) by extension 'ignore'
[0.331s] Level 1:colcon.colcon_core.package_identification:_identify(src) by extension 'ignore_ament_install'
[0.331s] Level 1:colcon.colcon_core.package_identification:_identify(src) by extensions ['colcon_pkg']
[0.331s] Level 1:colcon.colcon_core.package_identification:_identify(src) by extension 'colcon_pkg'
[0.332s] Level 1:colcon.colcon_core.package_identification:_identify(src) by extensions ['colcon_meta']
[0.332s] Level 1:colcon.colcon_core.package_identification:_identify(src) by extension 'colcon_meta'
[0.332s] Level 1:colcon.colcon_core.package_identification:_identify(src) by extensions ['ros']
[0.332s] Level 1:colcon.colcon_core.package_identification:_identify(src) by extension 'ros'
[0.332s] Level 1:colcon.colcon_core.package_identification:_identify(src) by extensions ['cmake', 'python']
[0.332s] Level 1:colcon.colcon_core.package_identification:_identify(src) by extension 'cmake'
[0.332s] Level 1:colcon.colcon_core.package_identification:_identify(src) by extension 'python'
[0.332s] Level 1:colcon.colcon_core.package_identification:_identify(src) by extensions ['python_setup_py']
[0.332s] Level 1:colcon.colcon_core.package_identification:_identify(src) by extension 'python_setup_py'
[0.332s] Level 1:colcon.colcon_core.package_identification:_identify(src/panda_impedance_controller) by extensions ['ignore', 'ignore_ament_install']
[0.332s] Level 1:colcon.colcon_core.package_identification:_identify(src/panda_impedance_controller) by extension 'ignore'
[0.333s] Level 1:colcon.colcon_core.package_identification:_identify(src/panda_impedance_controller) by extension 'ignore_ament_install'
[0.333s] Level 1:colcon.colcon_core.package_identification:_identify(src/panda_impedance_controller) by extensions ['colcon_pkg']
[0.333s] Level 1:colcon.colcon_core.package_identification:_identify(src/panda_impedance_controller) by extension 'colcon_pkg'
[0.333s] Level 1:colcon.colcon_core.package_identification:_identify(src/panda_impedance_controller) by extensions ['colcon_meta']
[0.333s] Level 1:colcon.colcon_core.package_identification:_identify(src/panda_impedance_controller) by extension 'colcon_meta'
[0.333s] Level 1:colcon.colcon_core.package_identification:_identify(src/panda_impedance_controller) by extensions ['ros']
[0.333s] Level 1:colcon.colcon_core.package_identification:_identify(src/panda_impedance_controller) by extension 'ros'
[0.333s] Level 1:colcon.colcon_core.package_identification:_identify(src/panda_impedance_controller) by extensions ['cmake', 'python']
[0.333s] Level 1:colcon.colcon_core.package_identification:_identify(src/panda_impedance_controller) by extension 'cmake'
[0.333s] Level 1:colcon.colcon_core.package_identification:_identify(src/panda_impedance_controller) by extension 'python'
[0.333s] Level 1:colcon.colcon_core.package_identification:_identify(src/panda_impedance_controller) by extensions ['python_setup_py']
[0.333s] Level 1:colcon.colcon_core.package_identification:_identify(src/panda_impedance_controller) by extension 'python_setup_py'
[0.333s] Level 1:colcon.colcon_core.package_identification:_identify(src/panda_impedance_controller/acg_resources_panda_description) by extensions ['ignore', 'ignore_ament_install']
[0.334s] Level 1:colcon.colcon_core.package_identification:_identify(src/panda_impedance_controller/acg_resources_panda_description) by extension 'ignore'
[0.334s] Level 1:colcon.colcon_core.package_identification:_identify(src/panda_impedance_controller/acg_resources_panda_description) by extension 'ignore_ament_install'
[0.334s] Level 1:colcon.colcon_core.package_identification:_identify(src/panda_impedance_controller/acg_resources_panda_description) by extensions ['colcon_pkg']
[0.334s] Level 1:colcon.colcon_core.package_identification:_identify(src/panda_impedance_controller/acg_resources_panda_description) by extension 'colcon_pkg'
[0.334s] Level 1:colcon.colcon_core.package_identification:_identify(src/panda_impedance_controller/acg_resources_panda_description) by extensions ['colcon_meta']
[0.334s] Level 1:colcon.colcon_core.package_identification:_identify(src/panda_impedance_controller/acg_resources_panda_description) by extension 'colcon_meta'
[0.334s] Level 1:colcon.colcon_core.package_identification:_identify(src/panda_impedance_controller/acg_resources_panda_description) by extensions ['ros']
[0.334s] Level 1:colcon.colcon_core.package_identification:_identify(src/panda_impedance_controller/acg_resources_panda_description) by extension 'ros'
[0.338s] DEBUG:colcon.colcon_core.package_identification:Package 'src/panda_impedance_controller/acg_resources_panda_description' with type 'ros.ament_cmake' and name 'acg_resources_panda_description'
[0.338s] Level 1:colcon.colcon_core.package_identification:_identify(src/panda_impedance_controller/acg_resources_panda_moveit_config) by extensions ['ignore', 'ignore_ament_install']
[0.338s] Level 1:colcon.colcon_core.package_identification:_identify(src/panda_impedance_controller/acg_resources_panda_moveit_config) by extension 'ignore'
[0.338s] Level 1:colcon.colcon_core.package_identification:_identify(src/panda_impedance_controller/acg_resources_panda_moveit_config) by extension 'ignore_ament_install'
[0.338s] Level 1:colcon.colcon_core.package_identification:_identify(src/panda_impedance_controller/acg_resources_panda_moveit_config) by extensions ['colcon_pkg']
[0.338s] Level 1:colcon.colcon_core.package_identification:_identify(src/panda_impedance_controller/acg_resources_panda_moveit_config) by extension 'colcon_pkg'
[0.338s] Level 1:colcon.colcon_core.package_identification:_identify(src/panda_impedance_controller/acg_resources_panda_moveit_config) by extensions ['colcon_meta']
[0.339s] Level 1:colcon.colcon_core.package_identification:_identify(src/panda_impedance_controller/acg_resources_panda_moveit_config) by extension 'colcon_meta'
[0.339s] Level 1:colcon.colcon_core.package_identification:_identify(src/panda_impedance_controller/acg_resources_panda_moveit_config) by extensions ['ros']
[0.339s] Level 1:colcon.colcon_core.package_identification:_identify(src/panda_impedance_controller/acg_resources_panda_moveit_config) by extension 'ros'
[0.340s] DEBUG:colcon.colcon_core.package_identification:Package 'src/panda_impedance_controller/acg_resources_panda_moveit_config' with type 'ros.ament_cmake' and name 'acg_resources_panda_moveit_config'
[0.340s] Level 1:colcon.colcon_core.package_identification:_identify(src/panda_impedance_controller/acg_resources_panda_trajectory_analyzer) by extensions ['ignore', 'ignore_ament_install']
[0.340s] Level 1:colcon.colcon_core.package_identification:_identify(src/panda_impedance_controller/acg_resources_panda_trajectory_analyzer) by extension 'ignore'
[0.340s] Level 1:colcon.colcon_core.package_identification:_identify(src/panda_impedance_controller/acg_resources_panda_trajectory_analyzer) by extension 'ignore_ament_install'
[0.340s] Level 1:colcon.colcon_core.package_identification:_identify(src/panda_impedance_controller/acg_resources_panda_trajectory_analyzer) by extensions ['colcon_pkg']
[0.341s] Level 1:colcon.colcon_core.package_identification:_identify(src/panda_impedance_controller/acg_resources_panda_trajectory_analyzer) by extension 'colcon_pkg'
[0.341s] Level 1:colcon.colcon_core.package_identification:_identify(src/panda_impedance_controller/acg_resources_panda_trajectory_analyzer) by extensions ['colcon_meta']
[0.341s] Level 1:colcon.colcon_core.package_identification:_identify(src/panda_impedance_controller/acg_resources_panda_trajectory_analyzer) by extension 'colcon_meta'
[0.341s] Level 1:colcon.colcon_core.package_identification:_identify(src/panda_impedance_controller/acg_resources_panda_trajectory_analyzer) by extensions ['ros']
[0.341s] Level 1:colcon.colcon_core.package_identification:_identify(src/panda_impedance_controller/acg_resources_panda_trajectory_analyzer) by extension 'ros'
[0.342s] DEBUG:colcon.colcon_core.package_identification:Package 'src/panda_impedance_controller/acg_resources_panda_trajectory_analyzer' with type 'ros.ament_python' and name 'acg_resources_panda_trajectory_analyzer'
[0.342s] Level 1:colcon.colcon_core.package_identification:_identify(src/panda_impedance_controller/acg_resources_panda_trajectory_generation) by extensions ['ignore', 'ignore_ament_install']
[0.342s] Level 1:colcon.colcon_core.package_identification:_identify(src/panda_impedance_controller/acg_resources_panda_trajectory_generation) by extension 'ignore'
[0.342s] Level 1:colcon.colcon_core.package_identification:_identify(src/panda_impedance_controller/acg_resources_panda_trajectory_generation) by extension 'ignore_ament_install'
[0.342s] Level 1:colcon.colcon_core.package_identification:_identify(src/panda_impedance_controller/acg_resources_panda_trajectory_generation) by extensions ['colcon_pkg']
[0.342s] Level 1:colcon.colcon_core.package_identification:_identify(src/panda_impedance_controller/acg_resources_panda_trajectory_generation) by extension 'colcon_pkg'
[0.342s] Level 1:colcon.colcon_core.package_identification:_identify(src/panda_impedance_controller/acg_resources_panda_trajectory_generation) by extensions ['colcon_meta']
[0.342s] Level 1:colcon.colcon_core.package_identification:_identify(src/panda_impedance_controller/acg_resources_panda_trajectory_generation) by extension 'colcon_meta'
[0.343s] Level 1:colcon.colcon_core.package_identification:_identify(src/panda_impedance_controller/acg_resources_panda_trajectory_generation) by extensions ['ros']
[0.343s] Level 1:colcon.colcon_core.package_identification:_identify(src/panda_impedance_controller/acg_resources_panda_trajectory_generation) by extension 'ros'
[0.344s] DEBUG:colcon.colcon_core.package_identification:Package 'src/panda_impedance_controller/acg_resources_panda_trajectory_generation' with type 'ros.ament_python' and name 'acg_resources_panda_trajectory_generation'
[0.344s] Level 1:colcon.colcon_core.package_identification:_identify(src/panda_impedance_controller/cartesian_control_msgs) by extensions ['ignore', 'ignore_ament_install']
[0.344s] Level 1:colcon.colcon_core.package_identification:_identify(src/panda_impedance_controller/cartesian_control_msgs) by extension 'ignore'
[0.344s] Level 1:colcon.colcon_core.package_identification:_identify(src/panda_impedance_controller/cartesian_control_msgs) by extension 'ignore_ament_install'
[0.344s] Level 1:colcon.colcon_core.package_identification:_identify(src/panda_impedance_controller/cartesian_control_msgs) by extensions ['colcon_pkg']
[0.345s] Level 1:colcon.colcon_core.package_identification:_identify(src/panda_impedance_controller/cartesian_control_msgs) by extension 'colcon_pkg'
[0.345s] Level 1:colcon.colcon_core.package_identification:_identify(src/panda_impedance_controller/cartesian_control_msgs) by extensions ['colcon_meta']
[0.345s] Level 1:colcon.colcon_core.package_identification:_identify(src/panda_impedance_controller/cartesian_control_msgs) by extension 'colcon_meta'
[0.345s] Level 1:colcon.colcon_core.package_identification:_identify(src/panda_impedance_controller/cartesian_control_msgs) by extensions ['ros']
[0.345s] Level 1:colcon.colcon_core.package_identification:_identify(src/panda_impedance_controller/cartesian_control_msgs) by extension 'ros'
[0.346s] DEBUG:colcon.colcon_core.package_identification:Package 'src/panda_impedance_controller/cartesian_control_msgs' with type 'ros.ament_cmake' and name 'cartesian_control_msgs'
[0.346s] Level 1:colcon.colcon_core.package_identification:_identify(src/panda_impedance_controller/inverse_dynamics_solver) by extensions ['ignore', 'ignore_ament_install']
[0.346s] Level 1:colcon.colcon_core.package_identification:_identify(src/panda_impedance_controller/inverse_dynamics_solver) by extension 'ignore'
[0.346s] Level 1:colcon.colcon_core.package_identification:_identify(src/panda_impedance_controller/inverse_dynamics_solver) by extension 'ignore_ament_install'
[0.346s] Level 1:colcon.colcon_core.package_identification:_identify(src/panda_impedance_controller/inverse_dynamics_solver) by extensions ['colcon_pkg']
[0.346s] Level 1:colcon.colcon_core.package_identification:_identify(src/panda_impedance_controller/inverse_dynamics_solver) by extension 'colcon_pkg'
[0.347s] Level 1:colcon.colcon_core.package_identification:_identify(src/panda_impedance_controller/inverse_dynamics_solver) by extensions ['colcon_meta']
[0.347s] Level 1:colcon.colcon_core.package_identification:_identify(src/panda_impedance_controller/inverse_dynamics_solver) by extension 'colcon_meta'
[0.347s] Level 1:colcon.colcon_core.package_identification:_identify(src/panda_impedance_controller/inverse_dynamics_solver) by extensions ['ros']
[0.347s] Level 1:colcon.colcon_core.package_identification:_identify(src/panda_impedance_controller/inverse_dynamics_solver) by extension 'ros'
[0.348s] DEBUG:colcon.colcon_core.package_identification:Package 'src/panda_impedance_controller/inverse_dynamics_solver' with type 'ros.ament_cmake' and name 'inverse_dynamics_solver'
[0.348s] Level 1:colcon.colcon_core.package_identification:_identify(src/panda_impedance_controller/kdl_inverse_dynamics_solver) by extensions ['ignore', 'ignore_ament_install']
[0.348s] Level 1:colcon.colcon_core.package_identification:_identify(src/panda_impedance_controller/kdl_inverse_dynamics_solver) by extension 'ignore'
[0.348s] Level 1:colcon.colcon_core.package_identification:_identify(src/panda_impedance_controller/kdl_inverse_dynamics_solver) by extension 'ignore_ament_install'
[0.348s] Level 1:colcon.colcon_core.package_identification:_identify(src/panda_impedance_controller/kdl_inverse_dynamics_solver) by extensions ['colcon_pkg']
[0.348s] Level 1:colcon.colcon_core.package_identification:_identify(src/panda_impedance_controller/kdl_inverse_dynamics_solver) by extension 'colcon_pkg'
[0.348s] Level 1:colcon.colcon_core.package_identification:_identify(src/panda_impedance_controller/kdl_inverse_dynamics_solver) by extensions ['colcon_meta']
[0.348s] Level 1:colcon.colcon_core.package_identification:_identify(src/panda_impedance_controller/kdl_inverse_dynamics_solver) by extension 'colcon_meta'
[0.348s] Level 1:colcon.colcon_core.package_identification:_identify(src/panda_impedance_controller/kdl_inverse_dynamics_solver) by extensions ['ros']
[0.348s] Level 1:colcon.colcon_core.package_identification:_identify(src/panda_impedance_controller/kdl_inverse_dynamics_solver) by extension 'ros'
[0.350s] DEBUG:colcon.colcon_core.package_identification:Package 'src/panda_impedance_controller/kdl_inverse_dynamics_solver' with type 'ros.ament_cmake' and name 'kdl_inverse_dynamics_solver'
[0.350s] Level 1:colcon.colcon_core.package_identification:_identify(src/panda_impedance_controller/panda_impedance_controller) by extensions ['ignore', 'ignore_ament_install']
[0.350s] Level 1:colcon.colcon_core.package_identification:_identify(src/panda_impedance_controller/panda_impedance_controller) by extension 'ignore'
[0.350s] Level 1:colcon.colcon_core.package_identification:_identify(src/panda_impedance_controller/panda_impedance_controller) by extension 'ignore_ament_install'
[0.350s] Level 1:colcon.colcon_core.package_identification:_identify(src/panda_impedance_controller/panda_impedance_controller) by extensions ['colcon_pkg']
[0.351s] Level 1:colcon.colcon_core.package_identification:_identify(src/panda_impedance_controller/panda_impedance_controller) by extension 'colcon_pkg'
[0.351s] Level 1:colcon.colcon_core.package_identification:_identify(src/panda_impedance_controller/panda_impedance_controller) by extensions ['colcon_meta']
[0.351s] Level 1:colcon.colcon_core.package_identification:_identify(src/panda_impedance_controller/panda_impedance_controller) by extension 'colcon_meta'
[0.351s] Level 1:colcon.colcon_core.package_identification:_identify(src/panda_impedance_controller/panda_impedance_controller) by extensions ['ros']
[0.351s] Level 1:colcon.colcon_core.package_identification:_identify(src/panda_impedance_controller/panda_impedance_controller) by extension 'ros'
[0.352s] DEBUG:colcon.colcon_core.package_identification:Package 'src/panda_impedance_controller/panda_impedance_controller' with type 'ros.ament_cmake' and name 'panda_impedance_controller'
[0.352s] Level 1:colcon.colcon_core.package_identification:_identify(src/panda_impedance_controller/panda_moveit_planning_demo) by extensions ['ignore', 'ignore_ament_install']
[0.352s] Level 1:colcon.colcon_core.package_identification:_identify(src/panda_impedance_controller/panda_moveit_planning_demo) by extension 'ignore'
[0.353s] Level 1:colcon.colcon_core.package_identification:_identify(src/panda_impedance_controller/panda_moveit_planning_demo) by extension 'ignore_ament_install'
[0.353s] Level 1:colcon.colcon_core.package_identification:_identify(src/panda_impedance_controller/panda_moveit_planning_demo) by extensions ['colcon_pkg']
[0.353s] Level 1:colcon.colcon_core.package_identification:_identify(src/panda_impedance_controller/panda_moveit_planning_demo) by extension 'colcon_pkg'
[0.353s] Level 1:colcon.colcon_core.package_identification:_identify(src/panda_impedance_controller/panda_moveit_planning_demo) by extensions ['colcon_meta']
[0.353s] Level 1:colcon.colcon_core.package_identification:_identify(src/panda_impedance_controller/panda_moveit_planning_demo) by extension 'colcon_meta'
[0.353s] Level 1:colcon.colcon_core.package_identification:_identify(src/panda_impedance_controller/panda_moveit_planning_demo) by extensions ['ros']
[0.353s] Level 1:colcon.colcon_core.package_identification:_identify(src/panda_impedance_controller/panda_moveit_planning_demo) by extension 'ros'
[0.355s] DEBUG:colcon.colcon_core.package_identification:Package 'src/panda_impedance_controller/panda_moveit_planning_demo' with type 'ros.ament_cmake' and name 'panda_moveit_planning_demo'
[0.355s] Level 1:colcon.colcon_core.package_identification:_identify(src/panda_impedance_controller/ros_extensions_utilities) by extensions ['ignore', 'ignore_ament_install']
[0.356s] Level 1:colcon.colcon_core.package_identification:_identify(src/panda_impedance_controller/ros_extensions_utilities) by extension 'ignore'
[0.356s] Level 1:colcon.colcon_core.package_identification:_identify(src/panda_impedance_controller/ros_extensions_utilities) by extension 'ignore_ament_install'
[0.356s] Level 1:colcon.colcon_core.package_identification:_identify(src/panda_impedance_controller/ros_extensions_utilities) by extensions ['colcon_pkg']
[0.356s] Level 1:colcon.colcon_core.package_identification:_identify(src/panda_impedance_controller/ros_extensions_utilities) by extension 'colcon_pkg'
[0.356s] Level 1:colcon.colcon_core.package_identification:_identify(src/panda_impedance_controller/ros_extensions_utilities) by extensions ['colcon_meta']
[0.356s] Level 1:colcon.colcon_core.package_identification:_identify(src/panda_impedance_controller/ros_extensions_utilities) by extension 'colcon_meta'
[0.356s] Level 1:colcon.colcon_core.package_identification:_identify(src/panda_impedance_controller/ros_extensions_utilities) by extensions ['ros']
[0.356s] Level 1:colcon.colcon_core.package_identification:_identify(src/panda_impedance_controller/ros_extensions_utilities) by extension 'ros'
[0.357s] DEBUG:colcon.colcon_core.package_identification:Package 'src/panda_impedance_controller/ros_extensions_utilities' with type 'ros.ament_cmake' and name 'ros_extensions_utilities'
[0.357s] Level 1:colcon.colcon_core.package_identification:_identify(src/panda_impedance_controller/trajectories) by extensions ['ignore', 'ignore_ament_install']
[0.357s] Level 1:colcon.colcon_core.package_identification:_identify(src/panda_impedance_controller/trajectories) by extension 'ignore'
[0.357s] Level 1:colcon.colcon_core.package_identification:_identify(src/panda_impedance_controller/trajectories) by extension 'ignore_ament_install'
[0.358s] Level 1:colcon.colcon_core.package_identification:_identify(src/panda_impedance_controller/trajectories) by extensions ['colcon_pkg']
[0.358s] Level 1:colcon.colcon_core.package_identification:_identify(src/panda_impedance_controller/trajectories) by extension 'colcon_pkg'
[0.358s] Level 1:colcon.colcon_core.package_identification:_identify(src/panda_impedance_controller/trajectories) by extensions ['colcon_meta']
[0.358s] Level 1:colcon.colcon_core.package_identification:_identify(src/panda_impedance_controller/trajectories) by extension 'colcon_meta'
[0.358s] Level 1:colcon.colcon_core.package_identification:_identify(src/panda_impedance_controller/trajectories) by extensions ['ros']
[0.358s] Level 1:colcon.colcon_core.package_identification:_identify(src/panda_impedance_controller/trajectories) by extension 'ros'
[0.358s] Level 1:colcon.colcon_core.package_identification:_identify(src/panda_impedance_controller/trajectories) by extensions ['cmake', 'python']
[0.358s] Level 1:colcon.colcon_core.package_identification:_identify(src/panda_impedance_controller/trajectories) by extension 'cmake'
[0.358s] Level 1:colcon.colcon_core.package_identification:_identify(src/panda_impedance_controller/trajectories) by extension 'python'
[0.358s] Level 1:colcon.colcon_core.package_identification:_identify(src/panda_impedance_controller/trajectories) by extensions ['python_setup_py']
[0.358s] Level 1:colcon.colcon_core.package_identification:_identify(src/panda_impedance_controller/trajectories) by extension 'python_setup_py'
[0.358s] Level 1:colcon.colcon_core.package_identification:_identify(src/panda_impedance_controller/trajectories/line_trajectory_0.1.bag) by extensions ['ignore', 'ignore_ament_install']
[0.359s] Level 1:colcon.colcon_core.package_identification:_identify(src/panda_impedance_controller/trajectories/line_trajectory_0.1.bag) by extension 'ignore'
[0.359s] Level 1:colcon.colcon_core.package_identification:_identify(src/panda_impedance_controller/trajectories/line_trajectory_0.1.bag) by extension 'ignore_ament_install'
[0.359s] Level 1:colcon.colcon_core.package_identification:_identify(src/panda_impedance_controller/trajectories/line_trajectory_0.1.bag) by extensions ['colcon_pkg']
[0.359s] Level 1:colcon.colcon_core.package_identification:_identify(src/panda_impedance_controller/trajectories/line_trajectory_0.1.bag) by extension 'colcon_pkg'
[0.359s] Level 1:colcon.colcon_core.package_identification:_identify(src/panda_impedance_controller/trajectories/line_trajectory_0.1.bag) by extensions ['colcon_meta']
[0.359s] Level 1:colcon.colcon_core.package_identification:_identify(src/panda_impedance_controller/trajectories/line_trajectory_0.1.bag) by extension 'colcon_meta'
[0.359s] Level 1:colcon.colcon_core.package_identification:_identify(src/panda_impedance_controller/trajectories/line_trajectory_0.1.bag) by extensions ['ros']
[0.359s] Level 1:colcon.colcon_core.package_identification:_identify(src/panda_impedance_controller/trajectories/line_trajectory_0.1.bag) by extension 'ros'
[0.359s] Level 1:colcon.colcon_core.package_identification:_identify(src/panda_impedance_controller/trajectories/line_trajectory_0.1.bag) by extensions ['cmake', 'python']
[0.359s] Level 1:colcon.colcon_core.package_identification:_identify(src/panda_impedance_controller/trajectories/line_trajectory_0.1.bag) by extension 'cmake'
[0.359s] Level 1:colcon.colcon_core.package_identification:_identify(src/panda_impedance_controller/trajectories/line_trajectory_0.1.bag) by extension 'python'
[0.359s] Level 1:colcon.colcon_core.package_identification:_identify(src/panda_impedance_controller/trajectories/line_trajectory_0.1.bag) by extensions ['python_setup_py']
[0.359s] Level 1:colcon.colcon_core.package_identification:_identify(src/panda_impedance_controller/trajectories/line_trajectory_0.1.bag) by extension 'python_setup_py'
[0.360s] Level 1:colcon.colcon_core.package_identification:_identify(src/panda_impedance_controller/trajectories/line_trajectory_0.2.bag) by extensions ['ignore', 'ignore_ament_install']
[0.360s] Level 1:colcon.colcon_core.package_identification:_identify(src/panda_impedance_controller/trajectories/line_trajectory_0.2.bag) by extension 'ignore'
[0.360s] Level 1:colcon.colcon_core.package_identification:_identify(src/panda_impedance_controller/trajectories/line_trajectory_0.2.bag) by extension 'ignore_ament_install'
[0.360s] Level 1:colcon.colcon_core.package_identification:_identify(src/panda_impedance_controller/trajectories/line_trajectory_0.2.bag) by extensions ['colcon_pkg']
[0.360s] Level 1:colcon.colcon_core.package_identification:_identify(src/panda_impedance_controller/trajectories/line_trajectory_0.2.bag) by extension 'colcon_pkg'
[0.360s] Level 1:colcon.colcon_core.package_identification:_identify(src/panda_impedance_controller/trajectories/line_trajectory_0.2.bag) by extensions ['colcon_meta']
[0.360s] Level 1:colcon.colcon_core.package_identification:_identify(src/panda_impedance_controller/trajectories/line_trajectory_0.2.bag) by extension 'colcon_meta'
[0.360s] Level 1:colcon.colcon_core.package_identification:_identify(src/panda_impedance_controller/trajectories/line_trajectory_0.2.bag) by extensions ['ros']
[0.360s] Level 1:colcon.colcon_core.package_identification:_identify(src/panda_impedance_controller/trajectories/line_trajectory_0.2.bag) by extension 'ros'
[0.360s] Level 1:colcon.colcon_core.package_identification:_identify(src/panda_impedance_controller/trajectories/line_trajectory_0.2.bag) by extensions ['cmake', 'python']
[0.361s] Level 1:colcon.colcon_core.package_identification:_identify(src/panda_impedance_controller/trajectories/line_trajectory_0.2.bag) by extension 'cmake'
[0.361s] Level 1:colcon.colcon_core.package_identification:_identify(src/panda_impedance_controller/trajectories/line_trajectory_0.2.bag) by extension 'python'
[0.361s] Level 1:colcon.colcon_core.package_identification:_identify(src/panda_impedance_controller/trajectories/line_trajectory_0.2.bag) by extensions ['python_setup_py']
[0.361s] Level 1:colcon.colcon_core.package_identification:_identify(src/panda_impedance_controller/trajectories/line_trajectory_0.2.bag) by extension 'python_setup_py'
[0.361s] Level 1:colcon.colcon_core.package_identification:_identify(src/panda_impedance_controller/trajectories/line_trajectory_0.3.bag) by extensions ['ignore', 'ignore_ament_install']
[0.361s] Level 1:colcon.colcon_core.package_identification:_identify(src/panda_impedance_controller/trajectories/line_trajectory_0.3.bag) by extension 'ignore'
[0.361s] Level 1:colcon.colcon_core.package_identification:_identify(src/panda_impedance_controller/trajectories/line_trajectory_0.3.bag) by extension 'ignore_ament_install'
[0.361s] Level 1:colcon.colcon_core.package_identification:_identify(src/panda_impedance_controller/trajectories/line_trajectory_0.3.bag) by extensions ['colcon_pkg']
[0.361s] Level 1:colcon.colcon_core.package_identification:_identify(src/panda_impedance_controller/trajectories/line_trajectory_0.3.bag) by extension 'colcon_pkg'
[0.361s] Level 1:colcon.colcon_core.package_identification:_identify(src/panda_impedance_controller/trajectories/line_trajectory_0.3.bag) by extensions ['colcon_meta']
[0.361s] Level 1:colcon.colcon_core.package_identification:_identify(src/panda_impedance_controller/trajectories/line_trajectory_0.3.bag) by extension 'colcon_meta'
[0.361s] Level 1:colcon.colcon_core.package_identification:_identify(src/panda_impedance_controller/trajectories/line_trajectory_0.3.bag) by extensions ['ros']
[0.362s] Level 1:colcon.colcon_core.package_identification:_identify(src/panda_impedance_controller/trajectories/line_trajectory_0.3.bag) by extension 'ros'
[0.362s] Level 1:colcon.colcon_core.package_identification:_identify(src/panda_impedance_controller/trajectories/line_trajectory_0.3.bag) by extensions ['cmake', 'python']
[0.362s] Level 1:colcon.colcon_core.package_identification:_identify(src/panda_impedance_controller/trajectories/line_trajectory_0.3.bag) by extension 'cmake'
[0.362s] Level 1:colcon.colcon_core.package_identification:_identify(src/panda_impedance_controller/trajectories/line_trajectory_0.3.bag) by extension 'python'
[0.362s] Level 1:colcon.colcon_core.package_identification:_identify(src/panda_impedance_controller/trajectories/line_trajectory_0.3.bag) by extensions ['python_setup_py']
[0.362s] Level 1:colcon.colcon_core.package_identification:_identify(src/panda_impedance_controller/trajectories/line_trajectory_0.3.bag) by extension 'python_setup_py'
[0.362s] Level 1:colcon.colcon_core.package_identification:_identify(src/panda_impedance_controller/trajectories/line_trajectory_0.4.bag) by extensions ['ignore', 'ignore_ament_install']
[0.362s] Level 1:colcon.colcon_core.package_identification:_identify(src/panda_impedance_controller/trajectories/line_trajectory_0.4.bag) by extension 'ignore'
[0.362s] Level 1:colcon.colcon_core.package_identification:_identify(src/panda_impedance_controller/trajectories/line_trajectory_0.4.bag) by extension 'ignore_ament_install'
[0.362s] Level 1:colcon.colcon_core.package_identification:_identify(src/panda_impedance_controller/trajectories/line_trajectory_0.4.bag) by extensions ['colcon_pkg']
[0.362s] Level 1:colcon.colcon_core.package_identification:_identify(src/panda_impedance_controller/trajectories/line_trajectory_0.4.bag) by extension 'colcon_pkg'
[0.362s] Level 1:colcon.colcon_core.package_identification:_identify(src/panda_impedance_controller/trajectories/line_trajectory_0.4.bag) by extensions ['colcon_meta']
[0.363s] Level 1:colcon.colcon_core.package_identification:_identify(src/panda_impedance_controller/trajectories/line_trajectory_0.4.bag) by extension 'colcon_meta'
[0.363s] Level 1:colcon.colcon_core.package_identification:_identify(src/panda_impedance_controller/trajectories/line_trajectory_0.4.bag) by extensions ['ros']
[0.363s] Level 1:colcon.colcon_core.package_identification:_identify(src/panda_impedance_controller/trajectories/line_trajectory_0.4.bag) by extension 'ros'
[0.363s] Level 1:colcon.colcon_core.package_identification:_identify(src/panda_impedance_controller/trajectories/line_trajectory_0.4.bag) by extensions ['cmake', 'python']
[0.363s] Level 1:colcon.colcon_core.package_identification:_identify(src/panda_impedance_controller/trajectories/line_trajectory_0.4.bag) by extension 'cmake'
[0.363s] Level 1:colcon.colcon_core.package_identification:_identify(src/panda_impedance_controller/trajectories/line_trajectory_0.4.bag) by extension 'python'
[0.363s] Level 1:colcon.colcon_core.package_identification:_identify(src/panda_impedance_controller/trajectories/line_trajectory_0.4.bag) by extensions ['python_setup_py']
[0.363s] Level 1:colcon.colcon_core.package_identification:_identify(src/panda_impedance_controller/trajectories/line_trajectory_0.4.bag) by extension 'python_setup_py'
[0.363s] Level 1:colcon.colcon_core.package_identification:_identify(src/panda_impedance_controller/trajectories/line_trajectory_0.5.bag) by extensions ['ignore', 'ignore_ament_install']
[0.363s] Level 1:colcon.colcon_core.package_identification:_identify(src/panda_impedance_controller/trajectories/line_trajectory_0.5.bag) by extension 'ignore'
[0.363s] Level 1:colcon.colcon_core.package_identification:_identify(src/panda_impedance_controller/trajectories/line_trajectory_0.5.bag) by extension 'ignore_ament_install'
[0.364s] Level 1:colcon.colcon_core.package_identification:_identify(src/panda_impedance_controller/trajectories/line_trajectory_0.5.bag) by extensions ['colcon_pkg']
[0.364s] Level 1:colcon.colcon_core.package_identification:_identify(src/panda_impedance_controller/trajectories/line_trajectory_0.5.bag) by extension 'colcon_pkg'
[0.364s] Level 1:colcon.colcon_core.package_identification:_identify(src/panda_impedance_controller/trajectories/line_trajectory_0.5.bag) by extensions ['colcon_meta']
[0.364s] Level 1:colcon.colcon_core.package_identification:_identify(src/panda_impedance_controller/trajectories/line_trajectory_0.5.bag) by extension 'colcon_meta'
[0.364s] Level 1:colcon.colcon_core.package_identification:_identify(src/panda_impedance_controller/trajectories/line_trajectory_0.5.bag) by extensions ['ros']
[0.364s] Level 1:colcon.colcon_core.package_identification:_identify(src/panda_impedance_controller/trajectories/line_trajectory_0.5.bag) by extension 'ros'
[0.364s] Level 1:colcon.colcon_core.package_identification:_identify(src/panda_impedance_controller/trajectories/line_trajectory_0.5.bag) by extensions ['cmake', 'python']
[0.364s] Level 1:colcon.colcon_core.package_identification:_identify(src/panda_impedance_controller/trajectories/line_trajectory_0.5.bag) by extension 'cmake'
[0.364s] Level 1:colcon.colcon_core.package_identification:_identify(src/panda_impedance_controller/trajectories/line_trajectory_0.5.bag) by extension 'python'
[0.364s] Level 1:colcon.colcon_core.package_identification:_identify(src/panda_impedance_controller/trajectories/line_trajectory_0.5.bag) by extensions ['python_setup_py']
[0.364s] Level 1:colcon.colcon_core.package_identification:_identify(src/panda_impedance_controller/trajectories/line_trajectory_0.5.bag) by extension 'python_setup_py'
[0.364s] Level 1:colcon.colcon_core.package_identification:_identify(src/panda_impedance_controller/trajectories/line_trajectory_0.6.bag) by extensions ['ignore', 'ignore_ament_install']
[0.365s] Level 1:colcon.colcon_core.package_identification:_identify(src/panda_impedance_controller/trajectories/line_trajectory_0.6.bag) by extension 'ignore'
[0.365s] Level 1:colcon.colcon_core.package_identification:_identify(src/panda_impedance_controller/trajectories/line_trajectory_0.6.bag) by extension 'ignore_ament_install'
[0.365s] Level 1:colcon.colcon_core.package_identification:_identify(src/panda_impedance_controller/trajectories/line_trajectory_0.6.bag) by extensions ['colcon_pkg']
[0.365s] Level 1:colcon.colcon_core.package_identification:_identify(src/panda_impedance_controller/trajectories/line_trajectory_0.6.bag) by extension 'colcon_pkg'
[0.365s] Level 1:colcon.colcon_core.package_identification:_identify(src/panda_impedance_controller/trajectories/line_trajectory_0.6.bag) by extensions ['colcon_meta']
[0.365s] Level 1:colcon.colcon_core.package_identification:_identify(src/panda_impedance_controller/trajectories/line_trajectory_0.6.bag) by extension 'colcon_meta'
[0.365s] Level 1:colcon.colcon_core.package_identification:_identify(src/panda_impedance_controller/trajectories/line_trajectory_0.6.bag) by extensions ['ros']
[0.365s] Level 1:colcon.colcon_core.package_identification:_identify(src/panda_impedance_controller/trajectories/line_trajectory_0.6.bag) by extension 'ros'
[0.365s] Level 1:colcon.colcon_core.package_identification:_identify(src/panda_impedance_controller/trajectories/line_trajectory_0.6.bag) by extensions ['cmake', 'python']
[0.365s] Level 1:colcon.colcon_core.package_identification:_identify(src/panda_impedance_controller/trajectories/line_trajectory_0.6.bag) by extension 'cmake'
[0.365s] Level 1:colcon.colcon_core.package_identification:_identify(src/panda_impedance_controller/trajectories/line_trajectory_0.6.bag) by extension 'python'
[0.365s] Level 1:colcon.colcon_core.package_identification:_identify(src/panda_impedance_controller/trajectories/line_trajectory_0.6.bag) by extensions ['python_setup_py']
[0.365s] Level 1:colcon.colcon_core.package_identification:_identify(src/panda_impedance_controller/trajectories/line_trajectory_0.6.bag) by extension 'python_setup_py'
[0.366s] Level 1:colcon.colcon_core.package_identification:_identify(src/panda_impedance_controller/trajectories/line_trajectory_0.7.bag) by extensions ['ignore', 'ignore_ament_install']
[0.366s] Level 1:colcon.colcon_core.package_identification:_identify(src/panda_impedance_controller/trajectories/line_trajectory_0.7.bag) by extension 'ignore'
[0.366s] Level 1:colcon.colcon_core.package_identification:_identify(src/panda_impedance_controller/trajectories/line_trajectory_0.7.bag) by extension 'ignore_ament_install'
[0.366s] Level 1:colcon.colcon_core.package_identification:_identify(src/panda_impedance_controller/trajectories/line_trajectory_0.7.bag) by extensions ['colcon_pkg']
[0.366s] Level 1:colcon.colcon_core.package_identification:_identify(src/panda_impedance_controller/trajectories/line_trajectory_0.7.bag) by extension 'colcon_pkg'
[0.366s] Level 1:colcon.colcon_core.package_identification:_identify(src/panda_impedance_controller/trajectories/line_trajectory_0.7.bag) by extensions ['colcon_meta']
[0.366s] Level 1:colcon.colcon_core.package_identification:_identify(src/panda_impedance_controller/trajectories/line_trajectory_0.7.bag) by extension 'colcon_meta'
[0.366s] Level 1:colcon.colcon_core.package_identification:_identify(src/panda_impedance_controller/trajectories/line_trajectory_0.7.bag) by extensions ['ros']
[0.366s] Level 1:colcon.colcon_core.package_identification:_identify(src/panda_impedance_controller/trajectories/line_trajectory_0.7.bag) by extension 'ros'
[0.366s] Level 1:colcon.colcon_core.package_identification:_identify(src/panda_impedance_controller/trajectories/line_trajectory_0.7.bag) by extensions ['cmake', 'python']
[0.366s] Level 1:colcon.colcon_core.package_identification:_identify(src/panda_impedance_controller/trajectories/line_trajectory_0.7.bag) by extension 'cmake'
[0.366s] Level 1:colcon.colcon_core.package_identification:_identify(src/panda_impedance_controller/trajectories/line_trajectory_0.7.bag) by extension 'python'
[0.367s] Level 1:colcon.colcon_core.package_identification:_identify(src/panda_impedance_controller/trajectories/line_trajectory_0.7.bag) by extensions ['python_setup_py']
[0.367s] Level 1:colcon.colcon_core.package_identification:_identify(src/panda_impedance_controller/trajectories/line_trajectory_0.7.bag) by extension 'python_setup_py'
[0.367s] Level 1:colcon.colcon_core.package_discovery:discover_packages(recursive) using defaults
[0.367s] Level 1:colcon.colcon_core.package_discovery:discover_packages(ignore) discover
[0.367s] Level 1:colcon.colcon_core.package_discovery:discover_packages(ignore) using defaults
[0.367s] Level 1:colcon.colcon_core.package_discovery:discover_packages(path) discover
[0.367s] Level 1:colcon.colcon_core.package_discovery:discover_packages(path) using defaults
[0.401s] INFO:colcon.colcon_core.package_selection:Skipping package 'panda_moveit_planning_demo' in 'src/panda_impedance_controller/panda_moveit_planning_demo'
[0.401s] INFO:colcon.colcon_core.package_selection:Skipping package 'panda_impedance_controller' in 'src/panda_impedance_controller/panda_impedance_controller'
[0.401s] INFO:colcon.colcon_core.package_selection:Skipping package 'kdl_inverse_dynamics_solver' in 'src/panda_impedance_controller/kdl_inverse_dynamics_solver'
[0.401s] INFO:colcon.colcon_core.package_selection:Skipping package 'ros_extensions_utilities' in 'src/panda_impedance_controller/ros_extensions_utilities'
[0.401s] INFO:colcon.colcon_core.package_selection:Skipping package 'inverse_dynamics_solver' in 'src/panda_impedance_controller/inverse_dynamics_solver'
[0.401s] INFO:colcon.colcon_core.package_selection:Skipping package 'cartesian_control_msgs' in 'src/panda_impedance_controller/cartesian_control_msgs'
[0.401s] INFO:colcon.colcon_core.package_selection:Skipping package 'acg_resources_panda_trajectory_generation' in 'src/panda_impedance_controller/acg_resources_panda_trajectory_generation'
[0.401s] INFO:colcon.colcon_core.package_selection:Skipping package 'acg_resources_panda_trajectory_analyzer' in 'src/panda_impedance_controller/acg_resources_panda_trajectory_analyzer'
[0.402s] Level 1:colcon.colcon_core.package_discovery:discover_packages(prefix_path) check parameters
[0.402s] Level 1:colcon.colcon_core.package_discovery:discover_packages(prefix_path) discover
[0.405s] DEBUG:colcon.colcon_installed_package_information.package_discovery:Found 10 installed packages in /home/beniamino/ros2_ws/install
[0.408s] DEBUG:colcon.colcon_installed_package_information.package_discovery:Found 379 installed packages in /opt/ros/humble
[0.411s] Level 1:colcon.colcon_core.package_discovery:discover_packages(prefix_path) using defaults
[0.501s] WARNING:colcon.colcon_core.package_selection:Some selected packages are already built in one or more underlay workspaces:
	'acg_resources_panda_moveit_config' is in: /home/beniamino/ros2_ws/install/acg_resources_panda_moveit_config
If a package in a merged underlay workspace is overridden and it installs headers, then all packages in the overlay must sort their include directories by workspace order. Failure to do so may result in build failures or undefined behavior at run time.
If the overridden package is used by another package in any underlay, then the overriding package in the overlay must be API and ABI compatible or undefined behavior at run time may occur.

If you understand the risks and want to override a package anyways, add the following to the command line:
	--allow-overriding acg_resources_panda_moveit_config

This may be promoted to an error in a future release of colcon-override-check.
[0.502s] Level 5:colcon.colcon_core.verb:set package 'acg_resources_panda_description' build argument 'cmake_args' from command line to 'None'
[0.502s] Level 5:colcon.colcon_core.verb:set package 'acg_resources_panda_description' build argument 'cmake_target' from command line to 'None'
[0.502s] Level 5:colcon.colcon_core.verb:set package 'acg_resources_panda_description' build argument 'cmake_target_skip_unavailable' from command line to 'False'
[0.502s] Level 5:colcon.colcon_core.verb:set package 'acg_resources_panda_description' build argument 'cmake_clean_cache' from command line to 'False'
[0.502s] Level 5:colcon.colcon_core.verb:set package 'acg_resources_panda_description' build argument 'cmake_clean_first' from command line to 'False'
[0.502s] Level 5:colcon.colcon_core.verb:set package 'acg_resources_panda_description' build argument 'cmake_force_configure' from command line to 'False'
[0.502s] Level 5:colcon.colcon_core.verb:set package 'acg_resources_panda_description' build argument 'ament_cmake_args' from command line to 'None'
[0.502s] Level 5:colcon.colcon_core.verb:set package 'acg_resources_panda_description' build argument 'catkin_cmake_args' from command line to 'None'
[0.502s] Level 5:colcon.colcon_core.verb:set package 'acg_resources_panda_description' build argument 'catkin_skip_building_tests' from command line to 'False'
[0.503s] DEBUG:colcon.colcon_core.verb:Building package 'acg_resources_panda_description' with the following arguments: {'ament_cmake_args': None, 'build_base': '/home/beniamino/ros2_ws/build/acg_resources_panda_description', 'catkin_cmake_args': None, 'catkin_skip_building_tests': False, 'cmake_args': None, 'cmake_clean_cache': False, 'cmake_clean_first': False, 'cmake_force_configure': False, 'cmake_target': None, 'cmake_target_skip_unavailable': False, 'install_base': '/home/beniamino/ros2_ws/install/acg_resources_panda_description', 'merge_install': False, 'path': '/home/beniamino/ros2_ws/src/panda_impedance_controller/acg_resources_panda_description', 'symlink_install': False, 'test_result_base': None}
[0.503s] Level 5:colcon.colcon_core.verb:set package 'acg_resources_panda_moveit_config' build argument 'cmake_args' from command line to 'None'
[0.503s] Level 5:colcon.colcon_core.verb:set package 'acg_resources_panda_moveit_config' build argument 'cmake_target' from command line to 'None'
[0.503s] Level 5:colcon.colcon_core.verb:set package 'acg_resources_panda_moveit_config' build argument 'cmake_target_skip_unavailable' from command line to 'False'
[0.503s] Level 5:colcon.colcon_core.verb:set package 'acg_resources_panda_moveit_config' build argument 'cmake_clean_cache' from command line to 'False'
[0.503s] Level 5:colcon.colcon_core.verb:set package 'acg_resources_panda_moveit_config' build argument 'cmake_clean_first' from command line to 'False'
[0.503s] Level 5:colcon.colcon_core.verb:set package 'acg_resources_panda_moveit_config' build argument 'cmake_force_configure' from command line to 'False'
[0.503s] Level 5:colcon.colcon_core.verb:set package 'acg_resources_panda_moveit_config' build argument 'ament_cmake_args' from command line to 'None'
[0.503s] Level 5:colcon.colcon_core.verb:set package 'acg_resources_panda_moveit_config' build argument 'catkin_cmake_args' from command line to 'None'
[0.503s] Level 5:colcon.colcon_core.verb:set package 'acg_resources_panda_moveit_config' build argument 'catkin_skip_building_tests' from command line to 'False'
[0.504s] DEBUG:colcon.colcon_core.verb:Building package 'acg_resources_panda_moveit_config' with the following arguments: {'ament_cmake_args': None, 'build_base': '/home/beniamino/ros2_ws/build/acg_resources_panda_moveit_config', 'catkin_cmake_args': None, 'catkin_skip_building_tests': False, 'cmake_args': None, 'cmake_clean_cache': False, 'cmake_clean_first': False, 'cmake_force_configure': False, 'cmake_target': None, 'cmake_target_skip_unavailable': False, 'install_base': '/home/beniamino/ros2_ws/install/acg_resources_panda_moveit_config', 'merge_install': False, 'path': '/home/beniamino/ros2_ws/src/panda_impedance_controller/acg_resources_panda_moveit_config', 'symlink_install': False, 'test_result_base': None}
[0.504s] INFO:colcon.colcon_core.executor:Executing jobs using 'parallel' executor
[0.505s] DEBUG:colcon.colcon_parallel_executor.executor.parallel:run_until_complete
[0.505s] INFO:colcon.colcon_ros.task.ament_cmake.build:Building ROS package in '/home/beniamino/ros2_ws/src/panda_impedance_controller/acg_resources_panda_description' with build type 'ament_cmake'
[0.505s] INFO:colcon.colcon_cmake.task.cmake.build:Building CMake package in '/home/beniamino/ros2_ws/src/panda_impedance_controller/acg_resources_panda_description'
[0.509s] INFO:colcon.colcon_core.plugin_system:Skipping extension 'colcon_core.shell.bat': Not used on non-Windows systems
[0.509s] INFO:colcon.colcon_core.shell:Skip shell extension 'powershell' for command environment: Not usable outside of PowerShell
[0.510s] DEBUG:colcon.colcon_core.shell:Skip shell extension 'dsv' for command environment
[1.484s] DEBUG:colcon.colcon_core.event_handler.log_command:Invoking command in '/home/beniamino/ros2_ws/build/acg_resources_panda_description': CMAKE_PREFIX_PATH=${CMAKE_PREFIX_PATH}:/home/beniamino/ros2_ws/install/acg_resources_panda_trajectory_generation:/home/beniamino/ros2_ws/install/acg_resources_panda_trajectory_analyzer:/opt/ros/humble /usr/bin/cmake --build /home/beniamino/ros2_ws/build/acg_resources_panda_description -- -j12 -l12
[1.544s] DEBUG:colcon.colcon_core.event_handler.log_command:Invoked command in '/home/beniamino/ros2_ws/build/acg_resources_panda_description' returned '0': CMAKE_PREFIX_PATH=${CMAKE_PREFIX_PATH}:/home/beniamino/ros2_ws/install/acg_resources_panda_trajectory_generation:/home/beniamino/ros2_ws/install/acg_resources_panda_trajectory_analyzer:/opt/ros/humble /usr/bin/cmake --build /home/beniamino/ros2_ws/build/acg_resources_panda_description -- -j12 -l12
[1.594s] DEBUG:colcon.colcon_core.event_handler.log_command:Invoking command in '/home/beniamino/ros2_ws/build/acg_resources_panda_description': CMAKE_PREFIX_PATH=${CMAKE_PREFIX_PATH}:/home/beniamino/ros2_ws/install/acg_resources_panda_trajectory_generation:/home/beniamino/ros2_ws/install/acg_resources_panda_trajectory_analyzer:/opt/ros/humble /usr/bin/cmake --install /home/beniamino/ros2_ws/build/acg_resources_panda_description
[1.831s] Level 1:colcon.colcon_core.environment:create_environment_scripts_only(acg_resources_panda_description)
[1.832s] DEBUG:colcon.colcon_core.event_handler.log_command:Invoked command in '/home/beniamino/ros2_ws/build/acg_resources_panda_description' returned '0': CMAKE_PREFIX_PATH=${CMAKE_PREFIX_PATH}:/home/beniamino/ros2_ws/install/acg_resources_panda_trajectory_generation:/home/beniamino/ros2_ws/install/acg_resources_panda_trajectory_analyzer:/opt/ros/humble /usr/bin/cmake --install /home/beniamino/ros2_ws/build/acg_resources_panda_description
[1.836s] Level 1:colcon.colcon_core.environment:checking '/home/beniamino/ros2_ws/install/acg_resources_panda_description' for CMake module files
[1.836s] Level 1:colcon.colcon_core.environment:checking '/home/beniamino/ros2_ws/install/acg_resources_panda_description' for CMake config files
[1.837s] Level 1:colcon.colcon_core.shell:create_environment_hook('acg_resources_panda_description', 'cmake_prefix_path')
[1.837s] INFO:colcon.colcon_core.shell:Creating environment hook '/home/beniamino/ros2_ws/install/acg_resources_panda_description/share/acg_resources_panda_description/hook/cmake_prefix_path.ps1'
[2.008s] INFO:colcon.colcon_core.shell:Creating environment descriptor '/home/beniamino/ros2_ws/install/acg_resources_panda_description/share/acg_resources_panda_description/hook/cmake_prefix_path.dsv'
[2.205s] INFO:colcon.colcon_core.shell:Creating environment hook '/home/beniamino/ros2_ws/install/acg_resources_panda_description/share/acg_resources_panda_description/hook/cmake_prefix_path.sh'
[2.322s] Level 1:colcon.colcon_core.environment:checking '/home/beniamino/ros2_ws/install/acg_resources_panda_description/bin'
[2.322s] Level 1:colcon.colcon_core.environment:checking '/home/beniamino/ros2_ws/install/acg_resources_panda_description/lib/pkgconfig/acg_resources_panda_description.pc'
[2.323s] Level 1:colcon.colcon_core.environment:checking '/home/beniamino/ros2_ws/install/acg_resources_panda_description/lib/python3.10/site-packages'
[2.323s] Level 1:colcon.colcon_core.environment:checking '/home/beniamino/ros2_ws/install/acg_resources_panda_description/bin'
[2.324s] INFO:colcon.colcon_core.shell:Creating package script '/home/beniamino/ros2_ws/install/acg_resources_panda_description/share/acg_resources_panda_description/package.ps1'
[2.353s] INFO:colcon.colcon_core.shell:Creating package descriptor '/home/beniamino/ros2_ws/install/acg_resources_panda_description/share/acg_resources_panda_description/package.dsv'
[2.482s] INFO:colcon.colcon_core.shell:Creating package script '/home/beniamino/ros2_ws/install/acg_resources_panda_description/share/acg_resources_panda_description/package.sh'
[2.511s] INFO:colcon.colcon_core.shell:Creating package script '/home/beniamino/ros2_ws/install/acg_resources_panda_description/share/acg_resources_panda_description/package.bash'
[2.512s] INFO:colcon.colcon_core.shell:Creating package script '/home/beniamino/ros2_ws/install/acg_resources_panda_description/share/acg_resources_panda_description/package.zsh'
[2.513s] Level 1:colcon.colcon_core.environment:create_file_with_runtime_dependencies(/home/beniamino/ros2_ws/install/acg_resources_panda_description/share/colcon-core/packages/acg_resources_panda_description)
[2.549s] Level 1:colcon.colcon_core.environment:create_environment_scripts_only(acg_resources_panda_description)
[2.550s] Level 1:colcon.colcon_core.environment:checking '/home/beniamino/ros2_ws/install/acg_resources_panda_description' for CMake module files
[2.550s] Level 1:colcon.colcon_core.environment:checking '/home/beniamino/ros2_ws/install/acg_resources_panda_description' for CMake config files
[2.551s] Level 1:colcon.colcon_core.shell:create_environment_hook('acg_resources_panda_description', 'cmake_prefix_path')
[2.551s] INFO:colcon.colcon_core.shell:Creating environment hook '/home/beniamino/ros2_ws/install/acg_resources_panda_description/share/acg_resources_panda_description/hook/cmake_prefix_path.ps1'
[2.552s] INFO:colcon.colcon_core.shell:Creating environment descriptor '/home/beniamino/ros2_ws/install/acg_resources_panda_description/share/acg_resources_panda_description/hook/cmake_prefix_path.dsv'
[2.552s] INFO:colcon.colcon_core.shell:Creating environment hook '/home/beniamino/ros2_ws/install/acg_resources_panda_description/share/acg_resources_panda_description/hook/cmake_prefix_path.sh'
[2.553s] Level 1:colcon.colcon_core.environment:checking '/home/beniamino/ros2_ws/install/acg_resources_panda_description/bin'
[2.553s] Level 1:colcon.colcon_core.environment:checking '/home/beniamino/ros2_ws/install/acg_resources_panda_description/lib/pkgconfig/acg_resources_panda_description.pc'
[2.554s] Level 1:colcon.colcon_core.environment:checking '/home/beniamino/ros2_ws/install/acg_resources_panda_description/lib/python3.10/site-packages'
[2.554s] Level 1:colcon.colcon_core.environment:checking '/home/beniamino/ros2_ws/install/acg_resources_panda_description/bin'
[2.554s] INFO:colcon.colcon_core.shell:Creating package script '/home/beniamino/ros2_ws/install/acg_resources_panda_description/share/acg_resources_panda_description/package.ps1'
[2.555s] INFO:colcon.colcon_core.shell:Creating package descriptor '/home/beniamino/ros2_ws/install/acg_resources_panda_description/share/acg_resources_panda_description/package.dsv'
[2.556s] INFO:colcon.colcon_core.shell:Creating package script '/home/beniamino/ros2_ws/install/acg_resources_panda_description/share/acg_resources_panda_description/package.sh'
[2.557s] INFO:colcon.colcon_core.shell:Creating package script '/home/beniamino/ros2_ws/install/acg_resources_panda_description/share/acg_resources_panda_description/package.bash'
[2.557s] INFO:colcon.colcon_core.shell:Creating package script '/home/beniamino/ros2_ws/install/acg_resources_panda_description/share/acg_resources_panda_description/package.zsh'
[2.558s] Level 1:colcon.colcon_core.environment:create_file_with_runtime_dependencies(/home/beniamino/ros2_ws/install/acg_resources_panda_description/share/colcon-core/packages/acg_resources_panda_description)
[2.558s] INFO:colcon.colcon_ros.task.ament_cmake.build:Building ROS package in '/home/beniamino/ros2_ws/src/panda_impedance_controller/acg_resources_panda_moveit_config' with build type 'ament_cmake'
[2.559s] INFO:colcon.colcon_cmake.task.cmake.build:Building CMake package in '/home/beniamino/ros2_ws/src/panda_impedance_controller/acg_resources_panda_moveit_config'
[2.559s] INFO:colcon.colcon_core.shell:Skip shell extension 'powershell' for command environment: Not usable outside of PowerShell
[2.559s] DEBUG:colcon.colcon_core.shell:Skip shell extension 'dsv' for command environment
[2.575s] DEBUG:colcon.colcon_core.event_handler.log_command:Invoking command in '/home/beniamino/ros2_ws/build/acg_resources_panda_moveit_config': CMAKE_PREFIX_PATH=/home/beniamino/ros2_ws/install/acg_resources_panda_description:/home/beniamino/ros2_ws/install/ros_extensions_utilities:/home/beniamino/ros2_ws/install/panda_moveit_planning_demo:/home/beniamino/ros2_ws/install/panda_impedance_controller:/home/beniamino/ros2_ws/install/kdl_inverse_dynamics_solver:/home/beniamino/ros2_ws/install/inverse_dynamics_solver:/home/beniamino/ros2_ws/install/cartesian_control_msgs:/home/beniamino/ros2_ws/install/acg_resources_panda_moveit_config:/home/beniamino/ros2_ws/install/acg_resources_panda_trajectory_generation:/home/beniamino/ros2_ws/install/acg_resources_panda_trajectory_analyzer:/opt/ros/humble /usr/bin/cmake --build /home/beniamino/ros2_ws/build/acg_resources_panda_moveit_config -- -j12 -l12
[2.634s] DEBUG:colcon.colcon_core.event_handler.log_command:Invoked command in '/home/beniamino/ros2_ws/build/acg_resources_panda_moveit_config' returned '0': CMAKE_PREFIX_PATH=/home/beniamino/ros2_ws/install/acg_resources_panda_description:/home/beniamino/ros2_ws/install/ros_extensions_utilities:/home/beniamino/ros2_ws/install/panda_moveit_planning_demo:/home/beniamino/ros2_ws/install/panda_impedance_controller:/home/beniamino/ros2_ws/install/kdl_inverse_dynamics_solver:/home/beniamino/ros2_ws/install/inverse_dynamics_solver:/home/beniamino/ros2_ws/install/cartesian_control_msgs:/home/beniamino/ros2_ws/install/acg_resources_panda_moveit_config:/home/beniamino/ros2_ws/install/acg_resources_panda_trajectory_generation:/home/beniamino/ros2_ws/install/acg_resources_panda_trajectory_analyzer:/opt/ros/humble /usr/bin/cmake --build /home/beniamino/ros2_ws/build/acg_resources_panda_moveit_config -- -j12 -l12
[2.673s] DEBUG:colcon.colcon_core.event_handler.log_command:Invoking command in '/home/beniamino/ros2_ws/build/acg_resources_panda_moveit_config': CMAKE_PREFIX_PATH=/home/beniamino/ros2_ws/install/acg_resources_panda_description:/home/beniamino/ros2_ws/install/ros_extensions_utilities:/home/beniamino/ros2_ws/install/panda_moveit_planning_demo:/home/beniamino/ros2_ws/install/panda_impedance_controller:/home/beniamino/ros2_ws/install/kdl_inverse_dynamics_solver:/home/beniamino/ros2_ws/install/inverse_dynamics_solver:/home/beniamino/ros2_ws/install/cartesian_control_msgs:/home/beniamino/ros2_ws/install/acg_resources_panda_moveit_config:/home/beniamino/ros2_ws/install/acg_resources_panda_trajectory_generation:/home/beniamino/ros2_ws/install/acg_resources_panda_trajectory_analyzer:/opt/ros/humble /usr/bin/cmake --install /home/beniamino/ros2_ws/build/acg_resources_panda_moveit_config
[2.690s] Level 1:colcon.colcon_core.environment:create_environment_scripts_only(acg_resources_panda_moveit_config)
[2.691s] Level 1:colcon.colcon_core.environment:checking '/home/beniamino/ros2_ws/install/acg_resources_panda_moveit_config' for CMake module files
[2.692s] Level 1:colcon.colcon_core.environment:checking '/home/beniamino/ros2_ws/install/acg_resources_panda_moveit_config' for CMake config files
[2.694s] DEBUG:colcon.colcon_core.event_handler.log_command:Invoked command in '/home/beniamino/ros2_ws/build/acg_resources_panda_moveit_config' returned '0': CMAKE_PREFIX_PATH=/home/beniamino/ros2_ws/install/acg_resources_panda_description:/home/beniamino/ros2_ws/install/ros_extensions_utilities:/home/beniamino/ros2_ws/install/panda_moveit_planning_demo:/home/beniamino/ros2_ws/install/panda_impedance_controller:/home/beniamino/ros2_ws/install/kdl_inverse_dynamics_solver:/home/beniamino/ros2_ws/install/inverse_dynamics_solver:/home/beniamino/ros2_ws/install/cartesian_control_msgs:/home/beniamino/ros2_ws/install/acg_resources_panda_moveit_config:/home/beniamino/ros2_ws/install/acg_resources_panda_trajectory_generation:/home/beniamino/ros2_ws/install/acg_resources_panda_trajectory_analyzer:/opt/ros/humble /usr/bin/cmake --install /home/beniamino/ros2_ws/build/acg_resources_panda_moveit_config
[2.694s] Level 1:colcon.colcon_core.shell:create_environment_hook('acg_resources_panda_moveit_config', 'cmake_prefix_path')
[2.694s] INFO:colcon.colcon_core.shell:Creating environment hook '/home/beniamino/ros2_ws/install/acg_resources_panda_moveit_config/share/acg_resources_panda_moveit_config/hook/cmake_prefix_path.ps1'
[2.695s] INFO:colcon.colcon_core.shell:Creating environment descriptor '/home/beniamino/ros2_ws/install/acg_resources_panda_moveit_config/share/acg_resources_panda_moveit_config/hook/cmake_prefix_path.dsv'
[2.696s] INFO:colcon.colcon_core.shell:Creating environment hook '/home/beniamino/ros2_ws/install/acg_resources_panda_moveit_config/share/acg_resources_panda_moveit_config/hook/cmake_prefix_path.sh'
[2.696s] Level 1:colcon.colcon_core.environment:checking '/home/beniamino/ros2_ws/install/acg_resources_panda_moveit_config/bin'
[2.696s] Level 1:colcon.colcon_core.environment:checking '/home/beniamino/ros2_ws/install/acg_resources_panda_moveit_config/lib/pkgconfig/acg_resources_panda_moveit_config.pc'
[2.697s] Level 1:colcon.colcon_core.environment:checking '/home/beniamino/ros2_ws/install/acg_resources_panda_moveit_config/lib/python3.10/site-packages'
[2.697s] Level 1:colcon.colcon_core.environment:checking '/home/beniamino/ros2_ws/install/acg_resources_panda_moveit_config/bin'
[2.698s] INFO:colcon.colcon_core.shell:Creating package script '/home/beniamino/ros2_ws/install/acg_resources_panda_moveit_config/share/acg_resources_panda_moveit_config/package.ps1'
[2.698s] INFO:colcon.colcon_core.shell:Creating package descriptor '/home/beniamino/ros2_ws/install/acg_resources_panda_moveit_config/share/acg_resources_panda_moveit_config/package.dsv'
[2.699s] INFO:colcon.colcon_core.shell:Creating package script '/home/beniamino/ros2_ws/install/acg_resources_panda_moveit_config/share/acg_resources_panda_moveit_config/package.sh'
[2.699s] INFO:colcon.colcon_core.shell:Creating package script '/home/beniamino/ros2_ws/install/acg_resources_panda_moveit_config/share/acg_resources_panda_moveit_config/package.bash'
[2.700s] INFO:colcon.colcon_core.shell:Creating package script '/home/beniamino/ros2_ws/install/acg_resources_panda_moveit_config/share/acg_resources_panda_moveit_config/package.zsh'
[2.700s] Level 1:colcon.colcon_core.environment:create_file_with_runtime_dependencies(/home/beniamino/ros2_ws/install/acg_resources_panda_moveit_config/share/colcon-core/packages/acg_resources_panda_moveit_config)
[2.736s] Level 1:colcon.colcon_core.environment:create_environment_scripts_only(acg_resources_panda_moveit_config)
[2.736s] Level 1:colcon.colcon_core.environment:checking '/home/beniamino/ros2_ws/install/acg_resources_panda_moveit_config' for CMake module files
[2.737s] Level 1:colcon.colcon_core.environment:checking '/home/beniamino/ros2_ws/install/acg_resources_panda_moveit_config' for CMake config files
[2.737s] Level 1:colcon.colcon_core.shell:create_environment_hook('acg_resources_panda_moveit_config', 'cmake_prefix_path')
[2.737s] INFO:colcon.colcon_core.shell:Creating environment hook '/home/beniamino/ros2_ws/install/acg_resources_panda_moveit_config/share/acg_resources_panda_moveit_config/hook/cmake_prefix_path.ps1'
[2.738s] INFO:colcon.colcon_core.shell:Creating environment descriptor '/home/beniamino/ros2_ws/install/acg_resources_panda_moveit_config/share/acg_resources_panda_moveit_config/hook/cmake_prefix_path.dsv'
[2.738s] INFO:colcon.colcon_core.shell:Creating environment hook '/home/beniamino/ros2_ws/install/acg_resources_panda_moveit_config/share/acg_resources_panda_moveit_config/hook/cmake_prefix_path.sh'
[2.739s] Level 1:colcon.colcon_core.environment:checking '/home/beniamino/ros2_ws/install/acg_resources_panda_moveit_config/bin'
[2.739s] Level 1:colcon.colcon_core.environment:checking '/home/beniamino/ros2_ws/install/acg_resources_panda_moveit_config/lib/pkgconfig/acg_resources_panda_moveit_config.pc'
[2.740s] Level 1:colcon.colcon_core.environment:checking '/home/beniamino/ros2_ws/install/acg_resources_panda_moveit_config/lib/python3.10/site-packages'
[2.740s] Level 1:colcon.colcon_core.environment:checking '/home/beniamino/ros2_ws/install/acg_resources_panda_moveit_config/bin'
[2.740s] INFO:colcon.colcon_core.shell:Creating package script '/home/beniamino/ros2_ws/install/acg_resources_panda_moveit_config/share/acg_resources_panda_moveit_config/package.ps1'
[2.741s] INFO:colcon.colcon_core.shell:Creating package descriptor '/home/beniamino/ros2_ws/install/acg_resources_panda_moveit_config/share/acg_resources_panda_moveit_config/package.dsv'
[2.742s] INFO:colcon.colcon_core.shell:Creating package script '/home/beniamino/ros2_ws/install/acg_resources_panda_moveit_config/share/acg_resources_panda_moveit_config/package.sh'
[2.742s] INFO:colcon.colcon_core.shell:Creating package script '/home/beniamino/ros2_ws/install/acg_resources_panda_moveit_config/share/acg_resources_panda_moveit_config/package.bash'
[2.743s] INFO:colcon.colcon_core.shell:Creating package script '/home/beniamino/ros2_ws/install/acg_resources_panda_moveit_config/share/acg_resources_panda_moveit_config/package.zsh'
[2.744s] Level 1:colcon.colcon_core.environment:create_file_with_runtime_dependencies(/home/beniamino/ros2_ws/install/acg_resources_panda_moveit_config/share/colcon-core/packages/acg_resources_panda_moveit_config)
[2.744s] DEBUG:colcon.colcon_parallel_executor.executor.parallel:closing loop
[2.744s] DEBUG:colcon.colcon_parallel_executor.executor.parallel:loop closed
[2.744s] DEBUG:colcon.colcon_parallel_executor.executor.parallel:run_until_complete finished with '0'
[2.744s] DEBUG:colcon.colcon_core.event_reactor:joining thread
[2.753s] INFO:colcon.colcon_core.plugin_system:Skipping extension 'colcon_notification.desktop_notification.terminal_notifier': Not used on non-Darwin systems
[2.753s] INFO:colcon.colcon_core.plugin_system:Skipping extension 'colcon_notification.desktop_notification.win32': Not used on non-Windows systems
[2.753s] INFO:colcon.colcon_notification.desktop_notification:Sending desktop notification using 'notify2'
[2.769s] DEBUG:colcon.colcon_core.event_reactor:joined thread
[2.770s] INFO:colcon.colcon_core.shell:Creating prefix script '/home/beniamino/ros2_ws/install/local_setup.ps1'
[2.771s] INFO:colcon.colcon_core.shell:Creating prefix util module '/home/beniamino/ros2_ws/install/_local_setup_util_ps1.py'
[2.774s] INFO:colcon.colcon_core.shell:Creating prefix chain script '/home/beniamino/ros2_ws/install/setup.ps1'
[2.776s] INFO:colcon.colcon_core.shell:Creating prefix script '/home/beniamino/ros2_ws/install/local_setup.sh'
[2.777s] INFO:colcon.colcon_core.shell:Creating prefix util module '/home/beniamino/ros2_ws/install/_local_setup_util_sh.py'
[2.778s] INFO:colcon.colcon_core.shell:Creating prefix chain script '/home/beniamino/ros2_ws/install/setup.sh'
[2.780s] INFO:colcon.colcon_core.shell:Creating prefix script '/home/beniamino/ros2_ws/install/local_setup.bash'
[2.781s] INFO:colcon.colcon_core.shell:Creating prefix chain script '/home/beniamino/ros2_ws/install/setup.bash'
[2.783s] INFO:colcon.colcon_core.shell:Creating prefix script '/home/beniamino/ros2_ws/install/local_setup.zsh'
[2.784s] INFO:colcon.colcon_core.shell:Creating prefix chain script '/home/beniamino/ros2_ws/install/setup.zsh'
