[  9%] Built target cartesian_control_msgs__rosidl_generator_c
[ 12%] Built target cartesian_control_msgs__cpp
[ 12%] Built target ament_cmake_python_copy_cartesian_control_msgs
[ 22%] Built target cartesian_control_msgs__rosidl_typesupport_fastrtps_c
[ 32%] Built target cartesian_control_msgs__rosidl_typesupport_c
[ 41%] Built target cartesian_control_msgs__rosidl_typesupport_introspection_c
[ 51%] Built target cartesian_control_msgs__rosidl_typesupport_introspection_cpp
[ 61%] Built target cartesian_control_msgs__rosidl_typesupport_cpp
[ 70%] Built target cartesian_control_msgs__rosidl_typesupport_fastrtps_cpp
[ 70%] Built target cartesian_control_msgs
[ 74%] Built target cartesian_control_msgs__py
Traceback (most recent call last):
  File "/home/beniamino/ros2_ws/build/cartesian_control_msgs/ament_cmake_python/cartesian_control_msgs/setup.py", line 1, in <module>
    from setuptools import find_packages
  File "/home/beniamino/.local/lib/python3.10/site-packages/setuptools/__init__.py", line 12, in <module>
gmake[1]: *** [CMakeFiles/Makefile2:591: cartesian_control_msgs__py/CMakeFiles/cartesian_control_msgs__py.dir/all] Interrupt
    from . import logging, monkey
  File "/home/beniamino/.local/lib/python3.10/site-packages/setuptools/logging.py", line 2, in <module>
    import inspect
  File "/usr/lib/python3.10/inspect.py", line 2890, in <module>
    class Signature:
KeyboardInterrupt
gmake[2]: *** [CMakeFiles/ament_cmake_python_build_cartesian_control_msgs_egg.dir/build.make:70: CMakeFiles/ament_cmake_python_build_cartesian_control_msgs_egg] Interrupt
gmake[1]: *** [CMakeFiles/Makefile2:447: CMakeFiles/ament_cmake_python_build_cartesian_control_msgs_egg.dir/all] Interrupt
gmake: *** [Makefile:146: all] Interrupt
