[0.014s] Invoking command in '/home/beniamino/ros2_ws/build/panda_moveit_planning_demo': CMAKE_PREFIX_PATH=/home/beniamino/ros2_ws/install/acg_resources_panda_moveit_config:/home/beniamino/ros2_ws/install/cartesian_control_msgs:/home/beniamino/ros2_ws/install/acg_resources_panda_description:/home/beniamino/ros2_ws/install/ros_extensions_utilities:/home/beniamino/ros2_ws/install/panda_moveit_planning_demo:/home/beniamino/ros2_ws/install/panda_impedance_controller:/home/beniamino/ros2_ws/install/kdl_inverse_dynamics_solver:/home/beniamino/ros2_ws/install/inverse_dynamics_solver:/home/beniamino/ros2_ws/install/acg_resources_panda_trajectory_generation:/home/beniamino/ros2_ws/install/acg_resources_panda_trajectory_analyzer:/opt/ros/humble LD_LIBRARY_PATH=/home/beniamino/ros2_ws/install/cartesian_control_msgs/lib:/home/beniamino/ros2_ws/install/panda_impedance_controller/lib:/home/beniamino/ros2_ws/install/kdl_inverse_dynamics_solver/lib:/opt/ros/humble/opt/rviz_ogre_vendor/lib:/opt/ros/humble/lib/x86_64-linux-gnu:/opt/ros/humble/lib /usr/bin/cmake --build /home/beniamino/ros2_ws/build/panda_moveit_planning_demo -- -j12 -l12
[0.100s] [  7%] Built target task_space_client_utils_parameters
[0.110s] [ 23%] Built target bag_file_utils
[0.130s] [ 38%] Built target moveit_utils
[0.160s] [ 53%] Built target task_space_client_utils
[0.191s] [35m[1mConsolidate compiler generated dependencies of target panda_moveit_cartesian_demo_nobag[0m
[0.223s] [ 69%] Built target panda_moveit_planning_node
[0.223s] [ 84%] Built target panda_moveit_cartesian_demo
[0.248s] [ 92%] [32mBuilding CXX object CMakeFiles/panda_moveit_cartesian_demo_nobag.dir/src/panda_moveit_cartesian_demo_nobag.cpp.o[0m
[13.161s] [01m[K/home/beniamino/ros2_ws/src/panda_impedance_controller/panda_moveit_planning_demo/src/panda_moveit_cartesian_demo_nobag.cpp:[m[K In function ‘[01m[Kint main(int, char**)[m[K’:
[13.162s] [01m[K/home/beniamino/ros2_ws/src/panda_impedance_controller/panda_moveit_planning_demo/src/panda_moveit_cartesian_demo_nobag.cpp:120:48:[m[K [01;31m[Kerror: [m[Kinvalid initialization of non-const reference of type ‘[01m[Kmoveit::planning_interface::MoveGroupInterface&[m[K’ from an rvalue of type ‘[01m[Kmoveit::planning_interface::MoveGroupInterface*[m[K’
[13.162s]   120 |     auto waypoints = generate_60cm_trajectory( [01;31m[K&move_group_interface[m[K);  // Pass the address of move_group_interface
[13.162s]       |                                                [01;31m[K^~~~~~~~~~~~~~~~~~~~~[m[K
[13.162s] [01m[K/home/beniamino/ros2_ws/src/panda_impedance_controller/panda_moveit_planning_demo/src/panda_moveit_cartesian_demo_nobag.cpp:45:112:[m[K [01;36m[Knote: [m[Kin passing argument 1 of ‘[01m[Kstd::vector<geometry_msgs::msg::Pose_<std::allocator<void> > > generate_60cm_trajectory(moveit::planning_interface::MoveGroupInterface&)[m[K’
[13.162s]    45 | std::vector<geometry_msgs::msg::Pose> generate_60cm_trajectory([01;36m[Kmoveit::planning_interface::MoveGroupInterface& move_group_interface[m[K) {
[13.162s]       |                                                                [01;36m[K~~~~~~~~~~~~~~~~~~~~~~~~~~~~~~~~~~~~~~~~~~~~~~~~^~~~~~~~~~~~~~~~~~~~[m[K
[17.988s] gmake[2]: *** [CMakeFiles/panda_moveit_cartesian_demo_nobag.dir/build.make:76: CMakeFiles/panda_moveit_cartesian_demo_nobag.dir/src/panda_moveit_cartesian_demo_nobag.cpp.o] Error 1
[17.989s] gmake[1]: *** [CMakeFiles/Makefile2:314: CMakeFiles/panda_moveit_cartesian_demo_nobag.dir/all] Error 2
[17.989s] gmake: *** [Makefile:146: all] Error 2
[17.993s] Invoked command in '/home/beniamino/ros2_ws/build/panda_moveit_planning_demo' returned '2': CMAKE_PREFIX_PATH=/home/beniamino/ros2_ws/install/acg_resources_panda_moveit_config:/home/beniamino/ros2_ws/install/cartesian_control_msgs:/home/beniamino/ros2_ws/install/acg_resources_panda_description:/home/beniamino/ros2_ws/install/ros_extensions_utilities:/home/beniamino/ros2_ws/install/panda_moveit_planning_demo:/home/beniamino/ros2_ws/install/panda_impedance_controller:/home/beniamino/ros2_ws/install/kdl_inverse_dynamics_solver:/home/beniamino/ros2_ws/install/inverse_dynamics_solver:/home/beniamino/ros2_ws/install/acg_resources_panda_trajectory_generation:/home/beniamino/ros2_ws/install/acg_resources_panda_trajectory_analyzer:/opt/ros/humble LD_LIBRARY_PATH=/home/beniamino/ros2_ws/install/cartesian_control_msgs/lib:/home/beniamino/ros2_ws/install/panda_impedance_controller/lib:/home/beniamino/ros2_ws/install/kdl_inverse_dynamics_solver/lib:/opt/ros/humble/opt/rviz_ogre_vendor/lib:/opt/ros/humble/lib/x86_64-linux-gnu:/opt/ros/humble/lib /usr/bin/cmake --build /home/beniamino/ros2_ws/build/panda_moveit_planning_demo -- -j12 -l12
