[4.144s] Invoking command in '/home/beniamino/ros2_ws/build/acg_resources_panda_description': CMAKE_PREFIX_PATH=${CMAKE_PREFIX_PATH}:/home/beniamino/ros2_ws/install/acg_resources_panda_trajectory_generation:/home/beniamino/ros2_ws/install/acg_resources_panda_trajectory_analyzer:/opt/ros/humble /usr/bin/cmake --build /home/beniamino/ros2_ws/build/acg_resources_panda_description -- -j12 -l12
[4.211s] Invoked command in '/home/beniamino/ros2_ws/build/acg_resources_panda_description' returned '0': CMAKE_PREFIX_PATH=${CMAKE_PREFIX_PATH}:/home/beniamino/ros2_ws/install/acg_resources_panda_trajectory_generation:/home/beniamino/ros2_ws/install/acg_resources_panda_trajectory_analyzer:/opt/ros/humble /usr/bin/cmake --build /home/beniamino/ros2_ws/build/acg_resources_panda_description -- -j12 -l12
[4.280s] Invoking command in '/home/beniamino/ros2_ws/build/acg_resources_panda_description': CMAKE_PREFIX_PATH=${CMAKE_PREFIX_PATH}:/home/beniamino/ros2_ws/install/acg_resources_panda_trajectory_generation:/home/beniamino/ros2_ws/install/acg_resources_panda_trajectory_analyzer:/opt/ros/humble /usr/bin/cmake --install /home/beniamino/ros2_ws/build/acg_resources_panda_description
[4.296s] -- Install configuration: ""
[4.299s] -- Up-to-date: /home/beniamino/ros2_ws/install/acg_resources_panda_description/share/ament_index/resource_index/package_run_dependencies/acg_resources_panda_description
[4.299s] -- Up-to-date: /home/beniamino/ros2_ws/install/acg_resources_panda_description/share/ament_index/resource_index/parent_prefix_path/acg_resources_panda_description
[4.300s] -- Up-to-date: /home/beniamino/ros2_ws/install/acg_resources_panda_description/share/acg_resources_panda_description/environment/ament_prefix_path.sh
[4.300s] -- Up-to-date: /home/beniamino/ros2_ws/install/acg_resources_panda_description/share/acg_resources_panda_description/environment/ament_prefix_path.dsv
[4.300s] -- Up-to-date: /home/beniamino/ros2_ws/install/acg_resources_panda_description/share/acg_resources_panda_description/environment/path.sh
[4.301s] -- Up-to-date: /home/beniamino/ros2_ws/install/acg_resources_panda_description/share/acg_resources_panda_description/environment/path.dsv
[4.301s] -- Up-to-date: /home/beniamino/ros2_ws/install/acg_resources_panda_description/share/acg_resources_panda_description/local_setup.bash
[4.301s] -- Up-to-date: /home/beniamino/ros2_ws/install/acg_resources_panda_description/share/acg_resources_panda_description/local_setup.sh
[4.301s] -- Up-to-date: /home/beniamino/ros2_ws/install/acg_resources_panda_description/share/acg_resources_panda_description/local_setup.zsh
[4.302s] -- Up-to-date: /home/beniamino/ros2_ws/install/acg_resources_panda_description/share/acg_resources_panda_description/local_setup.dsv
[4.302s] -- Installing: /home/beniamino/ros2_ws/install/acg_resources_panda_description/share/acg_resources_panda_description/package.dsv
[4.302s] -- Up-to-date: /home/beniamino/ros2_ws/install/acg_resources_panda_description/share/ament_index/resource_index/packages/acg_resources_panda_description
[4.302s] -- Up-to-date: /home/beniamino/ros2_ws/install/acg_resources_panda_description/share/acg_resources_panda_description/cmake/acg_resources_panda_descriptionConfig.cmake
[4.302s] -- Up-to-date: /home/beniamino/ros2_ws/install/acg_resources_panda_description/share/acg_resources_panda_description/cmake/acg_resources_panda_descriptionConfig-version.cmake
[4.303s] -- Up-to-date: /home/beniamino/ros2_ws/install/acg_resources_panda_description/share/acg_resources_panda_description/package.xml
[4.303s] -- Up-to-date: /home/beniamino/ros2_ws/install/acg_resources_panda_description/share/acg_resources_panda_description/meshes
[4.303s] -- Up-to-date: /home/beniamino/ros2_ws/install/acg_resources_panda_description/share/acg_resources_panda_description/meshes/visual
[4.303s] -- Up-to-date: /home/beniamino/ros2_ws/install/acg_resources_panda_description/share/acg_resources_panda_description/meshes/visual/link5.dae
[4.304s] -- Up-to-date: /home/beniamino/ros2_ws/install/acg_resources_panda_description/share/acg_resources_panda_description/meshes/visual/link2.dae
[4.304s] -- Up-to-date: /home/beniamino/ros2_ws/install/acg_resources_panda_description/share/acg_resources_panda_description/meshes/visual/finger.dae
[4.304s] -- Up-to-date: /home/beniamino/ros2_ws/install/acg_resources_panda_description/share/acg_resources_panda_description/meshes/visual/link4.dae
[4.304s] -- Up-to-date: /home/beniamino/ros2_ws/install/acg_resources_panda_description/share/acg_resources_panda_description/meshes/visual/link0.dae
[4.304s] -- Up-to-date: /home/beniamino/ros2_ws/install/acg_resources_panda_description/share/acg_resources_panda_description/meshes/visual/link3.dae
[4.305s] -- Up-to-date: /home/beniamino/ros2_ws/install/acg_resources_panda_description/share/acg_resources_panda_description/meshes/visual/hand.dae
[4.305s] -- Up-to-date: /home/beniamino/ros2_ws/install/acg_resources_panda_description/share/acg_resources_panda_description/meshes/visual/link7.dae
[4.305s] -- Up-to-date: /home/beniamino/ros2_ws/install/acg_resources_panda_description/share/acg_resources_panda_description/meshes/visual/link1.dae
[4.305s] -- Up-to-date: /home/beniamino/ros2_ws/install/acg_resources_panda_description/share/acg_resources_panda_description/meshes/visual/link6.dae
[4.306s] -- Up-to-date: /home/beniamino/ros2_ws/install/acg_resources_panda_description/share/acg_resources_panda_description/meshes/collision
[4.306s] -- Up-to-date: /home/beniamino/ros2_ws/install/acg_resources_panda_description/share/acg_resources_panda_description/meshes/collision/link6.stl
[4.306s] -- Up-to-date: /home/beniamino/ros2_ws/install/acg_resources_panda_description/share/acg_resources_panda_description/meshes/collision/finger.stl
[4.306s] -- Up-to-date: /home/beniamino/ros2_ws/install/acg_resources_panda_description/share/acg_resources_panda_description/meshes/collision/link3.stl
[4.307s] -- Up-to-date: /home/beniamino/ros2_ws/install/acg_resources_panda_description/share/acg_resources_panda_description/meshes/collision/link2.stl
[4.307s] -- Up-to-date: /home/beniamino/ros2_ws/install/acg_resources_panda_description/share/acg_resources_panda_description/meshes/collision/link4.stl
[4.307s] -- Up-to-date: /home/beniamino/ros2_ws/install/acg_resources_panda_description/share/acg_resources_panda_description/meshes/collision/link5.stl
[4.307s] -- Up-to-date: /home/beniamino/ros2_ws/install/acg_resources_panda_description/share/acg_resources_panda_description/meshes/collision/link0.stl
[4.308s] -- Up-to-date: /home/beniamino/ros2_ws/install/acg_resources_panda_description/share/acg_resources_panda_description/meshes/collision/hand.stl
[4.308s] -- Up-to-date: /home/beniamino/ros2_ws/install/acg_resources_panda_description/share/acg_resources_panda_description/meshes/collision/link7.stl
[4.308s] -- Up-to-date: /home/beniamino/ros2_ws/install/acg_resources_panda_description/share/acg_resources_panda_description/meshes/collision/link1.stl
[4.308s] -- Up-to-date: /home/beniamino/ros2_ws/install/acg_resources_panda_description/share/acg_resources_panda_description/urdf
[4.308s] -- Up-to-date: /home/beniamino/ros2_ws/install/acg_resources_panda_description/share/acg_resources_panda_description/urdf/panda.xacro
[4.309s] -- Up-to-date: /home/beniamino/ros2_ws/install/acg_resources_panda_description/share/acg_resources_panda_description/urdf/inertial.xacro
[4.309s] -- Up-to-date: /home/beniamino/ros2_ws/install/acg_resources_panda_description/share/acg_resources_panda_description/launch
[4.309s] -- Up-to-date: /home/beniamino/ros2_ws/install/acg_resources_panda_description/share/acg_resources_panda_description/launch/display.launch.py
[4.309s] -- Up-to-date: /home/beniamino/ros2_ws/install/acg_resources_panda_description/share/acg_resources_panda_description/config
[4.310s] -- Up-to-date: /home/beniamino/ros2_ws/install/acg_resources_panda_description/share/acg_resources_panda_description/config/inertial.yaml
[4.310s] -- Up-to-date: /home/beniamino/ros2_ws/install/acg_resources_panda_description/share/acg_resources_panda_description/config/urdf.rviz
[4.486s] Invoked command in '/home/beniamino/ros2_ws/build/acg_resources_panda_description' returned '0': CMAKE_PREFIX_PATH=${CMAKE_PREFIX_PATH}:/home/beniamino/ros2_ws/install/acg_resources_panda_trajectory_generation:/home/beniamino/ros2_ws/install/acg_resources_panda_trajectory_analyzer:/opt/ros/humble /usr/bin/cmake --install /home/beniamino/ros2_ws/build/acg_resources_panda_description
