[0.339s] Invoking command in '/home/beniamino/ros2_ws/build/cartesian_control_msgs': CMAKE_PREFIX_PATH=${CMAKE_PREFIX_PATH}:/home/beniamino/ros2_ws/install/acg_resources_panda_trajectory_generation:/home/beniamino/ros2_ws/install/acg_resources_panda_trajectory_analyzer:/opt/ros/humble /usr/bin/cmake --build /home/beniamino/ros2_ws/build/cartesian_control_msgs -- -j12 -l12
[0.424s] [  3%] Built target cartesian_control_msgs__cpp
[0.425s] [ 12%] Built target cartesian_control_msgs__rosidl_generator_c
[0.441s] [ 12%] Built target ament_cmake_python_copy_cartesian_control_msgs
[0.464s] [ 22%] Built target cartesian_control_msgs__rosidl_typesupport_cpp
[0.467s] [ 32%] Built target cartesian_control_msgs__rosidl_typesupport_fastrtps_cpp
[0.470s] [ 41%] Built target cartesian_control_msgs__rosidl_typesupport_introspection_c
[0.473s] [ 51%] Built target cartesian_control_msgs__rosidl_typesupport_c
[0.474s] [ 61%] Built target cartesian_control_msgs__rosidl_typesupport_introspection_cpp
[0.474s] [ 70%] Built target cartesian_control_msgs__rosidl_typesupport_fastrtps_c
[0.508s] [ 70%] Built target cartesian_control_msgs
[0.544s] [ 74%] Built target cartesian_control_msgs__py
[0.579s] [ 80%] Built target cartesian_control_msgs__rosidl_generator_py
[0.615s] [ 87%] Built target cartesian_control_msgs__rosidl_typesupport_fastrtps_c__pyext
[0.616s] [ 93%] Built target cartesian_control_msgs__rosidl_typesupport_c__pyext
[0.616s] [100%] Built target cartesian_control_msgs__rosidl_typesupport_introspection_c__pyext
[0.803s] running egg_info
[0.835s] writing cartesian_control_msgs.egg-info/PKG-INFO
[0.868s] writing dependency_links to cartesian_control_msgs.egg-info/dependency_links.txt
[0.888s] writing top-level names to cartesian_control_msgs.egg-info/top_level.txt
[0.995s] reading manifest file 'cartesian_control_msgs.egg-info/SOURCES.txt'
[0.996s] writing manifest file 'cartesian_control_msgs.egg-info/SOURCES.txt'
[1.241s] [100%] Built target ament_cmake_python_build_cartesian_control_msgs_egg
[2.989s] Invoked command in '/home/beniamino/ros2_ws/build/cartesian_control_msgs' returned '0': CMAKE_PREFIX_PATH=${CMAKE_PREFIX_PATH}:/home/beniamino/ros2_ws/install/acg_resources_panda_trajectory_generation:/home/beniamino/ros2_ws/install/acg_resources_panda_trajectory_analyzer:/opt/ros/humble /usr/bin/cmake --build /home/beniamino/ros2_ws/build/cartesian_control_msgs -- -j12 -l12
[3.097s] Invoking command in '/home/beniamino/ros2_ws/build/cartesian_control_msgs': CMAKE_PREFIX_PATH=${CMAKE_PREFIX_PATH}:/home/beniamino/ros2_ws/install/acg_resources_panda_trajectory_generation:/home/beniamino/ros2_ws/install/acg_resources_panda_trajectory_analyzer:/opt/ros/humble /usr/bin/cmake --install /home/beniamino/ros2_ws/build/cartesian_control_msgs
[3.113s] -- Install configuration: ""
[3.114s] -- Up-to-date: /home/beniamino/ros2_ws/install/cartesian_control_msgs/share/ament_index/resource_index/rosidl_interfaces/cartesian_control_msgs
[3.114s] -- Up-to-date: /home/beniamino/ros2_ws/install/cartesian_control_msgs/include/cartesian_control_msgs/cartesian_control_msgs
[3.114s] -- Up-to-date: /home/beniamino/ros2_ws/install/cartesian_control_msgs/include/cartesian_control_msgs/cartesian_control_msgs/action
[3.114s] -- Up-to-date: /home/beniamino/ros2_ws/install/cartesian_control_msgs/include/cartesian_control_msgs/cartesian_control_msgs/action/follow_cartesian_trajectory.h
[3.115s] -- Up-to-date: /home/beniamino/ros2_ws/install/cartesian_control_msgs/include/cartesian_control_msgs/cartesian_control_msgs/action/detail
[3.115s] -- Up-to-date: /home/beniamino/ros2_ws/install/cartesian_control_msgs/include/cartesian_control_msgs/cartesian_control_msgs/action/detail/follow_cartesian_trajectory__type_support.h
[3.115s] -- Up-to-date: /home/beniamino/ros2_ws/install/cartesian_control_msgs/include/cartesian_control_msgs/cartesian_control_msgs/action/detail/follow_cartesian_trajectory__functions.h
[3.116s] -- Up-to-date: /home/beniamino/ros2_ws/install/cartesian_control_msgs/include/cartesian_control_msgs/cartesian_control_msgs/action/detail/follow_cartesian_trajectory__struct.h
[3.116s] -- Up-to-date: /home/beniamino/ros2_ws/install/cartesian_control_msgs/include/cartesian_control_msgs/cartesian_control_msgs/action/detail/follow_cartesian_trajectory__functions.c
[3.116s] -- Up-to-date: /home/beniamino/ros2_ws/install/cartesian_control_msgs/include/cartesian_control_msgs/cartesian_control_msgs/msg
[3.116s] -- Up-to-date: /home/beniamino/ros2_ws/install/cartesian_control_msgs/include/cartesian_control_msgs/cartesian_control_msgs/msg/rosidl_generator_c__visibility_control.h
[3.117s] -- Up-to-date: /home/beniamino/ros2_ws/install/cartesian_control_msgs/share/cartesian_control_msgs/environment/library_path.sh
[3.117s] -- Up-to-date: /home/beniamino/ros2_ws/install/cartesian_control_msgs/share/cartesian_control_msgs/environment/library_path.dsv
[3.117s] -- Up-to-date: /home/beniamino/ros2_ws/install/cartesian_control_msgs/lib/libcartesian_control_msgs__rosidl_generator_c.so
[3.117s] -- Up-to-date: /home/beniamino/ros2_ws/install/cartesian_control_msgs/include/cartesian_control_msgs/cartesian_control_msgs
[3.117s] -- Up-to-date: /home/beniamino/ros2_ws/install/cartesian_control_msgs/include/cartesian_control_msgs/cartesian_control_msgs/action
[3.117s] -- Up-to-date: /home/beniamino/ros2_ws/install/cartesian_control_msgs/include/cartesian_control_msgs/cartesian_control_msgs/action/detail
[3.118s] -- Up-to-date: /home/beniamino/ros2_ws/install/cartesian_control_msgs/include/cartesian_control_msgs/cartesian_control_msgs/action/detail/follow_cartesian_trajectory__rosidl_typesupport_fastrtps_c.h
[3.118s] -- Up-to-date: /home/beniamino/ros2_ws/install/cartesian_control_msgs/include/cartesian_control_msgs/cartesian_control_msgs/msg
[3.118s] -- Up-to-date: /home/beniamino/ros2_ws/install/cartesian_control_msgs/include/cartesian_control_msgs/cartesian_control_msgs/msg/rosidl_typesupport_fastrtps_c__visibility_control.h
[3.118s] -- Up-to-date: /home/beniamino/ros2_ws/install/cartesian_control_msgs/lib/libcartesian_control_msgs__rosidl_typesupport_fastrtps_c.so
[3.118s] -- Up-to-date: /home/beniamino/ros2_ws/install/cartesian_control_msgs/include/cartesian_control_msgs/cartesian_control_msgs
[3.118s] -- Up-to-date: /home/beniamino/ros2_ws/install/cartesian_control_msgs/include/cartesian_control_msgs/cartesian_control_msgs/action
[3.119s] -- Up-to-date: /home/beniamino/ros2_ws/install/cartesian_control_msgs/include/cartesian_control_msgs/cartesian_control_msgs/action/detail
[3.120s] -- Up-to-date: /home/beniamino/ros2_ws/install/cartesian_control_msgs/include/cartesian_control_msgs/cartesian_control_msgs/action/detail/follow_cartesian_trajectory__builder.hpp
[3.120s] -- Up-to-date: /home/beniamino/ros2_ws/install/cartesian_control_msgs/include/cartesian_control_msgs/cartesian_control_msgs/action/detail/follow_cartesian_trajectory__struct.hpp
[3.120s] -- Up-to-date: /home/beniamino/ros2_ws/install/cartesian_control_msgs/include/cartesian_control_msgs/cartesian_control_msgs/action/detail/follow_cartesian_trajectory__traits.hpp
[3.120s] -- Up-to-date: /home/beniamino/ros2_ws/install/cartesian_control_msgs/include/cartesian_control_msgs/cartesian_control_msgs/action/follow_cartesian_trajectory.hpp
[3.120s] -- Up-to-date: /home/beniamino/ros2_ws/install/cartesian_control_msgs/include/cartesian_control_msgs/cartesian_control_msgs
[3.120s] -- Up-to-date: /home/beniamino/ros2_ws/install/cartesian_control_msgs/include/cartesian_control_msgs/cartesian_control_msgs/action
[3.121s] -- Up-to-date: /home/beniamino/ros2_ws/install/cartesian_control_msgs/include/cartesian_control_msgs/cartesian_control_msgs/action/detail
[3.121s] -- Up-to-date: /home/beniamino/ros2_ws/install/cartesian_control_msgs/include/cartesian_control_msgs/cartesian_control_msgs/action/detail/dds_fastrtps
[3.121s] -- Up-to-date: /home/beniamino/ros2_ws/install/cartesian_control_msgs/include/cartesian_control_msgs/cartesian_control_msgs/action/detail/follow_cartesian_trajectory__rosidl_typesupport_fastrtps_cpp.hpp
[3.121s] -- Up-to-date: /home/beniamino/ros2_ws/install/cartesian_control_msgs/include/cartesian_control_msgs/cartesian_control_msgs/msg
[3.121s] -- Up-to-date: /home/beniamino/ros2_ws/install/cartesian_control_msgs/include/cartesian_control_msgs/cartesian_control_msgs/msg/rosidl_typesupport_fastrtps_cpp__visibility_control.h
[3.121s] -- Up-to-date: /home/beniamino/ros2_ws/install/cartesian_control_msgs/lib/libcartesian_control_msgs__rosidl_typesupport_fastrtps_cpp.so
[3.121s] -- Up-to-date: /home/beniamino/ros2_ws/install/cartesian_control_msgs/include/cartesian_control_msgs/cartesian_control_msgs
[3.121s] -- Up-to-date: /home/beniamino/ros2_ws/install/cartesian_control_msgs/include/cartesian_control_msgs/cartesian_control_msgs/action
[3.122s] -- Up-to-date: /home/beniamino/ros2_ws/install/cartesian_control_msgs/include/cartesian_control_msgs/cartesian_control_msgs/action/detail
[3.122s] -- Up-to-date: /home/beniamino/ros2_ws/install/cartesian_control_msgs/include/cartesian_control_msgs/cartesian_control_msgs/action/detail/follow_cartesian_trajectory__type_support.c
[3.122s] -- Up-to-date: /home/beniamino/ros2_ws/install/cartesian_control_msgs/include/cartesian_control_msgs/cartesian_control_msgs/action/detail/follow_cartesian_trajectory__rosidl_typesupport_introspection_c.h
[3.122s] -- Up-to-date: /home/beniamino/ros2_ws/install/cartesian_control_msgs/include/cartesian_control_msgs/cartesian_control_msgs/msg
[3.122s] -- Up-to-date: /home/beniamino/ros2_ws/install/cartesian_control_msgs/include/cartesian_control_msgs/cartesian_control_msgs/msg/rosidl_typesupport_introspection_c__visibility_control.h
[3.122s] -- Up-to-date: /home/beniamino/ros2_ws/install/cartesian_control_msgs/lib/libcartesian_control_msgs__rosidl_typesupport_introspection_c.so
[3.122s] -- Up-to-date: /home/beniamino/ros2_ws/install/cartesian_control_msgs/lib/libcartesian_control_msgs__rosidl_typesupport_c.so
[3.123s] -- Up-to-date: /home/beniamino/ros2_ws/install/cartesian_control_msgs/include/cartesian_control_msgs/cartesian_control_msgs
[3.123s] -- Up-to-date: /home/beniamino/ros2_ws/install/cartesian_control_msgs/include/cartesian_control_msgs/cartesian_control_msgs/action
[3.123s] -- Up-to-date: /home/beniamino/ros2_ws/install/cartesian_control_msgs/include/cartesian_control_msgs/cartesian_control_msgs/action/detail
[3.123s] -- Up-to-date: /home/beniamino/ros2_ws/install/cartesian_control_msgs/include/cartesian_control_msgs/cartesian_control_msgs/action/detail/follow_cartesian_trajectory__rosidl_typesupport_introspection_cpp.hpp
[3.123s] -- Up-to-date: /home/beniamino/ros2_ws/install/cartesian_control_msgs/include/cartesian_control_msgs/cartesian_control_msgs/action/detail/follow_cartesian_trajectory__type_support.cpp
[3.124s] -- Up-to-date: /home/beniamino/ros2_ws/install/cartesian_control_msgs/lib/libcartesian_control_msgs__rosidl_typesupport_introspection_cpp.so
[3.124s] -- Up-to-date: /home/beniamino/ros2_ws/install/cartesian_control_msgs/lib/libcartesian_control_msgs__rosidl_typesupport_cpp.so
[3.124s] -- Up-to-date: /home/beniamino/ros2_ws/install/cartesian_control_msgs/share/cartesian_control_msgs/environment/pythonpath.sh
[3.124s] -- Up-to-date: /home/beniamino/ros2_ws/install/cartesian_control_msgs/share/cartesian_control_msgs/environment/pythonpath.dsv
[3.125s] -- Up-to-date: /home/beniamino/ros2_ws/install/cartesian_control_msgs/local/lib/python3.10/dist-packages/cartesian_control_msgs-0.0.1-py3.10.egg-info
[3.125s] -- Installing: /home/beniamino/ros2_ws/install/cartesian_control_msgs/local/lib/python3.10/dist-packages/cartesian_control_msgs-0.0.1-py3.10.egg-info/SOURCES.txt
[3.125s] -- Installing: /home/beniamino/ros2_ws/install/cartesian_control_msgs/local/lib/python3.10/dist-packages/cartesian_control_msgs-0.0.1-py3.10.egg-info/dependency_links.txt
[3.126s] -- Installing: /home/beniamino/ros2_ws/install/cartesian_control_msgs/local/lib/python3.10/dist-packages/cartesian_control_msgs-0.0.1-py3.10.egg-info/top_level.txt
[3.126s] -- Installing: /home/beniamino/ros2_ws/install/cartesian_control_msgs/local/lib/python3.10/dist-packages/cartesian_control_msgs-0.0.1-py3.10.egg-info/PKG-INFO
[3.126s] -- Up-to-date: /home/beniamino/ros2_ws/install/cartesian_control_msgs/local/lib/python3.10/dist-packages/cartesian_control_msgs
[3.126s] -- Up-to-date: /home/beniamino/ros2_ws/install/cartesian_control_msgs/local/lib/python3.10/dist-packages/cartesian_control_msgs/_cartesian_control_msgs_s.ep.rosidl_typesupport_introspection_c.c
[3.129s] -- Up-to-date: /home/beniamino/ros2_ws/install/cartesian_control_msgs/local/lib/python3.10/dist-packages/cartesian_control_msgs/_cartesian_control_msgs_s.ep.rosidl_typesupport_c.c
[3.129s] -- Up-to-date: /home/beniamino/ros2_ws/install/cartesian_control_msgs/local/lib/python3.10/dist-packages/cartesian_control_msgs/libcartesian_control_msgs__rosidl_generator_py.so
[3.130s] -- Up-to-date: /home/beniamino/ros2_ws/install/cartesian_control_msgs/local/lib/python3.10/dist-packages/cartesian_control_msgs/action
[3.130s] -- Up-to-date: /home/beniamino/ros2_ws/install/cartesian_control_msgs/local/lib/python3.10/dist-packages/cartesian_control_msgs/action/_follow_cartesian_trajectory.py
[3.130s] -- Up-to-date: /home/beniamino/ros2_ws/install/cartesian_control_msgs/local/lib/python3.10/dist-packages/cartesian_control_msgs/action/__init__.py
[3.130s] -- Up-to-date: /home/beniamino/ros2_ws/install/cartesian_control_msgs/local/lib/python3.10/dist-packages/cartesian_control_msgs/action/_follow_cartesian_trajectory_s.c
[3.130s] -- Up-to-date: /home/beniamino/ros2_ws/install/cartesian_control_msgs/local/lib/python3.10/dist-packages/cartesian_control_msgs/cartesian_control_msgs_s__rosidl_typesupport_introspection_c.cpython-310-x86_64-linux-gnu.so
[3.130s] -- Up-to-date: /home/beniamino/ros2_ws/install/cartesian_control_msgs/local/lib/python3.10/dist-packages/cartesian_control_msgs/cartesian_control_msgs_s__rosidl_typesupport_c.cpython-310-x86_64-linux-gnu.so
[3.130s] -- Up-to-date: /home/beniamino/ros2_ws/install/cartesian_control_msgs/local/lib/python3.10/dist-packages/cartesian_control_msgs/__init__.py
[3.130s] -- Up-to-date: /home/beniamino/ros2_ws/install/cartesian_control_msgs/local/lib/python3.10/dist-packages/cartesian_control_msgs/cartesian_control_msgs_s__rosidl_typesupport_fastrtps_c.cpython-310-x86_64-linux-gnu.so
[3.131s] -- Up-to-date: /home/beniamino/ros2_ws/install/cartesian_control_msgs/local/lib/python3.10/dist-packages/cartesian_control_msgs/_cartesian_control_msgs_s.ep.rosidl_typesupport_fastrtps_c.c
[3.173s] Listing '/home/beniamino/ros2_ws/install/cartesian_control_msgs/local/lib/python3.10/dist-packages/cartesian_control_msgs'...
[3.173s] Listing '/home/beniamino/ros2_ws/install/cartesian_control_msgs/local/lib/python3.10/dist-packages/cartesian_control_msgs/action'...
[3.180s] -- Up-to-date: /home/beniamino/ros2_ws/install/cartesian_control_msgs/local/lib/python3.10/dist-packages/cartesian_control_msgs/cartesian_control_msgs_s__rosidl_typesupport_fastrtps_c.cpython-310-x86_64-linux-gnu.so
[3.181s] -- Up-to-date: /home/beniamino/ros2_ws/install/cartesian_control_msgs/local/lib/python3.10/dist-packages/cartesian_control_msgs/cartesian_control_msgs_s__rosidl_typesupport_introspection_c.cpython-310-x86_64-linux-gnu.so
[3.182s] -- Up-to-date: /home/beniamino/ros2_ws/install/cartesian_control_msgs/local/lib/python3.10/dist-packages/cartesian_control_msgs/cartesian_control_msgs_s__rosidl_typesupport_c.cpython-310-x86_64-linux-gnu.so
[3.182s] -- Up-to-date: /home/beniamino/ros2_ws/install/cartesian_control_msgs/lib/libcartesian_control_msgs__rosidl_generator_py.so
[3.182s] -- Up-to-date: /home/beniamino/ros2_ws/install/cartesian_control_msgs/share/cartesian_control_msgs/action/FollowCartesianTrajectory.idl
[3.182s] -- Up-to-date: /home/beniamino/ros2_ws/install/cartesian_control_msgs/share/cartesian_control_msgs/action/FollowCartesianTrajectory.action
[3.182s] -- Up-to-date: /home/beniamino/ros2_ws/install/cartesian_control_msgs/share/ament_index/resource_index/package_run_dependencies/cartesian_control_msgs
[3.183s] -- Up-to-date: /home/beniamino/ros2_ws/install/cartesian_control_msgs/share/ament_index/resource_index/parent_prefix_path/cartesian_control_msgs
[3.183s] -- Up-to-date: /home/beniamino/ros2_ws/install/cartesian_control_msgs/share/cartesian_control_msgs/environment/ament_prefix_path.sh
[3.183s] -- Up-to-date: /home/beniamino/ros2_ws/install/cartesian_control_msgs/share/cartesian_control_msgs/environment/ament_prefix_path.dsv
[3.184s] -- Up-to-date: /home/beniamino/ros2_ws/install/cartesian_control_msgs/share/cartesian_control_msgs/environment/path.sh
[3.184s] -- Up-to-date: /home/beniamino/ros2_ws/install/cartesian_control_msgs/share/cartesian_control_msgs/environment/path.dsv
[3.184s] -- Up-to-date: /home/beniamino/ros2_ws/install/cartesian_control_msgs/share/cartesian_control_msgs/local_setup.bash
[3.184s] -- Up-to-date: /home/beniamino/ros2_ws/install/cartesian_control_msgs/share/cartesian_control_msgs/local_setup.sh
[3.184s] -- Up-to-date: /home/beniamino/ros2_ws/install/cartesian_control_msgs/share/cartesian_control_msgs/local_setup.zsh
[3.184s] -- Up-to-date: /home/beniamino/ros2_ws/install/cartesian_control_msgs/share/cartesian_control_msgs/local_setup.dsv
[3.184s] -- Installing: /home/beniamino/ros2_ws/install/cartesian_control_msgs/share/cartesian_control_msgs/package.dsv
[3.184s] -- Up-to-date: /home/beniamino/ros2_ws/install/cartesian_control_msgs/share/ament_index/resource_index/packages/cartesian_control_msgs
[3.185s] -- Up-to-date: /home/beniamino/ros2_ws/install/cartesian_control_msgs/share/cartesian_control_msgs/cmake/export_cartesian_control_msgs__rosidl_generator_cExport.cmake
[3.185s] -- Up-to-date: /home/beniamino/ros2_ws/install/cartesian_control_msgs/share/cartesian_control_msgs/cmake/export_cartesian_control_msgs__rosidl_generator_cExport-noconfig.cmake
[3.185s] -- Up-to-date: /home/beniamino/ros2_ws/install/cartesian_control_msgs/share/cartesian_control_msgs/cmake/export_cartesian_control_msgs__rosidl_typesupport_fastrtps_cExport.cmake
[3.185s] -- Up-to-date: /home/beniamino/ros2_ws/install/cartesian_control_msgs/share/cartesian_control_msgs/cmake/export_cartesian_control_msgs__rosidl_typesupport_fastrtps_cExport-noconfig.cmake
[3.185s] -- Up-to-date: /home/beniamino/ros2_ws/install/cartesian_control_msgs/share/cartesian_control_msgs/cmake/export_cartesian_control_msgs__rosidl_generator_cppExport.cmake
[3.186s] -- Up-to-date: /home/beniamino/ros2_ws/install/cartesian_control_msgs/share/cartesian_control_msgs/cmake/export_cartesian_control_msgs__rosidl_typesupport_fastrtps_cppExport.cmake
[3.186s] -- Up-to-date: /home/beniamino/ros2_ws/install/cartesian_control_msgs/share/cartesian_control_msgs/cmake/export_cartesian_control_msgs__rosidl_typesupport_fastrtps_cppExport-noconfig.cmake
[3.186s] -- Up-to-date: /home/beniamino/ros2_ws/install/cartesian_control_msgs/share/cartesian_control_msgs/cmake/cartesian_control_msgs__rosidl_typesupport_introspection_cExport.cmake
[3.186s] -- Up-to-date: /home/beniamino/ros2_ws/install/cartesian_control_msgs/share/cartesian_control_msgs/cmake/cartesian_control_msgs__rosidl_typesupport_introspection_cExport-noconfig.cmake
[3.186s] -- Up-to-date: /home/beniamino/ros2_ws/install/cartesian_control_msgs/share/cartesian_control_msgs/cmake/cartesian_control_msgs__rosidl_typesupport_cExport.cmake
[3.187s] -- Up-to-date: /home/beniamino/ros2_ws/install/cartesian_control_msgs/share/cartesian_control_msgs/cmake/cartesian_control_msgs__rosidl_typesupport_cExport-noconfig.cmake
[3.187s] -- Up-to-date: /home/beniamino/ros2_ws/install/cartesian_control_msgs/share/cartesian_control_msgs/cmake/cartesian_control_msgs__rosidl_typesupport_introspection_cppExport.cmake
[3.187s] -- Up-to-date: /home/beniamino/ros2_ws/install/cartesian_control_msgs/share/cartesian_control_msgs/cmake/cartesian_control_msgs__rosidl_typesupport_introspection_cppExport-noconfig.cmake
[3.187s] -- Up-to-date: /home/beniamino/ros2_ws/install/cartesian_control_msgs/share/cartesian_control_msgs/cmake/cartesian_control_msgs__rosidl_typesupport_cppExport.cmake
[3.187s] -- Up-to-date: /home/beniamino/ros2_ws/install/cartesian_control_msgs/share/cartesian_control_msgs/cmake/cartesian_control_msgs__rosidl_typesupport_cppExport-noconfig.cmake
[3.187s] -- Up-to-date: /home/beniamino/ros2_ws/install/cartesian_control_msgs/share/cartesian_control_msgs/cmake/export_cartesian_control_msgs__rosidl_generator_pyExport.cmake
[3.188s] -- Up-to-date: /home/beniamino/ros2_ws/install/cartesian_control_msgs/share/cartesian_control_msgs/cmake/export_cartesian_control_msgs__rosidl_generator_pyExport-noconfig.cmake
[3.188s] -- Up-to-date: /home/beniamino/ros2_ws/install/cartesian_control_msgs/share/cartesian_control_msgs/cmake/rosidl_cmake-extras.cmake
[3.188s] -- Up-to-date: /home/beniamino/ros2_ws/install/cartesian_control_msgs/share/cartesian_control_msgs/cmake/ament_cmake_export_dependencies-extras.cmake
[3.188s] -- Up-to-date: /home/beniamino/ros2_ws/install/cartesian_control_msgs/share/cartesian_control_msgs/cmake/ament_cmake_export_include_directories-extras.cmake
[3.188s] -- Up-to-date: /home/beniamino/ros2_ws/install/cartesian_control_msgs/share/cartesian_control_msgs/cmake/ament_cmake_export_libraries-extras.cmake
[3.188s] -- Up-to-date: /home/beniamino/ros2_ws/install/cartesian_control_msgs/share/cartesian_control_msgs/cmake/ament_cmake_export_targets-extras.cmake
[3.188s] -- Up-to-date: /home/beniamino/ros2_ws/install/cartesian_control_msgs/share/cartesian_control_msgs/cmake/rosidl_cmake_export_typesupport_targets-extras.cmake
[3.189s] -- Up-to-date: /home/beniamino/ros2_ws/install/cartesian_control_msgs/share/cartesian_control_msgs/cmake/rosidl_cmake_export_typesupport_libraries-extras.cmake
[3.189s] -- Up-to-date: /home/beniamino/ros2_ws/install/cartesian_control_msgs/share/cartesian_control_msgs/cmake/cartesian_control_msgsConfig.cmake
[3.189s] -- Up-to-date: /home/beniamino/ros2_ws/install/cartesian_control_msgs/share/cartesian_control_msgs/cmake/cartesian_control_msgsConfig-version.cmake
[3.189s] -- Up-to-date: /home/beniamino/ros2_ws/install/cartesian_control_msgs/share/cartesian_control_msgs/package.xml
[3.193s] Invoked command in '/home/beniamino/ros2_ws/build/cartesian_control_msgs' returned '0': CMAKE_PREFIX_PATH=${CMAKE_PREFIX_PATH}:/home/beniamino/ros2_ws/install/acg_resources_panda_trajectory_generation:/home/beniamino/ros2_ws/install/acg_resources_panda_trajectory_analyzer:/opt/ros/humble /usr/bin/cmake --install /home/beniamino/ros2_ws/build/cartesian_control_msgs
