[0.020s] Invoking command in '/home/beniamino/ros2_ws/build/panda_moveit_planning_demo': CMAKE_PREFIX_PATH=/home/beniamino/ros2_ws/install/acg_resources_panda_moveit_config:/home/beniamino/ros2_ws/install/cartesian_control_msgs:/home/beniamino/ros2_ws/install/acg_resources_panda_description:/home/beniamino/ros2_ws/install/ros_extensions_utilities:/home/beniamino/ros2_ws/install/panda_moveit_planning_demo:/home/beniamino/ros2_ws/install/panda_impedance_controller:/home/beniamino/ros2_ws/install/kdl_inverse_dynamics_solver:/home/beniamino/ros2_ws/install/inverse_dynamics_solver:/home/beniamino/ros2_ws/install/acg_resources_panda_trajectory_generation:/home/beniamino/ros2_ws/install/acg_resources_panda_trajectory_analyzer:/opt/ros/humble LD_LIBRARY_PATH=/home/beniamino/ros2_ws/install/cartesian_control_msgs/lib:/home/beniamino/ros2_ws/install/panda_impedance_controller/lib:/home/beniamino/ros2_ws/install/kdl_inverse_dynamics_solver/lib:/opt/ros/humble/opt/rviz_ogre_vendor/lib:/opt/ros/humble/lib/x86_64-linux-gnu:/opt/ros/humble/lib /usr/bin/cmake --build /home/beniamino/ros2_ws/build/panda_moveit_planning_demo -- -j12 -l12
[0.109s] [  7%] Built target task_space_client_utils_parameters
[0.119s] [ 23%] Built target bag_file_utils
[0.134s] [ 38%] Built target moveit_utils
[0.161s] [ 53%] Built target task_space_client_utils
[0.193s] [35m[1mConsolidate compiler generated dependencies of target panda_moveit_cartesian_demo_nobag[0m
[0.225s] [ 84%] Built target panda_moveit_planning_node
[0.225s] [ 84%] Built target panda_moveit_cartesian_demo
[0.249s] [ 92%] [32mBuilding CXX object CMakeFiles/panda_moveit_cartesian_demo_nobag.dir/src/panda_moveit_cartesian_demo_nobag.cpp.o[0m
[13.475s] [01m[K/home/beniamino/ros2_ws/src/panda_impedance_controller/panda_moveit_planning_demo/src/panda_moveit_cartesian_demo_nobag.cpp:[m[K In function ‘[01m[Kstd::vector<geometry_msgs::msg::Pose_<std::allocator<void> > > generate_dense_trajectory(moveit::planning_interface::MoveGroupInterface&)[m[K’:
[13.475s] [01m[K/home/beniamino/ros2_ws/src/panda_impedance_controller/panda_moveit_planning_demo/src/panda_moveit_cartesian_demo_nobag.cpp:41:30:[m[K [01;35m[Kwarning: [m[Kvariable ‘[01m[Ktarget_pose[m[K’ set but not used [[01;35m[K]8;;https://gcc.gnu.org/onlinedocs/gcc/Warning-Options.html#index-Wunused-but-set-variable-Wunused-but-set-variable]8;;[m[K]
[13.475s]    41 |     geometry_msgs::msg::Pose [01;35m[Ktarget_pose[m[K = current_pose;
[13.476s]       |                              [01;35m[K^~~~~~~~~~~[m[K
[13.525s] [01m[K/home/beniamino/ros2_ws/src/panda_impedance_controller/panda_moveit_planning_demo/src/panda_moveit_cartesian_demo_nobag.cpp:[m[K In function ‘[01m[Kint main(int, char**)[m[K’:
[13.525s] [01m[K/home/beniamino/ros2_ws/src/panda_impedance_controller/panda_moveit_planning_demo/src/panda_moveit_cartesian_demo_nobag.cpp:173:5:[m[K [01;31m[Kerror: [m[K‘[01m[Kexecute_trajectory[m[K’ was not declared in this scope; did you mean ‘[01m[Krobot_trajectory[m[K’?
[13.525s]   173 |     [01;31m[Kexecute_trajectory[m[K(moveit_visual_tools, planned_trajectory, planning_node);  // Execute the planned trajectory
[13.525s]       |     [01;31m[K^~~~~~~~~~~~~~~~~~[m[K
[13.526s]       |     [32m[Krobot_trajectory[m[K
[20.699s] gmake[2]: *** [CMakeFiles/panda_moveit_cartesian_demo_nobag.dir/build.make:76: CMakeFiles/panda_moveit_cartesian_demo_nobag.dir/src/panda_moveit_cartesian_demo_nobag.cpp.o] Error 1
[20.699s] gmake[1]: *** [CMakeFiles/Makefile2:314: CMakeFiles/panda_moveit_cartesian_demo_nobag.dir/all] Error 2
[20.700s] gmake: *** [Makefile:146: all] Error 2
[20.704s] Invoked command in '/home/beniamino/ros2_ws/build/panda_moveit_planning_demo' returned '2': CMAKE_PREFIX_PATH=/home/beniamino/ros2_ws/install/acg_resources_panda_moveit_config:/home/beniamino/ros2_ws/install/cartesian_control_msgs:/home/beniamino/ros2_ws/install/acg_resources_panda_description:/home/beniamino/ros2_ws/install/ros_extensions_utilities:/home/beniamino/ros2_ws/install/panda_moveit_planning_demo:/home/beniamino/ros2_ws/install/panda_impedance_controller:/home/beniamino/ros2_ws/install/kdl_inverse_dynamics_solver:/home/beniamino/ros2_ws/install/inverse_dynamics_solver:/home/beniamino/ros2_ws/install/acg_resources_panda_trajectory_generation:/home/beniamino/ros2_ws/install/acg_resources_panda_trajectory_analyzer:/opt/ros/humble LD_LIBRARY_PATH=/home/beniamino/ros2_ws/install/cartesian_control_msgs/lib:/home/beniamino/ros2_ws/install/panda_impedance_controller/lib:/home/beniamino/ros2_ws/install/kdl_inverse_dynamics_solver/lib:/opt/ros/humble/opt/rviz_ogre_vendor/lib:/opt/ros/humble/lib/x86_64-linux-gnu:/opt/ros/humble/lib /usr/bin/cmake --build /home/beniamino/ros2_ws/build/panda_moveit_planning_demo -- -j12 -l12
