[0.020s] Invoking command in '/home/beniamino/ros2_ws/build/panda_moveit_planning_demo': CMAKE_PREFIX_PATH=/home/beniamino/ros2_ws/install/acg_resources_panda_moveit_config:/home/beniamino/ros2_ws/install/cartesian_control_msgs:/home/beniamino/ros2_ws/install/acg_resources_panda_description:/home/beniamino/ros2_ws/install/ros_extensions_utilities:/home/beniamino/ros2_ws/install/panda_moveit_planning_demo:/home/beniamino/ros2_ws/install/panda_impedance_controller:/home/beniamino/ros2_ws/install/kdl_inverse_dynamics_solver:/home/beniamino/ros2_ws/install/inverse_dynamics_solver:/home/beniamino/ros2_ws/install/acg_resources_panda_trajectory_generation:/home/beniamino/ros2_ws/install/acg_resources_panda_trajectory_analyzer:/opt/ros/humble LD_LIBRARY_PATH=/home/beniamino/ros2_ws/install/cartesian_control_msgs/lib:/home/beniamino/ros2_ws/install/panda_impedance_controller/lib:/home/beniamino/ros2_ws/install/kdl_inverse_dynamics_solver/lib:/opt/ros/humble/opt/rviz_ogre_vendor/lib:/opt/ros/humble/lib/x86_64-linux-gnu:/opt/ros/humble/lib /usr/bin/cmake --build /home/beniamino/ros2_ws/build/panda_moveit_planning_demo -- -j12 -l12
[0.109s] [  9%] Built target task_space_client_utils_parameters
[0.120s] [ 27%] Built target bag_file_utils
[0.134s] [ 45%] Built target moveit_utils
[0.158s] [ 63%] Built target task_space_client_utils
[0.188s] [35m[1mConsolidate compiler generated dependencies of target panda_moveit_cartesian_demo[0m
[0.220s] [ 81%] Built target panda_moveit_planning_node
[0.243s] [ 90%] [32mBuilding CXX object CMakeFiles/panda_moveit_cartesian_demo.dir/src/panda_moveit_cartesian_demo.cpp.o[0m
[14.695s] [01m[K/home/beniamino/ros2_ws/src/panda_impedance_controller/panda_moveit_planning_demo/src/panda_moveit_cartesian_demo.cpp:[m[K In function ‘[01m[Kint main(int, char**)[m[K’:
[14.695s] [01m[K/home/beniamino/ros2_ws/src/panda_impedance_controller/panda_moveit_planning_demo/src/panda_moveit_cartesian_demo.cpp:418:21:[m[K [01;31m[Kerror: [m[K‘[01m[Kgenerate_waypoints[m[K’ was not declared in this scope
[14.695s]   418 |         waypoints = [01;31m[Kgenerate_waypoints[m[K(cartesian_path_poses);  // Generate waypoints from the bag file data
[14.695s]       |                     [01;31m[K^~~~~~~~~~~~~~~~~~[m[K
[14.724s] [01m[K/home/beniamino/ros2_ws/src/panda_impedance_controller/panda_moveit_planning_demo/src/panda_moveit_cartesian_demo.cpp:456:5:[m[K [01;31m[Kerror: [m[K‘[01m[Kexecute_trajectory[m[K’ was not declared in this scope; did you mean ‘[01m[Krobot_trajectory[m[K’?
[14.724s]   456 |     [01;31m[Kexecute_trajectory[m[K(moveit_visual_tools, planning_node->get_task_space_trajectory(
[14.724s]       |     [01;31m[K^~~~~~~~~~~~~~~~~~[m[K
[14.724s]       |     [32m[Krobot_trajectory[m[K
[19.748s] gmake[2]: *** [CMakeFiles/panda_moveit_cartesian_demo.dir/build.make:76: CMakeFiles/panda_moveit_cartesian_demo.dir/src/panda_moveit_cartesian_demo.cpp.o] Error 1
[19.748s] gmake[1]: *** [CMakeFiles/Makefile2:283: CMakeFiles/panda_moveit_cartesian_demo.dir/all] Error 2
[19.749s] gmake: *** [Makefile:146: all] Error 2
[19.752s] Invoked command in '/home/beniamino/ros2_ws/build/panda_moveit_planning_demo' returned '2': CMAKE_PREFIX_PATH=/home/beniamino/ros2_ws/install/acg_resources_panda_moveit_config:/home/beniamino/ros2_ws/install/cartesian_control_msgs:/home/beniamino/ros2_ws/install/acg_resources_panda_description:/home/beniamino/ros2_ws/install/ros_extensions_utilities:/home/beniamino/ros2_ws/install/panda_moveit_planning_demo:/home/beniamino/ros2_ws/install/panda_impedance_controller:/home/beniamino/ros2_ws/install/kdl_inverse_dynamics_solver:/home/beniamino/ros2_ws/install/inverse_dynamics_solver:/home/beniamino/ros2_ws/install/acg_resources_panda_trajectory_generation:/home/beniamino/ros2_ws/install/acg_resources_panda_trajectory_analyzer:/opt/ros/humble LD_LIBRARY_PATH=/home/beniamino/ros2_ws/install/cartesian_control_msgs/lib:/home/beniamino/ros2_ws/install/panda_impedance_controller/lib:/home/beniamino/ros2_ws/install/kdl_inverse_dynamics_solver/lib:/opt/ros/humble/opt/rviz_ogre_vendor/lib:/opt/ros/humble/lib/x86_64-linux-gnu:/opt/ros/humble/lib /usr/bin/cmake --build /home/beniamino/ros2_ws/build/panda_moveit_planning_demo -- -j12 -l12
