[0.027s] Invoking command in '/home/beniamino/ros2_ws/build/panda_moveit_planning_demo': CMAKE_PREFIX_PATH=/home/beniamino/ros2_ws/install/acg_resources_panda_moveit_config:/home/beniamino/ros2_ws/install/cartesian_control_msgs:/home/beniamino/ros2_ws/install/acg_resources_panda_description:/home/beniamino/ros2_ws/install/ros_extensions_utilities:/home/beniamino/ros2_ws/install/panda_moveit_planning_demo:/home/beniamino/ros2_ws/install/panda_impedance_controller:/home/beniamino/ros2_ws/install/kdl_inverse_dynamics_solver:/home/beniamino/ros2_ws/install/inverse_dynamics_solver:/home/beniamino/ros2_ws/install/acg_resources_panda_trajectory_generation:/home/beniamino/ros2_ws/install/acg_resources_panda_trajectory_analyzer:/opt/ros/humble LD_LIBRARY_PATH=/home/beniamino/ros2_ws/install/cartesian_control_msgs/lib:/home/beniamino/ros2_ws/install/panda_impedance_controller/lib:/home/beniamino/ros2_ws/install/kdl_inverse_dynamics_solver/lib:/opt/ros/humble/opt/rviz_ogre_vendor/lib:/opt/ros/humble/lib/x86_64-linux-gnu:/opt/ros/humble/lib /usr/bin/cmake --build /home/beniamino/ros2_ws/build/panda_moveit_planning_demo -- -j12 -l12
[0.154s] [  7%] Built target task_space_client_utils_parameters
[0.164s] [ 23%] Built target bag_file_utils
[0.182s] [ 38%] Built target moveit_utils
[0.224s] [ 53%] Built target task_space_client_utils
[0.262s] [35m[1mConsolidate compiler generated dependencies of target panda_moveit_cartesian_demo[0m
[0.295s] [ 69%] Built target panda_moveit_cartesian_demo_nobag
[0.304s] [ 84%] Built target panda_moveit_planning_node
[0.320s] [ 92%] [32mBuilding CXX object CMakeFiles/panda_moveit_cartesian_demo.dir/src/panda_moveit_cartesian_demo.cpp.o[0m
[14.039s] [01m[K/home/beniamino/ros2_ws/src/panda_impedance_controller/panda_moveit_planning_demo/src/panda_moveit_cartesian_demo.cpp:[m[K In function ‘[01m[Kint main(int, char**)[m[K’:
[14.040s] [01m[K/home/beniamino/ros2_ws/src/panda_impedance_controller/panda_moveit_planning_demo/src/panda_moveit_cartesian_demo.cpp:211:40:[m[K [01;31m[Kerror: [m[Ktoo few arguments to function ‘[01m[Kconst std::vector<geometry_msgs::msg::Pose_<std::allocator<void> > > generate_waypoints(std::shared_ptr<geometry_msgs::msg::PoseArray_<std::allocator<void> > >, moveit::planning_interface::MoveGroupInterface*, const rclcpp::Logger&)[m[K’
[14.040s]   211 |     auto waypoints = [01;31m[Kgenerate_waypoints(cartesian_path_poses, &move_group_interface)[m[K;  // Pass the address of move_group_interface
[14.040s]       |                      [01;31m[K~~~~~~~~~~~~~~~~~~^~~~~~~~~~~~~~~~~~~~~~~~~~~~~~~~~~~~~~~~~~~~~[m[K
[14.040s] [01m[K/home/beniamino/ros2_ws/src/panda_impedance_controller/panda_moveit_planning_demo/src/panda_moveit_cartesian_demo.cpp:46:45:[m[K [01;36m[Knote: [m[Kdeclared here
[14.040s]    46 | const std::vector<geometry_msgs::msg::Pose> [01;36m[Kgenerate_waypoints[m[K(
[14.041s]       |                                             [01;36m[K^~~~~~~~~~~~~~~~~~[m[K
[18.754s] gmake[2]: *** [CMakeFiles/panda_moveit_cartesian_demo.dir/build.make:76: CMakeFiles/panda_moveit_cartesian_demo.dir/src/panda_moveit_cartesian_demo.cpp.o] Error 1
[18.754s] gmake[1]: *** [CMakeFiles/Makefile2:285: CMakeFiles/panda_moveit_cartesian_demo.dir/all] Error 2
[18.754s] gmake: *** [Makefile:146: all] Error 2
[18.758s] Invoked command in '/home/beniamino/ros2_ws/build/panda_moveit_planning_demo' returned '2': CMAKE_PREFIX_PATH=/home/beniamino/ros2_ws/install/acg_resources_panda_moveit_config:/home/beniamino/ros2_ws/install/cartesian_control_msgs:/home/beniamino/ros2_ws/install/acg_resources_panda_description:/home/beniamino/ros2_ws/install/ros_extensions_utilities:/home/beniamino/ros2_ws/install/panda_moveit_planning_demo:/home/beniamino/ros2_ws/install/panda_impedance_controller:/home/beniamino/ros2_ws/install/kdl_inverse_dynamics_solver:/home/beniamino/ros2_ws/install/inverse_dynamics_solver:/home/beniamino/ros2_ws/install/acg_resources_panda_trajectory_generation:/home/beniamino/ros2_ws/install/acg_resources_panda_trajectory_analyzer:/opt/ros/humble LD_LIBRARY_PATH=/home/beniamino/ros2_ws/install/cartesian_control_msgs/lib:/home/beniamino/ros2_ws/install/panda_impedance_controller/lib:/home/beniamino/ros2_ws/install/kdl_inverse_dynamics_solver/lib:/opt/ros/humble/opt/rviz_ogre_vendor/lib:/opt/ros/humble/lib/x86_64-linux-gnu:/opt/ros/humble/lib /usr/bin/cmake --build /home/beniamino/ros2_ws/build/panda_moveit_planning_demo -- -j12 -l12
