-- Install configuration: ""
-- Up-to-date: /home/beniamino/ros2_ws/install/inverse_dynamics_solver/include
-- Up-to-date: /home/beniamino/ros2_ws/install/inverse_dynamics_solver/include/inverse_dynamics_solver
-- Up-to-date: /home/beniamino/ros2_ws/install/inverse_dynamics_solver/include/inverse_dynamics_solver/inverse_dynamics_solver.h
-- Up-to-date: /home/beniamino/ros2_ws/install/inverse_dynamics_solver/share/ament_index/resource_index/package_run_dependencies/inverse_dynamics_solver
-- Up-to-date: /home/beniamino/ros2_ws/install/inverse_dynamics_solver/share/ament_index/resource_index/parent_prefix_path/inverse_dynamics_solver
-- Up-to-date: /home/beniamino/ros2_ws/install/inverse_dynamics_solver/share/inverse_dynamics_solver/environment/ament_prefix_path.sh
-- Up-to-date: /home/beniamino/ros2_ws/install/inverse_dynamics_solver/share/inverse_dynamics_solver/environment/ament_prefix_path.dsv
-- Up-to-date: /home/beniamino/ros2_ws/install/inverse_dynamics_solver/share/inverse_dynamics_solver/environment/path.sh
-- Up-to-date: /home/beniamino/ros2_ws/install/inverse_dynamics_solver/share/inverse_dynamics_solver/environment/path.dsv
-- Up-to-date: /home/beniamino/ros2_ws/install/inverse_dynamics_solver/share/inverse_dynamics_solver/local_setup.bash
-- Up-to-date: /home/beniamino/ros2_ws/install/inverse_dynamics_solver/share/inverse_dynamics_solver/local_setup.sh
-- Up-to-date: /home/beniamino/ros2_ws/install/inverse_dynamics_solver/share/inverse_dynamics_solver/local_setup.zsh
-- Up-to-date: /home/beniamino/ros2_ws/install/inverse_dynamics_solver/share/inverse_dynamics_solver/local_setup.dsv
-- Up-to-date: /home/beniamino/ros2_ws/install/inverse_dynamics_solver/share/inverse_dynamics_solver/package.dsv
-- Up-to-date: /home/beniamino/ros2_ws/install/inverse_dynamics_solver/share/ament_index/resource_index/packages/inverse_dynamics_solver
-- Up-to-date: /home/beniamino/ros2_ws/install/inverse_dynamics_solver/share/inverse_dynamics_solver/cmake/ament_cmake_export_include_directories-extras.cmake
-- Up-to-date: /home/beniamino/ros2_ws/install/inverse_dynamics_solver/share/inverse_dynamics_solver/cmake/inverse_dynamics_solverConfig.cmake
-- Up-to-date: /home/beniamino/ros2_ws/install/inverse_dynamics_solver/share/inverse_dynamics_solver/cmake/inverse_dynamics_solverConfig-version.cmake
-- Up-to-date: /home/beniamino/ros2_ws/install/inverse_dynamics_solver/share/inverse_dynamics_solver/package.xml
