[0.051s] Invoking command in '/home/beniamino/ros2_ws/build/ros_extensions_utilities': CMAKE_PREFIX_PATH=${CMAKE_PREFIX_PATH}:/home/beniamino/ros2_ws/install/acg_resources_panda_trajectory_generation:/home/beniamino/ros2_ws/install/acg_resources_panda_trajectory_analyzer:/opt/ros/humble /usr/bin/cmake --build /home/beniamino/ros2_ws/build/ros_extensions_utilities -- -j12 -l12
[0.505s] Invoked command in '/home/beniamino/ros2_ws/build/ros_extensions_utilities' returned '0': CMAKE_PREFIX_PATH=${CMAKE_PREFIX_PATH}:/home/beniamino/ros2_ws/install/acg_resources_panda_trajectory_generation:/home/beniamino/ros2_ws/install/acg_resources_panda_trajectory_analyzer:/opt/ros/humble /usr/bin/cmake --build /home/beniamino/ros2_ws/build/ros_extensions_utilities -- -j12 -l12
[0.543s] Invoking command in '/home/beniamino/ros2_ws/build/ros_extensions_utilities': CMAKE_PREFIX_PATH=${CMAKE_PREFIX_PATH}:/home/beniamino/ros2_ws/install/acg_resources_panda_trajectory_generation:/home/beniamino/ros2_ws/install/acg_resources_panda_trajectory_analyzer:/opt/ros/humble /usr/bin/cmake --install /home/beniamino/ros2_ws/build/ros_extensions_utilities
[0.563s] -- Install configuration: ""
[0.564s] -- Up-to-date: /home/beniamino/ros2_ws/install/ros_extensions_utilities/include
[0.565s] -- Up-to-date: /home/beniamino/ros2_ws/install/ros_extensions_utilities/include/ros_extensions_utilities
[0.565s] -- Up-to-date: /home/beniamino/ros2_ws/install/ros_extensions_utilities/include/ros_extensions_utilities/exceptions.h
[0.566s] -- Up-to-date: /home/beniamino/ros2_ws/install/ros_extensions_utilities/include/ros_extensions_utilities/ros_extensions_utils.h
[0.566s] -- Up-to-date: /home/beniamino/ros2_ws/install/ros_extensions_utilities/share/ament_index/resource_index/package_run_dependencies/ros_extensions_utilities
[0.566s] -- Up-to-date: /home/beniamino/ros2_ws/install/ros_extensions_utilities/share/ament_index/resource_index/parent_prefix_path/ros_extensions_utilities
[0.567s] -- Up-to-date: /home/beniamino/ros2_ws/install/ros_extensions_utilities/share/ros_extensions_utilities/environment/ament_prefix_path.sh
[0.567s] -- Up-to-date: /home/beniamino/ros2_ws/install/ros_extensions_utilities/share/ros_extensions_utilities/environment/ament_prefix_path.dsv
[0.567s] -- Up-to-date: /home/beniamino/ros2_ws/install/ros_extensions_utilities/share/ros_extensions_utilities/environment/path.sh
[0.568s] -- Up-to-date: /home/beniamino/ros2_ws/install/ros_extensions_utilities/share/ros_extensions_utilities/environment/path.dsv
[0.568s] -- Up-to-date: /home/beniamino/ros2_ws/install/ros_extensions_utilities/share/ros_extensions_utilities/local_setup.bash
[0.569s] -- Up-to-date: /home/beniamino/ros2_ws/install/ros_extensions_utilities/share/ros_extensions_utilities/local_setup.sh
[0.569s] -- Up-to-date: /home/beniamino/ros2_ws/install/ros_extensions_utilities/share/ros_extensions_utilities/local_setup.zsh
[0.569s] -- Up-to-date: /home/beniamino/ros2_ws/install/ros_extensions_utilities/share/ros_extensions_utilities/local_setup.dsv
[0.569s] -- Installing: /home/beniamino/ros2_ws/install/ros_extensions_utilities/share/ros_extensions_utilities/package.dsv
[0.570s] -- Up-to-date: /home/beniamino/ros2_ws/install/ros_extensions_utilities/share/ament_index/resource_index/packages/ros_extensions_utilities
[0.570s] -- Up-to-date: /home/beniamino/ros2_ws/install/ros_extensions_utilities/share/ros_extensions_utilities/cmake/ament_cmake_export_include_directories-extras.cmake
[0.572s] -- Up-to-date: /home/beniamino/ros2_ws/install/ros_extensions_utilities/share/ros_extensions_utilities/cmake/ament_cmake_export_dependencies-extras.cmake
[0.572s] -- Up-to-date: /home/beniamino/ros2_ws/install/ros_extensions_utilities/share/ros_extensions_utilities/cmake/ros_extensions_utilitiesConfig.cmake
[0.572s] -- Up-to-date: /home/beniamino/ros2_ws/install/ros_extensions_utilities/share/ros_extensions_utilities/cmake/ros_extensions_utilitiesConfig-version.cmake
[0.573s] -- Up-to-date: /home/beniamino/ros2_ws/install/ros_extensions_utilities/share/ros_extensions_utilities/package.xml
[0.580s] Invoked command in '/home/beniamino/ros2_ws/build/ros_extensions_utilities' returned '0': CMAKE_PREFIX_PATH=${CMAKE_PREFIX_PATH}:/home/beniamino/ros2_ws/install/acg_resources_panda_trajectory_generation:/home/beniamino/ros2_ws/install/acg_resources_panda_trajectory_analyzer:/opt/ros/humble /usr/bin/cmake --install /home/beniamino/ros2_ws/build/ros_extensions_utilities
