[0.021s] Invoking command in '/home/beniamino/ros2_ws/build/panda_moveit_planning_demo': CMAKE_PREFIX_PATH=/home/beniamino/ros2_ws/install/acg_resources_panda_moveit_config:/home/beniamino/ros2_ws/install/cartesian_control_msgs:/home/beniamino/ros2_ws/install/acg_resources_panda_description:/home/beniamino/ros2_ws/install/ros_extensions_utilities:/home/beniamino/ros2_ws/install/panda_moveit_planning_demo:/home/beniamino/ros2_ws/install/panda_impedance_controller:/home/beniamino/ros2_ws/install/kdl_inverse_dynamics_solver:/home/beniamino/ros2_ws/install/inverse_dynamics_solver:/home/beniamino/ros2_ws/install/acg_resources_panda_trajectory_generation:/home/beniamino/ros2_ws/install/acg_resources_panda_trajectory_analyzer:/opt/ros/humble LD_LIBRARY_PATH=/home/beniamino/ros2_ws/install/cartesian_control_msgs/lib:/home/beniamino/ros2_ws/install/panda_impedance_controller/lib:/home/beniamino/ros2_ws/install/kdl_inverse_dynamics_solver/lib:/opt/ros/humble/opt/rviz_ogre_vendor/lib:/opt/ros/humble/lib/x86_64-linux-gnu:/opt/ros/humble/lib /usr/bin/cmake --build /home/beniamino/ros2_ws/build/panda_moveit_planning_demo -- -j12 -l12
[0.112s] [  9%] Built target task_space_client_utils_parameters
[0.122s] [ 27%] Built target bag_file_utils
[0.143s] [ 45%] Built target moveit_utils
[0.169s] [ 63%] Built target task_space_client_utils
[0.200s] [35m[1mConsolidate compiler generated dependencies of target panda_moveit_cartesian_demo[0m
[0.236s] [ 81%] Built target panda_moveit_planning_node
[0.266s] [ 90%] [32mBuilding CXX object CMakeFiles/panda_moveit_cartesian_demo.dir/src/panda_moveit_cartesian_demo.cpp.o[0m
[47.025s] [100%] [32m[1mLinking CXX executable panda_moveit_cartesian_demo[0m
[50.559s] [100%] Built target panda_moveit_cartesian_demo
[51.477s] Invoked command in '/home/beniamino/ros2_ws/build/panda_moveit_planning_demo' returned '0': CMAKE_PREFIX_PATH=/home/beniamino/ros2_ws/install/acg_resources_panda_moveit_config:/home/beniamino/ros2_ws/install/cartesian_control_msgs:/home/beniamino/ros2_ws/install/acg_resources_panda_description:/home/beniamino/ros2_ws/install/ros_extensions_utilities:/home/beniamino/ros2_ws/install/panda_moveit_planning_demo:/home/beniamino/ros2_ws/install/panda_impedance_controller:/home/beniamino/ros2_ws/install/kdl_inverse_dynamics_solver:/home/beniamino/ros2_ws/install/inverse_dynamics_solver:/home/beniamino/ros2_ws/install/acg_resources_panda_trajectory_generation:/home/beniamino/ros2_ws/install/acg_resources_panda_trajectory_analyzer:/opt/ros/humble LD_LIBRARY_PATH=/home/beniamino/ros2_ws/install/cartesian_control_msgs/lib:/home/beniamino/ros2_ws/install/panda_impedance_controller/lib:/home/beniamino/ros2_ws/install/kdl_inverse_dynamics_solver/lib:/opt/ros/humble/opt/rviz_ogre_vendor/lib:/opt/ros/humble/lib/x86_64-linux-gnu:/opt/ros/humble/lib /usr/bin/cmake --build /home/beniamino/ros2_ws/build/panda_moveit_planning_demo -- -j12 -l12
[51.559s] Invoking command in '/home/beniamino/ros2_ws/build/panda_moveit_planning_demo': CMAKE_PREFIX_PATH=/home/beniamino/ros2_ws/install/acg_resources_panda_moveit_config:/home/beniamino/ros2_ws/install/cartesian_control_msgs:/home/beniamino/ros2_ws/install/acg_resources_panda_description:/home/beniamino/ros2_ws/install/ros_extensions_utilities:/home/beniamino/ros2_ws/install/panda_moveit_planning_demo:/home/beniamino/ros2_ws/install/panda_impedance_controller:/home/beniamino/ros2_ws/install/kdl_inverse_dynamics_solver:/home/beniamino/ros2_ws/install/inverse_dynamics_solver:/home/beniamino/ros2_ws/install/acg_resources_panda_trajectory_generation:/home/beniamino/ros2_ws/install/acg_resources_panda_trajectory_analyzer:/opt/ros/humble LD_LIBRARY_PATH=/home/beniamino/ros2_ws/install/cartesian_control_msgs/lib:/home/beniamino/ros2_ws/install/panda_impedance_controller/lib:/home/beniamino/ros2_ws/install/kdl_inverse_dynamics_solver/lib:/opt/ros/humble/opt/rviz_ogre_vendor/lib:/opt/ros/humble/lib/x86_64-linux-gnu:/opt/ros/humble/lib /usr/bin/cmake --install /home/beniamino/ros2_ws/build/panda_moveit_planning_demo
[51.573s] -- Install configuration: ""
[51.573s] -- Up-to-date: /home/beniamino/ros2_ws/install/panda_moveit_planning_demo/include/task_space_client_utils_parameters
[51.574s] -- Up-to-date: /home/beniamino/ros2_ws/install/panda_moveit_planning_demo/include/task_space_client_utils_parameters/task_space_client_utils_parameters.hpp
[51.574s] -- Up-to-date: /home/beniamino/ros2_ws/install/panda_moveit_planning_demo/lib/panda_moveit_planning_demo/panda_moveit_planning_node
[51.574s] -- Installing: /home/beniamino/ros2_ws/install/panda_moveit_planning_demo/lib/panda_moveit_planning_demo/panda_moveit_cartesian_demo
[51.588s] -- Set runtime path of "/home/beniamino/ros2_ws/install/panda_moveit_planning_demo/lib/panda_moveit_planning_demo/panda_moveit_cartesian_demo" to ""
[51.589s] -- Up-to-date: /home/beniamino/ros2_ws/install/panda_moveit_planning_demo/lib/panda_moveit_planning_demo/libmoveit_utils.a
[51.589s] -- Up-to-date: /home/beniamino/ros2_ws/install/panda_moveit_planning_demo/lib/panda_moveit_planning_demo/libbag_file_utils.a
[51.589s] -- Up-to-date: /home/beniamino/ros2_ws/install/panda_moveit_planning_demo/lib/panda_moveit_planning_demo/libtask_space_client_utils.a
[51.589s] -- Up-to-date: /home/beniamino/ros2_ws/install/panda_moveit_planning_demo/share/panda_moveit_planning_demo/launch
[51.590s] -- Up-to-date: /home/beniamino/ros2_ws/install/panda_moveit_planning_demo/share/panda_moveit_planning_demo/launch/panda_moveit_planning_node.launch.py
[51.590s] -- Up-to-date: /home/beniamino/ros2_ws/install/panda_moveit_planning_demo/share/panda_moveit_planning_demo/launch/demo.launch.py
[51.590s] -- Up-to-date: /home/beniamino/ros2_ws/install/panda_moveit_planning_demo/share/panda_moveit_planning_demo/launch/panda_moveit_cartesian_demo.launch.py
[51.590s] -- Up-to-date: /home/beniamino/ros2_ws/install/panda_moveit_planning_demo/include/panda_moveit_planning_demo
[51.590s] -- Up-to-date: /home/beniamino/ros2_ws/install/panda_moveit_planning_demo/include/panda_moveit_planning_demo/task_space_client_utils.hpp
[51.591s] -- Up-to-date: /home/beniamino/ros2_ws/install/panda_moveit_planning_demo/include/panda_moveit_planning_demo/moveit_utils.hpp
[51.591s] -- Up-to-date: /home/beniamino/ros2_ws/install/panda_moveit_planning_demo/include/panda_moveit_planning_demo/bag_file_utils.hpp
[51.591s] -- Up-to-date: /home/beniamino/ros2_ws/install/panda_moveit_planning_demo/share/panda_moveit_planning_demo/launch
[51.591s] -- Up-to-date: /home/beniamino/ros2_ws/install/panda_moveit_planning_demo/share/panda_moveit_planning_demo/launch/panda_moveit_planning_node.launch.py
[51.591s] -- Up-to-date: /home/beniamino/ros2_ws/install/panda_moveit_planning_demo/share/panda_moveit_planning_demo/launch/demo.launch.py
[51.591s] -- Up-to-date: /home/beniamino/ros2_ws/install/panda_moveit_planning_demo/share/panda_moveit_planning_demo/launch/panda_moveit_cartesian_demo.launch.py
[51.591s] -- Up-to-date: /home/beniamino/ros2_ws/install/panda_moveit_planning_demo/share/ament_index/resource_index/package_run_dependencies/panda_moveit_planning_demo
[51.591s] -- Up-to-date: /home/beniamino/ros2_ws/install/panda_moveit_planning_demo/share/ament_index/resource_index/parent_prefix_path/panda_moveit_planning_demo
[51.591s] -- Up-to-date: /home/beniamino/ros2_ws/install/panda_moveit_planning_demo/share/panda_moveit_planning_demo/environment/ament_prefix_path.sh
[51.592s] -- Up-to-date: /home/beniamino/ros2_ws/install/panda_moveit_planning_demo/share/panda_moveit_planning_demo/environment/ament_prefix_path.dsv
[51.592s] -- Up-to-date: /home/beniamino/ros2_ws/install/panda_moveit_planning_demo/share/panda_moveit_planning_demo/environment/path.sh
[51.592s] -- Up-to-date: /home/beniamino/ros2_ws/install/panda_moveit_planning_demo/share/panda_moveit_planning_demo/environment/path.dsv
[51.592s] -- Up-to-date: /home/beniamino/ros2_ws/install/panda_moveit_planning_demo/share/panda_moveit_planning_demo/local_setup.bash
[51.592s] -- Up-to-date: /home/beniamino/ros2_ws/install/panda_moveit_planning_demo/share/panda_moveit_planning_demo/local_setup.sh
[51.592s] -- Up-to-date: /home/beniamino/ros2_ws/install/panda_moveit_planning_demo/share/panda_moveit_planning_demo/local_setup.zsh
[51.592s] -- Up-to-date: /home/beniamino/ros2_ws/install/panda_moveit_planning_demo/share/panda_moveit_planning_demo/local_setup.dsv
[51.592s] -- Installing: /home/beniamino/ros2_ws/install/panda_moveit_planning_demo/share/panda_moveit_planning_demo/package.dsv
[51.593s] -- Up-to-date: /home/beniamino/ros2_ws/install/panda_moveit_planning_demo/share/ament_index/resource_index/packages/panda_moveit_planning_demo
[51.593s] -- Up-to-date: /home/beniamino/ros2_ws/install/panda_moveit_planning_demo/share/panda_moveit_planning_demo/cmake/ament_cmake_export_dependencies-extras.cmake
[51.593s] -- Up-to-date: /home/beniamino/ros2_ws/install/panda_moveit_planning_demo/share/panda_moveit_planning_demo/cmake/panda_moveit_planning_demoConfig.cmake
[51.593s] -- Up-to-date: /home/beniamino/ros2_ws/install/panda_moveit_planning_demo/share/panda_moveit_planning_demo/cmake/panda_moveit_planning_demoConfig-version.cmake
[51.593s] -- Up-to-date: /home/beniamino/ros2_ws/install/panda_moveit_planning_demo/share/panda_moveit_planning_demo/package.xml
[51.595s] Invoked command in '/home/beniamino/ros2_ws/build/panda_moveit_planning_demo' returned '0': CMAKE_PREFIX_PATH=/home/beniamino/ros2_ws/install/acg_resources_panda_moveit_config:/home/beniamino/ros2_ws/install/cartesian_control_msgs:/home/beniamino/ros2_ws/install/acg_resources_panda_description:/home/beniamino/ros2_ws/install/ros_extensions_utilities:/home/beniamino/ros2_ws/install/panda_moveit_planning_demo:/home/beniamino/ros2_ws/install/panda_impedance_controller:/home/beniamino/ros2_ws/install/kdl_inverse_dynamics_solver:/home/beniamino/ros2_ws/install/inverse_dynamics_solver:/home/beniamino/ros2_ws/install/acg_resources_panda_trajectory_generation:/home/beniamino/ros2_ws/install/acg_resources_panda_trajectory_analyzer:/opt/ros/humble LD_LIBRARY_PATH=/home/beniamino/ros2_ws/install/cartesian_control_msgs/lib:/home/beniamino/ros2_ws/install/panda_impedance_controller/lib:/home/beniamino/ros2_ws/install/kdl_inverse_dynamics_solver/lib:/opt/ros/humble/opt/rviz_ogre_vendor/lib:/opt/ros/humble/lib/x86_64-linux-gnu:/opt/ros/humble/lib /usr/bin/cmake --install /home/beniamino/ros2_ws/build/panda_moveit_planning_demo
