[2.267s] DEBUG:colcon:Command line arguments: ['/usr/bin/colcon', 'build', '--packages-up-to', 'acg_resources_panda_moveit_config']
[2.268s] DEBUG:colcon:Parsed command line arguments: Namespace(log_base=None, log_level=None, verb_name='build', build_base='build', install_base='install', merge_install=False, symlink_install=False, test_result_base=None, continue_on_error=False, executor='parallel', parallel_workers=12, event_handlers=None, ignore_user_meta=False, metas=['./colcon.meta'], base_paths=['.'], packages_ignore=None, packages_ignore_regex=None, paths=None, packages_up_to=['acg_resources_panda_moveit_config'], packages_up_to_regex=None, packages_above=None, packages_above_and_dependencies=None, packages_above_depth=None, packages_select_by_dep=None, packages_skip_by_dep=None, packages_skip_up_to=None, packages_select_build_failed=False, packages_skip_build_finished=False, packages_select_test_failures=False, packages_skip_test_passed=False, packages_select=None, packages_skip=None, packages_select_regex=None, packages_skip_regex=None, packages_start=None, packages_end=None, allow_overriding=[], cmake_args=None, cmake_target=None, cmake_target_skip_unavailable=False, cmake_clean_cache=False, cmake_clean_first=False, cmake_force_configure=False, ament_cmake_args=None, catkin_cmake_args=None, catkin_skip_building_tests=False, mixin_files=None, mixin=None, verb_parser=<colcon_mixin.mixin.mixin_argument.MixinArgumentDecorator object at 0x70949e863b20>, verb_extension=<colcon_core.verb.build.BuildVerb object at 0x70949e8635e0>, main=<bound method BuildVerb.main of <colcon_core.verb.build.BuildVerb object at 0x70949e8635e0>>, mixin_verb=('build',))
[2.330s] Level 1:colcon.colcon_core.package_discovery:discover_packages(colcon_meta) check parameters
[2.330s] Level 1:colcon.colcon_core.package_discovery:discover_packages(recursive) check parameters
[2.330s] Level 1:colcon.colcon_core.package_discovery:discover_packages(ignore) check parameters
[2.330s] Level 1:colcon.colcon_core.package_discovery:discover_packages(path) check parameters
[2.330s] Level 1:colcon.colcon_core.package_discovery:discover_packages(colcon_meta) discover
[2.330s] Level 1:colcon.colcon_core.package_discovery:discover_packages(recursive) discover
[2.330s] INFO:colcon.colcon_core.package_discovery:Crawling recursively for packages in '/home/beniamino/ros2_ws'
[2.330s] Level 1:colcon.colcon_core.package_identification:_identify(.) by extensions ['ignore', 'ignore_ament_install']
[2.331s] Level 1:colcon.colcon_core.package_identification:_identify(.) by extension 'ignore'
[2.331s] Level 1:colcon.colcon_core.package_identification:_identify(.) by extension 'ignore_ament_install'
[2.331s] Level 1:colcon.colcon_core.package_identification:_identify(.) by extensions ['colcon_pkg']
[2.331s] Level 1:colcon.colcon_core.package_identification:_identify(.) by extension 'colcon_pkg'
[2.331s] Level 1:colcon.colcon_core.package_identification:_identify(.) by extensions ['colcon_meta']
[2.331s] Level 1:colcon.colcon_core.package_identification:_identify(.) by extension 'colcon_meta'
[2.331s] Level 1:colcon.colcon_core.package_identification:_identify(.) by extensions ['ros']
[2.331s] Level 1:colcon.colcon_core.package_identification:_identify(.) by extension 'ros'
[2.355s] Level 1:colcon.colcon_core.package_identification:_identify(.) by extensions ['cmake', 'python']
[2.356s] Level 1:colcon.colcon_core.package_identification:_identify(.) by extension 'cmake'
[2.356s] Level 1:colcon.colcon_core.package_identification:_identify(.) by extension 'python'
[2.356s] Level 1:colcon.colcon_core.package_identification:_identify(.) by extensions ['python_setup_py']
[2.356s] Level 1:colcon.colcon_core.package_identification:_identify(.) by extension 'python_setup_py'
[2.356s] Level 1:colcon.colcon_core.package_identification:_identify(build) by extensions ['ignore', 'ignore_ament_install']
[2.356s] Level 1:colcon.colcon_core.package_identification:_identify(build) by extension 'ignore'
[2.356s] Level 1:colcon.colcon_core.package_identification:_identify(build) ignored
[2.356s] Level 1:colcon.colcon_core.package_identification:_identify(executed_line_trajectory_2024_09_08_10_50_53.bag) by extensions ['ignore', 'ignore_ament_install']
[2.357s] Level 1:colcon.colcon_core.package_identification:_identify(executed_line_trajectory_2024_09_08_10_50_53.bag) by extension 'ignore'
[2.357s] Level 1:colcon.colcon_core.package_identification:_identify(executed_line_trajectory_2024_09_08_10_50_53.bag) by extension 'ignore_ament_install'
[2.357s] Level 1:colcon.colcon_core.package_identification:_identify(executed_line_trajectory_2024_09_08_10_50_53.bag) by extensions ['colcon_pkg']
[2.357s] Level 1:colcon.colcon_core.package_identification:_identify(executed_line_trajectory_2024_09_08_10_50_53.bag) by extension 'colcon_pkg'
[2.357s] Level 1:colcon.colcon_core.package_identification:_identify(executed_line_trajectory_2024_09_08_10_50_53.bag) by extensions ['colcon_meta']
[2.357s] Level 1:colcon.colcon_core.package_identification:_identify(executed_line_trajectory_2024_09_08_10_50_53.bag) by extension 'colcon_meta'
[2.357s] Level 1:colcon.colcon_core.package_identification:_identify(executed_line_trajectory_2024_09_08_10_50_53.bag) by extensions ['ros']
[2.357s] Level 1:colcon.colcon_core.package_identification:_identify(executed_line_trajectory_2024_09_08_10_50_53.bag) by extension 'ros'
[2.357s] Level 1:colcon.colcon_core.package_identification:_identify(executed_line_trajectory_2024_09_08_10_50_53.bag) by extensions ['cmake', 'python']
[2.357s] Level 1:colcon.colcon_core.package_identification:_identify(executed_line_trajectory_2024_09_08_10_50_53.bag) by extension 'cmake'
[2.357s] Level 1:colcon.colcon_core.package_identification:_identify(executed_line_trajectory_2024_09_08_10_50_53.bag) by extension 'python'
[2.357s] Level 1:colcon.colcon_core.package_identification:_identify(executed_line_trajectory_2024_09_08_10_50_53.bag) by extensions ['python_setup_py']
[2.357s] Level 1:colcon.colcon_core.package_identification:_identify(executed_line_trajectory_2024_09_08_10_50_53.bag) by extension 'python_setup_py'
[2.358s] Level 1:colcon.colcon_core.package_identification:_identify(executed_line_trajectory_2024_09_08_10_54_10.bag) by extensions ['ignore', 'ignore_ament_install']
[2.358s] Level 1:colcon.colcon_core.package_identification:_identify(executed_line_trajectory_2024_09_08_10_54_10.bag) by extension 'ignore'
[2.358s] Level 1:colcon.colcon_core.package_identification:_identify(executed_line_trajectory_2024_09_08_10_54_10.bag) by extension 'ignore_ament_install'
[2.358s] Level 1:colcon.colcon_core.package_identification:_identify(executed_line_trajectory_2024_09_08_10_54_10.bag) by extensions ['colcon_pkg']
[2.358s] Level 1:colcon.colcon_core.package_identification:_identify(executed_line_trajectory_2024_09_08_10_54_10.bag) by extension 'colcon_pkg'
[2.358s] Level 1:colcon.colcon_core.package_identification:_identify(executed_line_trajectory_2024_09_08_10_54_10.bag) by extensions ['colcon_meta']
[2.358s] Level 1:colcon.colcon_core.package_identification:_identify(executed_line_trajectory_2024_09_08_10_54_10.bag) by extension 'colcon_meta'
[2.358s] Level 1:colcon.colcon_core.package_identification:_identify(executed_line_trajectory_2024_09_08_10_54_10.bag) by extensions ['ros']
[2.358s] Level 1:colcon.colcon_core.package_identification:_identify(executed_line_trajectory_2024_09_08_10_54_10.bag) by extension 'ros'
[2.358s] Level 1:colcon.colcon_core.package_identification:_identify(executed_line_trajectory_2024_09_08_10_54_10.bag) by extensions ['cmake', 'python']
[2.358s] Level 1:colcon.colcon_core.package_identification:_identify(executed_line_trajectory_2024_09_08_10_54_10.bag) by extension 'cmake'
[2.358s] Level 1:colcon.colcon_core.package_identification:_identify(executed_line_trajectory_2024_09_08_10_54_10.bag) by extension 'python'
[2.359s] Level 1:colcon.colcon_core.package_identification:_identify(executed_line_trajectory_2024_09_08_10_54_10.bag) by extensions ['python_setup_py']
[2.359s] Level 1:colcon.colcon_core.package_identification:_identify(executed_line_trajectory_2024_09_08_10_54_10.bag) by extension 'python_setup_py'
[2.359s] Level 1:colcon.colcon_core.package_identification:_identify(executed_line_trajectory_2024_09_08_10_55_16.bag) by extensions ['ignore', 'ignore_ament_install']
[2.359s] Level 1:colcon.colcon_core.package_identification:_identify(executed_line_trajectory_2024_09_08_10_55_16.bag) by extension 'ignore'
[2.359s] Level 1:colcon.colcon_core.package_identification:_identify(executed_line_trajectory_2024_09_08_10_55_16.bag) by extension 'ignore_ament_install'
[2.359s] Level 1:colcon.colcon_core.package_identification:_identify(executed_line_trajectory_2024_09_08_10_55_16.bag) by extensions ['colcon_pkg']
[2.359s] Level 1:colcon.colcon_core.package_identification:_identify(executed_line_trajectory_2024_09_08_10_55_16.bag) by extension 'colcon_pkg'
[2.359s] Level 1:colcon.colcon_core.package_identification:_identify(executed_line_trajectory_2024_09_08_10_55_16.bag) by extensions ['colcon_meta']
[2.359s] Level 1:colcon.colcon_core.package_identification:_identify(executed_line_trajectory_2024_09_08_10_55_16.bag) by extension 'colcon_meta'
[2.359s] Level 1:colcon.colcon_core.package_identification:_identify(executed_line_trajectory_2024_09_08_10_55_16.bag) by extensions ['ros']
[2.359s] Level 1:colcon.colcon_core.package_identification:_identify(executed_line_trajectory_2024_09_08_10_55_16.bag) by extension 'ros'
[2.359s] Level 1:colcon.colcon_core.package_identification:_identify(executed_line_trajectory_2024_09_08_10_55_16.bag) by extensions ['cmake', 'python']
[2.360s] Level 1:colcon.colcon_core.package_identification:_identify(executed_line_trajectory_2024_09_08_10_55_16.bag) by extension 'cmake'
[2.360s] Level 1:colcon.colcon_core.package_identification:_identify(executed_line_trajectory_2024_09_08_10_55_16.bag) by extension 'python'
[2.360s] Level 1:colcon.colcon_core.package_identification:_identify(executed_line_trajectory_2024_09_08_10_55_16.bag) by extensions ['python_setup_py']
[2.360s] Level 1:colcon.colcon_core.package_identification:_identify(executed_line_trajectory_2024_09_08_10_55_16.bag) by extension 'python_setup_py'
[2.360s] Level 1:colcon.colcon_core.package_identification:_identify(install) by extensions ['ignore', 'ignore_ament_install']
[2.360s] Level 1:colcon.colcon_core.package_identification:_identify(install) by extension 'ignore'
[2.360s] Level 1:colcon.colcon_core.package_identification:_identify(install) ignored
[2.360s] Level 1:colcon.colcon_core.package_identification:_identify(log) by extensions ['ignore', 'ignore_ament_install']
[2.361s] Level 1:colcon.colcon_core.package_identification:_identify(log) by extension 'ignore'
[2.361s] Level 1:colcon.colcon_core.package_identification:_identify(log) ignored
[2.361s] Level 1:colcon.colcon_core.package_identification:_identify(planned_line_trajectory_2024_09_08_10_55_17.bag) by extensions ['ignore', 'ignore_ament_install']
[2.361s] Level 1:colcon.colcon_core.package_identification:_identify(planned_line_trajectory_2024_09_08_10_55_17.bag) by extension 'ignore'
[2.361s] Level 1:colcon.colcon_core.package_identification:_identify(planned_line_trajectory_2024_09_08_10_55_17.bag) by extension 'ignore_ament_install'
[2.361s] Level 1:colcon.colcon_core.package_identification:_identify(planned_line_trajectory_2024_09_08_10_55_17.bag) by extensions ['colcon_pkg']
[2.361s] Level 1:colcon.colcon_core.package_identification:_identify(planned_line_trajectory_2024_09_08_10_55_17.bag) by extension 'colcon_pkg'
[2.361s] Level 1:colcon.colcon_core.package_identification:_identify(planned_line_trajectory_2024_09_08_10_55_17.bag) by extensions ['colcon_meta']
[2.361s] Level 1:colcon.colcon_core.package_identification:_identify(planned_line_trajectory_2024_09_08_10_55_17.bag) by extension 'colcon_meta'
[2.361s] Level 1:colcon.colcon_core.package_identification:_identify(planned_line_trajectory_2024_09_08_10_55_17.bag) by extensions ['ros']
[2.361s] Level 1:colcon.colcon_core.package_identification:_identify(planned_line_trajectory_2024_09_08_10_55_17.bag) by extension 'ros'
[2.361s] Level 1:colcon.colcon_core.package_identification:_identify(planned_line_trajectory_2024_09_08_10_55_17.bag) by extensions ['cmake', 'python']
[2.362s] Level 1:colcon.colcon_core.package_identification:_identify(planned_line_trajectory_2024_09_08_10_55_17.bag) by extension 'cmake'
[2.362s] Level 1:colcon.colcon_core.package_identification:_identify(planned_line_trajectory_2024_09_08_10_55_17.bag) by extension 'python'
[2.362s] Level 1:colcon.colcon_core.package_identification:_identify(planned_line_trajectory_2024_09_08_10_55_17.bag) by extensions ['python_setup_py']
[2.362s] Level 1:colcon.colcon_core.package_identification:_identify(planned_line_trajectory_2024_09_08_10_55_17.bag) by extension 'python_setup_py'
[2.362s] Level 1:colcon.colcon_core.package_identification:_identify(src) by extensions ['ignore', 'ignore_ament_install']
[2.362s] Level 1:colcon.colcon_core.package_identification:_identify(src) by extension 'ignore'
[2.362s] Level 1:colcon.colcon_core.package_identification:_identify(src) by extension 'ignore_ament_install'
[2.362s] Level 1:colcon.colcon_core.package_identification:_identify(src) by extensions ['colcon_pkg']
[2.362s] Level 1:colcon.colcon_core.package_identification:_identify(src) by extension 'colcon_pkg'
[2.362s] Level 1:colcon.colcon_core.package_identification:_identify(src) by extensions ['colcon_meta']
[2.362s] Level 1:colcon.colcon_core.package_identification:_identify(src) by extension 'colcon_meta'
[2.362s] Level 1:colcon.colcon_core.package_identification:_identify(src) by extensions ['ros']
[2.363s] Level 1:colcon.colcon_core.package_identification:_identify(src) by extension 'ros'
[2.363s] Level 1:colcon.colcon_core.package_identification:_identify(src) by extensions ['cmake', 'python']
[2.363s] Level 1:colcon.colcon_core.package_identification:_identify(src) by extension 'cmake'
[2.363s] Level 1:colcon.colcon_core.package_identification:_identify(src) by extension 'python'
[2.363s] Level 1:colcon.colcon_core.package_identification:_identify(src) by extensions ['python_setup_py']
[2.363s] Level 1:colcon.colcon_core.package_identification:_identify(src) by extension 'python_setup_py'
[2.363s] Level 1:colcon.colcon_core.package_identification:_identify(src/panda_impedance_controller) by extensions ['ignore', 'ignore_ament_install']
[2.363s] Level 1:colcon.colcon_core.package_identification:_identify(src/panda_impedance_controller) by extension 'ignore'
[2.363s] Level 1:colcon.colcon_core.package_identification:_identify(src/panda_impedance_controller) by extension 'ignore_ament_install'
[2.363s] Level 1:colcon.colcon_core.package_identification:_identify(src/panda_impedance_controller) by extensions ['colcon_pkg']
[2.363s] Level 1:colcon.colcon_core.package_identification:_identify(src/panda_impedance_controller) by extension 'colcon_pkg'
[2.364s] Level 1:colcon.colcon_core.package_identification:_identify(src/panda_impedance_controller) by extensions ['colcon_meta']
[2.364s] Level 1:colcon.colcon_core.package_identification:_identify(src/panda_impedance_controller) by extension 'colcon_meta'
[2.364s] Level 1:colcon.colcon_core.package_identification:_identify(src/panda_impedance_controller) by extensions ['ros']
[2.364s] Level 1:colcon.colcon_core.package_identification:_identify(src/panda_impedance_controller) by extension 'ros'
[2.364s] Level 1:colcon.colcon_core.package_identification:_identify(src/panda_impedance_controller) by extensions ['cmake', 'python']
[2.364s] Level 1:colcon.colcon_core.package_identification:_identify(src/panda_impedance_controller) by extension 'cmake'
[2.364s] Level 1:colcon.colcon_core.package_identification:_identify(src/panda_impedance_controller) by extension 'python'
[2.364s] Level 1:colcon.colcon_core.package_identification:_identify(src/panda_impedance_controller) by extensions ['python_setup_py']
[2.364s] Level 1:colcon.colcon_core.package_identification:_identify(src/panda_impedance_controller) by extension 'python_setup_py'
[2.364s] Level 1:colcon.colcon_core.package_identification:_identify(src/panda_impedance_controller/acg_resources_panda_description) by extensions ['ignore', 'ignore_ament_install']
[2.364s] Level 1:colcon.colcon_core.package_identification:_identify(src/panda_impedance_controller/acg_resources_panda_description) by extension 'ignore'
[2.364s] Level 1:colcon.colcon_core.package_identification:_identify(src/panda_impedance_controller/acg_resources_panda_description) by extension 'ignore_ament_install'
[2.365s] Level 1:colcon.colcon_core.package_identification:_identify(src/panda_impedance_controller/acg_resources_panda_description) by extensions ['colcon_pkg']
[2.365s] Level 1:colcon.colcon_core.package_identification:_identify(src/panda_impedance_controller/acg_resources_panda_description) by extension 'colcon_pkg'
[2.365s] Level 1:colcon.colcon_core.package_identification:_identify(src/panda_impedance_controller/acg_resources_panda_description) by extensions ['colcon_meta']
[2.365s] Level 1:colcon.colcon_core.package_identification:_identify(src/panda_impedance_controller/acg_resources_panda_description) by extension 'colcon_meta'
[2.365s] Level 1:colcon.colcon_core.package_identification:_identify(src/panda_impedance_controller/acg_resources_panda_description) by extensions ['ros']
[2.365s] Level 1:colcon.colcon_core.package_identification:_identify(src/panda_impedance_controller/acg_resources_panda_description) by extension 'ros'
[2.368s] DEBUG:colcon.colcon_core.package_identification:Package 'src/panda_impedance_controller/acg_resources_panda_description' with type 'ros.ament_cmake' and name 'acg_resources_panda_description'
[2.369s] Level 1:colcon.colcon_core.package_identification:_identify(src/panda_impedance_controller/acg_resources_panda_moveit_config) by extensions ['ignore', 'ignore_ament_install']
[2.369s] Level 1:colcon.colcon_core.package_identification:_identify(src/panda_impedance_controller/acg_resources_panda_moveit_config) by extension 'ignore'
[2.369s] Level 1:colcon.colcon_core.package_identification:_identify(src/panda_impedance_controller/acg_resources_panda_moveit_config) by extension 'ignore_ament_install'
[2.369s] Level 1:colcon.colcon_core.package_identification:_identify(src/panda_impedance_controller/acg_resources_panda_moveit_config) by extensions ['colcon_pkg']
[2.369s] Level 1:colcon.colcon_core.package_identification:_identify(src/panda_impedance_controller/acg_resources_panda_moveit_config) by extension 'colcon_pkg'
[2.369s] Level 1:colcon.colcon_core.package_identification:_identify(src/panda_impedance_controller/acg_resources_panda_moveit_config) by extensions ['colcon_meta']
[2.369s] Level 1:colcon.colcon_core.package_identification:_identify(src/panda_impedance_controller/acg_resources_panda_moveit_config) by extension 'colcon_meta'
[2.369s] Level 1:colcon.colcon_core.package_identification:_identify(src/panda_impedance_controller/acg_resources_panda_moveit_config) by extensions ['ros']
[2.369s] Level 1:colcon.colcon_core.package_identification:_identify(src/panda_impedance_controller/acg_resources_panda_moveit_config) by extension 'ros'
[2.371s] DEBUG:colcon.colcon_core.package_identification:Package 'src/panda_impedance_controller/acg_resources_panda_moveit_config' with type 'ros.ament_cmake' and name 'acg_resources_panda_moveit_config'
[2.371s] Level 1:colcon.colcon_core.package_identification:_identify(src/panda_impedance_controller/acg_resources_panda_trajectory_analyzer) by extensions ['ignore', 'ignore_ament_install']
[2.371s] Level 1:colcon.colcon_core.package_identification:_identify(src/panda_impedance_controller/acg_resources_panda_trajectory_analyzer) by extension 'ignore'
[2.371s] Level 1:colcon.colcon_core.package_identification:_identify(src/panda_impedance_controller/acg_resources_panda_trajectory_analyzer) by extension 'ignore_ament_install'
[2.371s] Level 1:colcon.colcon_core.package_identification:_identify(src/panda_impedance_controller/acg_resources_panda_trajectory_analyzer) by extensions ['colcon_pkg']
[2.371s] Level 1:colcon.colcon_core.package_identification:_identify(src/panda_impedance_controller/acg_resources_panda_trajectory_analyzer) by extension 'colcon_pkg'
[2.371s] Level 1:colcon.colcon_core.package_identification:_identify(src/panda_impedance_controller/acg_resources_panda_trajectory_analyzer) by extensions ['colcon_meta']
[2.371s] Level 1:colcon.colcon_core.package_identification:_identify(src/panda_impedance_controller/acg_resources_panda_trajectory_analyzer) by extension 'colcon_meta'
[2.371s] Level 1:colcon.colcon_core.package_identification:_identify(src/panda_impedance_controller/acg_resources_panda_trajectory_analyzer) by extensions ['ros']
[2.372s] Level 1:colcon.colcon_core.package_identification:_identify(src/panda_impedance_controller/acg_resources_panda_trajectory_analyzer) by extension 'ros'
[2.373s] DEBUG:colcon.colcon_core.package_identification:Package 'src/panda_impedance_controller/acg_resources_panda_trajectory_analyzer' with type 'ros.ament_python' and name 'acg_resources_panda_trajectory_analyzer'
[2.373s] Level 1:colcon.colcon_core.package_identification:_identify(src/panda_impedance_controller/acg_resources_panda_trajectory_generation) by extensions ['ignore', 'ignore_ament_install']
[2.373s] Level 1:colcon.colcon_core.package_identification:_identify(src/panda_impedance_controller/acg_resources_panda_trajectory_generation) by extension 'ignore'
[2.373s] Level 1:colcon.colcon_core.package_identification:_identify(src/panda_impedance_controller/acg_resources_panda_trajectory_generation) by extension 'ignore_ament_install'
[2.373s] Level 1:colcon.colcon_core.package_identification:_identify(src/panda_impedance_controller/acg_resources_panda_trajectory_generation) by extensions ['colcon_pkg']
[2.373s] Level 1:colcon.colcon_core.package_identification:_identify(src/panda_impedance_controller/acg_resources_panda_trajectory_generation) by extension 'colcon_pkg'
[2.373s] Level 1:colcon.colcon_core.package_identification:_identify(src/panda_impedance_controller/acg_resources_panda_trajectory_generation) by extensions ['colcon_meta']
[2.373s] Level 1:colcon.colcon_core.package_identification:_identify(src/panda_impedance_controller/acg_resources_panda_trajectory_generation) by extension 'colcon_meta'
[2.373s] Level 1:colcon.colcon_core.package_identification:_identify(src/panda_impedance_controller/acg_resources_panda_trajectory_generation) by extensions ['ros']
[2.373s] Level 1:colcon.colcon_core.package_identification:_identify(src/panda_impedance_controller/acg_resources_panda_trajectory_generation) by extension 'ros'
[2.375s] DEBUG:colcon.colcon_core.package_identification:Package 'src/panda_impedance_controller/acg_resources_panda_trajectory_generation' with type 'ros.ament_python' and name 'acg_resources_panda_trajectory_generation'
[2.375s] Level 1:colcon.colcon_core.package_identification:_identify(src/panda_impedance_controller/cartesian_control_msgs) by extensions ['ignore', 'ignore_ament_install']
[2.375s] Level 1:colcon.colcon_core.package_identification:_identify(src/panda_impedance_controller/cartesian_control_msgs) by extension 'ignore'
[2.375s] Level 1:colcon.colcon_core.package_identification:_identify(src/panda_impedance_controller/cartesian_control_msgs) by extension 'ignore_ament_install'
[2.375s] Level 1:colcon.colcon_core.package_identification:_identify(src/panda_impedance_controller/cartesian_control_msgs) by extensions ['colcon_pkg']
[2.375s] Level 1:colcon.colcon_core.package_identification:_identify(src/panda_impedance_controller/cartesian_control_msgs) by extension 'colcon_pkg'
[2.375s] Level 1:colcon.colcon_core.package_identification:_identify(src/panda_impedance_controller/cartesian_control_msgs) by extensions ['colcon_meta']
[2.375s] Level 1:colcon.colcon_core.package_identification:_identify(src/panda_impedance_controller/cartesian_control_msgs) by extension 'colcon_meta'
[2.375s] Level 1:colcon.colcon_core.package_identification:_identify(src/panda_impedance_controller/cartesian_control_msgs) by extensions ['ros']
[2.376s] Level 1:colcon.colcon_core.package_identification:_identify(src/panda_impedance_controller/cartesian_control_msgs) by extension 'ros'
[2.377s] DEBUG:colcon.colcon_core.package_identification:Package 'src/panda_impedance_controller/cartesian_control_msgs' with type 'ros.ament_cmake' and name 'cartesian_control_msgs'
[2.377s] Level 1:colcon.colcon_core.package_identification:_identify(src/panda_impedance_controller/inverse_dynamics_solver) by extensions ['ignore', 'ignore_ament_install']
[2.377s] Level 1:colcon.colcon_core.package_identification:_identify(src/panda_impedance_controller/inverse_dynamics_solver) by extension 'ignore'
[2.377s] Level 1:colcon.colcon_core.package_identification:_identify(src/panda_impedance_controller/inverse_dynamics_solver) by extension 'ignore_ament_install'
[2.377s] Level 1:colcon.colcon_core.package_identification:_identify(src/panda_impedance_controller/inverse_dynamics_solver) by extensions ['colcon_pkg']
[2.377s] Level 1:colcon.colcon_core.package_identification:_identify(src/panda_impedance_controller/inverse_dynamics_solver) by extension 'colcon_pkg'
[2.377s] Level 1:colcon.colcon_core.package_identification:_identify(src/panda_impedance_controller/inverse_dynamics_solver) by extensions ['colcon_meta']
[2.377s] Level 1:colcon.colcon_core.package_identification:_identify(src/panda_impedance_controller/inverse_dynamics_solver) by extension 'colcon_meta'
[2.377s] Level 1:colcon.colcon_core.package_identification:_identify(src/panda_impedance_controller/inverse_dynamics_solver) by extensions ['ros']
[2.377s] Level 1:colcon.colcon_core.package_identification:_identify(src/panda_impedance_controller/inverse_dynamics_solver) by extension 'ros'
[2.378s] DEBUG:colcon.colcon_core.package_identification:Package 'src/panda_impedance_controller/inverse_dynamics_solver' with type 'ros.ament_cmake' and name 'inverse_dynamics_solver'
[2.379s] Level 1:colcon.colcon_core.package_identification:_identify(src/panda_impedance_controller/kdl_inverse_dynamics_solver) by extensions ['ignore', 'ignore_ament_install']
[2.379s] Level 1:colcon.colcon_core.package_identification:_identify(src/panda_impedance_controller/kdl_inverse_dynamics_solver) by extension 'ignore'
[2.379s] Level 1:colcon.colcon_core.package_identification:_identify(src/panda_impedance_controller/kdl_inverse_dynamics_solver) by extension 'ignore_ament_install'
[2.379s] Level 1:colcon.colcon_core.package_identification:_identify(src/panda_impedance_controller/kdl_inverse_dynamics_solver) by extensions ['colcon_pkg']
[2.379s] Level 1:colcon.colcon_core.package_identification:_identify(src/panda_impedance_controller/kdl_inverse_dynamics_solver) by extension 'colcon_pkg'
[2.379s] Level 1:colcon.colcon_core.package_identification:_identify(src/panda_impedance_controller/kdl_inverse_dynamics_solver) by extensions ['colcon_meta']
[2.379s] Level 1:colcon.colcon_core.package_identification:_identify(src/panda_impedance_controller/kdl_inverse_dynamics_solver) by extension 'colcon_meta'
[2.379s] Level 1:colcon.colcon_core.package_identification:_identify(src/panda_impedance_controller/kdl_inverse_dynamics_solver) by extensions ['ros']
[2.379s] Level 1:colcon.colcon_core.package_identification:_identify(src/panda_impedance_controller/kdl_inverse_dynamics_solver) by extension 'ros'
[2.380s] DEBUG:colcon.colcon_core.package_identification:Package 'src/panda_impedance_controller/kdl_inverse_dynamics_solver' with type 'ros.ament_cmake' and name 'kdl_inverse_dynamics_solver'
[2.381s] Level 1:colcon.colcon_core.package_identification:_identify(src/panda_impedance_controller/panda_impedance_controller) by extensions ['ignore', 'ignore_ament_install']
[2.381s] Level 1:colcon.colcon_core.package_identification:_identify(src/panda_impedance_controller/panda_impedance_controller) by extension 'ignore'
[2.381s] Level 1:colcon.colcon_core.package_identification:_identify(src/panda_impedance_controller/panda_impedance_controller) by extension 'ignore_ament_install'
[2.381s] Level 1:colcon.colcon_core.package_identification:_identify(src/panda_impedance_controller/panda_impedance_controller) by extensions ['colcon_pkg']
[2.381s] Level 1:colcon.colcon_core.package_identification:_identify(src/panda_impedance_controller/panda_impedance_controller) by extension 'colcon_pkg'
[2.381s] Level 1:colcon.colcon_core.package_identification:_identify(src/panda_impedance_controller/panda_impedance_controller) by extensions ['colcon_meta']
[2.381s] Level 1:colcon.colcon_core.package_identification:_identify(src/panda_impedance_controller/panda_impedance_controller) by extension 'colcon_meta'
[2.381s] Level 1:colcon.colcon_core.package_identification:_identify(src/panda_impedance_controller/panda_impedance_controller) by extensions ['ros']
[2.382s] Level 1:colcon.colcon_core.package_identification:_identify(src/panda_impedance_controller/panda_impedance_controller) by extension 'ros'
[2.383s] DEBUG:colcon.colcon_core.package_identification:Package 'src/panda_impedance_controller/panda_impedance_controller' with type 'ros.ament_cmake' and name 'panda_impedance_controller'
[2.383s] Level 1:colcon.colcon_core.package_identification:_identify(src/panda_impedance_controller/panda_moveit_planning_demo) by extensions ['ignore', 'ignore_ament_install']
[2.383s] Level 1:colcon.colcon_core.package_identification:_identify(src/panda_impedance_controller/panda_moveit_planning_demo) by extension 'ignore'
[2.383s] Level 1:colcon.colcon_core.package_identification:_identify(src/panda_impedance_controller/panda_moveit_planning_demo) by extension 'ignore_ament_install'
[2.383s] Level 1:colcon.colcon_core.package_identification:_identify(src/panda_impedance_controller/panda_moveit_planning_demo) by extensions ['colcon_pkg']
[2.383s] Level 1:colcon.colcon_core.package_identification:_identify(src/panda_impedance_controller/panda_moveit_planning_demo) by extension 'colcon_pkg'
[2.384s] Level 1:colcon.colcon_core.package_identification:_identify(src/panda_impedance_controller/panda_moveit_planning_demo) by extensions ['colcon_meta']
[2.384s] Level 1:colcon.colcon_core.package_identification:_identify(src/panda_impedance_controller/panda_moveit_planning_demo) by extension 'colcon_meta'
[2.384s] Level 1:colcon.colcon_core.package_identification:_identify(src/panda_impedance_controller/panda_moveit_planning_demo) by extensions ['ros']
[2.384s] Level 1:colcon.colcon_core.package_identification:_identify(src/panda_impedance_controller/panda_moveit_planning_demo) by extension 'ros'
[2.386s] DEBUG:colcon.colcon_core.package_identification:Package 'src/panda_impedance_controller/panda_moveit_planning_demo' with type 'ros.ament_cmake' and name 'panda_moveit_planning_demo'
[2.386s] Level 1:colcon.colcon_core.package_identification:_identify(src/panda_impedance_controller/ros_extensions_utilities) by extensions ['ignore', 'ignore_ament_install']
[2.386s] Level 1:colcon.colcon_core.package_identification:_identify(src/panda_impedance_controller/ros_extensions_utilities) by extension 'ignore'
[2.386s] Level 1:colcon.colcon_core.package_identification:_identify(src/panda_impedance_controller/ros_extensions_utilities) by extension 'ignore_ament_install'
[2.387s] Level 1:colcon.colcon_core.package_identification:_identify(src/panda_impedance_controller/ros_extensions_utilities) by extensions ['colcon_pkg']
[2.387s] Level 1:colcon.colcon_core.package_identification:_identify(src/panda_impedance_controller/ros_extensions_utilities) by extension 'colcon_pkg'
[2.387s] Level 1:colcon.colcon_core.package_identification:_identify(src/panda_impedance_controller/ros_extensions_utilities) by extensions ['colcon_meta']
[2.387s] Level 1:colcon.colcon_core.package_identification:_identify(src/panda_impedance_controller/ros_extensions_utilities) by extension 'colcon_meta'
[2.387s] Level 1:colcon.colcon_core.package_identification:_identify(src/panda_impedance_controller/ros_extensions_utilities) by extensions ['ros']
[2.387s] Level 1:colcon.colcon_core.package_identification:_identify(src/panda_impedance_controller/ros_extensions_utilities) by extension 'ros'
[2.388s] DEBUG:colcon.colcon_core.package_identification:Package 'src/panda_impedance_controller/ros_extensions_utilities' with type 'ros.ament_cmake' and name 'ros_extensions_utilities'
[2.388s] Level 1:colcon.colcon_core.package_identification:_identify(src/panda_impedance_controller/trajectories) by extensions ['ignore', 'ignore_ament_install']
[2.388s] Level 1:colcon.colcon_core.package_identification:_identify(src/panda_impedance_controller/trajectories) by extension 'ignore'
[2.388s] Level 1:colcon.colcon_core.package_identification:_identify(src/panda_impedance_controller/trajectories) by extension 'ignore_ament_install'
[2.388s] Level 1:colcon.colcon_core.package_identification:_identify(src/panda_impedance_controller/trajectories) by extensions ['colcon_pkg']
[2.388s] Level 1:colcon.colcon_core.package_identification:_identify(src/panda_impedance_controller/trajectories) by extension 'colcon_pkg'
[2.388s] Level 1:colcon.colcon_core.package_identification:_identify(src/panda_impedance_controller/trajectories) by extensions ['colcon_meta']
[2.389s] Level 1:colcon.colcon_core.package_identification:_identify(src/panda_impedance_controller/trajectories) by extension 'colcon_meta'
[2.389s] Level 1:colcon.colcon_core.package_identification:_identify(src/panda_impedance_controller/trajectories) by extensions ['ros']
[2.389s] Level 1:colcon.colcon_core.package_identification:_identify(src/panda_impedance_controller/trajectories) by extension 'ros'
[2.389s] Level 1:colcon.colcon_core.package_identification:_identify(src/panda_impedance_controller/trajectories) by extensions ['cmake', 'python']
[2.389s] Level 1:colcon.colcon_core.package_identification:_identify(src/panda_impedance_controller/trajectories) by extension 'cmake'
[2.389s] Level 1:colcon.colcon_core.package_identification:_identify(src/panda_impedance_controller/trajectories) by extension 'python'
[2.389s] Level 1:colcon.colcon_core.package_identification:_identify(src/panda_impedance_controller/trajectories) by extensions ['python_setup_py']
[2.389s] Level 1:colcon.colcon_core.package_identification:_identify(src/panda_impedance_controller/trajectories) by extension 'python_setup_py'
[2.389s] Level 1:colcon.colcon_core.package_identification:_identify(src/panda_impedance_controller/trajectories/line_trajectory_0.1.bag) by extensions ['ignore', 'ignore_ament_install']
[2.389s] Level 1:colcon.colcon_core.package_identification:_identify(src/panda_impedance_controller/trajectories/line_trajectory_0.1.bag) by extension 'ignore'
[2.389s] Level 1:colcon.colcon_core.package_identification:_identify(src/panda_impedance_controller/trajectories/line_trajectory_0.1.bag) by extension 'ignore_ament_install'
[2.390s] Level 1:colcon.colcon_core.package_identification:_identify(src/panda_impedance_controller/trajectories/line_trajectory_0.1.bag) by extensions ['colcon_pkg']
[2.390s] Level 1:colcon.colcon_core.package_identification:_identify(src/panda_impedance_controller/trajectories/line_trajectory_0.1.bag) by extension 'colcon_pkg'
[2.390s] Level 1:colcon.colcon_core.package_identification:_identify(src/panda_impedance_controller/trajectories/line_trajectory_0.1.bag) by extensions ['colcon_meta']
[2.390s] Level 1:colcon.colcon_core.package_identification:_identify(src/panda_impedance_controller/trajectories/line_trajectory_0.1.bag) by extension 'colcon_meta'
[2.390s] Level 1:colcon.colcon_core.package_identification:_identify(src/panda_impedance_controller/trajectories/line_trajectory_0.1.bag) by extensions ['ros']
[2.390s] Level 1:colcon.colcon_core.package_identification:_identify(src/panda_impedance_controller/trajectories/line_trajectory_0.1.bag) by extension 'ros'
[2.390s] Level 1:colcon.colcon_core.package_identification:_identify(src/panda_impedance_controller/trajectories/line_trajectory_0.1.bag) by extensions ['cmake', 'python']
[2.390s] Level 1:colcon.colcon_core.package_identification:_identify(src/panda_impedance_controller/trajectories/line_trajectory_0.1.bag) by extension 'cmake'
[2.390s] Level 1:colcon.colcon_core.package_identification:_identify(src/panda_impedance_controller/trajectories/line_trajectory_0.1.bag) by extension 'python'
[2.390s] Level 1:colcon.colcon_core.package_identification:_identify(src/panda_impedance_controller/trajectories/line_trajectory_0.1.bag) by extensions ['python_setup_py']
[2.390s] Level 1:colcon.colcon_core.package_identification:_identify(src/panda_impedance_controller/trajectories/line_trajectory_0.1.bag) by extension 'python_setup_py'
[2.390s] Level 1:colcon.colcon_core.package_identification:_identify(src/panda_impedance_controller/trajectories/line_trajectory_0.2.bag) by extensions ['ignore', 'ignore_ament_install']
[2.391s] Level 1:colcon.colcon_core.package_identification:_identify(src/panda_impedance_controller/trajectories/line_trajectory_0.2.bag) by extension 'ignore'
[2.391s] Level 1:colcon.colcon_core.package_identification:_identify(src/panda_impedance_controller/trajectories/line_trajectory_0.2.bag) by extension 'ignore_ament_install'
[2.391s] Level 1:colcon.colcon_core.package_identification:_identify(src/panda_impedance_controller/trajectories/line_trajectory_0.2.bag) by extensions ['colcon_pkg']
[2.391s] Level 1:colcon.colcon_core.package_identification:_identify(src/panda_impedance_controller/trajectories/line_trajectory_0.2.bag) by extension 'colcon_pkg'
[2.391s] Level 1:colcon.colcon_core.package_identification:_identify(src/panda_impedance_controller/trajectories/line_trajectory_0.2.bag) by extensions ['colcon_meta']
[2.391s] Level 1:colcon.colcon_core.package_identification:_identify(src/panda_impedance_controller/trajectories/line_trajectory_0.2.bag) by extension 'colcon_meta'
[2.391s] Level 1:colcon.colcon_core.package_identification:_identify(src/panda_impedance_controller/trajectories/line_trajectory_0.2.bag) by extensions ['ros']
[2.391s] Level 1:colcon.colcon_core.package_identification:_identify(src/panda_impedance_controller/trajectories/line_trajectory_0.2.bag) by extension 'ros'
[2.391s] Level 1:colcon.colcon_core.package_identification:_identify(src/panda_impedance_controller/trajectories/line_trajectory_0.2.bag) by extensions ['cmake', 'python']
[2.391s] Level 1:colcon.colcon_core.package_identification:_identify(src/panda_impedance_controller/trajectories/line_trajectory_0.2.bag) by extension 'cmake'
[2.391s] Level 1:colcon.colcon_core.package_identification:_identify(src/panda_impedance_controller/trajectories/line_trajectory_0.2.bag) by extension 'python'
[2.391s] Level 1:colcon.colcon_core.package_identification:_identify(src/panda_impedance_controller/trajectories/line_trajectory_0.2.bag) by extensions ['python_setup_py']
[2.391s] Level 1:colcon.colcon_core.package_identification:_identify(src/panda_impedance_controller/trajectories/line_trajectory_0.2.bag) by extension 'python_setup_py'
[2.392s] Level 1:colcon.colcon_core.package_identification:_identify(src/panda_impedance_controller/trajectories/line_trajectory_0.3.bag) by extensions ['ignore', 'ignore_ament_install']
[2.392s] Level 1:colcon.colcon_core.package_identification:_identify(src/panda_impedance_controller/trajectories/line_trajectory_0.3.bag) by extension 'ignore'
[2.392s] Level 1:colcon.colcon_core.package_identification:_identify(src/panda_impedance_controller/trajectories/line_trajectory_0.3.bag) by extension 'ignore_ament_install'
[2.392s] Level 1:colcon.colcon_core.package_identification:_identify(src/panda_impedance_controller/trajectories/line_trajectory_0.3.bag) by extensions ['colcon_pkg']
[2.392s] Level 1:colcon.colcon_core.package_identification:_identify(src/panda_impedance_controller/trajectories/line_trajectory_0.3.bag) by extension 'colcon_pkg'
[2.392s] Level 1:colcon.colcon_core.package_identification:_identify(src/panda_impedance_controller/trajectories/line_trajectory_0.3.bag) by extensions ['colcon_meta']
[2.392s] Level 1:colcon.colcon_core.package_identification:_identify(src/panda_impedance_controller/trajectories/line_trajectory_0.3.bag) by extension 'colcon_meta'
[2.392s] Level 1:colcon.colcon_core.package_identification:_identify(src/panda_impedance_controller/trajectories/line_trajectory_0.3.bag) by extensions ['ros']
[2.392s] Level 1:colcon.colcon_core.package_identification:_identify(src/panda_impedance_controller/trajectories/line_trajectory_0.3.bag) by extension 'ros'
[2.392s] Level 1:colcon.colcon_core.package_identification:_identify(src/panda_impedance_controller/trajectories/line_trajectory_0.3.bag) by extensions ['cmake', 'python']
[2.392s] Level 1:colcon.colcon_core.package_identification:_identify(src/panda_impedance_controller/trajectories/line_trajectory_0.3.bag) by extension 'cmake'
[2.393s] Level 1:colcon.colcon_core.package_identification:_identify(src/panda_impedance_controller/trajectories/line_trajectory_0.3.bag) by extension 'python'
[2.393s] Level 1:colcon.colcon_core.package_identification:_identify(src/panda_impedance_controller/trajectories/line_trajectory_0.3.bag) by extensions ['python_setup_py']
[2.393s] Level 1:colcon.colcon_core.package_identification:_identify(src/panda_impedance_controller/trajectories/line_trajectory_0.3.bag) by extension 'python_setup_py'
[2.393s] Level 1:colcon.colcon_core.package_identification:_identify(src/panda_impedance_controller/trajectories/line_trajectory_0.4.bag) by extensions ['ignore', 'ignore_ament_install']
[2.393s] Level 1:colcon.colcon_core.package_identification:_identify(src/panda_impedance_controller/trajectories/line_trajectory_0.4.bag) by extension 'ignore'
[2.393s] Level 1:colcon.colcon_core.package_identification:_identify(src/panda_impedance_controller/trajectories/line_trajectory_0.4.bag) by extension 'ignore_ament_install'
[2.393s] Level 1:colcon.colcon_core.package_identification:_identify(src/panda_impedance_controller/trajectories/line_trajectory_0.4.bag) by extensions ['colcon_pkg']
[2.393s] Level 1:colcon.colcon_core.package_identification:_identify(src/panda_impedance_controller/trajectories/line_trajectory_0.4.bag) by extension 'colcon_pkg'
[2.393s] Level 1:colcon.colcon_core.package_identification:_identify(src/panda_impedance_controller/trajectories/line_trajectory_0.4.bag) by extensions ['colcon_meta']
[2.393s] Level 1:colcon.colcon_core.package_identification:_identify(src/panda_impedance_controller/trajectories/line_trajectory_0.4.bag) by extension 'colcon_meta'
[2.393s] Level 1:colcon.colcon_core.package_identification:_identify(src/panda_impedance_controller/trajectories/line_trajectory_0.4.bag) by extensions ['ros']
[2.393s] Level 1:colcon.colcon_core.package_identification:_identify(src/panda_impedance_controller/trajectories/line_trajectory_0.4.bag) by extension 'ros'
[2.394s] Level 1:colcon.colcon_core.package_identification:_identify(src/panda_impedance_controller/trajectories/line_trajectory_0.4.bag) by extensions ['cmake', 'python']
[2.394s] Level 1:colcon.colcon_core.package_identification:_identify(src/panda_impedance_controller/trajectories/line_trajectory_0.4.bag) by extension 'cmake'
[2.394s] Level 1:colcon.colcon_core.package_identification:_identify(src/panda_impedance_controller/trajectories/line_trajectory_0.4.bag) by extension 'python'
[2.394s] Level 1:colcon.colcon_core.package_identification:_identify(src/panda_impedance_controller/trajectories/line_trajectory_0.4.bag) by extensions ['python_setup_py']
[2.394s] Level 1:colcon.colcon_core.package_identification:_identify(src/panda_impedance_controller/trajectories/line_trajectory_0.4.bag) by extension 'python_setup_py'
[2.394s] Level 1:colcon.colcon_core.package_identification:_identify(src/panda_impedance_controller/trajectories/line_trajectory_0.5.bag) by extensions ['ignore', 'ignore_ament_install']
[2.394s] Level 1:colcon.colcon_core.package_identification:_identify(src/panda_impedance_controller/trajectories/line_trajectory_0.5.bag) by extension 'ignore'
[2.394s] Level 1:colcon.colcon_core.package_identification:_identify(src/panda_impedance_controller/trajectories/line_trajectory_0.5.bag) by extension 'ignore_ament_install'
[2.394s] Level 1:colcon.colcon_core.package_identification:_identify(src/panda_impedance_controller/trajectories/line_trajectory_0.5.bag) by extensions ['colcon_pkg']
[2.394s] Level 1:colcon.colcon_core.package_identification:_identify(src/panda_impedance_controller/trajectories/line_trajectory_0.5.bag) by extension 'colcon_pkg'
[2.394s] Level 1:colcon.colcon_core.package_identification:_identify(src/panda_impedance_controller/trajectories/line_trajectory_0.5.bag) by extensions ['colcon_meta']
[2.395s] Level 1:colcon.colcon_core.package_identification:_identify(src/panda_impedance_controller/trajectories/line_trajectory_0.5.bag) by extension 'colcon_meta'
[2.395s] Level 1:colcon.colcon_core.package_identification:_identify(src/panda_impedance_controller/trajectories/line_trajectory_0.5.bag) by extensions ['ros']
[2.395s] Level 1:colcon.colcon_core.package_identification:_identify(src/panda_impedance_controller/trajectories/line_trajectory_0.5.bag) by extension 'ros'
[2.395s] Level 1:colcon.colcon_core.package_identification:_identify(src/panda_impedance_controller/trajectories/line_trajectory_0.5.bag) by extensions ['cmake', 'python']
[2.395s] Level 1:colcon.colcon_core.package_identification:_identify(src/panda_impedance_controller/trajectories/line_trajectory_0.5.bag) by extension 'cmake'
[2.395s] Level 1:colcon.colcon_core.package_identification:_identify(src/panda_impedance_controller/trajectories/line_trajectory_0.5.bag) by extension 'python'
[2.395s] Level 1:colcon.colcon_core.package_identification:_identify(src/panda_impedance_controller/trajectories/line_trajectory_0.5.bag) by extensions ['python_setup_py']
[2.395s] Level 1:colcon.colcon_core.package_identification:_identify(src/panda_impedance_controller/trajectories/line_trajectory_0.5.bag) by extension 'python_setup_py'
[2.395s] Level 1:colcon.colcon_core.package_identification:_identify(src/panda_impedance_controller/trajectories/line_trajectory_0.6.bag) by extensions ['ignore', 'ignore_ament_install']
[2.395s] Level 1:colcon.colcon_core.package_identification:_identify(src/panda_impedance_controller/trajectories/line_trajectory_0.6.bag) by extension 'ignore'
[2.395s] Level 1:colcon.colcon_core.package_identification:_identify(src/panda_impedance_controller/trajectories/line_trajectory_0.6.bag) by extension 'ignore_ament_install'
[2.396s] Level 1:colcon.colcon_core.package_identification:_identify(src/panda_impedance_controller/trajectories/line_trajectory_0.6.bag) by extensions ['colcon_pkg']
[2.396s] Level 1:colcon.colcon_core.package_identification:_identify(src/panda_impedance_controller/trajectories/line_trajectory_0.6.bag) by extension 'colcon_pkg'
[2.396s] Level 1:colcon.colcon_core.package_identification:_identify(src/panda_impedance_controller/trajectories/line_trajectory_0.6.bag) by extensions ['colcon_meta']
[2.396s] Level 1:colcon.colcon_core.package_identification:_identify(src/panda_impedance_controller/trajectories/line_trajectory_0.6.bag) by extension 'colcon_meta'
[2.396s] Level 1:colcon.colcon_core.package_identification:_identify(src/panda_impedance_controller/trajectories/line_trajectory_0.6.bag) by extensions ['ros']
[2.396s] Level 1:colcon.colcon_core.package_identification:_identify(src/panda_impedance_controller/trajectories/line_trajectory_0.6.bag) by extension 'ros'
[2.396s] Level 1:colcon.colcon_core.package_identification:_identify(src/panda_impedance_controller/trajectories/line_trajectory_0.6.bag) by extensions ['cmake', 'python']
[2.396s] Level 1:colcon.colcon_core.package_identification:_identify(src/panda_impedance_controller/trajectories/line_trajectory_0.6.bag) by extension 'cmake'
[2.396s] Level 1:colcon.colcon_core.package_identification:_identify(src/panda_impedance_controller/trajectories/line_trajectory_0.6.bag) by extension 'python'
[2.396s] Level 1:colcon.colcon_core.package_identification:_identify(src/panda_impedance_controller/trajectories/line_trajectory_0.6.bag) by extensions ['python_setup_py']
[2.396s] Level 1:colcon.colcon_core.package_identification:_identify(src/panda_impedance_controller/trajectories/line_trajectory_0.6.bag) by extension 'python_setup_py'
[2.396s] Level 1:colcon.colcon_core.package_identification:_identify(src/panda_impedance_controller/trajectories/line_trajectory_0.7.bag) by extensions ['ignore', 'ignore_ament_install']
[2.397s] Level 1:colcon.colcon_core.package_identification:_identify(src/panda_impedance_controller/trajectories/line_trajectory_0.7.bag) by extension 'ignore'
[2.397s] Level 1:colcon.colcon_core.package_identification:_identify(src/panda_impedance_controller/trajectories/line_trajectory_0.7.bag) by extension 'ignore_ament_install'
[2.397s] Level 1:colcon.colcon_core.package_identification:_identify(src/panda_impedance_controller/trajectories/line_trajectory_0.7.bag) by extensions ['colcon_pkg']
[2.397s] Level 1:colcon.colcon_core.package_identification:_identify(src/panda_impedance_controller/trajectories/line_trajectory_0.7.bag) by extension 'colcon_pkg'
[2.397s] Level 1:colcon.colcon_core.package_identification:_identify(src/panda_impedance_controller/trajectories/line_trajectory_0.7.bag) by extensions ['colcon_meta']
[2.397s] Level 1:colcon.colcon_core.package_identification:_identify(src/panda_impedance_controller/trajectories/line_trajectory_0.7.bag) by extension 'colcon_meta'
[2.397s] Level 1:colcon.colcon_core.package_identification:_identify(src/panda_impedance_controller/trajectories/line_trajectory_0.7.bag) by extensions ['ros']
[2.397s] Level 1:colcon.colcon_core.package_identification:_identify(src/panda_impedance_controller/trajectories/line_trajectory_0.7.bag) by extension 'ros'
[2.397s] Level 1:colcon.colcon_core.package_identification:_identify(src/panda_impedance_controller/trajectories/line_trajectory_0.7.bag) by extensions ['cmake', 'python']
[2.397s] Level 1:colcon.colcon_core.package_identification:_identify(src/panda_impedance_controller/trajectories/line_trajectory_0.7.bag) by extension 'cmake'
[2.397s] Level 1:colcon.colcon_core.package_identification:_identify(src/panda_impedance_controller/trajectories/line_trajectory_0.7.bag) by extension 'python'
[2.397s] Level 1:colcon.colcon_core.package_identification:_identify(src/panda_impedance_controller/trajectories/line_trajectory_0.7.bag) by extensions ['python_setup_py']
[2.397s] Level 1:colcon.colcon_core.package_identification:_identify(src/panda_impedance_controller/trajectories/line_trajectory_0.7.bag) by extension 'python_setup_py'
[2.397s] Level 1:colcon.colcon_core.package_discovery:discover_packages(recursive) using defaults
[2.398s] Level 1:colcon.colcon_core.package_discovery:discover_packages(ignore) discover
[2.398s] Level 1:colcon.colcon_core.package_discovery:discover_packages(ignore) using defaults
[2.398s] Level 1:colcon.colcon_core.package_discovery:discover_packages(path) discover
[2.398s] Level 1:colcon.colcon_core.package_discovery:discover_packages(path) using defaults
[2.431s] INFO:colcon.colcon_core.package_selection:Skipping package 'panda_moveit_planning_demo' in 'src/panda_impedance_controller/panda_moveit_planning_demo'
[2.432s] INFO:colcon.colcon_core.package_selection:Skipping package 'panda_impedance_controller' in 'src/panda_impedance_controller/panda_impedance_controller'
[2.432s] INFO:colcon.colcon_core.package_selection:Skipping package 'kdl_inverse_dynamics_solver' in 'src/panda_impedance_controller/kdl_inverse_dynamics_solver'
[2.432s] INFO:colcon.colcon_core.package_selection:Skipping package 'ros_extensions_utilities' in 'src/panda_impedance_controller/ros_extensions_utilities'
[2.432s] INFO:colcon.colcon_core.package_selection:Skipping package 'inverse_dynamics_solver' in 'src/panda_impedance_controller/inverse_dynamics_solver'
[2.432s] INFO:colcon.colcon_core.package_selection:Skipping package 'cartesian_control_msgs' in 'src/panda_impedance_controller/cartesian_control_msgs'
[2.432s] INFO:colcon.colcon_core.package_selection:Skipping package 'acg_resources_panda_trajectory_generation' in 'src/panda_impedance_controller/acg_resources_panda_trajectory_generation'
[2.432s] INFO:colcon.colcon_core.package_selection:Skipping package 'acg_resources_panda_trajectory_analyzer' in 'src/panda_impedance_controller/acg_resources_panda_trajectory_analyzer'
[2.432s] Level 1:colcon.colcon_core.package_discovery:discover_packages(prefix_path) check parameters
[2.432s] Level 1:colcon.colcon_core.package_discovery:discover_packages(prefix_path) discover
[2.436s] DEBUG:colcon.colcon_installed_package_information.package_discovery:Found 10 installed packages in /home/beniamino/ros2_ws/install
[2.439s] DEBUG:colcon.colcon_installed_package_information.package_discovery:Found 379 installed packages in /opt/ros/humble
[2.442s] Level 1:colcon.colcon_core.package_discovery:discover_packages(prefix_path) using defaults
[2.532s] WARNING:colcon.colcon_core.package_selection:Some selected packages are already built in one or more underlay workspaces:
	'acg_resources_panda_moveit_config' is in: /home/beniamino/ros2_ws/install/acg_resources_panda_moveit_config
If a package in a merged underlay workspace is overridden and it installs headers, then all packages in the overlay must sort their include directories by workspace order. Failure to do so may result in build failures or undefined behavior at run time.
If the overridden package is used by another package in any underlay, then the overriding package in the overlay must be API and ABI compatible or undefined behavior at run time may occur.

If you understand the risks and want to override a package anyways, add the following to the command line:
	--allow-overriding acg_resources_panda_moveit_config

This may be promoted to an error in a future release of colcon-override-check.
[2.534s] Level 5:colcon.colcon_core.verb:set package 'acg_resources_panda_description' build argument 'cmake_args' from command line to 'None'
[2.534s] Level 5:colcon.colcon_core.verb:set package 'acg_resources_panda_description' build argument 'cmake_target' from command line to 'None'
[2.534s] Level 5:colcon.colcon_core.verb:set package 'acg_resources_panda_description' build argument 'cmake_target_skip_unavailable' from command line to 'False'
[2.534s] Level 5:colcon.colcon_core.verb:set package 'acg_resources_panda_description' build argument 'cmake_clean_cache' from command line to 'False'
[2.534s] Level 5:colcon.colcon_core.verb:set package 'acg_resources_panda_description' build argument 'cmake_clean_first' from command line to 'False'
[2.534s] Level 5:colcon.colcon_core.verb:set package 'acg_resources_panda_description' build argument 'cmake_force_configure' from command line to 'False'
[2.534s] Level 5:colcon.colcon_core.verb:set package 'acg_resources_panda_description' build argument 'ament_cmake_args' from command line to 'None'
[2.534s] Level 5:colcon.colcon_core.verb:set package 'acg_resources_panda_description' build argument 'catkin_cmake_args' from command line to 'None'
[2.534s] Level 5:colcon.colcon_core.verb:set package 'acg_resources_panda_description' build argument 'catkin_skip_building_tests' from command line to 'False'
[2.534s] DEBUG:colcon.colcon_core.verb:Building package 'acg_resources_panda_description' with the following arguments: {'ament_cmake_args': None, 'build_base': '/home/beniamino/ros2_ws/build/acg_resources_panda_description', 'catkin_cmake_args': None, 'catkin_skip_building_tests': False, 'cmake_args': None, 'cmake_clean_cache': False, 'cmake_clean_first': False, 'cmake_force_configure': False, 'cmake_target': None, 'cmake_target_skip_unavailable': False, 'install_base': '/home/beniamino/ros2_ws/install/acg_resources_panda_description', 'merge_install': False, 'path': '/home/beniamino/ros2_ws/src/panda_impedance_controller/acg_resources_panda_description', 'symlink_install': False, 'test_result_base': None}
[2.535s] Level 5:colcon.colcon_core.verb:set package 'acg_resources_panda_moveit_config' build argument 'cmake_args' from command line to 'None'
[2.535s] Level 5:colcon.colcon_core.verb:set package 'acg_resources_panda_moveit_config' build argument 'cmake_target' from command line to 'None'
[2.535s] Level 5:colcon.colcon_core.verb:set package 'acg_resources_panda_moveit_config' build argument 'cmake_target_skip_unavailable' from command line to 'False'
[2.535s] Level 5:colcon.colcon_core.verb:set package 'acg_resources_panda_moveit_config' build argument 'cmake_clean_cache' from command line to 'False'
[2.535s] Level 5:colcon.colcon_core.verb:set package 'acg_resources_panda_moveit_config' build argument 'cmake_clean_first' from command line to 'False'
[2.535s] Level 5:colcon.colcon_core.verb:set package 'acg_resources_panda_moveit_config' build argument 'cmake_force_configure' from command line to 'False'
[2.535s] Level 5:colcon.colcon_core.verb:set package 'acg_resources_panda_moveit_config' build argument 'ament_cmake_args' from command line to 'None'
[2.535s] Level 5:colcon.colcon_core.verb:set package 'acg_resources_panda_moveit_config' build argument 'catkin_cmake_args' from command line to 'None'
[2.535s] Level 5:colcon.colcon_core.verb:set package 'acg_resources_panda_moveit_config' build argument 'catkin_skip_building_tests' from command line to 'False'
[2.535s] DEBUG:colcon.colcon_core.verb:Building package 'acg_resources_panda_moveit_config' with the following arguments: {'ament_cmake_args': None, 'build_base': '/home/beniamino/ros2_ws/build/acg_resources_panda_moveit_config', 'catkin_cmake_args': None, 'catkin_skip_building_tests': False, 'cmake_args': None, 'cmake_clean_cache': False, 'cmake_clean_first': False, 'cmake_force_configure': False, 'cmake_target': None, 'cmake_target_skip_unavailable': False, 'install_base': '/home/beniamino/ros2_ws/install/acg_resources_panda_moveit_config', 'merge_install': False, 'path': '/home/beniamino/ros2_ws/src/panda_impedance_controller/acg_resources_panda_moveit_config', 'symlink_install': False, 'test_result_base': None}
[2.535s] INFO:colcon.colcon_core.executor:Executing jobs using 'parallel' executor
[2.537s] DEBUG:colcon.colcon_parallel_executor.executor.parallel:run_until_complete
[2.537s] INFO:colcon.colcon_ros.task.ament_cmake.build:Building ROS package in '/home/beniamino/ros2_ws/src/panda_impedance_controller/acg_resources_panda_description' with build type 'ament_cmake'
[2.537s] INFO:colcon.colcon_cmake.task.cmake.build:Building CMake package in '/home/beniamino/ros2_ws/src/panda_impedance_controller/acg_resources_panda_description'
[2.541s] INFO:colcon.colcon_core.plugin_system:Skipping extension 'colcon_core.shell.bat': Not used on non-Windows systems
[2.541s] INFO:colcon.colcon_core.shell:Skip shell extension 'powershell' for command environment: Not usable outside of PowerShell
[2.541s] DEBUG:colcon.colcon_core.shell:Skip shell extension 'dsv' for command environment
[3.104s] DEBUG:colcon.colcon_core.event_handler.log_command:Invoking command in '/home/beniamino/ros2_ws/build/acg_resources_panda_description': CMAKE_PREFIX_PATH=${CMAKE_PREFIX_PATH}:/home/beniamino/ros2_ws/install/acg_resources_panda_trajectory_generation:/home/beniamino/ros2_ws/install/acg_resources_panda_trajectory_analyzer:/opt/ros/humble /usr/bin/cmake --build /home/beniamino/ros2_ws/build/acg_resources_panda_description -- -j12 -l12
[3.161s] DEBUG:colcon.colcon_core.event_handler.log_command:Invoked command in '/home/beniamino/ros2_ws/build/acg_resources_panda_description' returned '0': CMAKE_PREFIX_PATH=${CMAKE_PREFIX_PATH}:/home/beniamino/ros2_ws/install/acg_resources_panda_trajectory_generation:/home/beniamino/ros2_ws/install/acg_resources_panda_trajectory_analyzer:/opt/ros/humble /usr/bin/cmake --build /home/beniamino/ros2_ws/build/acg_resources_panda_description -- -j12 -l12
[3.210s] DEBUG:colcon.colcon_core.event_handler.log_command:Invoking command in '/home/beniamino/ros2_ws/build/acg_resources_panda_description': CMAKE_PREFIX_PATH=${CMAKE_PREFIX_PATH}:/home/beniamino/ros2_ws/install/acg_resources_panda_trajectory_generation:/home/beniamino/ros2_ws/install/acg_resources_panda_trajectory_analyzer:/opt/ros/humble /usr/bin/cmake --install /home/beniamino/ros2_ws/build/acg_resources_panda_description
[3.226s] Level 1:colcon.colcon_core.environment:create_environment_scripts_only(acg_resources_panda_description)
[3.230s] DEBUG:colcon.colcon_core.event_handler.log_command:Invoked command in '/home/beniamino/ros2_ws/build/acg_resources_panda_description' returned '0': CMAKE_PREFIX_PATH=${CMAKE_PREFIX_PATH}:/home/beniamino/ros2_ws/install/acg_resources_panda_trajectory_generation:/home/beniamino/ros2_ws/install/acg_resources_panda_trajectory_analyzer:/opt/ros/humble /usr/bin/cmake --install /home/beniamino/ros2_ws/build/acg_resources_panda_description
[3.232s] Level 1:colcon.colcon_core.environment:checking '/home/beniamino/ros2_ws/install/acg_resources_panda_description' for CMake module files
[3.233s] Level 1:colcon.colcon_core.environment:checking '/home/beniamino/ros2_ws/install/acg_resources_panda_description' for CMake config files
[3.234s] Level 1:colcon.colcon_core.shell:create_environment_hook('acg_resources_panda_description', 'cmake_prefix_path')
[3.234s] INFO:colcon.colcon_core.shell:Creating environment hook '/home/beniamino/ros2_ws/install/acg_resources_panda_description/share/acg_resources_panda_description/hook/cmake_prefix_path.ps1'
[3.235s] INFO:colcon.colcon_core.shell:Creating environment descriptor '/home/beniamino/ros2_ws/install/acg_resources_panda_description/share/acg_resources_panda_description/hook/cmake_prefix_path.dsv'
[3.235s] INFO:colcon.colcon_core.shell:Creating environment hook '/home/beniamino/ros2_ws/install/acg_resources_panda_description/share/acg_resources_panda_description/hook/cmake_prefix_path.sh'
[3.237s] Level 1:colcon.colcon_core.environment:checking '/home/beniamino/ros2_ws/install/acg_resources_panda_description/bin'
[3.237s] Level 1:colcon.colcon_core.environment:checking '/home/beniamino/ros2_ws/install/acg_resources_panda_description/lib/pkgconfig/acg_resources_panda_description.pc'
[3.237s] Level 1:colcon.colcon_core.environment:checking '/home/beniamino/ros2_ws/install/acg_resources_panda_description/lib/python3.10/site-packages'
[3.237s] Level 1:colcon.colcon_core.environment:checking '/home/beniamino/ros2_ws/install/acg_resources_panda_description/bin'
[3.238s] INFO:colcon.colcon_core.shell:Creating package script '/home/beniamino/ros2_ws/install/acg_resources_panda_description/share/acg_resources_panda_description/package.ps1'
[3.239s] INFO:colcon.colcon_core.shell:Creating package descriptor '/home/beniamino/ros2_ws/install/acg_resources_panda_description/share/acg_resources_panda_description/package.dsv'
[3.240s] INFO:colcon.colcon_core.shell:Creating package script '/home/beniamino/ros2_ws/install/acg_resources_panda_description/share/acg_resources_panda_description/package.sh'
[3.241s] INFO:colcon.colcon_core.shell:Creating package script '/home/beniamino/ros2_ws/install/acg_resources_panda_description/share/acg_resources_panda_description/package.bash'
[3.242s] INFO:colcon.colcon_core.shell:Creating package script '/home/beniamino/ros2_ws/install/acg_resources_panda_description/share/acg_resources_panda_description/package.zsh'
[3.243s] Level 1:colcon.colcon_core.environment:create_file_with_runtime_dependencies(/home/beniamino/ros2_ws/install/acg_resources_panda_description/share/colcon-core/packages/acg_resources_panda_description)
[3.279s] Level 1:colcon.colcon_core.environment:create_environment_scripts_only(acg_resources_panda_description)
[3.279s] Level 1:colcon.colcon_core.environment:checking '/home/beniamino/ros2_ws/install/acg_resources_panda_description' for CMake module files
[3.280s] Level 1:colcon.colcon_core.environment:checking '/home/beniamino/ros2_ws/install/acg_resources_panda_description' for CMake config files
[3.280s] Level 1:colcon.colcon_core.shell:create_environment_hook('acg_resources_panda_description', 'cmake_prefix_path')
[3.281s] INFO:colcon.colcon_core.shell:Creating environment hook '/home/beniamino/ros2_ws/install/acg_resources_panda_description/share/acg_resources_panda_description/hook/cmake_prefix_path.ps1'
[3.281s] INFO:colcon.colcon_core.shell:Creating environment descriptor '/home/beniamino/ros2_ws/install/acg_resources_panda_description/share/acg_resources_panda_description/hook/cmake_prefix_path.dsv'
[3.282s] INFO:colcon.colcon_core.shell:Creating environment hook '/home/beniamino/ros2_ws/install/acg_resources_panda_description/share/acg_resources_panda_description/hook/cmake_prefix_path.sh'
[3.283s] Level 1:colcon.colcon_core.environment:checking '/home/beniamino/ros2_ws/install/acg_resources_panda_description/bin'
[3.283s] Level 1:colcon.colcon_core.environment:checking '/home/beniamino/ros2_ws/install/acg_resources_panda_description/lib/pkgconfig/acg_resources_panda_description.pc'
[3.283s] Level 1:colcon.colcon_core.environment:checking '/home/beniamino/ros2_ws/install/acg_resources_panda_description/lib/python3.10/site-packages'
[3.283s] Level 1:colcon.colcon_core.environment:checking '/home/beniamino/ros2_ws/install/acg_resources_panda_description/bin'
[3.284s] INFO:colcon.colcon_core.shell:Creating package script '/home/beniamino/ros2_ws/install/acg_resources_panda_description/share/acg_resources_panda_description/package.ps1'
[3.285s] INFO:colcon.colcon_core.shell:Creating package descriptor '/home/beniamino/ros2_ws/install/acg_resources_panda_description/share/acg_resources_panda_description/package.dsv'
[3.285s] INFO:colcon.colcon_core.shell:Creating package script '/home/beniamino/ros2_ws/install/acg_resources_panda_description/share/acg_resources_panda_description/package.sh'
[3.286s] INFO:colcon.colcon_core.shell:Creating package script '/home/beniamino/ros2_ws/install/acg_resources_panda_description/share/acg_resources_panda_description/package.bash'
[3.287s] INFO:colcon.colcon_core.shell:Creating package script '/home/beniamino/ros2_ws/install/acg_resources_panda_description/share/acg_resources_panda_description/package.zsh'
[3.287s] Level 1:colcon.colcon_core.environment:create_file_with_runtime_dependencies(/home/beniamino/ros2_ws/install/acg_resources_panda_description/share/colcon-core/packages/acg_resources_panda_description)
[3.288s] INFO:colcon.colcon_ros.task.ament_cmake.build:Building ROS package in '/home/beniamino/ros2_ws/src/panda_impedance_controller/acg_resources_panda_moveit_config' with build type 'ament_cmake'
[3.288s] INFO:colcon.colcon_cmake.task.cmake.build:Building CMake package in '/home/beniamino/ros2_ws/src/panda_impedance_controller/acg_resources_panda_moveit_config'
[3.288s] INFO:colcon.colcon_core.shell:Skip shell extension 'powershell' for command environment: Not usable outside of PowerShell
[3.289s] DEBUG:colcon.colcon_core.shell:Skip shell extension 'dsv' for command environment
[3.304s] DEBUG:colcon.colcon_core.event_handler.log_command:Invoking command in '/home/beniamino/ros2_ws/build/acg_resources_panda_moveit_config': CMAKE_PREFIX_PATH=/home/beniamino/ros2_ws/install/acg_resources_panda_description:/home/beniamino/ros2_ws/install/ros_extensions_utilities:/home/beniamino/ros2_ws/install/panda_moveit_planning_demo:/home/beniamino/ros2_ws/install/panda_impedance_controller:/home/beniamino/ros2_ws/install/kdl_inverse_dynamics_solver:/home/beniamino/ros2_ws/install/inverse_dynamics_solver:/home/beniamino/ros2_ws/install/cartesian_control_msgs:/home/beniamino/ros2_ws/install/acg_resources_panda_moveit_config:/home/beniamino/ros2_ws/install/acg_resources_panda_trajectory_generation:/home/beniamino/ros2_ws/install/acg_resources_panda_trajectory_analyzer:/opt/ros/humble /usr/bin/cmake --build /home/beniamino/ros2_ws/build/acg_resources_panda_moveit_config -- -j12 -l12
[3.365s] DEBUG:colcon.colcon_core.event_handler.log_command:Invoked command in '/home/beniamino/ros2_ws/build/acg_resources_panda_moveit_config' returned '0': CMAKE_PREFIX_PATH=/home/beniamino/ros2_ws/install/acg_resources_panda_description:/home/beniamino/ros2_ws/install/ros_extensions_utilities:/home/beniamino/ros2_ws/install/panda_moveit_planning_demo:/home/beniamino/ros2_ws/install/panda_impedance_controller:/home/beniamino/ros2_ws/install/kdl_inverse_dynamics_solver:/home/beniamino/ros2_ws/install/inverse_dynamics_solver:/home/beniamino/ros2_ws/install/cartesian_control_msgs:/home/beniamino/ros2_ws/install/acg_resources_panda_moveit_config:/home/beniamino/ros2_ws/install/acg_resources_panda_trajectory_generation:/home/beniamino/ros2_ws/install/acg_resources_panda_trajectory_analyzer:/opt/ros/humble /usr/bin/cmake --build /home/beniamino/ros2_ws/build/acg_resources_panda_moveit_config -- -j12 -l12
[3.404s] DEBUG:colcon.colcon_core.event_handler.log_command:Invoking command in '/home/beniamino/ros2_ws/build/acg_resources_panda_moveit_config': CMAKE_PREFIX_PATH=/home/beniamino/ros2_ws/install/acg_resources_panda_description:/home/beniamino/ros2_ws/install/ros_extensions_utilities:/home/beniamino/ros2_ws/install/panda_moveit_planning_demo:/home/beniamino/ros2_ws/install/panda_impedance_controller:/home/beniamino/ros2_ws/install/kdl_inverse_dynamics_solver:/home/beniamino/ros2_ws/install/inverse_dynamics_solver:/home/beniamino/ros2_ws/install/cartesian_control_msgs:/home/beniamino/ros2_ws/install/acg_resources_panda_moveit_config:/home/beniamino/ros2_ws/install/acg_resources_panda_trajectory_generation:/home/beniamino/ros2_ws/install/acg_resources_panda_trajectory_analyzer:/opt/ros/humble /usr/bin/cmake --install /home/beniamino/ros2_ws/build/acg_resources_panda_moveit_config
[3.421s] Level 1:colcon.colcon_core.environment:create_environment_scripts_only(acg_resources_panda_moveit_config)
[3.422s] Level 1:colcon.colcon_core.environment:checking '/home/beniamino/ros2_ws/install/acg_resources_panda_moveit_config' for CMake module files
[3.424s] Level 1:colcon.colcon_core.environment:checking '/home/beniamino/ros2_ws/install/acg_resources_panda_moveit_config' for CMake config files
[3.426s] Level 1:colcon.colcon_core.shell:create_environment_hook('acg_resources_panda_moveit_config', 'cmake_prefix_path')
[3.426s] INFO:colcon.colcon_core.shell:Creating environment hook '/home/beniamino/ros2_ws/install/acg_resources_panda_moveit_config/share/acg_resources_panda_moveit_config/hook/cmake_prefix_path.ps1'
[3.428s] INFO:colcon.colcon_core.shell:Creating environment descriptor '/home/beniamino/ros2_ws/install/acg_resources_panda_moveit_config/share/acg_resources_panda_moveit_config/hook/cmake_prefix_path.dsv'
[3.429s] INFO:colcon.colcon_core.shell:Creating environment hook '/home/beniamino/ros2_ws/install/acg_resources_panda_moveit_config/share/acg_resources_panda_moveit_config/hook/cmake_prefix_path.sh'
[3.430s] Level 1:colcon.colcon_core.environment:checking '/home/beniamino/ros2_ws/install/acg_resources_panda_moveit_config/bin'
[3.430s] Level 1:colcon.colcon_core.environment:checking '/home/beniamino/ros2_ws/install/acg_resources_panda_moveit_config/lib/pkgconfig/acg_resources_panda_moveit_config.pc'
[3.431s] Level 1:colcon.colcon_core.environment:checking '/home/beniamino/ros2_ws/install/acg_resources_panda_moveit_config/lib/python3.10/site-packages'
[3.431s] Level 1:colcon.colcon_core.environment:checking '/home/beniamino/ros2_ws/install/acg_resources_panda_moveit_config/bin'
[3.432s] INFO:colcon.colcon_core.shell:Creating package script '/home/beniamino/ros2_ws/install/acg_resources_panda_moveit_config/share/acg_resources_panda_moveit_config/package.ps1'
[3.434s] INFO:colcon.colcon_core.shell:Creating package descriptor '/home/beniamino/ros2_ws/install/acg_resources_panda_moveit_config/share/acg_resources_panda_moveit_config/package.dsv'
[3.435s] INFO:colcon.colcon_core.shell:Creating package script '/home/beniamino/ros2_ws/install/acg_resources_panda_moveit_config/share/acg_resources_panda_moveit_config/package.sh'
[3.437s] INFO:colcon.colcon_core.shell:Creating package script '/home/beniamino/ros2_ws/install/acg_resources_panda_moveit_config/share/acg_resources_panda_moveit_config/package.bash'
[3.438s] DEBUG:colcon.colcon_core.event_handler.log_command:Invoked command in '/home/beniamino/ros2_ws/build/acg_resources_panda_moveit_config' returned '0': CMAKE_PREFIX_PATH=/home/beniamino/ros2_ws/install/acg_resources_panda_description:/home/beniamino/ros2_ws/install/ros_extensions_utilities:/home/beniamino/ros2_ws/install/panda_moveit_planning_demo:/home/beniamino/ros2_ws/install/panda_impedance_controller:/home/beniamino/ros2_ws/install/kdl_inverse_dynamics_solver:/home/beniamino/ros2_ws/install/inverse_dynamics_solver:/home/beniamino/ros2_ws/install/cartesian_control_msgs:/home/beniamino/ros2_ws/install/acg_resources_panda_moveit_config:/home/beniamino/ros2_ws/install/acg_resources_panda_trajectory_generation:/home/beniamino/ros2_ws/install/acg_resources_panda_trajectory_analyzer:/opt/ros/humble /usr/bin/cmake --install /home/beniamino/ros2_ws/build/acg_resources_panda_moveit_config
[3.439s] INFO:colcon.colcon_core.shell:Creating package script '/home/beniamino/ros2_ws/install/acg_resources_panda_moveit_config/share/acg_resources_panda_moveit_config/package.zsh'
[3.439s] Level 1:colcon.colcon_core.environment:create_file_with_runtime_dependencies(/home/beniamino/ros2_ws/install/acg_resources_panda_moveit_config/share/colcon-core/packages/acg_resources_panda_moveit_config)
[3.475s] Level 1:colcon.colcon_core.environment:create_environment_scripts_only(acg_resources_panda_moveit_config)
[3.476s] Level 1:colcon.colcon_core.environment:checking '/home/beniamino/ros2_ws/install/acg_resources_panda_moveit_config' for CMake module files
[3.476s] Level 1:colcon.colcon_core.environment:checking '/home/beniamino/ros2_ws/install/acg_resources_panda_moveit_config' for CMake config files
[3.477s] Level 1:colcon.colcon_core.shell:create_environment_hook('acg_resources_panda_moveit_config', 'cmake_prefix_path')
[3.477s] INFO:colcon.colcon_core.shell:Creating environment hook '/home/beniamino/ros2_ws/install/acg_resources_panda_moveit_config/share/acg_resources_panda_moveit_config/hook/cmake_prefix_path.ps1'
[3.478s] INFO:colcon.colcon_core.shell:Creating environment descriptor '/home/beniamino/ros2_ws/install/acg_resources_panda_moveit_config/share/acg_resources_panda_moveit_config/hook/cmake_prefix_path.dsv'
[3.478s] INFO:colcon.colcon_core.shell:Creating environment hook '/home/beniamino/ros2_ws/install/acg_resources_panda_moveit_config/share/acg_resources_panda_moveit_config/hook/cmake_prefix_path.sh'
[3.479s] Level 1:colcon.colcon_core.environment:checking '/home/beniamino/ros2_ws/install/acg_resources_panda_moveit_config/bin'
[3.479s] Level 1:colcon.colcon_core.environment:checking '/home/beniamino/ros2_ws/install/acg_resources_panda_moveit_config/lib/pkgconfig/acg_resources_panda_moveit_config.pc'
[3.479s] Level 1:colcon.colcon_core.environment:checking '/home/beniamino/ros2_ws/install/acg_resources_panda_moveit_config/lib/python3.10/site-packages'
[3.480s] Level 1:colcon.colcon_core.environment:checking '/home/beniamino/ros2_ws/install/acg_resources_panda_moveit_config/bin'
[3.480s] INFO:colcon.colcon_core.shell:Creating package script '/home/beniamino/ros2_ws/install/acg_resources_panda_moveit_config/share/acg_resources_panda_moveit_config/package.ps1'
[3.481s] INFO:colcon.colcon_core.shell:Creating package descriptor '/home/beniamino/ros2_ws/install/acg_resources_panda_moveit_config/share/acg_resources_panda_moveit_config/package.dsv'
[3.481s] INFO:colcon.colcon_core.shell:Creating package script '/home/beniamino/ros2_ws/install/acg_resources_panda_moveit_config/share/acg_resources_panda_moveit_config/package.sh'
[3.482s] INFO:colcon.colcon_core.shell:Creating package script '/home/beniamino/ros2_ws/install/acg_resources_panda_moveit_config/share/acg_resources_panda_moveit_config/package.bash'
[3.483s] INFO:colcon.colcon_core.shell:Creating package script '/home/beniamino/ros2_ws/install/acg_resources_panda_moveit_config/share/acg_resources_panda_moveit_config/package.zsh'
[3.483s] Level 1:colcon.colcon_core.environment:create_file_with_runtime_dependencies(/home/beniamino/ros2_ws/install/acg_resources_panda_moveit_config/share/colcon-core/packages/acg_resources_panda_moveit_config)
[3.484s] DEBUG:colcon.colcon_parallel_executor.executor.parallel:closing loop
[3.484s] DEBUG:colcon.colcon_parallel_executor.executor.parallel:loop closed
[3.484s] DEBUG:colcon.colcon_parallel_executor.executor.parallel:run_until_complete finished with '0'
[3.485s] DEBUG:colcon.colcon_core.event_reactor:joining thread
[3.498s] INFO:colcon.colcon_core.plugin_system:Skipping extension 'colcon_notification.desktop_notification.terminal_notifier': Not used on non-Darwin systems
[3.499s] INFO:colcon.colcon_core.plugin_system:Skipping extension 'colcon_notification.desktop_notification.win32': Not used on non-Windows systems
[3.499s] INFO:colcon.colcon_notification.desktop_notification:Sending desktop notification using 'notify2'
[3.518s] DEBUG:colcon.colcon_core.event_reactor:joined thread
[3.519s] INFO:colcon.colcon_core.shell:Creating prefix script '/home/beniamino/ros2_ws/install/local_setup.ps1'
[3.522s] INFO:colcon.colcon_core.shell:Creating prefix util module '/home/beniamino/ros2_ws/install/_local_setup_util_ps1.py'
[3.527s] INFO:colcon.colcon_core.shell:Creating prefix chain script '/home/beniamino/ros2_ws/install/setup.ps1'
[3.532s] INFO:colcon.colcon_core.shell:Creating prefix script '/home/beniamino/ros2_ws/install/local_setup.sh'
[3.534s] INFO:colcon.colcon_core.shell:Creating prefix util module '/home/beniamino/ros2_ws/install/_local_setup_util_sh.py'
[3.535s] INFO:colcon.colcon_core.shell:Creating prefix chain script '/home/beniamino/ros2_ws/install/setup.sh'
[3.538s] INFO:colcon.colcon_core.shell:Creating prefix script '/home/beniamino/ros2_ws/install/local_setup.bash'
[3.539s] INFO:colcon.colcon_core.shell:Creating prefix chain script '/home/beniamino/ros2_ws/install/setup.bash'
[3.543s] INFO:colcon.colcon_core.shell:Creating prefix script '/home/beniamino/ros2_ws/install/local_setup.zsh'
[3.544s] INFO:colcon.colcon_core.shell:Creating prefix chain script '/home/beniamino/ros2_ws/install/setup.zsh'
