[0.020s] Invoking command in '/home/beniamino/ros2_ws/build/panda_moveit_planning_demo': CMAKE_PREFIX_PATH=/home/beniamino/ros2_ws/install/acg_resources_panda_moveit_config:/home/beniamino/ros2_ws/install/cartesian_control_msgs:/home/beniamino/ros2_ws/install/acg_resources_panda_description:/home/beniamino/ros2_ws/install/ros_extensions_utilities:/home/beniamino/ros2_ws/install/panda_moveit_planning_demo:/home/beniamino/ros2_ws/install/panda_impedance_controller:/home/beniamino/ros2_ws/install/kdl_inverse_dynamics_solver:/home/beniamino/ros2_ws/install/inverse_dynamics_solver:/home/beniamino/ros2_ws/install/acg_resources_panda_trajectory_generation:/home/beniamino/ros2_ws/install/acg_resources_panda_trajectory_analyzer:/opt/ros/humble LD_LIBRARY_PATH=/home/beniamino/ros2_ws/install/cartesian_control_msgs/lib:/home/beniamino/ros2_ws/install/panda_impedance_controller/lib:/home/beniamino/ros2_ws/install/kdl_inverse_dynamics_solver/lib:/opt/ros/humble/opt/rviz_ogre_vendor/lib:/opt/ros/humble/lib/x86_64-linux-gnu:/opt/ros/humble/lib /usr/bin/cmake --build /home/beniamino/ros2_ws/build/panda_moveit_planning_demo -- -j12 -l12
[0.104s] [  7%] Built target task_space_client_utils_parameters
[0.116s] [ 23%] Built target bag_file_utils
[0.128s] [ 38%] Built target moveit_utils
[0.155s] [ 53%] Built target task_space_client_utils
[0.185s] [35m[1mConsolidate compiler generated dependencies of target panda_moveit_cartesian_demo[0m
[0.215s] [ 69%] Built target panda_moveit_planning_node
[0.217s] [ 84%] Built target panda_moveit_cartesian_demo_nobag
[0.242s] [ 92%] [32mBuilding CXX object CMakeFiles/panda_moveit_cartesian_demo.dir/src/panda_moveit_cartesian_demo.cpp.o[0m
[13.377s] [01m[K/home/beniamino/ros2_ws/src/panda_impedance_controller/panda_moveit_planning_demo/src/panda_moveit_cartesian_demo.cpp:[m[K In function ‘[01m[Kint main(int, char**)[m[K’:
[13.377s] [01m[K/home/beniamino/ros2_ws/src/panda_impedance_controller/panda_moveit_planning_demo/src/panda_moveit_cartesian_demo.cpp:211:40:[m[K [01;31m[Kerror: [m[Ktoo few arguments to function ‘[01m[Kconst std::vector<geometry_msgs::msg::Pose_<std::allocator<void> > > generate_waypoints(std::shared_ptr<geometry_msgs::msg::PoseArray_<std::allocator<void> > >, moveit::planning_interface::MoveGroupInterface*, const rclcpp::Logger&)[m[K’
[13.377s]   211 |     auto waypoints = [01;31m[Kgenerate_waypoints(cartesian_path_poses, &move_group_interface)[m[K;  // Pass the address of move_group_interface
[13.378s]       |                      [01;31m[K~~~~~~~~~~~~~~~~~~^~~~~~~~~~~~~~~~~~~~~~~~~~~~~~~~~~~~~~~~~~~~~[m[K
[13.378s] [01m[K/home/beniamino/ros2_ws/src/panda_impedance_controller/panda_moveit_planning_demo/src/panda_moveit_cartesian_demo.cpp:46:45:[m[K [01;36m[Knote: [m[Kdeclared here
[13.378s]    46 | const std::vector<geometry_msgs::msg::Pose> [01;36m[Kgenerate_waypoints[m[K(
[13.378s]       |                                             [01;36m[K^~~~~~~~~~~~~~~~~~[m[K
[13.378s] [01m[K/home/beniamino/ros2_ws/src/panda_impedance_controller/panda_moveit_planning_demo/src/panda_moveit_cartesian_demo.cpp:224:80:[m[K [01;31m[Kerror: [m[Kcannot convert ‘[01m[Kstd::shared_ptr<geometry_msgs::msg::PoseArray_<std::allocator<void> > >[m[K’ to ‘[01m[Kstd::vector<geometry_msgs::msg::Pose_<std::allocator<void> > >[m[K’
[13.378s]   224 |     auto [fraction, cartesian_plan] = planning_node->cartesian_path_generation([01;31m[Kcartesian_path_poses[m[K, &logger, &move_group_interface);  // Generate a Cartesian path
[13.378s]       |                                                                                [01;31m[K^~~~~~~~~~~~~~~~~~~~[m[K
[13.379s]       |                                                                                [01;31m[K|[m[K
[13.379s]       |                                                                                [01;31m[Kstd::shared_ptr<geometry_msgs::msg::PoseArray_<std::allocator<void> > >[m[K
[13.379s] In file included from [01m[K/home/beniamino/ros2_ws/src/panda_impedance_controller/panda_moveit_planning_demo/src/panda_moveit_cartesian_demo.cpp:13[m[K:
[13.379s] [01m[K/home/beniamino/ros2_ws/src/panda_impedance_controller/panda_moveit_planning_demo/include/task_space_client_utils.hpp:96:141:[m[K [01;36m[Knote: [m[K  initializing argument 1 of ‘[01m[Kstd::pair<double, moveit::planning_interface::MoveGroupInterface::Plan> task_space_client_utils::TaskSpaceClient::cartesian_path_generation(std::vector<geometry_msgs::msg::Pose_<std::allocator<void> > >, const rclcpp::Logger*, moveit::planning_interface::MoveGroupInterface*)[m[K’
[13.379s]    96 |     std::pair<double, moveit::planning_interface::MoveGroupInterface::Plan> cartesian_path_generation([01;36m[Kstd::vector<geometry_msgs::msg::Pose> waypoints[m[K, const rclcpp::Logger *logger, moveit::planning_interface::MoveGroupInterface *move_group_interface/*, moveit_msgs::msg::Constraints &constraints*/);
[13.379s]       |                                                                                                       [01;36m[K~~~~~~~~~~~~~~~~~~~~~~~~~~~~~~~~~~~~~~^~~~~~~~~[m[K
[18.109s] gmake[2]: *** [CMakeFiles/panda_moveit_cartesian_demo.dir/build.make:76: CMakeFiles/panda_moveit_cartesian_demo.dir/src/panda_moveit_cartesian_demo.cpp.o] Error 1
[18.110s] gmake[1]: *** [CMakeFiles/Makefile2:285: CMakeFiles/panda_moveit_cartesian_demo.dir/all] Error 2
[18.110s] gmake: *** [Makefile:146: all] Error 2
[18.115s] Invoked command in '/home/beniamino/ros2_ws/build/panda_moveit_planning_demo' returned '2': CMAKE_PREFIX_PATH=/home/beniamino/ros2_ws/install/acg_resources_panda_moveit_config:/home/beniamino/ros2_ws/install/cartesian_control_msgs:/home/beniamino/ros2_ws/install/acg_resources_panda_description:/home/beniamino/ros2_ws/install/ros_extensions_utilities:/home/beniamino/ros2_ws/install/panda_moveit_planning_demo:/home/beniamino/ros2_ws/install/panda_impedance_controller:/home/beniamino/ros2_ws/install/kdl_inverse_dynamics_solver:/home/beniamino/ros2_ws/install/inverse_dynamics_solver:/home/beniamino/ros2_ws/install/acg_resources_panda_trajectory_generation:/home/beniamino/ros2_ws/install/acg_resources_panda_trajectory_analyzer:/opt/ros/humble LD_LIBRARY_PATH=/home/beniamino/ros2_ws/install/cartesian_control_msgs/lib:/home/beniamino/ros2_ws/install/panda_impedance_controller/lib:/home/beniamino/ros2_ws/install/kdl_inverse_dynamics_solver/lib:/opt/ros/humble/opt/rviz_ogre_vendor/lib:/opt/ros/humble/lib/x86_64-linux-gnu:/opt/ros/humble/lib /usr/bin/cmake --build /home/beniamino/ros2_ws/build/panda_moveit_planning_demo -- -j12 -l12
