[0.184s] Invoking command in '/home/beniamino/ros2_ws/build/kdl_inverse_dynamics_solver': CMAKE_PREFIX_PATH=/home/beniamino/ros2_ws/install/ros_extensions_utilities:/home/beniamino/ros2_ws/install/inverse_dynamics_solver:/home/beniamino/ros2_ws/install/panda_moveit_planning_demo:/home/beniamino/ros2_ws/install/panda_impedance_controller:/home/beniamino/ros2_ws/install/kdl_inverse_dynamics_solver:/home/beniamino/ros2_ws/install/cartesian_control_msgs:/home/beniamino/ros2_ws/install/acg_resources_panda_moveit_config:/home/beniamino/ros2_ws/install/acg_resources_panda_description:/home/beniamino/ros2_ws/install/acg_resources_panda_trajectory_generation:/home/beniamino/ros2_ws/install/acg_resources_panda_trajectory_analyzer:/opt/ros/humble /usr/bin/cmake --build /home/beniamino/ros2_ws/build/kdl_inverse_dynamics_solver -- -j12 -l12
[0.704s] [ 25%] Built target gtest_main
[0.942s] [ 50%] Built target gtest
[5.036s] [ 75%] Built target kdl_inverse_dynamics_solver_test
[5.046s] [100%] Built target kdl_inverse_dynamics_solver
[5.066s] Invoked command in '/home/beniamino/ros2_ws/build/kdl_inverse_dynamics_solver' returned '0': CMAKE_PREFIX_PATH=/home/beniamino/ros2_ws/install/ros_extensions_utilities:/home/beniamino/ros2_ws/install/inverse_dynamics_solver:/home/beniamino/ros2_ws/install/panda_moveit_planning_demo:/home/beniamino/ros2_ws/install/panda_impedance_controller:/home/beniamino/ros2_ws/install/kdl_inverse_dynamics_solver:/home/beniamino/ros2_ws/install/cartesian_control_msgs:/home/beniamino/ros2_ws/install/acg_resources_panda_moveit_config:/home/beniamino/ros2_ws/install/acg_resources_panda_description:/home/beniamino/ros2_ws/install/acg_resources_panda_trajectory_generation:/home/beniamino/ros2_ws/install/acg_resources_panda_trajectory_analyzer:/opt/ros/humble /usr/bin/cmake --build /home/beniamino/ros2_ws/build/kdl_inverse_dynamics_solver -- -j12 -l12
[5.124s] Invoking command in '/home/beniamino/ros2_ws/build/kdl_inverse_dynamics_solver': CMAKE_PREFIX_PATH=/home/beniamino/ros2_ws/install/ros_extensions_utilities:/home/beniamino/ros2_ws/install/inverse_dynamics_solver:/home/beniamino/ros2_ws/install/panda_moveit_planning_demo:/home/beniamino/ros2_ws/install/panda_impedance_controller:/home/beniamino/ros2_ws/install/kdl_inverse_dynamics_solver:/home/beniamino/ros2_ws/install/cartesian_control_msgs:/home/beniamino/ros2_ws/install/acg_resources_panda_moveit_config:/home/beniamino/ros2_ws/install/acg_resources_panda_description:/home/beniamino/ros2_ws/install/acg_resources_panda_trajectory_generation:/home/beniamino/ros2_ws/install/acg_resources_panda_trajectory_analyzer:/opt/ros/humble /usr/bin/cmake --install /home/beniamino/ros2_ws/build/kdl_inverse_dynamics_solver
[5.173s] -- Install configuration: ""
[5.173s] -- Up-to-date: /home/beniamino/ros2_ws/install/kdl_inverse_dynamics_solver/share/kdl_inverse_dynamics_solver/kdl_inverse_dynamics_solver.xml
[5.174s] -- Up-to-date: /home/beniamino/ros2_ws/install/kdl_inverse_dynamics_solver/include
[5.174s] -- Up-to-date: /home/beniamino/ros2_ws/install/kdl_inverse_dynamics_solver/include/kdl_inverse_dynamics_solver
[5.174s] -- Up-to-date: /home/beniamino/ros2_ws/install/kdl_inverse_dynamics_solver/include/kdl_inverse_dynamics_solver/kdl_inverse_dynamics_solver.h
[5.174s] -- Up-to-date: /home/beniamino/ros2_ws/install/kdl_inverse_dynamics_solver/include/kdl_inverse_dynamics_solver/exceptions.h
[5.196s] -- Up-to-date: /home/beniamino/ros2_ws/install/kdl_inverse_dynamics_solver/lib/libkdl_inverse_dynamics_solver.so
[5.197s] -- Up-to-date: /home/beniamino/ros2_ws/install/kdl_inverse_dynamics_solver/share/kdl_inverse_dynamics_solver/launch
[5.197s] -- Up-to-date: /home/beniamino/ros2_ws/install/kdl_inverse_dynamics_solver/share/kdl_inverse_dynamics_solver/launch/test_kdl_inverse_dynamics_solver.py
[5.276s] -- Up-to-date: /home/beniamino/ros2_ws/install/kdl_inverse_dynamics_solver/lib/kdl_inverse_dynamics_solver/kdl_inverse_dynamics_solver_test
[5.276s] -- Up-to-date: /home/beniamino/ros2_ws/install/kdl_inverse_dynamics_solver/share/kdl_inverse_dynamics_solver/environment/library_path.sh
[5.277s] -- Up-to-date: /home/beniamino/ros2_ws/install/kdl_inverse_dynamics_solver/share/kdl_inverse_dynamics_solver/environment/library_path.dsv
[5.277s] -- Up-to-date: /home/beniamino/ros2_ws/install/kdl_inverse_dynamics_solver/share/kdl_inverse_dynamics_solver//launch
[5.277s] -- Up-to-date: /home/beniamino/ros2_ws/install/kdl_inverse_dynamics_solver/share/kdl_inverse_dynamics_solver//launch/test_kdl_inverse_dynamics_solver.py
[5.278s] -- Up-to-date: /home/beniamino/ros2_ws/install/kdl_inverse_dynamics_solver/share/ament_index/resource_index/package_run_dependencies/kdl_inverse_dynamics_solver
[5.278s] -- Up-to-date: /home/beniamino/ros2_ws/install/kdl_inverse_dynamics_solver/share/ament_index/resource_index/parent_prefix_path/kdl_inverse_dynamics_solver
[5.278s] -- Up-to-date: /home/beniamino/ros2_ws/install/kdl_inverse_dynamics_solver/share/kdl_inverse_dynamics_solver/environment/ament_prefix_path.sh
[5.278s] -- Up-to-date: /home/beniamino/ros2_ws/install/kdl_inverse_dynamics_solver/share/kdl_inverse_dynamics_solver/environment/ament_prefix_path.dsv
[5.278s] -- Up-to-date: /home/beniamino/ros2_ws/install/kdl_inverse_dynamics_solver/share/kdl_inverse_dynamics_solver/environment/path.sh
[5.279s] -- Up-to-date: /home/beniamino/ros2_ws/install/kdl_inverse_dynamics_solver/share/kdl_inverse_dynamics_solver/environment/path.dsv
[5.279s] -- Up-to-date: /home/beniamino/ros2_ws/install/kdl_inverse_dynamics_solver/share/kdl_inverse_dynamics_solver/local_setup.bash
[5.279s] -- Up-to-date: /home/beniamino/ros2_ws/install/kdl_inverse_dynamics_solver/share/kdl_inverse_dynamics_solver/local_setup.sh
[5.279s] -- Up-to-date: /home/beniamino/ros2_ws/install/kdl_inverse_dynamics_solver/share/kdl_inverse_dynamics_solver/local_setup.zsh
[5.279s] -- Up-to-date: /home/beniamino/ros2_ws/install/kdl_inverse_dynamics_solver/share/kdl_inverse_dynamics_solver/local_setup.dsv
[5.279s] -- Installing: /home/beniamino/ros2_ws/install/kdl_inverse_dynamics_solver/share/kdl_inverse_dynamics_solver/package.dsv
[5.320s] -- Up-to-date: /home/beniamino/ros2_ws/install/kdl_inverse_dynamics_solver/share/ament_index/resource_index/packages/kdl_inverse_dynamics_solver
[5.320s] -- Up-to-date: /home/beniamino/ros2_ws/install/kdl_inverse_dynamics_solver/share/ament_index/resource_index/inverse_dynamics_solver__pluginlib__plugin/kdl_inverse_dynamics_solver
[5.550s] -- Up-to-date: /home/beniamino/ros2_ws/install/kdl_inverse_dynamics_solver/share/kdl_inverse_dynamics_solver/cmake/export_kdl_inverse_dynamics_solverExport.cmake
[5.550s] -- Up-to-date: /home/beniamino/ros2_ws/install/kdl_inverse_dynamics_solver/share/kdl_inverse_dynamics_solver/cmake/export_kdl_inverse_dynamics_solverExport-noconfig.cmake
[5.550s] -- Up-to-date: /home/beniamino/ros2_ws/install/kdl_inverse_dynamics_solver/share/kdl_inverse_dynamics_solver/cmake/ament_cmake_export_include_directories-extras.cmake
[5.550s] -- Up-to-date: /home/beniamino/ros2_ws/install/kdl_inverse_dynamics_solver/share/kdl_inverse_dynamics_solver/cmake/ament_cmake_export_libraries-extras.cmake
[5.551s] -- Up-to-date: /home/beniamino/ros2_ws/install/kdl_inverse_dynamics_solver/share/kdl_inverse_dynamics_solver/cmake/ament_cmake_export_targets-extras.cmake
[5.551s] -- Up-to-date: /home/beniamino/ros2_ws/install/kdl_inverse_dynamics_solver/share/kdl_inverse_dynamics_solver/cmake/kdl_inverse_dynamics_solverConfig.cmake
[5.551s] -- Up-to-date: /home/beniamino/ros2_ws/install/kdl_inverse_dynamics_solver/share/kdl_inverse_dynamics_solver/cmake/kdl_inverse_dynamics_solverConfig-version.cmake
[5.551s] -- Up-to-date: /home/beniamino/ros2_ws/install/kdl_inverse_dynamics_solver/share/kdl_inverse_dynamics_solver/package.xml
[5.556s] Invoked command in '/home/beniamino/ros2_ws/build/kdl_inverse_dynamics_solver' returned '0': CMAKE_PREFIX_PATH=/home/beniamino/ros2_ws/install/ros_extensions_utilities:/home/beniamino/ros2_ws/install/inverse_dynamics_solver:/home/beniamino/ros2_ws/install/panda_moveit_planning_demo:/home/beniamino/ros2_ws/install/panda_impedance_controller:/home/beniamino/ros2_ws/install/kdl_inverse_dynamics_solver:/home/beniamino/ros2_ws/install/cartesian_control_msgs:/home/beniamino/ros2_ws/install/acg_resources_panda_moveit_config:/home/beniamino/ros2_ws/install/acg_resources_panda_description:/home/beniamino/ros2_ws/install/acg_resources_panda_trajectory_generation:/home/beniamino/ros2_ws/install/acg_resources_panda_trajectory_analyzer:/opt/ros/humble /usr/bin/cmake --install /home/beniamino/ros2_ws/build/kdl_inverse_dynamics_solver
