[0.020s] Invoking command in '/home/beniamino/ros2_ws/build/panda_impedance_controller': CMAKE_PREFIX_PATH=/home/beniamino/ros2_ws/install/kdl_inverse_dynamics_solver:/home/beniamino/ros2_ws/install/ros_extensions_utilities:/home/beniamino/ros2_ws/install/inverse_dynamics_solver:/home/beniamino/ros2_ws/install/cartesian_control_msgs:/home/beniamino/ros2_ws/install/panda_moveit_planning_demo:/home/beniamino/ros2_ws/install/panda_impedance_controller:/home/beniamino/ros2_ws/install/acg_resources_panda_moveit_config:/home/beniamino/ros2_ws/install/acg_resources_panda_description:/home/beniamino/ros2_ws/install/acg_resources_panda_trajectory_generation:/home/beniamino/ros2_ws/install/acg_resources_panda_trajectory_analyzer:/opt/ros/humble LD_LIBRARY_PATH=/home/beniamino/ros2_ws/install/kdl_inverse_dynamics_solver/lib:/home/beniamino/ros2_ws/install/cartesian_control_msgs/lib:/home/beniamino/ros2_ws/install/panda_impedance_controller/lib:/opt/ros/humble/opt/rviz_ogre_vendor/lib:/opt/ros/humble/lib/x86_64-linux-gnu:/opt/ros/humble/lib /usr/bin/cmake --build /home/beniamino/ros2_ws/build/panda_impedance_controller -- -j12 -l12
[0.355s] -- Found ament_cmake: 1.3.10 (/opt/ros/humble/share/ament_cmake/cmake)
[1.029s] -- Found rclcpp: 16.0.10 (/opt/ros/humble/share/rclcpp/cmake)
[1.241s] -- Found rosidl_generator_c: 3.1.5 (/opt/ros/humble/share/rosidl_generator_c/cmake)
[1.275s] -- Found rosidl_adapter: 3.1.5 (/opt/ros/humble/share/rosidl_adapter/cmake)
[1.291s] -- Found rosidl_generator_cpp: 3.1.5 (/opt/ros/humble/share/rosidl_generator_cpp/cmake)
[1.324s] -- Using all available rosidl_typesupport_c: rosidl_typesupport_fastrtps_c;rosidl_typesupport_introspection_c
[1.343s] -- Using all available rosidl_typesupport_cpp: rosidl_typesupport_fastrtps_cpp;rosidl_typesupport_introspection_cpp
[1.509s] -- Found rmw_implementation_cmake: 6.1.2 (/opt/ros/humble/share/rmw_implementation_cmake/cmake)
[1.525s] -- Found rmw_fastrtps_cpp: 6.2.7 (/opt/ros/humble/share/rmw_fastrtps_cpp/cmake)
[1.828s] -- Using RMW implementation 'rmw_fastrtps_cpp' as default
[2.112s] -- Found rclcpp_action: 16.0.10 (/opt/ros/humble/share/rclcpp_action/cmake)
[2.206s] -- Found cartesian_control_msgs: 0.0.1 (/home/beniamino/ros2_ws/install/cartesian_control_msgs/share/cartesian_control_msgs/cmake)
[2.588s] -- Found controller_interface: 2.43.0 (/opt/ros/humble/share/controller_interface/cmake)
[2.751s] -- Found generate_parameter_library: 0.3.8 (/opt/ros/humble/share/generate_parameter_library/cmake)
[2.752s] -- Found parameter_traits: 0.3.8 (/opt/ros/humble/share/parameter_traits/cmake)
[2.765s] -- Found kdl_parser: 2.6.4 (/opt/ros/humble/share/kdl_parser/cmake)
[2.782s] -- Found eigen3_cmake_module: 0.1.1 (/opt/ros/humble/share/eigen3_cmake_module/cmake)
[2.784s] -- Ensuring Eigen3 include directory is part of orocos-kdl CMake target
[2.788s] -- Found urdf: 2.6.1 (/opt/ros/humble/share/urdf/cmake)
[2.814s] -- Found inverse_dynamics_solver: 0.0.0 (/home/beniamino/ros2_ws/install/inverse_dynamics_solver/share/inverse_dynamics_solver/cmake)
[2.857s] -- Found kdl_inverse_dynamics_solver: 0.0.0 (/home/beniamino/ros2_ws/install/kdl_inverse_dynamics_solver/share/kdl_inverse_dynamics_solver/cmake)
[2.861s] -- Found moveit_core: 2.5.5 (/opt/ros/humble/share/moveit_core/cmake)
[3.060s] -- Found Boost: /usr/lib/x86_64-linux-gnu/cmake/Boost-1.74.0/BoostConfig.cmake (found version "1.74.0") found components: chrono date_time filesystem iostreams program_options regex serialization system thread 
[3.119s] -- Found Boost: /usr/lib/x86_64-linux-gnu/cmake/Boost-1.74.0/BoostConfig.cmake (found version "1.74.0") found components: filesystem 
[3.237s] -- library: /usr/lib/x86_64-linux-gnu/libcurl.so
[3.491s] -- Found moveit_ros_planning: 2.5.5 (/opt/ros/humble/share/moveit_ros_planning/cmake)
[3.496s] -- Found Boost: /usr/lib/x86_64-linux-gnu/cmake/Boost-1.74.0/BoostConfig.cmake (found version "1.74.0") found components: system filesystem date_time program_options thread chrono 
[3.537s] -- Found moveit_ros_planning_interface: 2.5.5 (/opt/ros/humble/share/moveit_ros_planning_interface/cmake)
[3.542s] -- Found Boost: /usr/lib/x86_64-linux-gnu/cmake/Boost-1.74.0/BoostConfig.cmake (found version "1.74.0") found components: date_time filesystem program_options system thread 
[3.564s] -- Found Boost: /usr/lib/x86_64-linux-gnu/cmake/Boost-1.74.0/BoostConfig.cmake (found version "1.74.0") found components: thread system filesystem regex date_time program_options 
[3.594s] -- Found Boost: /usr/lib/x86_64-linux-gnu/cmake/Boost-1.74.0/BoostConfig.cmake (found version "1.74.0") found components: system filesystem date_time program_options thread 
[3.652s] -- Found moveit_kinematics: 2.5.5 (/opt/ros/humble/share/moveit_kinematics/cmake)
[3.657s] -- Found Boost: /usr/lib/x86_64-linux-gnu/cmake/Boost-1.74.0/BoostConfig.cmake (found version "1.74.0") found components: program_options system 
[3.666s] -- Found tf2_kdl: 0.25.7 (/opt/ros/humble/share/tf2_kdl/cmake)
[3.672s] -- Found realtime_tools: 2.6.0 (/opt/ros/humble/share/realtime_tools/cmake)
[3.693s] -- Found control_toolbox: 3.2.0 (/opt/ros/humble/share/control_toolbox/cmake)
[3.910s] -- Configuring done
[4.269s] -- Generating done
[4.277s] -- Build files have been written to: /home/beniamino/ros2_ws/build/panda_impedance_controller
[4.318s] [ 16%] Built target panda_impedance_controller_parameters
[4.348s] [35m[1mConsolidate compiler generated dependencies of target calculate_pose[0m
[4.349s] [35m[1mConsolidate compiler generated dependencies of target panda_impedance_controller[0m
[4.369s] [ 50%] Built target calculate_pose
[4.405s] [ 66%] [32mBuilding CXX object CMakeFiles/panda_impedance_controller.dir/src/impedance_controller.cpp.o[0m
[20.312s] [ 83%] [32m[1mLinking CXX shared library libpanda_impedance_controller.so[0m
[21.613s] [100%] Built target panda_impedance_controller
[21.624s] Invoked command in '/home/beniamino/ros2_ws/build/panda_impedance_controller' returned '0': CMAKE_PREFIX_PATH=/home/beniamino/ros2_ws/install/kdl_inverse_dynamics_solver:/home/beniamino/ros2_ws/install/ros_extensions_utilities:/home/beniamino/ros2_ws/install/inverse_dynamics_solver:/home/beniamino/ros2_ws/install/cartesian_control_msgs:/home/beniamino/ros2_ws/install/panda_moveit_planning_demo:/home/beniamino/ros2_ws/install/panda_impedance_controller:/home/beniamino/ros2_ws/install/acg_resources_panda_moveit_config:/home/beniamino/ros2_ws/install/acg_resources_panda_description:/home/beniamino/ros2_ws/install/acg_resources_panda_trajectory_generation:/home/beniamino/ros2_ws/install/acg_resources_panda_trajectory_analyzer:/opt/ros/humble LD_LIBRARY_PATH=/home/beniamino/ros2_ws/install/kdl_inverse_dynamics_solver/lib:/home/beniamino/ros2_ws/install/cartesian_control_msgs/lib:/home/beniamino/ros2_ws/install/panda_impedance_controller/lib:/opt/ros/humble/opt/rviz_ogre_vendor/lib:/opt/ros/humble/lib/x86_64-linux-gnu:/opt/ros/humble/lib /usr/bin/cmake --build /home/beniamino/ros2_ws/build/panda_impedance_controller -- -j12 -l12
[21.654s] Invoking command in '/home/beniamino/ros2_ws/build/panda_impedance_controller': CMAKE_PREFIX_PATH=/home/beniamino/ros2_ws/install/kdl_inverse_dynamics_solver:/home/beniamino/ros2_ws/install/ros_extensions_utilities:/home/beniamino/ros2_ws/install/inverse_dynamics_solver:/home/beniamino/ros2_ws/install/cartesian_control_msgs:/home/beniamino/ros2_ws/install/panda_moveit_planning_demo:/home/beniamino/ros2_ws/install/panda_impedance_controller:/home/beniamino/ros2_ws/install/acg_resources_panda_moveit_config:/home/beniamino/ros2_ws/install/acg_resources_panda_description:/home/beniamino/ros2_ws/install/acg_resources_panda_trajectory_generation:/home/beniamino/ros2_ws/install/acg_resources_panda_trajectory_analyzer:/opt/ros/humble LD_LIBRARY_PATH=/home/beniamino/ros2_ws/install/kdl_inverse_dynamics_solver/lib:/home/beniamino/ros2_ws/install/cartesian_control_msgs/lib:/home/beniamino/ros2_ws/install/panda_impedance_controller/lib:/opt/ros/humble/opt/rviz_ogre_vendor/lib:/opt/ros/humble/lib/x86_64-linux-gnu:/opt/ros/humble/lib /usr/bin/cmake --install /home/beniamino/ros2_ws/build/panda_impedance_controller
[21.661s] -- Install configuration: ""
[21.661s] -- Up-to-date: /home/beniamino/ros2_ws/install/panda_impedance_controller/include/panda_impedance_controller_parameters
[21.661s] -- Up-to-date: /home/beniamino/ros2_ws/install/panda_impedance_controller/include/panda_impedance_controller_parameters/panda_impedance_controller_parameters.hpp
[21.661s] -- Up-to-date: /home/beniamino/ros2_ws/install/panda_impedance_controller/share/panda_impedance_controller/panda_impedance_controller.xml
[21.661s] -- Installing: /home/beniamino/ros2_ws/install/panda_impedance_controller/lib/libpanda_impedance_controller.so
[21.678s] -- Set runtime path of "/home/beniamino/ros2_ws/install/panda_impedance_controller/lib/libpanda_impedance_controller.so" to ""
[21.679s] -- Up-to-date: /home/beniamino/ros2_ws/install/panda_impedance_controller/lib/panda_impedance_controller/calculate_pose
[21.679s] -- Up-to-date: /home/beniamino/ros2_ws/install/panda_impedance_controller/include/
[21.679s] -- Up-to-date: /home/beniamino/ros2_ws/install/panda_impedance_controller/include//panda_impedance_controller
[21.679s] -- Installing: /home/beniamino/ros2_ws/install/panda_impedance_controller/include//panda_impedance_controller/impedance_controller.hpp
[21.679s] -- Up-to-date: /home/beniamino/ros2_ws/install/panda_impedance_controller/share/panda_impedance_controller/panda_impedance_controller.xml
[21.679s] -- Up-to-date: /home/beniamino/ros2_ws/install/panda_impedance_controller/share/panda_impedance_controller/environment/library_path.sh
[21.679s] -- Installing: /home/beniamino/ros2_ws/install/panda_impedance_controller/share/panda_impedance_controller/environment/library_path.dsv
[21.680s] -- Up-to-date: /home/beniamino/ros2_ws/install/panda_impedance_controller/share/ament_index/resource_index/package_run_dependencies/panda_impedance_controller
[21.680s] -- Up-to-date: /home/beniamino/ros2_ws/install/panda_impedance_controller/share/ament_index/resource_index/parent_prefix_path/panda_impedance_controller
[21.680s] -- Up-to-date: /home/beniamino/ros2_ws/install/panda_impedance_controller/share/panda_impedance_controller/environment/ament_prefix_path.sh
[21.680s] -- Installing: /home/beniamino/ros2_ws/install/panda_impedance_controller/share/panda_impedance_controller/environment/ament_prefix_path.dsv
[21.680s] -- Up-to-date: /home/beniamino/ros2_ws/install/panda_impedance_controller/share/panda_impedance_controller/environment/path.sh
[21.680s] -- Installing: /home/beniamino/ros2_ws/install/panda_impedance_controller/share/panda_impedance_controller/environment/path.dsv
[21.680s] -- Up-to-date: /home/beniamino/ros2_ws/install/panda_impedance_controller/share/panda_impedance_controller/local_setup.bash
[21.680s] -- Up-to-date: /home/beniamino/ros2_ws/install/panda_impedance_controller/share/panda_impedance_controller/local_setup.sh
[21.680s] -- Up-to-date: /home/beniamino/ros2_ws/install/panda_impedance_controller/share/panda_impedance_controller/local_setup.zsh
[21.680s] -- Installing: /home/beniamino/ros2_ws/install/panda_impedance_controller/share/panda_impedance_controller/local_setup.dsv
[21.681s] -- Installing: /home/beniamino/ros2_ws/install/panda_impedance_controller/share/panda_impedance_controller/package.dsv
[21.681s] -- Up-to-date: /home/beniamino/ros2_ws/install/panda_impedance_controller/share/ament_index/resource_index/packages/panda_impedance_controller
[21.681s] -- Up-to-date: /home/beniamino/ros2_ws/install/panda_impedance_controller/share/ament_index/resource_index/controller_interface__pluginlib__plugin/panda_impedance_controller
[21.681s] -- Installing: /home/beniamino/ros2_ws/install/panda_impedance_controller/share/panda_impedance_controller/cmake/ament_cmake_export_dependencies-extras.cmake
[21.681s] -- Up-to-date: /home/beniamino/ros2_ws/install/panda_impedance_controller/share/panda_impedance_controller/cmake/ament_cmake_export_include_directories-extras.cmake
[21.681s] -- Up-to-date: /home/beniamino/ros2_ws/install/panda_impedance_controller/share/panda_impedance_controller/cmake/ament_cmake_export_libraries-extras.cmake
[21.681s] -- Up-to-date: /home/beniamino/ros2_ws/install/panda_impedance_controller/share/panda_impedance_controller/cmake/panda_impedance_controllerConfig.cmake
[21.681s] -- Up-to-date: /home/beniamino/ros2_ws/install/panda_impedance_controller/share/panda_impedance_controller/cmake/panda_impedance_controllerConfig-version.cmake
[21.681s] -- Up-to-date: /home/beniamino/ros2_ws/install/panda_impedance_controller/share/panda_impedance_controller/package.xml
[21.683s] Invoked command in '/home/beniamino/ros2_ws/build/panda_impedance_controller' returned '0': CMAKE_PREFIX_PATH=/home/beniamino/ros2_ws/install/kdl_inverse_dynamics_solver:/home/beniamino/ros2_ws/install/ros_extensions_utilities:/home/beniamino/ros2_ws/install/inverse_dynamics_solver:/home/beniamino/ros2_ws/install/cartesian_control_msgs:/home/beniamino/ros2_ws/install/panda_moveit_planning_demo:/home/beniamino/ros2_ws/install/panda_impedance_controller:/home/beniamino/ros2_ws/install/acg_resources_panda_moveit_config:/home/beniamino/ros2_ws/install/acg_resources_panda_description:/home/beniamino/ros2_ws/install/acg_resources_panda_trajectory_generation:/home/beniamino/ros2_ws/install/acg_resources_panda_trajectory_analyzer:/opt/ros/humble LD_LIBRARY_PATH=/home/beniamino/ros2_ws/install/kdl_inverse_dynamics_solver/lib:/home/beniamino/ros2_ws/install/cartesian_control_msgs/lib:/home/beniamino/ros2_ws/install/panda_impedance_controller/lib:/opt/ros/humble/opt/rviz_ogre_vendor/lib:/opt/ros/humble/lib/x86_64-linux-gnu:/opt/ros/humble/lib /usr/bin/cmake --install /home/beniamino/ros2_ws/build/panda_impedance_controller
