[0.048s] Invoking command in '/home/beniamino/ros2_ws/build/inverse_dynamics_solver': CMAKE_PREFIX_PATH=${CMAKE_PREFIX_PATH}:/home/beniamino/ros2_ws/install/acg_resources_panda_trajectory_generation:/home/beniamino/ros2_ws/install/acg_resources_panda_trajectory_analyzer:/opt/ros/humble /usr/bin/cmake --build /home/beniamino/ros2_ws/build/inverse_dynamics_solver -- -j12 -l12
[0.769s] Invoked command in '/home/beniamino/ros2_ws/build/inverse_dynamics_solver' returned '0': CMAKE_PREFIX_PATH=${CMAKE_PREFIX_PATH}:/home/beniamino/ros2_ws/install/acg_resources_panda_trajectory_generation:/home/beniamino/ros2_ws/install/acg_resources_panda_trajectory_analyzer:/opt/ros/humble /usr/bin/cmake --build /home/beniamino/ros2_ws/build/inverse_dynamics_solver -- -j12 -l12
[6.259s] Invoking command in '/home/beniamino/ros2_ws/build/inverse_dynamics_solver': CMAKE_PREFIX_PATH=${CMAKE_PREFIX_PATH}:/home/beniamino/ros2_ws/install/acg_resources_panda_trajectory_generation:/home/beniamino/ros2_ws/install/acg_resources_panda_trajectory_analyzer:/opt/ros/humble /usr/bin/cmake --install /home/beniamino/ros2_ws/build/inverse_dynamics_solver
[6.301s] -- Install configuration: ""
[6.301s] -- Up-to-date: /home/beniamino/ros2_ws/install/inverse_dynamics_solver/include
[6.301s] -- Up-to-date: /home/beniamino/ros2_ws/install/inverse_dynamics_solver/include/inverse_dynamics_solver
[6.301s] -- Up-to-date: /home/beniamino/ros2_ws/install/inverse_dynamics_solver/include/inverse_dynamics_solver/inverse_dynamics_solver.h
[6.302s] -- Up-to-date: /home/beniamino/ros2_ws/install/inverse_dynamics_solver/share/ament_index/resource_index/package_run_dependencies/inverse_dynamics_solver
[6.302s] -- Up-to-date: /home/beniamino/ros2_ws/install/inverse_dynamics_solver/share/ament_index/resource_index/parent_prefix_path/inverse_dynamics_solver
[6.302s] -- Up-to-date: /home/beniamino/ros2_ws/install/inverse_dynamics_solver/share/inverse_dynamics_solver/environment/ament_prefix_path.sh
[6.303s] -- Up-to-date: /home/beniamino/ros2_ws/install/inverse_dynamics_solver/share/inverse_dynamics_solver/environment/ament_prefix_path.dsv
[6.303s] -- Up-to-date: /home/beniamino/ros2_ws/install/inverse_dynamics_solver/share/inverse_dynamics_solver/environment/path.sh
[6.303s] -- Up-to-date: /home/beniamino/ros2_ws/install/inverse_dynamics_solver/share/inverse_dynamics_solver/environment/path.dsv
[6.303s] -- Up-to-date: /home/beniamino/ros2_ws/install/inverse_dynamics_solver/share/inverse_dynamics_solver/local_setup.bash
[6.303s] -- Up-to-date: /home/beniamino/ros2_ws/install/inverse_dynamics_solver/share/inverse_dynamics_solver/local_setup.sh
[6.303s] -- Up-to-date: /home/beniamino/ros2_ws/install/inverse_dynamics_solver/share/inverse_dynamics_solver/local_setup.zsh
[6.303s] -- Up-to-date: /home/beniamino/ros2_ws/install/inverse_dynamics_solver/share/inverse_dynamics_solver/local_setup.dsv
[6.303s] -- Installing: /home/beniamino/ros2_ws/install/inverse_dynamics_solver/share/inverse_dynamics_solver/package.dsv
[6.308s] -- Up-to-date: /home/beniamino/ros2_ws/install/inverse_dynamics_solver/share/ament_index/resource_index/packages/inverse_dynamics_solver
[6.309s] -- Up-to-date: /home/beniamino/ros2_ws/install/inverse_dynamics_solver/share/inverse_dynamics_solver/cmake/ament_cmake_export_include_directories-extras.cmake
[6.309s] -- Up-to-date: /home/beniamino/ros2_ws/install/inverse_dynamics_solver/share/inverse_dynamics_solver/cmake/inverse_dynamics_solverConfig.cmake
[6.309s] -- Up-to-date: /home/beniamino/ros2_ws/install/inverse_dynamics_solver/share/inverse_dynamics_solver/cmake/inverse_dynamics_solverConfig-version.cmake
[6.310s] -- Up-to-date: /home/beniamino/ros2_ws/install/inverse_dynamics_solver/share/inverse_dynamics_solver/package.xml
[6.349s] Invoked command in '/home/beniamino/ros2_ws/build/inverse_dynamics_solver' returned '0': CMAKE_PREFIX_PATH=${CMAKE_PREFIX_PATH}:/home/beniamino/ros2_ws/install/acg_resources_panda_trajectory_generation:/home/beniamino/ros2_ws/install/acg_resources_panda_trajectory_analyzer:/opt/ros/humble /usr/bin/cmake --install /home/beniamino/ros2_ws/build/inverse_dynamics_solver
