-- The C compiler identification is GNU 11.4.0
-- The CXX compiler identification is GNU 11.4.0
-- Detecting C compiler ABI info
-- Detecting C compiler ABI info - done
-- Check for working C compiler: /usr/bin/cc - skipped
-- Detecting C compile features
-- Detecting C compile features - done
-- Detecting CXX compiler ABI info
-- Detecting CXX compiler ABI info - done
-- Check for working CXX compiler: /usr/bin/c++ - skipped
-- Detecting CXX compile features
-- Detecting CXX compile features - done
-- Found ament_cmake: 1.3.10 (/opt/ros/humble/share/ament_cmake/cmake)
-- Found Python3: /usr/bin/python3 (found version "3.10.12") found components: Interpreter 
-- Found ament_cmake_ros: 0.10.0 (/opt/ros/humble/share/ament_cmake_ros/cmake)
-- Found pluginlib: 5.1.0 (/opt/ros/humble/share/pluginlib/cmake)
-- Found moveit_core: 2.5.5 (/opt/ros/humble/share/moveit_core/cmake)
-- Found Boost: /usr/lib/x86_64-linux-gnu/cmake/Boost-1.74.0/BoostConfig.cmake (found version "1.74.0") found components: chrono date_time filesystem iostreams program_options regex serialization system thread 
-- Found parameter_traits: 0.3.8 (/opt/ros/humble/share/parameter_traits/cmake)
-- Found rosidl_generator_c: 3.1.5 (/opt/ros/humble/share/rosidl_generator_c/cmake)
-- Found rosidl_adapter: 3.1.5 (/opt/ros/humble/share/rosidl_adapter/cmake)
-- Found rosidl_generator_cpp: 3.1.5 (/opt/ros/humble/share/rosidl_generator_cpp/cmake)
-- Using all available rosidl_typesupport_c: rosidl_typesupport_fastrtps_c;rosidl_typesupport_introspection_c
-- Using all available rosidl_typesupport_cpp: rosidl_typesupport_fastrtps_cpp;rosidl_typesupport_introspection_cpp
-- Found rmw_implementation_cmake: 6.1.2 (/opt/ros/humble/share/rmw_implementation_cmake/cmake)
-- Found rmw_fastrtps_cpp: 6.2.7 (/opt/ros/humble/share/rmw_fastrtps_cpp/cmake)
-- Found TinyXML2 via Config file: TinyXML2_DIR-NOTFOUND
-- Found OpenSSL: /usr/lib/x86_64-linux-gnu/libcrypto.so (found version "3.0.2")  
-- Found TinyXML2 via Config file: TinyXML2_DIR-NOTFOUND
-- Found FastRTPS: /opt/ros/humble/include  
-- Found TinyXML2 via Config file: TinyXML2_DIR-NOTFOUND
-- Found TinyXML2 via Config file: TinyXML2_DIR-NOTFOUND
-- Using RMW implementation 'rmw_fastrtps_cpp' as default
-- Found Threads: TRUE  
-- Found rclcpp_lifecycle: 16.0.10 (/opt/ros/humble/share/rclcpp_lifecycle/cmake)
-- Found Boost: /usr/lib/x86_64-linux-gnu/cmake/Boost-1.74.0/BoostConfig.cmake (found version "1.74.0") found components: filesystem 
-- library: /usr/lib/x86_64-linux-gnu/libcurl.so
-- Found Eigen3: TRUE (found version "3.4.0") 
-- Ensuring Eigen3 include directory is part of orocos-kdl CMake target
-- Found moveit_ros_planning_interface: 2.5.5 (/opt/ros/humble/share/moveit_ros_planning_interface/cmake)
-- Found Boost: /usr/lib/x86_64-linux-gnu/cmake/Boost-1.74.0/BoostConfig.cmake (found version "1.74.0") found components: date_time filesystem program_options system thread 
-- Found Boost: /usr/lib/x86_64-linux-gnu/cmake/Boost-1.74.0/BoostConfig.cmake (found version "1.74.0") found components: system filesystem date_time program_options thread chrono 
-- Found Boost: /usr/lib/x86_64-linux-gnu/cmake/Boost-1.74.0/BoostConfig.cmake (found version "1.74.0") found components: thread system filesystem regex date_time program_options 
-- Found Boost: /usr/lib/x86_64-linux-gnu/cmake/Boost-1.74.0/BoostConfig.cmake (found version "1.74.0") found components: system filesystem date_time program_options thread 
-- Found inverse_dynamics_solver: 0.0.0 (/home/beniamino/ros2_ws/install/inverse_dynamics_solver/share/inverse_dynamics_solver/cmake)
-- Found launch_testing_ament_cmake: 1.0.6 (/opt/ros/humble/share/launch_testing_ament_cmake/cmake)
-- Found python_cmake_module: 0.10.0 (/opt/ros/humble/share/python_cmake_module/cmake)
-- Found PythonInterp: /usr/bin/python3 (found suitable version "3.10.12", minimum required is "3.6") 
-- Found PythonLibs: /usr/lib/x86_64-linux-gnu/libpython3.10.so (found suitable version "3.10.12", minimum required is "3.5") 
-- Using PYTHON_EXECUTABLE: /usr/bin/python3
-- Using PYTHON_INCLUDE_DIRS: /usr/include/python3.10
-- Using PYTHON_LIBRARIES: /usr/lib/x86_64-linux-gnu/libpython3.10.so
-- Found PythonExtra: .so  
-- Found ros_testing: 0.4.0 (/opt/ros/humble/share/ros_testing/cmake)
-- Found ros_extensions_utilities: 0.0.0 (/home/beniamino/ros2_ws/install/ros_extensions_utilities/share/ros_extensions_utilities/cmake)
-- Found gtest sources under '/opt/ros/humble/src/gtest_vendor': C++ tests using 'Google Test' will be built
-- Configuring done
-- Generating done
-- Build files have been written to: /home/beniamino/ros2_ws/build/kdl_inverse_dynamics_solver
[ 12%] [32mBuilding CXX object CMakeFiles/kdl_inverse_dynamics_solver.dir/src/kdl_inverse_dynamics_solver.cpp.o[0m
[ 25%] [32mBuilding CXX object gtest/CMakeFiles/gtest_main.dir/src/gtest_main.cc.o[0m
[ 37%] [32mBuilding CXX object gtest/CMakeFiles/gtest.dir/src/gtest-all.cc.o[0m
[ 50%] [32m[1mLinking CXX static library libgtest_main.a[0m
[ 50%] Built target gtest_main
[ 62%] [32m[1mLinking CXX static library libgtest.a[0m
[ 62%] Built target gtest
[ 75%] [32mBuilding CXX object CMakeFiles/kdl_inverse_dynamics_solver_test.dir/test/test_kdl_inverse_dynamics_solver.cpp.o[0m
[ 87%] [32m[1mLinking CXX shared library libkdl_inverse_dynamics_solver.so[0m
[ 87%] Built target kdl_inverse_dynamics_solver
[100%] [32m[1mLinking CXX executable kdl_inverse_dynamics_solver_test[0m
[100%] Built target kdl_inverse_dynamics_solver_test
-- Install configuration: ""
-- Installing: /home/beniamino/ros2_ws/install/kdl_inverse_dynamics_solver/share/kdl_inverse_dynamics_solver/kdl_inverse_dynamics_solver.xml
-- Installing: /home/beniamino/ros2_ws/install/kdl_inverse_dynamics_solver/include
-- Installing: /home/beniamino/ros2_ws/install/kdl_inverse_dynamics_solver/include/kdl_inverse_dynamics_solver
-- Installing: /home/beniamino/ros2_ws/install/kdl_inverse_dynamics_solver/include/kdl_inverse_dynamics_solver/kdl_inverse_dynamics_solver.h
-- Installing: /home/beniamino/ros2_ws/install/kdl_inverse_dynamics_solver/include/kdl_inverse_dynamics_solver/exceptions.h
-- Installing: /home/beniamino/ros2_ws/install/kdl_inverse_dynamics_solver/lib/libkdl_inverse_dynamics_solver.so
-- Set runtime path of "/home/beniamino/ros2_ws/install/kdl_inverse_dynamics_solver/lib/libkdl_inverse_dynamics_solver.so" to ""
-- Installing: /home/beniamino/ros2_ws/install/kdl_inverse_dynamics_solver/share/kdl_inverse_dynamics_solver/launch
-- Installing: /home/beniamino/ros2_ws/install/kdl_inverse_dynamics_solver/share/kdl_inverse_dynamics_solver/launch/test_kdl_inverse_dynamics_solver.py
-- Installing: /home/beniamino/ros2_ws/install/kdl_inverse_dynamics_solver/lib/kdl_inverse_dynamics_solver/kdl_inverse_dynamics_solver_test
-- Set runtime path of "/home/beniamino/ros2_ws/install/kdl_inverse_dynamics_solver/lib/kdl_inverse_dynamics_solver/kdl_inverse_dynamics_solver_test" to ""
-- Installing: /home/beniamino/ros2_ws/install/kdl_inverse_dynamics_solver/share/kdl_inverse_dynamics_solver/environment/library_path.sh
-- Installing: /home/beniamino/ros2_ws/install/kdl_inverse_dynamics_solver/share/kdl_inverse_dynamics_solver/environment/library_path.dsv
-- Up-to-date: /home/beniamino/ros2_ws/install/kdl_inverse_dynamics_solver/share/kdl_inverse_dynamics_solver//launch
-- Up-to-date: /home/beniamino/ros2_ws/install/kdl_inverse_dynamics_solver/share/kdl_inverse_dynamics_solver//launch/test_kdl_inverse_dynamics_solver.py
-- Installing: /home/beniamino/ros2_ws/install/kdl_inverse_dynamics_solver/share/ament_index/resource_index/package_run_dependencies/kdl_inverse_dynamics_solver
-- Installing: /home/beniamino/ros2_ws/install/kdl_inverse_dynamics_solver/share/ament_index/resource_index/parent_prefix_path/kdl_inverse_dynamics_solver
-- Installing: /home/beniamino/ros2_ws/install/kdl_inverse_dynamics_solver/share/kdl_inverse_dynamics_solver/environment/ament_prefix_path.sh
-- Installing: /home/beniamino/ros2_ws/install/kdl_inverse_dynamics_solver/share/kdl_inverse_dynamics_solver/environment/ament_prefix_path.dsv
-- Installing: /home/beniamino/ros2_ws/install/kdl_inverse_dynamics_solver/share/kdl_inverse_dynamics_solver/environment/path.sh
-- Installing: /home/beniamino/ros2_ws/install/kdl_inverse_dynamics_solver/share/kdl_inverse_dynamics_solver/environment/path.dsv
-- Installing: /home/beniamino/ros2_ws/install/kdl_inverse_dynamics_solver/share/kdl_inverse_dynamics_solver/local_setup.bash
-- Installing: /home/beniamino/ros2_ws/install/kdl_inverse_dynamics_solver/share/kdl_inverse_dynamics_solver/local_setup.sh
-- Installing: /home/beniamino/ros2_ws/install/kdl_inverse_dynamics_solver/share/kdl_inverse_dynamics_solver/local_setup.zsh
-- Installing: /home/beniamino/ros2_ws/install/kdl_inverse_dynamics_solver/share/kdl_inverse_dynamics_solver/local_setup.dsv
-- Installing: /home/beniamino/ros2_ws/install/kdl_inverse_dynamics_solver/share/kdl_inverse_dynamics_solver/package.dsv
-- Installing: /home/beniamino/ros2_ws/install/kdl_inverse_dynamics_solver/share/ament_index/resource_index/packages/kdl_inverse_dynamics_solver
-- Installing: /home/beniamino/ros2_ws/install/kdl_inverse_dynamics_solver/share/ament_index/resource_index/inverse_dynamics_solver__pluginlib__plugin/kdl_inverse_dynamics_solver
-- Installing: /home/beniamino/ros2_ws/install/kdl_inverse_dynamics_solver/share/kdl_inverse_dynamics_solver/cmake/export_kdl_inverse_dynamics_solverExport.cmake
-- Installing: /home/beniamino/ros2_ws/install/kdl_inverse_dynamics_solver/share/kdl_inverse_dynamics_solver/cmake/export_kdl_inverse_dynamics_solverExport-noconfig.cmake
-- Installing: /home/beniamino/ros2_ws/install/kdl_inverse_dynamics_solver/share/kdl_inverse_dynamics_solver/cmake/ament_cmake_export_include_directories-extras.cmake
-- Installing: /home/beniamino/ros2_ws/install/kdl_inverse_dynamics_solver/share/kdl_inverse_dynamics_solver/cmake/ament_cmake_export_libraries-extras.cmake
-- Installing: /home/beniamino/ros2_ws/install/kdl_inverse_dynamics_solver/share/kdl_inverse_dynamics_solver/cmake/ament_cmake_export_targets-extras.cmake
-- Installing: /home/beniamino/ros2_ws/install/kdl_inverse_dynamics_solver/share/kdl_inverse_dynamics_solver/cmake/kdl_inverse_dynamics_solverConfig.cmake
-- Installing: /home/beniamino/ros2_ws/install/kdl_inverse_dynamics_solver/share/kdl_inverse_dynamics_solver/cmake/kdl_inverse_dynamics_solverConfig-version.cmake
-- Installing: /home/beniamino/ros2_ws/install/kdl_inverse_dynamics_solver/share/kdl_inverse_dynamics_solver/package.xml
