[0.013s] Invoking command in '/home/beniamino/ros2_ws/build/kdl_inverse_dynamics_solver': CMAKE_PREFIX_PATH=/home/beniamino/ros2_ws/install/ros_extensions_utilities:/home/beniamino/ros2_ws/install/inverse_dynamics_solver:/home/beniamino/ros2_ws/install/panda_moveit_planning_demo:/home/beniamino/ros2_ws/install/panda_impedance_controller:/home/beniamino/ros2_ws/install/kdl_inverse_dynamics_solver:/home/beniamino/ros2_ws/install/cartesian_control_msgs:/home/beniamino/ros2_ws/install/acg_resources_panda_moveit_config:/home/beniamino/ros2_ws/install/acg_resources_panda_description:/home/beniamino/ros2_ws/install/acg_resources_panda_trajectory_generation:/home/beniamino/ros2_ws/install/acg_resources_panda_trajectory_analyzer:/opt/ros/humble /usr/bin/cmake /home/beniamino/ros2_ws/src/panda_impedance_controller/kdl_inverse_dynamics_solver -DCMAKE_INSTALL_PREFIX=/home/beniamino/ros2_ws/install/kdl_inverse_dynamics_solver
[0.082s] -- The C compiler identification is GNU 11.4.0
[0.164s] -- The CXX compiler identification is GNU 11.4.0
[0.176s] -- Detecting C compiler ABI info
[0.263s] -- Detecting C compiler ABI info - done
[0.272s] -- Check for working C compiler: /usr/bin/cc - skipped
[0.272s] -- Detecting C compile features
[0.272s] -- Detecting C compile features - done
[0.276s] -- Detecting CXX compiler ABI info
[0.402s] -- Detecting CXX compiler ABI info - done
[0.412s] -- Check for working CXX compiler: /usr/bin/c++ - skipped
[0.412s] -- Detecting CXX compile features
[0.413s] -- Detecting CXX compile features - done
[0.416s] -- Found ament_cmake: 1.3.10 (/opt/ros/humble/share/ament_cmake/cmake)
[0.820s] -- Found Python3: /usr/bin/python3 (found version "3.10.12") found components: Interpreter 
[0.908s] -- Found ament_cmake_ros: 0.10.0 (/opt/ros/humble/share/ament_cmake_ros/cmake)
[0.917s] -- Found pluginlib: 5.1.0 (/opt/ros/humble/share/pluginlib/cmake)
[0.969s] -- Found moveit_core: 2.5.5 (/opt/ros/humble/share/moveit_core/cmake)
[1.222s] -- Found Boost: /usr/lib/x86_64-linux-gnu/cmake/Boost-1.74.0/BoostConfig.cmake (found version "1.74.0") found components: chrono date_time filesystem iostreams program_options regex serialization system thread 
[1.239s] -- Found parameter_traits: 0.3.8 (/opt/ros/humble/share/parameter_traits/cmake)
[1.274s] -- Found rosidl_generator_c: 3.1.5 (/opt/ros/humble/share/rosidl_generator_c/cmake)
[1.280s] -- Found rosidl_adapter: 3.1.5 (/opt/ros/humble/share/rosidl_adapter/cmake)
[1.290s] -- Found rosidl_generator_cpp: 3.1.5 (/opt/ros/humble/share/rosidl_generator_cpp/cmake)
[1.315s] -- Using all available rosidl_typesupport_c: rosidl_typesupport_fastrtps_c;rosidl_typesupport_introspection_c
[1.349s] -- Using all available rosidl_typesupport_cpp: rosidl_typesupport_fastrtps_cpp;rosidl_typesupport_introspection_cpp
[1.495s] -- Found rmw_implementation_cmake: 6.1.2 (/opt/ros/humble/share/rmw_implementation_cmake/cmake)
[1.505s] -- Found rmw_fastrtps_cpp: 6.2.7 (/opt/ros/humble/share/rmw_fastrtps_cpp/cmake)
[1.570s] -- Found TinyXML2 via Config file: TinyXML2_DIR-NOTFOUND
[1.663s] -- Found OpenSSL: /usr/lib/x86_64-linux-gnu/libcrypto.so (found version "3.0.2")  
[1.669s] -- Found TinyXML2 via Config file: TinyXML2_DIR-NOTFOUND
[1.703s] -- Found FastRTPS: /opt/ros/humble/include  
[1.710s] -- Found TinyXML2 via Config file: TinyXML2_DIR-NOTFOUND
[1.723s] -- Found TinyXML2 via Config file: TinyXML2_DIR-NOTFOUND
[1.739s] -- Using RMW implementation 'rmw_fastrtps_cpp' as default
[1.751s] -- Found Threads: TRUE  
[1.959s] -- Found rclcpp_lifecycle: 16.0.10 (/opt/ros/humble/share/rclcpp_lifecycle/cmake)
[2.032s] -- Found Boost: /usr/lib/x86_64-linux-gnu/cmake/Boost-1.74.0/BoostConfig.cmake (found version "1.74.0") found components: filesystem 
[2.202s] -- library: /usr/lib/x86_64-linux-gnu/libcurl.so
[2.297s] -- Found Eigen3: TRUE (found version "3.4.0") 
[2.298s] -- Ensuring Eigen3 include directory is part of orocos-kdl CMake target
[2.640s] -- Found moveit_ros_planning_interface: 2.5.5 (/opt/ros/humble/share/moveit_ros_planning_interface/cmake)
[2.646s] -- Found Boost: /usr/lib/x86_64-linux-gnu/cmake/Boost-1.74.0/BoostConfig.cmake (found version "1.74.0") found components: date_time filesystem program_options system thread 
[2.681s] -- Found Boost: /usr/lib/x86_64-linux-gnu/cmake/Boost-1.74.0/BoostConfig.cmake (found version "1.74.0") found components: system filesystem date_time program_options thread chrono 
[2.818s] -- Found Boost: /usr/lib/x86_64-linux-gnu/cmake/Boost-1.74.0/BoostConfig.cmake (found version "1.74.0") found components: thread system filesystem regex date_time program_options 
[2.902s] -- Found Boost: /usr/lib/x86_64-linux-gnu/cmake/Boost-1.74.0/BoostConfig.cmake (found version "1.74.0") found components: system filesystem date_time program_options thread 
[2.954s] -- Found inverse_dynamics_solver: 0.0.0 (/home/beniamino/ros2_ws/install/inverse_dynamics_solver/share/inverse_dynamics_solver/cmake)
[2.958s] -- Found launch_testing_ament_cmake: 1.0.6 (/opt/ros/humble/share/launch_testing_ament_cmake/cmake)
[2.961s] -- Found python_cmake_module: 0.10.0 (/opt/ros/humble/share/python_cmake_module/cmake)
[2.989s] -- Found PythonInterp: /usr/bin/python3 (found suitable version "3.10.12", minimum required is "3.6") 
[2.996s] -- Found PythonLibs: /usr/lib/x86_64-linux-gnu/libpython3.10.so (found suitable version "3.10.12", minimum required is "3.5") 
[2.996s] -- Using PYTHON_EXECUTABLE: /usr/bin/python3
[2.996s] -- Using PYTHON_INCLUDE_DIRS: /usr/include/python3.10
[2.996s] -- Using PYTHON_LIBRARIES: /usr/lib/x86_64-linux-gnu/libpython3.10.so
[3.025s] -- Found PythonExtra: .so  
[3.040s] -- Found ros_testing: 0.4.0 (/opt/ros/humble/share/ros_testing/cmake)
[3.042s] -- Found ros_extensions_utilities: 0.0.0 (/home/beniamino/ros2_ws/install/ros_extensions_utilities/share/ros_extensions_utilities/cmake)
[3.058s] -- Found gtest sources under '/opt/ros/humble/src/gtest_vendor': C++ tests using 'Google Test' will be built
[3.167s] -- Configuring done
[3.577s] -- Generating done
[3.587s] -- Build files have been written to: /home/beniamino/ros2_ws/build/kdl_inverse_dynamics_solver
[3.653s] Invoked command in '/home/beniamino/ros2_ws/build/kdl_inverse_dynamics_solver' returned '0': CMAKE_PREFIX_PATH=/home/beniamino/ros2_ws/install/ros_extensions_utilities:/home/beniamino/ros2_ws/install/inverse_dynamics_solver:/home/beniamino/ros2_ws/install/panda_moveit_planning_demo:/home/beniamino/ros2_ws/install/panda_impedance_controller:/home/beniamino/ros2_ws/install/kdl_inverse_dynamics_solver:/home/beniamino/ros2_ws/install/cartesian_control_msgs:/home/beniamino/ros2_ws/install/acg_resources_panda_moveit_config:/home/beniamino/ros2_ws/install/acg_resources_panda_description:/home/beniamino/ros2_ws/install/acg_resources_panda_trajectory_generation:/home/beniamino/ros2_ws/install/acg_resources_panda_trajectory_analyzer:/opt/ros/humble /usr/bin/cmake /home/beniamino/ros2_ws/src/panda_impedance_controller/kdl_inverse_dynamics_solver -DCMAKE_INSTALL_PREFIX=/home/beniamino/ros2_ws/install/kdl_inverse_dynamics_solver
[3.657s] Invoking command in '/home/beniamino/ros2_ws/build/kdl_inverse_dynamics_solver': CMAKE_PREFIX_PATH=/home/beniamino/ros2_ws/install/ros_extensions_utilities:/home/beniamino/ros2_ws/install/inverse_dynamics_solver:/home/beniamino/ros2_ws/install/panda_moveit_planning_demo:/home/beniamino/ros2_ws/install/panda_impedance_controller:/home/beniamino/ros2_ws/install/kdl_inverse_dynamics_solver:/home/beniamino/ros2_ws/install/cartesian_control_msgs:/home/beniamino/ros2_ws/install/acg_resources_panda_moveit_config:/home/beniamino/ros2_ws/install/acg_resources_panda_description:/home/beniamino/ros2_ws/install/acg_resources_panda_trajectory_generation:/home/beniamino/ros2_ws/install/acg_resources_panda_trajectory_analyzer:/opt/ros/humble /usr/bin/cmake --build /home/beniamino/ros2_ws/build/kdl_inverse_dynamics_solver -- -j12 -l12
[3.780s] [ 12%] [32mBuilding CXX object CMakeFiles/kdl_inverse_dynamics_solver.dir/src/kdl_inverse_dynamics_solver.cpp.o[0m
[3.785s] [ 25%] [32mBuilding CXX object gtest/CMakeFiles/gtest_main.dir/src/gtest_main.cc.o[0m
[3.794s] [ 37%] [32mBuilding CXX object gtest/CMakeFiles/gtest.dir/src/gtest-all.cc.o[0m
[4.837s] [ 50%] [32m[1mLinking CXX static library libgtest_main.a[0m
[5.899s] [ 50%] Built target gtest_main
[7.246s] [ 62%] [32m[1mLinking CXX static library libgtest.a[0m
[7.332s] [ 62%] Built target gtest
[7.364s] [ 75%] [32mBuilding CXX object CMakeFiles/kdl_inverse_dynamics_solver_test.dir/test/test_kdl_inverse_dynamics_solver.cpp.o[0m
[12.010s] [ 87%] [32m[1mLinking CXX shared library libkdl_inverse_dynamics_solver.so[0m
[13.259s] [ 87%] Built target kdl_inverse_dynamics_solver
[22.905s] [100%] [32m[1mLinking CXX executable kdl_inverse_dynamics_solver_test[0m
[24.399s] [100%] Built target kdl_inverse_dynamics_solver_test
[24.412s] Invoked command in '/home/beniamino/ros2_ws/build/kdl_inverse_dynamics_solver' returned '0': CMAKE_PREFIX_PATH=/home/beniamino/ros2_ws/install/ros_extensions_utilities:/home/beniamino/ros2_ws/install/inverse_dynamics_solver:/home/beniamino/ros2_ws/install/panda_moveit_planning_demo:/home/beniamino/ros2_ws/install/panda_impedance_controller:/home/beniamino/ros2_ws/install/kdl_inverse_dynamics_solver:/home/beniamino/ros2_ws/install/cartesian_control_msgs:/home/beniamino/ros2_ws/install/acg_resources_panda_moveit_config:/home/beniamino/ros2_ws/install/acg_resources_panda_description:/home/beniamino/ros2_ws/install/acg_resources_panda_trajectory_generation:/home/beniamino/ros2_ws/install/acg_resources_panda_trajectory_analyzer:/opt/ros/humble /usr/bin/cmake --build /home/beniamino/ros2_ws/build/kdl_inverse_dynamics_solver -- -j12 -l12
[24.452s] Invoking command in '/home/beniamino/ros2_ws/build/kdl_inverse_dynamics_solver': CMAKE_PREFIX_PATH=/home/beniamino/ros2_ws/install/ros_extensions_utilities:/home/beniamino/ros2_ws/install/inverse_dynamics_solver:/home/beniamino/ros2_ws/install/panda_moveit_planning_demo:/home/beniamino/ros2_ws/install/panda_impedance_controller:/home/beniamino/ros2_ws/install/kdl_inverse_dynamics_solver:/home/beniamino/ros2_ws/install/cartesian_control_msgs:/home/beniamino/ros2_ws/install/acg_resources_panda_moveit_config:/home/beniamino/ros2_ws/install/acg_resources_panda_description:/home/beniamino/ros2_ws/install/acg_resources_panda_trajectory_generation:/home/beniamino/ros2_ws/install/acg_resources_panda_trajectory_analyzer:/opt/ros/humble /usr/bin/cmake --install /home/beniamino/ros2_ws/build/kdl_inverse_dynamics_solver
[24.461s] -- Install configuration: ""
[24.461s] -- Installing: /home/beniamino/ros2_ws/install/kdl_inverse_dynamics_solver/share/kdl_inverse_dynamics_solver/kdl_inverse_dynamics_solver.xml
[24.461s] -- Installing: /home/beniamino/ros2_ws/install/kdl_inverse_dynamics_solver/include
[24.461s] -- Installing: /home/beniamino/ros2_ws/install/kdl_inverse_dynamics_solver/include/kdl_inverse_dynamics_solver
[24.462s] -- Installing: /home/beniamino/ros2_ws/install/kdl_inverse_dynamics_solver/include/kdl_inverse_dynamics_solver/kdl_inverse_dynamics_solver.h
[24.462s] -- Installing: /home/beniamino/ros2_ws/install/kdl_inverse_dynamics_solver/include/kdl_inverse_dynamics_solver/exceptions.h
[24.462s] -- Installing: /home/beniamino/ros2_ws/install/kdl_inverse_dynamics_solver/lib/libkdl_inverse_dynamics_solver.so
[24.463s] -- Set runtime path of "/home/beniamino/ros2_ws/install/kdl_inverse_dynamics_solver/lib/libkdl_inverse_dynamics_solver.so" to ""
[24.463s] -- Installing: /home/beniamino/ros2_ws/install/kdl_inverse_dynamics_solver/share/kdl_inverse_dynamics_solver/launch
[24.463s] -- Installing: /home/beniamino/ros2_ws/install/kdl_inverse_dynamics_solver/share/kdl_inverse_dynamics_solver/launch/test_kdl_inverse_dynamics_solver.py
[24.464s] -- Installing: /home/beniamino/ros2_ws/install/kdl_inverse_dynamics_solver/lib/kdl_inverse_dynamics_solver/kdl_inverse_dynamics_solver_test
[24.466s] -- Set runtime path of "/home/beniamino/ros2_ws/install/kdl_inverse_dynamics_solver/lib/kdl_inverse_dynamics_solver/kdl_inverse_dynamics_solver_test" to ""
[24.466s] -- Installing: /home/beniamino/ros2_ws/install/kdl_inverse_dynamics_solver/share/kdl_inverse_dynamics_solver/environment/library_path.sh
[24.467s] -- Installing: /home/beniamino/ros2_ws/install/kdl_inverse_dynamics_solver/share/kdl_inverse_dynamics_solver/environment/library_path.dsv
[24.467s] -- Up-to-date: /home/beniamino/ros2_ws/install/kdl_inverse_dynamics_solver/share/kdl_inverse_dynamics_solver//launch
[24.467s] -- Up-to-date: /home/beniamino/ros2_ws/install/kdl_inverse_dynamics_solver/share/kdl_inverse_dynamics_solver//launch/test_kdl_inverse_dynamics_solver.py
[24.468s] -- Installing: /home/beniamino/ros2_ws/install/kdl_inverse_dynamics_solver/share/ament_index/resource_index/package_run_dependencies/kdl_inverse_dynamics_solver
[24.468s] -- Installing: /home/beniamino/ros2_ws/install/kdl_inverse_dynamics_solver/share/ament_index/resource_index/parent_prefix_path/kdl_inverse_dynamics_solver
[24.468s] -- Installing: /home/beniamino/ros2_ws/install/kdl_inverse_dynamics_solver/share/kdl_inverse_dynamics_solver/environment/ament_prefix_path.sh
[24.468s] -- Installing: /home/beniamino/ros2_ws/install/kdl_inverse_dynamics_solver/share/kdl_inverse_dynamics_solver/environment/ament_prefix_path.dsv
[24.468s] -- Installing: /home/beniamino/ros2_ws/install/kdl_inverse_dynamics_solver/share/kdl_inverse_dynamics_solver/environment/path.sh
[24.468s] -- Installing: /home/beniamino/ros2_ws/install/kdl_inverse_dynamics_solver/share/kdl_inverse_dynamics_solver/environment/path.dsv
[24.469s] -- Installing: /home/beniamino/ros2_ws/install/kdl_inverse_dynamics_solver/share/kdl_inverse_dynamics_solver/local_setup.bash
[24.469s] -- Installing: /home/beniamino/ros2_ws/install/kdl_inverse_dynamics_solver/share/kdl_inverse_dynamics_solver/local_setup.sh
[24.469s] -- Installing: /home/beniamino/ros2_ws/install/kdl_inverse_dynamics_solver/share/kdl_inverse_dynamics_solver/local_setup.zsh
[24.469s] -- Installing: /home/beniamino/ros2_ws/install/kdl_inverse_dynamics_solver/share/kdl_inverse_dynamics_solver/local_setup.dsv
[24.470s] -- Installing: /home/beniamino/ros2_ws/install/kdl_inverse_dynamics_solver/share/kdl_inverse_dynamics_solver/package.dsv
[24.470s] -- Installing: /home/beniamino/ros2_ws/install/kdl_inverse_dynamics_solver/share/ament_index/resource_index/packages/kdl_inverse_dynamics_solver
[24.470s] -- Installing: /home/beniamino/ros2_ws/install/kdl_inverse_dynamics_solver/share/ament_index/resource_index/inverse_dynamics_solver__pluginlib__plugin/kdl_inverse_dynamics_solver
[24.470s] -- Installing: /home/beniamino/ros2_ws/install/kdl_inverse_dynamics_solver/share/kdl_inverse_dynamics_solver/cmake/export_kdl_inverse_dynamics_solverExport.cmake
[24.471s] -- Installing: /home/beniamino/ros2_ws/install/kdl_inverse_dynamics_solver/share/kdl_inverse_dynamics_solver/cmake/export_kdl_inverse_dynamics_solverExport-noconfig.cmake
[24.471s] -- Installing: /home/beniamino/ros2_ws/install/kdl_inverse_dynamics_solver/share/kdl_inverse_dynamics_solver/cmake/ament_cmake_export_include_directories-extras.cmake
[24.471s] -- Installing: /home/beniamino/ros2_ws/install/kdl_inverse_dynamics_solver/share/kdl_inverse_dynamics_solver/cmake/ament_cmake_export_libraries-extras.cmake
[24.471s] -- Installing: /home/beniamino/ros2_ws/install/kdl_inverse_dynamics_solver/share/kdl_inverse_dynamics_solver/cmake/ament_cmake_export_targets-extras.cmake
[24.471s] -- Installing: /home/beniamino/ros2_ws/install/kdl_inverse_dynamics_solver/share/kdl_inverse_dynamics_solver/cmake/kdl_inverse_dynamics_solverConfig.cmake
[24.472s] -- Installing: /home/beniamino/ros2_ws/install/kdl_inverse_dynamics_solver/share/kdl_inverse_dynamics_solver/cmake/kdl_inverse_dynamics_solverConfig-version.cmake
[24.472s] -- Installing: /home/beniamino/ros2_ws/install/kdl_inverse_dynamics_solver/share/kdl_inverse_dynamics_solver/package.xml
[24.475s] Invoked command in '/home/beniamino/ros2_ws/build/kdl_inverse_dynamics_solver' returned '0': CMAKE_PREFIX_PATH=/home/beniamino/ros2_ws/install/ros_extensions_utilities:/home/beniamino/ros2_ws/install/inverse_dynamics_solver:/home/beniamino/ros2_ws/install/panda_moveit_planning_demo:/home/beniamino/ros2_ws/install/panda_impedance_controller:/home/beniamino/ros2_ws/install/kdl_inverse_dynamics_solver:/home/beniamino/ros2_ws/install/cartesian_control_msgs:/home/beniamino/ros2_ws/install/acg_resources_panda_moveit_config:/home/beniamino/ros2_ws/install/acg_resources_panda_description:/home/beniamino/ros2_ws/install/acg_resources_panda_trajectory_generation:/home/beniamino/ros2_ws/install/acg_resources_panda_trajectory_analyzer:/opt/ros/humble /usr/bin/cmake --install /home/beniamino/ros2_ws/build/kdl_inverse_dynamics_solver
