[  7%] Built target task_space_client_utils_parameters
[ 23%] Built target bag_file_utils
[ 38%] Built target moveit_utils
[ 53%] Built target task_space_client_utils
[ 69%] Built target panda_moveit_planning_node
[ 84%] Built target panda_moveit_cartesian_demo
[ 92%] [32mBuilding CXX object CMakeFiles/panda_moveit_cartesian_demo_nobag.dir/src/panda_moveit_cartesian_demo_nobag.cpp.o[0m
[01m[K/home/beniamino/ros2_ws/src/panda_impedance_controller/panda_moveit_planning_demo/src/panda_moveit_cartesian_demo_nobag.cpp:[m[K In function ‘[01m[Kint main(int, char**)[m[K’:
[01m[K/home/beniamino/ros2_ws/src/panda_impedance_controller/panda_moveit_planning_demo/src/panda_moveit_cartesian_demo_nobag.cpp:97:79:[m[K [01;31m[Kerror: [m[K‘[01m[Kbase_frame[m[K’ was not declared in this scope; did you mean ‘[01m[Kbasename[m[K’?
   97 |     moveit_visual_tools::MoveItVisualTools moveit_visual_tools(planning_node, [01;31m[Kbase_frame[m[K, rviz_visual_tools::RVIZ_MARKER_TOPIC, move_group_interface.getRobotModel());
      |                                                                               [01;31m[K^~~~~~~~~~[m[K
      |                                                                               [32m[Kbasename[m[K
[01m[K/home/beniamino/ros2_ws/src/panda_impedance_controller/panda_moveit_planning_demo/src/panda_moveit_cartesian_demo_nobag.cpp:109:78:[m[K [01;31m[Kerror: [m[K‘[01m[Kbase_filename[m[K’ was not declared in this scope; did you mean ‘[01m[Kbasename[m[K’?
  109 |     auto bag_file_handler = std::make_shared<bag_file_utils::BagFileHandler>([01;31m[Kbase_filename[m[K);  // Create a bag file handler for reading/writing bag files
      |                                                                              [01;31m[K^~~~~~~~~~~~~[m[K
      |                                                                              [32m[Kbasename[m[K
[01m[K/home/beniamino/ros2_ws/src/panda_impedance_controller/panda_moveit_planning_demo/src/panda_moveit_cartesian_demo_nobag.cpp:119:48:[m[K [01;31m[Kerror: [m[Kinvalid initialization of non-const reference of type ‘[01m[Kmoveit::planning_interface::MoveGroupInterface&[m[K’ from an rvalue of type ‘[01m[Kmoveit::planning_interface::MoveGroupInterface*[m[K’
  119 |     auto waypoints = generate_60cm_trajectory( [01;31m[K&move_group_interface[m[K);  // Pass the address of move_group_interface
      |                                                [01;31m[K^~~~~~~~~~~~~~~~~~~~~[m[K
[01m[K/home/beniamino/ros2_ws/src/panda_impedance_controller/panda_moveit_planning_demo/src/panda_moveit_cartesian_demo_nobag.cpp:45:112:[m[K [01;36m[Knote: [m[Kin passing argument 1 of ‘[01m[Kstd::vector<geometry_msgs::msg::Pose_<std::allocator<void> > > generate_60cm_trajectory(moveit::planning_interface::MoveGroupInterface&)[m[K’
   45 | std::vector<geometry_msgs::msg::Pose> generate_60cm_trajectory([01;36m[Kmoveit::planning_interface::MoveGroupInterface& move_group_interface[m[K) {
      |                                                                [01;36m[K~~~~~~~~~~~~~~~~~~~~~~~~~~~~~~~~~~~~~~~~~~~~~~~~^~~~~~~~~~~~~~~~~~~~[m[K
gmake[2]: *** [CMakeFiles/panda_moveit_cartesian_demo_nobag.dir/build.make:76: CMakeFiles/panda_moveit_cartesian_demo_nobag.dir/src/panda_moveit_cartesian_demo_nobag.cpp.o] Error 1
gmake[1]: *** [CMakeFiles/Makefile2:314: CMakeFiles/panda_moveit_cartesian_demo_nobag.dir/all] Error 2
gmake: *** [Makefile:146: all] Error 2
