[0.033s] Invoking command in '/home/beniamino/ros2_ws/build/inverse_dynamics_solver': CMAKE_PREFIX_PATH=${CMAKE_PREFIX_PATH}:/home/beniamino/ros2_ws/install/acg_resources_panda_trajectory_generation:/home/beniamino/ros2_ws/install/acg_resources_panda_trajectory_analyzer:/opt/ros/humble /usr/bin/cmake --build /home/beniamino/ros2_ws/build/inverse_dynamics_solver -- -j12 -l12
[1.604s] Invoked command in '/home/beniamino/ros2_ws/build/inverse_dynamics_solver' returned '0': CMAKE_PREFIX_PATH=${CMAKE_PREFIX_PATH}:/home/beniamino/ros2_ws/install/acg_resources_panda_trajectory_generation:/home/beniamino/ros2_ws/install/acg_resources_panda_trajectory_analyzer:/opt/ros/humble /usr/bin/cmake --build /home/beniamino/ros2_ws/build/inverse_dynamics_solver -- -j12 -l12
[2.166s] Invoking command in '/home/beniamino/ros2_ws/build/inverse_dynamics_solver': CMAKE_PREFIX_PATH=${CMAKE_PREFIX_PATH}:/home/beniamino/ros2_ws/install/acg_resources_panda_trajectory_generation:/home/beniamino/ros2_ws/install/acg_resources_panda_trajectory_analyzer:/opt/ros/humble /usr/bin/cmake --install /home/beniamino/ros2_ws/build/inverse_dynamics_solver
[2.180s] -- Install configuration: ""
[2.180s] -- Up-to-date: /home/beniamino/ros2_ws/install/inverse_dynamics_solver/include
[2.181s] -- Up-to-date: /home/beniamino/ros2_ws/install/inverse_dynamics_solver/include/inverse_dynamics_solver
[2.181s] -- Up-to-date: /home/beniamino/ros2_ws/install/inverse_dynamics_solver/include/inverse_dynamics_solver/inverse_dynamics_solver.h
[2.181s] -- Up-to-date: /home/beniamino/ros2_ws/install/inverse_dynamics_solver/share/ament_index/resource_index/package_run_dependencies/inverse_dynamics_solver
[2.181s] -- Up-to-date: /home/beniamino/ros2_ws/install/inverse_dynamics_solver/share/ament_index/resource_index/parent_prefix_path/inverse_dynamics_solver
[2.181s] -- Up-to-date: /home/beniamino/ros2_ws/install/inverse_dynamics_solver/share/inverse_dynamics_solver/environment/ament_prefix_path.sh
[2.185s] -- Up-to-date: /home/beniamino/ros2_ws/install/inverse_dynamics_solver/share/inverse_dynamics_solver/environment/ament_prefix_path.dsv
[2.186s] -- Up-to-date: /home/beniamino/ros2_ws/install/inverse_dynamics_solver/share/inverse_dynamics_solver/environment/path.sh
[2.191s] -- Up-to-date: /home/beniamino/ros2_ws/install/inverse_dynamics_solver/share/inverse_dynamics_solver/environment/path.dsv
[2.191s] -- Up-to-date: /home/beniamino/ros2_ws/install/inverse_dynamics_solver/share/inverse_dynamics_solver/local_setup.bash
[2.192s] -- Up-to-date: /home/beniamino/ros2_ws/install/inverse_dynamics_solver/share/inverse_dynamics_solver/local_setup.sh
[2.192s] -- Up-to-date: /home/beniamino/ros2_ws/install/inverse_dynamics_solver/share/inverse_dynamics_solver/local_setup.zsh
[2.192s] -- Up-to-date: /home/beniamino/ros2_ws/install/inverse_dynamics_solver/share/inverse_dynamics_solver/local_setup.dsv
[2.192s] -- Installing: /home/beniamino/ros2_ws/install/inverse_dynamics_solver/share/inverse_dynamics_solver/package.dsv
[2.192s] -- Up-to-date: /home/beniamino/ros2_ws/install/inverse_dynamics_solver/share/ament_index/resource_index/packages/inverse_dynamics_solver
[2.192s] -- Up-to-date: /home/beniamino/ros2_ws/install/inverse_dynamics_solver/share/inverse_dynamics_solver/cmake/ament_cmake_export_include_directories-extras.cmake
[2.193s] -- Up-to-date: /home/beniamino/ros2_ws/install/inverse_dynamics_solver/share/inverse_dynamics_solver/cmake/inverse_dynamics_solverConfig.cmake
[2.193s] -- Up-to-date: /home/beniamino/ros2_ws/install/inverse_dynamics_solver/share/inverse_dynamics_solver/cmake/inverse_dynamics_solverConfig-version.cmake
[2.193s] -- Up-to-date: /home/beniamino/ros2_ws/install/inverse_dynamics_solver/share/inverse_dynamics_solver/package.xml
[2.193s] Invoked command in '/home/beniamino/ros2_ws/build/inverse_dynamics_solver' returned '0': CMAKE_PREFIX_PATH=${CMAKE_PREFIX_PATH}:/home/beniamino/ros2_ws/install/acg_resources_panda_trajectory_generation:/home/beniamino/ros2_ws/install/acg_resources_panda_trajectory_analyzer:/opt/ros/humble /usr/bin/cmake --install /home/beniamino/ros2_ws/build/inverse_dynamics_solver
