[0.052s] Invoking command in '/home/beniamino/ros2_ws/build/ros_extensions_utilities': CMAKE_PREFIX_PATH=${CMAKE_PREFIX_PATH}:/home/beniamino/ros2_ws/install/acg_resources_panda_trajectory_generation:/home/beniamino/ros2_ws/install/acg_resources_panda_trajectory_analyzer:/opt/ros/humble /usr/bin/cmake --build /home/beniamino/ros2_ws/build/ros_extensions_utilities -- -j12 -l12
[0.761s] Invoked command in '/home/beniamino/ros2_ws/build/ros_extensions_utilities' returned '0': CMAKE_PREFIX_PATH=${CMAKE_PREFIX_PATH}:/home/beniamino/ros2_ws/install/acg_resources_panda_trajectory_generation:/home/beniamino/ros2_ws/install/acg_resources_panda_trajectory_analyzer:/opt/ros/humble /usr/bin/cmake --build /home/beniamino/ros2_ws/build/ros_extensions_utilities -- -j12 -l12
[6.252s] Invoking command in '/home/beniamino/ros2_ws/build/ros_extensions_utilities': CMAKE_PREFIX_PATH=${CMAKE_PREFIX_PATH}:/home/beniamino/ros2_ws/install/acg_resources_panda_trajectory_generation:/home/beniamino/ros2_ws/install/acg_resources_panda_trajectory_analyzer:/opt/ros/humble /usr/bin/cmake --install /home/beniamino/ros2_ws/build/ros_extensions_utilities
[6.295s] -- Install configuration: ""
[6.295s] -- Up-to-date: /home/beniamino/ros2_ws/install/ros_extensions_utilities/include
[6.298s] -- Up-to-date: /home/beniamino/ros2_ws/install/ros_extensions_utilities/include/ros_extensions_utilities
[6.298s] -- Up-to-date: /home/beniamino/ros2_ws/install/ros_extensions_utilities/include/ros_extensions_utilities/exceptions.h
[6.299s] -- Up-to-date: /home/beniamino/ros2_ws/install/ros_extensions_utilities/include/ros_extensions_utilities/ros_extensions_utils.h
[6.299s] -- Up-to-date: /home/beniamino/ros2_ws/install/ros_extensions_utilities/share/ament_index/resource_index/package_run_dependencies/ros_extensions_utilities
[6.300s] -- Up-to-date: /home/beniamino/ros2_ws/install/ros_extensions_utilities/share/ament_index/resource_index/parent_prefix_path/ros_extensions_utilities
[6.300s] -- Up-to-date: /home/beniamino/ros2_ws/install/ros_extensions_utilities/share/ros_extensions_utilities/environment/ament_prefix_path.sh
[6.300s] -- Up-to-date: /home/beniamino/ros2_ws/install/ros_extensions_utilities/share/ros_extensions_utilities/environment/ament_prefix_path.dsv
[6.300s] -- Up-to-date: /home/beniamino/ros2_ws/install/ros_extensions_utilities/share/ros_extensions_utilities/environment/path.sh
[6.300s] -- Up-to-date: /home/beniamino/ros2_ws/install/ros_extensions_utilities/share/ros_extensions_utilities/environment/path.dsv
[6.301s] -- Up-to-date: /home/beniamino/ros2_ws/install/ros_extensions_utilities/share/ros_extensions_utilities/local_setup.bash
[6.301s] -- Up-to-date: /home/beniamino/ros2_ws/install/ros_extensions_utilities/share/ros_extensions_utilities/local_setup.sh
[6.301s] -- Up-to-date: /home/beniamino/ros2_ws/install/ros_extensions_utilities/share/ros_extensions_utilities/local_setup.zsh
[6.301s] -- Up-to-date: /home/beniamino/ros2_ws/install/ros_extensions_utilities/share/ros_extensions_utilities/local_setup.dsv
[6.301s] -- Installing: /home/beniamino/ros2_ws/install/ros_extensions_utilities/share/ros_extensions_utilities/package.dsv
[6.303s] -- Up-to-date: /home/beniamino/ros2_ws/install/ros_extensions_utilities/share/ament_index/resource_index/packages/ros_extensions_utilities
[6.303s] -- Up-to-date: /home/beniamino/ros2_ws/install/ros_extensions_utilities/share/ros_extensions_utilities/cmake/ament_cmake_export_include_directories-extras.cmake
[6.304s] -- Up-to-date: /home/beniamino/ros2_ws/install/ros_extensions_utilities/share/ros_extensions_utilities/cmake/ament_cmake_export_dependencies-extras.cmake
[6.305s] -- Up-to-date: /home/beniamino/ros2_ws/install/ros_extensions_utilities/share/ros_extensions_utilities/cmake/ros_extensions_utilitiesConfig.cmake
[6.305s] -- Up-to-date: /home/beniamino/ros2_ws/install/ros_extensions_utilities/share/ros_extensions_utilities/cmake/ros_extensions_utilitiesConfig-version.cmake
[6.306s] -- Up-to-date: /home/beniamino/ros2_ws/install/ros_extensions_utilities/share/ros_extensions_utilities/package.xml
[6.608s] Invoked command in '/home/beniamino/ros2_ws/build/ros_extensions_utilities' returned '0': CMAKE_PREFIX_PATH=${CMAKE_PREFIX_PATH}:/home/beniamino/ros2_ws/install/acg_resources_panda_trajectory_generation:/home/beniamino/ros2_ws/install/acg_resources_panda_trajectory_analyzer:/opt/ros/humble /usr/bin/cmake --install /home/beniamino/ros2_ws/build/ros_extensions_utilities
