[0.019s] Invoking command in '/home/beniamino/ros2_ws/build/panda_moveit_planning_demo': CMAKE_PREFIX_PATH=/home/beniamino/ros2_ws/install/acg_resources_panda_moveit_config:/home/beniamino/ros2_ws/install/cartesian_control_msgs:/home/beniamino/ros2_ws/install/acg_resources_panda_description:/home/beniamino/ros2_ws/install/ros_extensions_utilities:/home/beniamino/ros2_ws/install/panda_moveit_planning_demo:/home/beniamino/ros2_ws/install/panda_impedance_controller:/home/beniamino/ros2_ws/install/kdl_inverse_dynamics_solver:/home/beniamino/ros2_ws/install/inverse_dynamics_solver:/home/beniamino/ros2_ws/install/acg_resources_panda_trajectory_generation:/home/beniamino/ros2_ws/install/acg_resources_panda_trajectory_analyzer:/opt/ros/humble LD_LIBRARY_PATH=/home/beniamino/ros2_ws/install/cartesian_control_msgs/lib:/home/beniamino/ros2_ws/install/panda_impedance_controller/lib:/home/beniamino/ros2_ws/install/kdl_inverse_dynamics_solver/lib:/opt/ros/humble/opt/rviz_ogre_vendor/lib:/opt/ros/humble/lib/x86_64-linux-gnu:/opt/ros/humble/lib /usr/bin/cmake --build /home/beniamino/ros2_ws/build/panda_moveit_planning_demo -- -j12 -l12
[0.104s] [  9%] Built target task_space_client_utils_parameters
[0.114s] [ 27%] Built target bag_file_utils
[0.131s] [35m[1mConsolidate compiler generated dependencies of target task_space_client_utils[0m
[0.131s] [ 45%] Built target moveit_utils
[0.179s] [ 54%] [32mBuilding CXX object CMakeFiles/task_space_client_utils.dir/src/task_space_client_utils.cpp.o[0m
[18.524s] [ 63%] [32m[1mLinking CXX static library libtask_space_client_utils.a[0m
[18.703s] [ 63%] Built target task_space_client_utils
[18.764s] [ 72%] [32m[1mLinking CXX executable panda_moveit_planning_node[0m
[18.769s] [ 81%] [32mBuilding CXX object CMakeFiles/panda_moveit_cartesian_demo.dir/src/panda_moveit_cartesian_demo.cpp.o[0m
[20.097s] [ 90%] Built target panda_moveit_planning_node
[33.476s] [01m[K/home/beniamino/ros2_ws/src/panda_impedance_controller/panda_moveit_planning_demo/src/panda_moveit_cartesian_demo.cpp:[m[K In function ‘[01m[Kconst std::vector<geometry_msgs::msg::Pose_<std::allocator<void> > > generate_waypoints(std::shared_ptr<geometry_msgs::msg::PoseArray_<std::allocator<void> > >, moveit::planning_interface::MoveGroupInterface*)[m[K’:
[33.476s] [01m[K/home/beniamino/ros2_ws/src/panda_impedance_controller/panda_moveit_planning_demo/src/panda_moveit_cartesian_demo.cpp:90:142:[m[K [01;31m[Kerror: [m[Kconversion from ‘[01m[KEigen::Transform<double, 3, 1>::RotationReturnType[m[K’ {aka ‘[01m[Kconst Eigen::Block<const Eigen::Matrix<double, 4, 4>, 3, 3, false>[m[K’} to non-scalar type ‘[01m[Kconst Quaterniond[m[K’ {aka ‘[01m[Kconst Eigen::Quaternion<double>[m[K’} requested
[33.476s]    90 |     const Eigen::Quaterniond current_orientation = [01;31m[Kcurrent_state->getGlobalLinkTransform(move_group_interface->getEndEffectorLink()).rotation()[m[K;  // Ottieni l'orientamento corrente
[33.476s]       |                                                    [01;31m[K~~~~~~~~~~~~~~~~~~~~~~~~~~~~~~~~~~~~~~~~~~~~~~~~~~~~~~~~~~~~~~~~~~~~~~~~~~~~~~~~~~~~~~~~~~^~[m[K
[33.503s] [01m[K/home/beniamino/ros2_ws/src/panda_impedance_controller/panda_moveit_planning_demo/src/panda_moveit_cartesian_demo.cpp:[m[K In function ‘[01m[Kint main(int, char**)[m[K’:
[33.503s] [01m[K/home/beniamino/ros2_ws/src/panda_impedance_controller/panda_moveit_planning_demo/src/panda_moveit_cartesian_demo.cpp:251:63:[m[K [01;31m[Kerror: [m[Kcannot convert ‘[01m[Kmoveit::planning_interface::MoveGroupInterface[m[K’ to ‘[01m[Kmoveit::planning_interface::MoveGroupInterface*[m[K’
[33.503s]   251 |     auto waypoints = generate_waypoints(cartesian_path_poses, [01;31m[Kmove_group_interface[m[K);  // Generate waypoints for the Cartesian path using the current robot orientation
[33.503s]       |                                                               [01;31m[K^~~~~~~~~~~~~~~~~~~~[m[K
[33.504s]       |                                                               [01;31m[K|[m[K
[33.504s]       |                                                               [01;31m[Kmoveit::planning_interface::MoveGroupInterface[m[K
[33.504s] [01m[K/home/beniamino/ros2_ws/src/panda_impedance_controller/panda_moveit_planning_demo/src/panda_moveit_cartesian_demo.cpp:85:187:[m[K [01;36m[Knote: [m[K  initializing argument 2 of ‘[01m[Kconst std::vector<geometry_msgs::msg::Pose_<std::allocator<void> > > generate_waypoints(std::shared_ptr<geometry_msgs::msg::PoseArray_<std::allocator<void> > >, moveit::planning_interface::MoveGroupInterface*)[m[K’
[33.504s]    85 | const std::vector<geometry_msgs::msg::Pose> generate_waypoints(const std::shared_ptr<geometry_msgs::msg::PoseArray> cartesian_path_poses, [01;36m[Kmoveit::planning_interface::MoveGroupInterface *move_group_interface[m[K) {
[33.504s]       |                                                                                                                                           [01;36m[K~~~~~~~~~~~~~~~~~~~~~~~~~~~~~~~~~~~~~~~~~~~~~~~~^~~~~~~~~~~~~~~~~~~~[m[K
[38.638s] gmake[2]: *** [CMakeFiles/panda_moveit_cartesian_demo.dir/build.make:76: CMakeFiles/panda_moveit_cartesian_demo.dir/src/panda_moveit_cartesian_demo.cpp.o] Error 1
[38.638s] gmake[1]: *** [CMakeFiles/Makefile2:283: CMakeFiles/panda_moveit_cartesian_demo.dir/all] Error 2
[38.639s] gmake: *** [Makefile:146: all] Error 2
[38.642s] Invoked command in '/home/beniamino/ros2_ws/build/panda_moveit_planning_demo' returned '2': CMAKE_PREFIX_PATH=/home/beniamino/ros2_ws/install/acg_resources_panda_moveit_config:/home/beniamino/ros2_ws/install/cartesian_control_msgs:/home/beniamino/ros2_ws/install/acg_resources_panda_description:/home/beniamino/ros2_ws/install/ros_extensions_utilities:/home/beniamino/ros2_ws/install/panda_moveit_planning_demo:/home/beniamino/ros2_ws/install/panda_impedance_controller:/home/beniamino/ros2_ws/install/kdl_inverse_dynamics_solver:/home/beniamino/ros2_ws/install/inverse_dynamics_solver:/home/beniamino/ros2_ws/install/acg_resources_panda_trajectory_generation:/home/beniamino/ros2_ws/install/acg_resources_panda_trajectory_analyzer:/opt/ros/humble LD_LIBRARY_PATH=/home/beniamino/ros2_ws/install/cartesian_control_msgs/lib:/home/beniamino/ros2_ws/install/panda_impedance_controller/lib:/home/beniamino/ros2_ws/install/kdl_inverse_dynamics_solver/lib:/opt/ros/humble/opt/rviz_ogre_vendor/lib:/opt/ros/humble/lib/x86_64-linux-gnu:/opt/ros/humble/lib /usr/bin/cmake --build /home/beniamino/ros2_ws/build/panda_moveit_planning_demo -- -j12 -l12
