-- The C compiler identification is GNU 11.4.0
-- The CXX compiler identification is GNU 11.4.0
-- Detecting C compiler ABI info
-- Detecting C compiler ABI info - done
-- Check for working C compiler: /usr/bin/cc - skipped
-- Detecting C compile features
-- Detecting C compile features - done
-- Detecting CXX compiler ABI info
-- Detecting CXX compiler ABI info - done
-- Check for working CXX compiler: /usr/bin/c++ - skipped
-- Detecting CXX compile features
-- Detecting CXX compile features - done
-- Found ament_cmake: 1.3.10 (/opt/ros/humble/share/ament_cmake/cmake)
-- Found Python3: /usr/bin/python3 (found version "3.10.12") found components: Interpreter 
-- Found pluginlib: 5.1.0 (/opt/ros/humble/share/pluginlib/cmake)
-- Found ament_lint_auto: 0.12.11 (/opt/ros/humble/share/ament_lint_auto/cmake)
-- Added test 'copyright' to check source files copyright and LICENSE
-- Added test 'cppcheck' to perform static code analysis on C / C++ code
-- Configured cppcheck include dirs: 
-- Configured cppcheck exclude dirs and/or files: 
-- Added test 'cpplint' to check C / C++ code against the Google style
-- Configured cpplint exclude dirs and/or files: 
-- Added test 'lint_cmake' to check CMake code style
-- Added test 'uncrustify' to check C / C++ code style
-- Configured uncrustify additional arguments: 
-- Added test 'xmllint' to check XML markup files
-- Configuring done
-- Generating done
-- Build files have been written to: /home/beniamino/ros2_ws/build/inverse_dynamics_solver
-- Install configuration: ""
-- Installing: /home/beniamino/ros2_ws/install/inverse_dynamics_solver/include
-- Installing: /home/beniamino/ros2_ws/install/inverse_dynamics_solver/include/inverse_dynamics_solver
-- Installing: /home/beniamino/ros2_ws/install/inverse_dynamics_solver/include/inverse_dynamics_solver/inverse_dynamics_solver.h
-- Installing: /home/beniamino/ros2_ws/install/inverse_dynamics_solver/share/ament_index/resource_index/package_run_dependencies/inverse_dynamics_solver
-- Installing: /home/beniamino/ros2_ws/install/inverse_dynamics_solver/share/ament_index/resource_index/parent_prefix_path/inverse_dynamics_solver
-- Installing: /home/beniamino/ros2_ws/install/inverse_dynamics_solver/share/inverse_dynamics_solver/environment/ament_prefix_path.sh
-- Installing: /home/beniamino/ros2_ws/install/inverse_dynamics_solver/share/inverse_dynamics_solver/environment/ament_prefix_path.dsv
-- Installing: /home/beniamino/ros2_ws/install/inverse_dynamics_solver/share/inverse_dynamics_solver/environment/path.sh
-- Installing: /home/beniamino/ros2_ws/install/inverse_dynamics_solver/share/inverse_dynamics_solver/environment/path.dsv
-- Installing: /home/beniamino/ros2_ws/install/inverse_dynamics_solver/share/inverse_dynamics_solver/local_setup.bash
-- Installing: /home/beniamino/ros2_ws/install/inverse_dynamics_solver/share/inverse_dynamics_solver/local_setup.sh
-- Installing: /home/beniamino/ros2_ws/install/inverse_dynamics_solver/share/inverse_dynamics_solver/local_setup.zsh
-- Installing: /home/beniamino/ros2_ws/install/inverse_dynamics_solver/share/inverse_dynamics_solver/local_setup.dsv
-- Installing: /home/beniamino/ros2_ws/install/inverse_dynamics_solver/share/inverse_dynamics_solver/package.dsv
-- Installing: /home/beniamino/ros2_ws/install/inverse_dynamics_solver/share/ament_index/resource_index/packages/inverse_dynamics_solver
-- Installing: /home/beniamino/ros2_ws/install/inverse_dynamics_solver/share/inverse_dynamics_solver/cmake/ament_cmake_export_include_directories-extras.cmake
-- Installing: /home/beniamino/ros2_ws/install/inverse_dynamics_solver/share/inverse_dynamics_solver/cmake/inverse_dynamics_solverConfig.cmake
-- Installing: /home/beniamino/ros2_ws/install/inverse_dynamics_solver/share/inverse_dynamics_solver/cmake/inverse_dynamics_solverConfig-version.cmake
-- Installing: /home/beniamino/ros2_ws/install/inverse_dynamics_solver/share/inverse_dynamics_solver/package.xml
