[0.080s] Invoking command in '/home/beniamino/ros2_ws/build/inverse_dynamics_solver': CMAKE_PREFIX_PATH=${CMAKE_PREFIX_PATH}:/home/beniamino/ros2_ws/install/acg_resources_panda_trajectory_generation:/home/beniamino/ros2_ws/install/acg_resources_panda_trajectory_analyzer:/opt/ros/humble /usr/bin/cmake /home/beniamino/ros2_ws/src/panda_impedance_controller/inverse_dynamics_solver -DCMAKE_INSTALL_PREFIX=/home/beniamino/ros2_ws/install/inverse_dynamics_solver
[0.759s] -- The C compiler identification is GNU 11.4.0
[1.156s] -- The CXX compiler identification is GNU 11.4.0
[1.171s] -- Detecting C compiler ABI info
[1.368s] -- Detecting C compiler ABI info - done
[1.381s] -- Check for working C compiler: /usr/bin/cc - skipped
[1.382s] -- Detecting C compile features
[1.382s] -- Detecting C compile features - done
[1.387s] -- Detecting CXX compiler ABI info
[1.492s] -- Detecting CXX compiler ABI info - done
[1.507s] -- Check for working CXX compiler: /usr/bin/c++ - skipped
[1.508s] -- Detecting CXX compile features
[1.508s] -- Detecting CXX compile features - done
[1.519s] -- Found ament_cmake: 1.3.10 (/opt/ros/humble/share/ament_cmake/cmake)
[2.013s] -- Found Python3: /usr/bin/python3 (found version "3.10.12") found components: Interpreter 
[2.121s] -- Found pluginlib: 5.1.0 (/opt/ros/humble/share/pluginlib/cmake)
[2.341s] -- Found ament_lint_auto: 0.12.11 (/opt/ros/humble/share/ament_lint_auto/cmake)
[2.530s] -- Added test 'copyright' to check source files copyright and LICENSE
[2.534s] -- Added test 'cppcheck' to perform static code analysis on C / C++ code
[2.534s] -- Configured cppcheck include dirs: 
[2.535s] -- Configured cppcheck exclude dirs and/or files: 
[2.537s] -- Added test 'cpplint' to check C / C++ code against the Google style
[2.537s] -- Configured cpplint exclude dirs and/or files: 
[2.538s] -- Added test 'lint_cmake' to check CMake code style
[2.541s] -- Added test 'uncrustify' to check C / C++ code style
[2.541s] -- Configured uncrustify additional arguments: 
[2.542s] -- Added test 'xmllint' to check XML markup files
[2.545s] -- Configuring done
[2.551s] -- Generating done
[2.552s] -- Build files have been written to: /home/beniamino/ros2_ws/build/inverse_dynamics_solver
[2.567s] Invoked command in '/home/beniamino/ros2_ws/build/inverse_dynamics_solver' returned '0': CMAKE_PREFIX_PATH=${CMAKE_PREFIX_PATH}:/home/beniamino/ros2_ws/install/acg_resources_panda_trajectory_generation:/home/beniamino/ros2_ws/install/acg_resources_panda_trajectory_analyzer:/opt/ros/humble /usr/bin/cmake /home/beniamino/ros2_ws/src/panda_impedance_controller/inverse_dynamics_solver -DCMAKE_INSTALL_PREFIX=/home/beniamino/ros2_ws/install/inverse_dynamics_solver
[2.569s] Invoking command in '/home/beniamino/ros2_ws/build/inverse_dynamics_solver': CMAKE_PREFIX_PATH=${CMAKE_PREFIX_PATH}:/home/beniamino/ros2_ws/install/acg_resources_panda_trajectory_generation:/home/beniamino/ros2_ws/install/acg_resources_panda_trajectory_analyzer:/opt/ros/humble /usr/bin/cmake --build /home/beniamino/ros2_ws/build/inverse_dynamics_solver -- -j12 -l12
[2.637s] Invoked command in '/home/beniamino/ros2_ws/build/inverse_dynamics_solver' returned '0': CMAKE_PREFIX_PATH=${CMAKE_PREFIX_PATH}:/home/beniamino/ros2_ws/install/acg_resources_panda_trajectory_generation:/home/beniamino/ros2_ws/install/acg_resources_panda_trajectory_analyzer:/opt/ros/humble /usr/bin/cmake --build /home/beniamino/ros2_ws/build/inverse_dynamics_solver -- -j12 -l12
[2.683s] Invoking command in '/home/beniamino/ros2_ws/build/inverse_dynamics_solver': CMAKE_PREFIX_PATH=${CMAKE_PREFIX_PATH}:/home/beniamino/ros2_ws/install/acg_resources_panda_trajectory_generation:/home/beniamino/ros2_ws/install/acg_resources_panda_trajectory_analyzer:/opt/ros/humble /usr/bin/cmake --install /home/beniamino/ros2_ws/build/inverse_dynamics_solver
[2.694s] -- Install configuration: ""
[2.695s] -- Installing: /home/beniamino/ros2_ws/install/inverse_dynamics_solver/include
[2.695s] -- Installing: /home/beniamino/ros2_ws/install/inverse_dynamics_solver/include/inverse_dynamics_solver
[2.695s] -- Installing: /home/beniamino/ros2_ws/install/inverse_dynamics_solver/include/inverse_dynamics_solver/inverse_dynamics_solver.h
[2.695s] -- Installing: /home/beniamino/ros2_ws/install/inverse_dynamics_solver/share/ament_index/resource_index/package_run_dependencies/inverse_dynamics_solver
[2.695s] -- Installing: /home/beniamino/ros2_ws/install/inverse_dynamics_solver/share/ament_index/resource_index/parent_prefix_path/inverse_dynamics_solver
[2.695s] -- Installing: /home/beniamino/ros2_ws/install/inverse_dynamics_solver/share/inverse_dynamics_solver/environment/ament_prefix_path.sh
[2.695s] -- Installing: /home/beniamino/ros2_ws/install/inverse_dynamics_solver/share/inverse_dynamics_solver/environment/ament_prefix_path.dsv
[2.696s] -- Installing: /home/beniamino/ros2_ws/install/inverse_dynamics_solver/share/inverse_dynamics_solver/environment/path.sh
[2.696s] -- Installing: /home/beniamino/ros2_ws/install/inverse_dynamics_solver/share/inverse_dynamics_solver/environment/path.dsv
[2.696s] -- Installing: /home/beniamino/ros2_ws/install/inverse_dynamics_solver/share/inverse_dynamics_solver/local_setup.bash
[2.697s] -- Installing: /home/beniamino/ros2_ws/install/inverse_dynamics_solver/share/inverse_dynamics_solver/local_setup.sh
[2.697s] -- Installing: /home/beniamino/ros2_ws/install/inverse_dynamics_solver/share/inverse_dynamics_solver/local_setup.zsh
[2.697s] -- Installing: /home/beniamino/ros2_ws/install/inverse_dynamics_solver/share/inverse_dynamics_solver/local_setup.dsv
[2.698s] -- Installing: /home/beniamino/ros2_ws/install/inverse_dynamics_solver/share/inverse_dynamics_solver/package.dsv
[2.705s] -- Installing: /home/beniamino/ros2_ws/install/inverse_dynamics_solver/share/ament_index/resource_index/packages/inverse_dynamics_solver
[2.710s] -- Installing: /home/beniamino/ros2_ws/install/inverse_dynamics_solver/share/inverse_dynamics_solver/cmake/ament_cmake_export_include_directories-extras.cmake
[2.711s] -- Installing: /home/beniamino/ros2_ws/install/inverse_dynamics_solver/share/inverse_dynamics_solver/cmake/inverse_dynamics_solverConfig.cmake
[2.711s] -- Installing: /home/beniamino/ros2_ws/install/inverse_dynamics_solver/share/inverse_dynamics_solver/cmake/inverse_dynamics_solverConfig-version.cmake
[2.711s] -- Installing: /home/beniamino/ros2_ws/install/inverse_dynamics_solver/share/inverse_dynamics_solver/package.xml
[2.716s] Invoked command in '/home/beniamino/ros2_ws/build/inverse_dynamics_solver' returned '0': CMAKE_PREFIX_PATH=${CMAKE_PREFIX_PATH}:/home/beniamino/ros2_ws/install/acg_resources_panda_trajectory_generation:/home/beniamino/ros2_ws/install/acg_resources_panda_trajectory_analyzer:/opt/ros/humble /usr/bin/cmake --install /home/beniamino/ros2_ws/build/inverse_dynamics_solver
