[0.250s] DEBUG:colcon:Command line arguments: ['/usr/bin/colcon', 'build', '--packages-up-to', 'acg_resources_panda_moveit_config']
[0.250s] DEBUG:colcon:Parsed command line arguments: Namespace(log_base=None, log_level=None, verb_name='build', build_base='build', install_base='install', merge_install=False, symlink_install=False, test_result_base=None, continue_on_error=False, executor='parallel', parallel_workers=12, event_handlers=None, ignore_user_meta=False, metas=['./colcon.meta'], base_paths=['.'], packages_ignore=None, packages_ignore_regex=None, paths=None, packages_up_to=['acg_resources_panda_moveit_config'], packages_up_to_regex=None, packages_above=None, packages_above_and_dependencies=None, packages_above_depth=None, packages_select_by_dep=None, packages_skip_by_dep=None, packages_skip_up_to=None, packages_select_build_failed=False, packages_skip_build_finished=False, packages_select_test_failures=False, packages_skip_test_passed=False, packages_select=None, packages_skip=None, packages_select_regex=None, packages_skip_regex=None, packages_start=None, packages_end=None, allow_overriding=[], cmake_args=None, cmake_target=None, cmake_target_skip_unavailable=False, cmake_clean_cache=False, cmake_clean_first=False, cmake_force_configure=False, ament_cmake_args=None, catkin_cmake_args=None, catkin_skip_building_tests=False, mixin_files=None, mixin=None, verb_parser=<colcon_mixin.mixin.mixin_argument.MixinArgumentDecorator object at 0x7750ef85fb20>, verb_extension=<colcon_core.verb.build.BuildVerb object at 0x7750ef85f5e0>, main=<bound method BuildVerb.main of <colcon_core.verb.build.BuildVerb object at 0x7750ef85f5e0>>, mixin_verb=('build',))
[0.311s] Level 1:colcon.colcon_core.package_discovery:discover_packages(colcon_meta) check parameters
[0.311s] Level 1:colcon.colcon_core.package_discovery:discover_packages(recursive) check parameters
[0.311s] Level 1:colcon.colcon_core.package_discovery:discover_packages(ignore) check parameters
[0.311s] Level 1:colcon.colcon_core.package_discovery:discover_packages(path) check parameters
[0.311s] Level 1:colcon.colcon_core.package_discovery:discover_packages(colcon_meta) discover
[0.311s] Level 1:colcon.colcon_core.package_discovery:discover_packages(recursive) discover
[0.311s] INFO:colcon.colcon_core.package_discovery:Crawling recursively for packages in '/home/beniamino/ros2_ws'
[0.311s] Level 1:colcon.colcon_core.package_identification:_identify(.) by extensions ['ignore', 'ignore_ament_install']
[0.312s] Level 1:colcon.colcon_core.package_identification:_identify(.) by extension 'ignore'
[0.312s] Level 1:colcon.colcon_core.package_identification:_identify(.) by extension 'ignore_ament_install'
[0.312s] Level 1:colcon.colcon_core.package_identification:_identify(.) by extensions ['colcon_pkg']
[0.312s] Level 1:colcon.colcon_core.package_identification:_identify(.) by extension 'colcon_pkg'
[0.312s] Level 1:colcon.colcon_core.package_identification:_identify(.) by extensions ['colcon_meta']
[0.312s] Level 1:colcon.colcon_core.package_identification:_identify(.) by extension 'colcon_meta'
[0.312s] Level 1:colcon.colcon_core.package_identification:_identify(.) by extensions ['ros']
[0.312s] Level 1:colcon.colcon_core.package_identification:_identify(.) by extension 'ros'
[0.337s] Level 1:colcon.colcon_core.package_identification:_identify(.) by extensions ['cmake', 'python']
[0.337s] Level 1:colcon.colcon_core.package_identification:_identify(.) by extension 'cmake'
[0.337s] Level 1:colcon.colcon_core.package_identification:_identify(.) by extension 'python'
[0.337s] Level 1:colcon.colcon_core.package_identification:_identify(.) by extensions ['python_setup_py']
[0.337s] Level 1:colcon.colcon_core.package_identification:_identify(.) by extension 'python_setup_py'
[0.338s] Level 1:colcon.colcon_core.package_identification:_identify(build) by extensions ['ignore', 'ignore_ament_install']
[0.338s] Level 1:colcon.colcon_core.package_identification:_identify(build) by extension 'ignore'
[0.338s] Level 1:colcon.colcon_core.package_identification:_identify(build) ignored
[0.338s] Level 1:colcon.colcon_core.package_identification:_identify(executed_line_trajectory_2024_08_29_11_23_11.bag) by extensions ['ignore', 'ignore_ament_install']
[0.338s] Level 1:colcon.colcon_core.package_identification:_identify(executed_line_trajectory_2024_08_29_11_23_11.bag) by extension 'ignore'
[0.338s] Level 1:colcon.colcon_core.package_identification:_identify(executed_line_trajectory_2024_08_29_11_23_11.bag) by extension 'ignore_ament_install'
[0.338s] Level 1:colcon.colcon_core.package_identification:_identify(executed_line_trajectory_2024_08_29_11_23_11.bag) by extensions ['colcon_pkg']
[0.338s] Level 1:colcon.colcon_core.package_identification:_identify(executed_line_trajectory_2024_08_29_11_23_11.bag) by extension 'colcon_pkg'
[0.338s] Level 1:colcon.colcon_core.package_identification:_identify(executed_line_trajectory_2024_08_29_11_23_11.bag) by extensions ['colcon_meta']
[0.338s] Level 1:colcon.colcon_core.package_identification:_identify(executed_line_trajectory_2024_08_29_11_23_11.bag) by extension 'colcon_meta'
[0.339s] Level 1:colcon.colcon_core.package_identification:_identify(executed_line_trajectory_2024_08_29_11_23_11.bag) by extensions ['ros']
[0.339s] Level 1:colcon.colcon_core.package_identification:_identify(executed_line_trajectory_2024_08_29_11_23_11.bag) by extension 'ros'
[0.339s] Level 1:colcon.colcon_core.package_identification:_identify(executed_line_trajectory_2024_08_29_11_23_11.bag) by extensions ['cmake', 'python']
[0.339s] Level 1:colcon.colcon_core.package_identification:_identify(executed_line_trajectory_2024_08_29_11_23_11.bag) by extension 'cmake'
[0.339s] Level 1:colcon.colcon_core.package_identification:_identify(executed_line_trajectory_2024_08_29_11_23_11.bag) by extension 'python'
[0.339s] Level 1:colcon.colcon_core.package_identification:_identify(executed_line_trajectory_2024_08_29_11_23_11.bag) by extensions ['python_setup_py']
[0.339s] Level 1:colcon.colcon_core.package_identification:_identify(executed_line_trajectory_2024_08_29_11_23_11.bag) by extension 'python_setup_py'
[0.339s] Level 1:colcon.colcon_core.package_identification:_identify(install) by extensions ['ignore', 'ignore_ament_install']
[0.339s] Level 1:colcon.colcon_core.package_identification:_identify(install) by extension 'ignore'
[0.339s] Level 1:colcon.colcon_core.package_identification:_identify(install) ignored
[0.340s] Level 1:colcon.colcon_core.package_identification:_identify(log) by extensions ['ignore', 'ignore_ament_install']
[0.340s] Level 1:colcon.colcon_core.package_identification:_identify(log) by extension 'ignore'
[0.340s] Level 1:colcon.colcon_core.package_identification:_identify(log) ignored
[0.340s] Level 1:colcon.colcon_core.package_identification:_identify(planned_line_trajectory_2024_08_29_11_23_11.bag) by extensions ['ignore', 'ignore_ament_install']
[0.340s] Level 1:colcon.colcon_core.package_identification:_identify(planned_line_trajectory_2024_08_29_11_23_11.bag) by extension 'ignore'
[0.340s] Level 1:colcon.colcon_core.package_identification:_identify(planned_line_trajectory_2024_08_29_11_23_11.bag) by extension 'ignore_ament_install'
[0.340s] Level 1:colcon.colcon_core.package_identification:_identify(planned_line_trajectory_2024_08_29_11_23_11.bag) by extensions ['colcon_pkg']
[0.340s] Level 1:colcon.colcon_core.package_identification:_identify(planned_line_trajectory_2024_08_29_11_23_11.bag) by extension 'colcon_pkg'
[0.340s] Level 1:colcon.colcon_core.package_identification:_identify(planned_line_trajectory_2024_08_29_11_23_11.bag) by extensions ['colcon_meta']
[0.340s] Level 1:colcon.colcon_core.package_identification:_identify(planned_line_trajectory_2024_08_29_11_23_11.bag) by extension 'colcon_meta'
[0.341s] Level 1:colcon.colcon_core.package_identification:_identify(planned_line_trajectory_2024_08_29_11_23_11.bag) by extensions ['ros']
[0.341s] Level 1:colcon.colcon_core.package_identification:_identify(planned_line_trajectory_2024_08_29_11_23_11.bag) by extension 'ros'
[0.341s] Level 1:colcon.colcon_core.package_identification:_identify(planned_line_trajectory_2024_08_29_11_23_11.bag) by extensions ['cmake', 'python']
[0.341s] Level 1:colcon.colcon_core.package_identification:_identify(planned_line_trajectory_2024_08_29_11_23_11.bag) by extension 'cmake'
[0.341s] Level 1:colcon.colcon_core.package_identification:_identify(planned_line_trajectory_2024_08_29_11_23_11.bag) by extension 'python'
[0.341s] Level 1:colcon.colcon_core.package_identification:_identify(planned_line_trajectory_2024_08_29_11_23_11.bag) by extensions ['python_setup_py']
[0.341s] Level 1:colcon.colcon_core.package_identification:_identify(planned_line_trajectory_2024_08_29_11_23_11.bag) by extension 'python_setup_py'
[0.341s] Level 1:colcon.colcon_core.package_identification:_identify(src) by extensions ['ignore', 'ignore_ament_install']
[0.341s] Level 1:colcon.colcon_core.package_identification:_identify(src) by extension 'ignore'
[0.341s] Level 1:colcon.colcon_core.package_identification:_identify(src) by extension 'ignore_ament_install'
[0.341s] Level 1:colcon.colcon_core.package_identification:_identify(src) by extensions ['colcon_pkg']
[0.341s] Level 1:colcon.colcon_core.package_identification:_identify(src) by extension 'colcon_pkg'
[0.342s] Level 1:colcon.colcon_core.package_identification:_identify(src) by extensions ['colcon_meta']
[0.342s] Level 1:colcon.colcon_core.package_identification:_identify(src) by extension 'colcon_meta'
[0.342s] Level 1:colcon.colcon_core.package_identification:_identify(src) by extensions ['ros']
[0.342s] Level 1:colcon.colcon_core.package_identification:_identify(src) by extension 'ros'
[0.342s] Level 1:colcon.colcon_core.package_identification:_identify(src) by extensions ['cmake', 'python']
[0.342s] Level 1:colcon.colcon_core.package_identification:_identify(src) by extension 'cmake'
[0.342s] Level 1:colcon.colcon_core.package_identification:_identify(src) by extension 'python'
[0.342s] Level 1:colcon.colcon_core.package_identification:_identify(src) by extensions ['python_setup_py']
[0.342s] Level 1:colcon.colcon_core.package_identification:_identify(src) by extension 'python_setup_py'
[0.342s] Level 1:colcon.colcon_core.package_identification:_identify(src/panda_impedance_controller) by extensions ['ignore', 'ignore_ament_install']
[0.342s] Level 1:colcon.colcon_core.package_identification:_identify(src/panda_impedance_controller) by extension 'ignore'
[0.343s] Level 1:colcon.colcon_core.package_identification:_identify(src/panda_impedance_controller) by extension 'ignore_ament_install'
[0.343s] Level 1:colcon.colcon_core.package_identification:_identify(src/panda_impedance_controller) by extensions ['colcon_pkg']
[0.343s] Level 1:colcon.colcon_core.package_identification:_identify(src/panda_impedance_controller) by extension 'colcon_pkg'
[0.343s] Level 1:colcon.colcon_core.package_identification:_identify(src/panda_impedance_controller) by extensions ['colcon_meta']
[0.343s] Level 1:colcon.colcon_core.package_identification:_identify(src/panda_impedance_controller) by extension 'colcon_meta'
[0.343s] Level 1:colcon.colcon_core.package_identification:_identify(src/panda_impedance_controller) by extensions ['ros']
[0.343s] Level 1:colcon.colcon_core.package_identification:_identify(src/panda_impedance_controller) by extension 'ros'
[0.343s] Level 1:colcon.colcon_core.package_identification:_identify(src/panda_impedance_controller) by extensions ['cmake', 'python']
[0.343s] Level 1:colcon.colcon_core.package_identification:_identify(src/panda_impedance_controller) by extension 'cmake'
[0.343s] Level 1:colcon.colcon_core.package_identification:_identify(src/panda_impedance_controller) by extension 'python'
[0.343s] Level 1:colcon.colcon_core.package_identification:_identify(src/panda_impedance_controller) by extensions ['python_setup_py']
[0.343s] Level 1:colcon.colcon_core.package_identification:_identify(src/panda_impedance_controller) by extension 'python_setup_py'
[0.343s] Level 1:colcon.colcon_core.package_identification:_identify(src/panda_impedance_controller/acg_resources_panda_description) by extensions ['ignore', 'ignore_ament_install']
[0.344s] Level 1:colcon.colcon_core.package_identification:_identify(src/panda_impedance_controller/acg_resources_panda_description) by extension 'ignore'
[0.344s] Level 1:colcon.colcon_core.package_identification:_identify(src/panda_impedance_controller/acg_resources_panda_description) by extension 'ignore_ament_install'
[0.344s] Level 1:colcon.colcon_core.package_identification:_identify(src/panda_impedance_controller/acg_resources_panda_description) by extensions ['colcon_pkg']
[0.344s] Level 1:colcon.colcon_core.package_identification:_identify(src/panda_impedance_controller/acg_resources_panda_description) by extension 'colcon_pkg'
[0.344s] Level 1:colcon.colcon_core.package_identification:_identify(src/panda_impedance_controller/acg_resources_panda_description) by extensions ['colcon_meta']
[0.344s] Level 1:colcon.colcon_core.package_identification:_identify(src/panda_impedance_controller/acg_resources_panda_description) by extension 'colcon_meta'
[0.344s] Level 1:colcon.colcon_core.package_identification:_identify(src/panda_impedance_controller/acg_resources_panda_description) by extensions ['ros']
[0.344s] Level 1:colcon.colcon_core.package_identification:_identify(src/panda_impedance_controller/acg_resources_panda_description) by extension 'ros'
[0.348s] DEBUG:colcon.colcon_core.package_identification:Package 'src/panda_impedance_controller/acg_resources_panda_description' with type 'ros.ament_cmake' and name 'acg_resources_panda_description'
[0.348s] Level 1:colcon.colcon_core.package_identification:_identify(src/panda_impedance_controller/acg_resources_panda_moveit_config) by extensions ['ignore', 'ignore_ament_install']
[0.348s] Level 1:colcon.colcon_core.package_identification:_identify(src/panda_impedance_controller/acg_resources_panda_moveit_config) by extension 'ignore'
[0.348s] Level 1:colcon.colcon_core.package_identification:_identify(src/panda_impedance_controller/acg_resources_panda_moveit_config) by extension 'ignore_ament_install'
[0.348s] Level 1:colcon.colcon_core.package_identification:_identify(src/panda_impedance_controller/acg_resources_panda_moveit_config) by extensions ['colcon_pkg']
[0.348s] Level 1:colcon.colcon_core.package_identification:_identify(src/panda_impedance_controller/acg_resources_panda_moveit_config) by extension 'colcon_pkg'
[0.348s] Level 1:colcon.colcon_core.package_identification:_identify(src/panda_impedance_controller/acg_resources_panda_moveit_config) by extensions ['colcon_meta']
[0.349s] Level 1:colcon.colcon_core.package_identification:_identify(src/panda_impedance_controller/acg_resources_panda_moveit_config) by extension 'colcon_meta'
[0.349s] Level 1:colcon.colcon_core.package_identification:_identify(src/panda_impedance_controller/acg_resources_panda_moveit_config) by extensions ['ros']
[0.349s] Level 1:colcon.colcon_core.package_identification:_identify(src/panda_impedance_controller/acg_resources_panda_moveit_config) by extension 'ros'
[0.350s] DEBUG:colcon.colcon_core.package_identification:Package 'src/panda_impedance_controller/acg_resources_panda_moveit_config' with type 'ros.ament_cmake' and name 'acg_resources_panda_moveit_config'
[0.350s] Level 1:colcon.colcon_core.package_identification:_identify(src/panda_impedance_controller/acg_resources_panda_trajectory_analyzer) by extensions ['ignore', 'ignore_ament_install']
[0.350s] Level 1:colcon.colcon_core.package_identification:_identify(src/panda_impedance_controller/acg_resources_panda_trajectory_analyzer) by extension 'ignore'
[0.350s] Level 1:colcon.colcon_core.package_identification:_identify(src/panda_impedance_controller/acg_resources_panda_trajectory_analyzer) by extension 'ignore_ament_install'
[0.350s] Level 1:colcon.colcon_core.package_identification:_identify(src/panda_impedance_controller/acg_resources_panda_trajectory_analyzer) by extensions ['colcon_pkg']
[0.350s] Level 1:colcon.colcon_core.package_identification:_identify(src/panda_impedance_controller/acg_resources_panda_trajectory_analyzer) by extension 'colcon_pkg'
[0.351s] Level 1:colcon.colcon_core.package_identification:_identify(src/panda_impedance_controller/acg_resources_panda_trajectory_analyzer) by extensions ['colcon_meta']
[0.351s] Level 1:colcon.colcon_core.package_identification:_identify(src/panda_impedance_controller/acg_resources_panda_trajectory_analyzer) by extension 'colcon_meta'
[0.351s] Level 1:colcon.colcon_core.package_identification:_identify(src/panda_impedance_controller/acg_resources_panda_trajectory_analyzer) by extensions ['ros']
[0.351s] Level 1:colcon.colcon_core.package_identification:_identify(src/panda_impedance_controller/acg_resources_panda_trajectory_analyzer) by extension 'ros'
[0.352s] DEBUG:colcon.colcon_core.package_identification:Package 'src/panda_impedance_controller/acg_resources_panda_trajectory_analyzer' with type 'ros.ament_python' and name 'acg_resources_panda_trajectory_analyzer'
[0.352s] Level 1:colcon.colcon_core.package_identification:_identify(src/panda_impedance_controller/acg_resources_panda_trajectory_generation) by extensions ['ignore', 'ignore_ament_install']
[0.352s] Level 1:colcon.colcon_core.package_identification:_identify(src/panda_impedance_controller/acg_resources_panda_trajectory_generation) by extension 'ignore'
[0.352s] Level 1:colcon.colcon_core.package_identification:_identify(src/panda_impedance_controller/acg_resources_panda_trajectory_generation) by extension 'ignore_ament_install'
[0.352s] Level 1:colcon.colcon_core.package_identification:_identify(src/panda_impedance_controller/acg_resources_panda_trajectory_generation) by extensions ['colcon_pkg']
[0.352s] Level 1:colcon.colcon_core.package_identification:_identify(src/panda_impedance_controller/acg_resources_panda_trajectory_generation) by extension 'colcon_pkg'
[0.352s] Level 1:colcon.colcon_core.package_identification:_identify(src/panda_impedance_controller/acg_resources_panda_trajectory_generation) by extensions ['colcon_meta']
[0.353s] Level 1:colcon.colcon_core.package_identification:_identify(src/panda_impedance_controller/acg_resources_panda_trajectory_generation) by extension 'colcon_meta'
[0.353s] Level 1:colcon.colcon_core.package_identification:_identify(src/panda_impedance_controller/acg_resources_panda_trajectory_generation) by extensions ['ros']
[0.353s] Level 1:colcon.colcon_core.package_identification:_identify(src/panda_impedance_controller/acg_resources_panda_trajectory_generation) by extension 'ros'
[0.354s] DEBUG:colcon.colcon_core.package_identification:Package 'src/panda_impedance_controller/acg_resources_panda_trajectory_generation' with type 'ros.ament_python' and name 'acg_resources_panda_trajectory_generation'
[0.354s] Level 1:colcon.colcon_core.package_identification:_identify(src/panda_impedance_controller/cartesian_control_msgs) by extensions ['ignore', 'ignore_ament_install']
[0.354s] Level 1:colcon.colcon_core.package_identification:_identify(src/panda_impedance_controller/cartesian_control_msgs) by extension 'ignore'
[0.354s] Level 1:colcon.colcon_core.package_identification:_identify(src/panda_impedance_controller/cartesian_control_msgs) by extension 'ignore_ament_install'
[0.354s] Level 1:colcon.colcon_core.package_identification:_identify(src/panda_impedance_controller/cartesian_control_msgs) by extensions ['colcon_pkg']
[0.355s] Level 1:colcon.colcon_core.package_identification:_identify(src/panda_impedance_controller/cartesian_control_msgs) by extension 'colcon_pkg'
[0.355s] Level 1:colcon.colcon_core.package_identification:_identify(src/panda_impedance_controller/cartesian_control_msgs) by extensions ['colcon_meta']
[0.355s] Level 1:colcon.colcon_core.package_identification:_identify(src/panda_impedance_controller/cartesian_control_msgs) by extension 'colcon_meta'
[0.355s] Level 1:colcon.colcon_core.package_identification:_identify(src/panda_impedance_controller/cartesian_control_msgs) by extensions ['ros']
[0.355s] Level 1:colcon.colcon_core.package_identification:_identify(src/panda_impedance_controller/cartesian_control_msgs) by extension 'ros'
[0.356s] DEBUG:colcon.colcon_core.package_identification:Package 'src/panda_impedance_controller/cartesian_control_msgs' with type 'ros.ament_cmake' and name 'cartesian_control_msgs'
[0.356s] Level 1:colcon.colcon_core.package_identification:_identify(src/panda_impedance_controller/inverse_dynamics_solver) by extensions ['ignore', 'ignore_ament_install']
[0.356s] Level 1:colcon.colcon_core.package_identification:_identify(src/panda_impedance_controller/inverse_dynamics_solver) by extension 'ignore'
[0.356s] Level 1:colcon.colcon_core.package_identification:_identify(src/panda_impedance_controller/inverse_dynamics_solver) by extension 'ignore_ament_install'
[0.356s] Level 1:colcon.colcon_core.package_identification:_identify(src/panda_impedance_controller/inverse_dynamics_solver) by extensions ['colcon_pkg']
[0.357s] Level 1:colcon.colcon_core.package_identification:_identify(src/panda_impedance_controller/inverse_dynamics_solver) by extension 'colcon_pkg'
[0.357s] Level 1:colcon.colcon_core.package_identification:_identify(src/panda_impedance_controller/inverse_dynamics_solver) by extensions ['colcon_meta']
[0.357s] Level 1:colcon.colcon_core.package_identification:_identify(src/panda_impedance_controller/inverse_dynamics_solver) by extension 'colcon_meta'
[0.357s] Level 1:colcon.colcon_core.package_identification:_identify(src/panda_impedance_controller/inverse_dynamics_solver) by extensions ['ros']
[0.357s] Level 1:colcon.colcon_core.package_identification:_identify(src/panda_impedance_controller/inverse_dynamics_solver) by extension 'ros'
[0.358s] DEBUG:colcon.colcon_core.package_identification:Package 'src/panda_impedance_controller/inverse_dynamics_solver' with type 'ros.ament_cmake' and name 'inverse_dynamics_solver'
[0.358s] Level 1:colcon.colcon_core.package_identification:_identify(src/panda_impedance_controller/kdl_inverse_dynamics_solver) by extensions ['ignore', 'ignore_ament_install']
[0.358s] Level 1:colcon.colcon_core.package_identification:_identify(src/panda_impedance_controller/kdl_inverse_dynamics_solver) by extension 'ignore'
[0.358s] Level 1:colcon.colcon_core.package_identification:_identify(src/panda_impedance_controller/kdl_inverse_dynamics_solver) by extension 'ignore_ament_install'
[0.358s] Level 1:colcon.colcon_core.package_identification:_identify(src/panda_impedance_controller/kdl_inverse_dynamics_solver) by extensions ['colcon_pkg']
[0.358s] Level 1:colcon.colcon_core.package_identification:_identify(src/panda_impedance_controller/kdl_inverse_dynamics_solver) by extension 'colcon_pkg'
[0.358s] Level 1:colcon.colcon_core.package_identification:_identify(src/panda_impedance_controller/kdl_inverse_dynamics_solver) by extensions ['colcon_meta']
[0.358s] Level 1:colcon.colcon_core.package_identification:_identify(src/panda_impedance_controller/kdl_inverse_dynamics_solver) by extension 'colcon_meta'
[0.359s] Level 1:colcon.colcon_core.package_identification:_identify(src/panda_impedance_controller/kdl_inverse_dynamics_solver) by extensions ['ros']
[0.359s] Level 1:colcon.colcon_core.package_identification:_identify(src/panda_impedance_controller/kdl_inverse_dynamics_solver) by extension 'ros'
[0.360s] DEBUG:colcon.colcon_core.package_identification:Package 'src/panda_impedance_controller/kdl_inverse_dynamics_solver' with type 'ros.ament_cmake' and name 'kdl_inverse_dynamics_solver'
[0.360s] Level 1:colcon.colcon_core.package_identification:_identify(src/panda_impedance_controller/panda_impedance_controller) by extensions ['ignore', 'ignore_ament_install']
[0.360s] Level 1:colcon.colcon_core.package_identification:_identify(src/panda_impedance_controller/panda_impedance_controller) by extension 'ignore'
[0.361s] Level 1:colcon.colcon_core.package_identification:_identify(src/panda_impedance_controller/panda_impedance_controller) by extension 'ignore_ament_install'
[0.361s] Level 1:colcon.colcon_core.package_identification:_identify(src/panda_impedance_controller/panda_impedance_controller) by extensions ['colcon_pkg']
[0.361s] Level 1:colcon.colcon_core.package_identification:_identify(src/panda_impedance_controller/panda_impedance_controller) by extension 'colcon_pkg'
[0.361s] Level 1:colcon.colcon_core.package_identification:_identify(src/panda_impedance_controller/panda_impedance_controller) by extensions ['colcon_meta']
[0.361s] Level 1:colcon.colcon_core.package_identification:_identify(src/panda_impedance_controller/panda_impedance_controller) by extension 'colcon_meta'
[0.361s] Level 1:colcon.colcon_core.package_identification:_identify(src/panda_impedance_controller/panda_impedance_controller) by extensions ['ros']
[0.361s] Level 1:colcon.colcon_core.package_identification:_identify(src/panda_impedance_controller/panda_impedance_controller) by extension 'ros'
[0.362s] DEBUG:colcon.colcon_core.package_identification:Package 'src/panda_impedance_controller/panda_impedance_controller' with type 'ros.ament_cmake' and name 'panda_impedance_controller'
[0.363s] Level 1:colcon.colcon_core.package_identification:_identify(src/panda_impedance_controller/panda_moveit_planning_demo) by extensions ['ignore', 'ignore_ament_install']
[0.363s] Level 1:colcon.colcon_core.package_identification:_identify(src/panda_impedance_controller/panda_moveit_planning_demo) by extension 'ignore'
[0.363s] Level 1:colcon.colcon_core.package_identification:_identify(src/panda_impedance_controller/panda_moveit_planning_demo) by extension 'ignore_ament_install'
[0.363s] Level 1:colcon.colcon_core.package_identification:_identify(src/panda_impedance_controller/panda_moveit_planning_demo) by extensions ['colcon_pkg']
[0.363s] Level 1:colcon.colcon_core.package_identification:_identify(src/panda_impedance_controller/panda_moveit_planning_demo) by extension 'colcon_pkg'
[0.363s] Level 1:colcon.colcon_core.package_identification:_identify(src/panda_impedance_controller/panda_moveit_planning_demo) by extensions ['colcon_meta']
[0.363s] Level 1:colcon.colcon_core.package_identification:_identify(src/panda_impedance_controller/panda_moveit_planning_demo) by extension 'colcon_meta'
[0.363s] Level 1:colcon.colcon_core.package_identification:_identify(src/panda_impedance_controller/panda_moveit_planning_demo) by extensions ['ros']
[0.363s] Level 1:colcon.colcon_core.package_identification:_identify(src/panda_impedance_controller/panda_moveit_planning_demo) by extension 'ros'
[0.365s] DEBUG:colcon.colcon_core.package_identification:Package 'src/panda_impedance_controller/panda_moveit_planning_demo' with type 'ros.ament_cmake' and name 'panda_moveit_planning_demo'
[0.366s] Level 1:colcon.colcon_core.package_identification:_identify(src/panda_impedance_controller/ros_extensions_utilities) by extensions ['ignore', 'ignore_ament_install']
[0.366s] Level 1:colcon.colcon_core.package_identification:_identify(src/panda_impedance_controller/ros_extensions_utilities) by extension 'ignore'
[0.366s] Level 1:colcon.colcon_core.package_identification:_identify(src/panda_impedance_controller/ros_extensions_utilities) by extension 'ignore_ament_install'
[0.366s] Level 1:colcon.colcon_core.package_identification:_identify(src/panda_impedance_controller/ros_extensions_utilities) by extensions ['colcon_pkg']
[0.366s] Level 1:colcon.colcon_core.package_identification:_identify(src/panda_impedance_controller/ros_extensions_utilities) by extension 'colcon_pkg'
[0.366s] Level 1:colcon.colcon_core.package_identification:_identify(src/panda_impedance_controller/ros_extensions_utilities) by extensions ['colcon_meta']
[0.366s] Level 1:colcon.colcon_core.package_identification:_identify(src/panda_impedance_controller/ros_extensions_utilities) by extension 'colcon_meta'
[0.366s] Level 1:colcon.colcon_core.package_identification:_identify(src/panda_impedance_controller/ros_extensions_utilities) by extensions ['ros']
[0.366s] Level 1:colcon.colcon_core.package_identification:_identify(src/panda_impedance_controller/ros_extensions_utilities) by extension 'ros'
[0.367s] DEBUG:colcon.colcon_core.package_identification:Package 'src/panda_impedance_controller/ros_extensions_utilities' with type 'ros.ament_cmake' and name 'ros_extensions_utilities'
[0.368s] Level 1:colcon.colcon_core.package_identification:_identify(src/panda_impedance_controller/trajectories) by extensions ['ignore', 'ignore_ament_install']
[0.368s] Level 1:colcon.colcon_core.package_identification:_identify(src/panda_impedance_controller/trajectories) by extension 'ignore'
[0.368s] Level 1:colcon.colcon_core.package_identification:_identify(src/panda_impedance_controller/trajectories) by extension 'ignore_ament_install'
[0.368s] Level 1:colcon.colcon_core.package_identification:_identify(src/panda_impedance_controller/trajectories) by extensions ['colcon_pkg']
[0.368s] Level 1:colcon.colcon_core.package_identification:_identify(src/panda_impedance_controller/trajectories) by extension 'colcon_pkg'
[0.368s] Level 1:colcon.colcon_core.package_identification:_identify(src/panda_impedance_controller/trajectories) by extensions ['colcon_meta']
[0.368s] Level 1:colcon.colcon_core.package_identification:_identify(src/panda_impedance_controller/trajectories) by extension 'colcon_meta'
[0.368s] Level 1:colcon.colcon_core.package_identification:_identify(src/panda_impedance_controller/trajectories) by extensions ['ros']
[0.368s] Level 1:colcon.colcon_core.package_identification:_identify(src/panda_impedance_controller/trajectories) by extension 'ros'
[0.368s] Level 1:colcon.colcon_core.package_identification:_identify(src/panda_impedance_controller/trajectories) by extensions ['cmake', 'python']
[0.368s] Level 1:colcon.colcon_core.package_identification:_identify(src/panda_impedance_controller/trajectories) by extension 'cmake'
[0.368s] Level 1:colcon.colcon_core.package_identification:_identify(src/panda_impedance_controller/trajectories) by extension 'python'
[0.369s] Level 1:colcon.colcon_core.package_identification:_identify(src/panda_impedance_controller/trajectories) by extensions ['python_setup_py']
[0.369s] Level 1:colcon.colcon_core.package_identification:_identify(src/panda_impedance_controller/trajectories) by extension 'python_setup_py'
[0.369s] Level 1:colcon.colcon_core.package_identification:_identify(src/panda_impedance_controller/trajectories/line_trajectory_0.1.bag) by extensions ['ignore', 'ignore_ament_install']
[0.369s] Level 1:colcon.colcon_core.package_identification:_identify(src/panda_impedance_controller/trajectories/line_trajectory_0.1.bag) by extension 'ignore'
[0.369s] Level 1:colcon.colcon_core.package_identification:_identify(src/panda_impedance_controller/trajectories/line_trajectory_0.1.bag) by extension 'ignore_ament_install'
[0.369s] Level 1:colcon.colcon_core.package_identification:_identify(src/panda_impedance_controller/trajectories/line_trajectory_0.1.bag) by extensions ['colcon_pkg']
[0.369s] Level 1:colcon.colcon_core.package_identification:_identify(src/panda_impedance_controller/trajectories/line_trajectory_0.1.bag) by extension 'colcon_pkg'
[0.369s] Level 1:colcon.colcon_core.package_identification:_identify(src/panda_impedance_controller/trajectories/line_trajectory_0.1.bag) by extensions ['colcon_meta']
[0.369s] Level 1:colcon.colcon_core.package_identification:_identify(src/panda_impedance_controller/trajectories/line_trajectory_0.1.bag) by extension 'colcon_meta'
[0.369s] Level 1:colcon.colcon_core.package_identification:_identify(src/panda_impedance_controller/trajectories/line_trajectory_0.1.bag) by extensions ['ros']
[0.369s] Level 1:colcon.colcon_core.package_identification:_identify(src/panda_impedance_controller/trajectories/line_trajectory_0.1.bag) by extension 'ros'
[0.370s] Level 1:colcon.colcon_core.package_identification:_identify(src/panda_impedance_controller/trajectories/line_trajectory_0.1.bag) by extensions ['cmake', 'python']
[0.370s] Level 1:colcon.colcon_core.package_identification:_identify(src/panda_impedance_controller/trajectories/line_trajectory_0.1.bag) by extension 'cmake'
[0.370s] Level 1:colcon.colcon_core.package_identification:_identify(src/panda_impedance_controller/trajectories/line_trajectory_0.1.bag) by extension 'python'
[0.370s] Level 1:colcon.colcon_core.package_identification:_identify(src/panda_impedance_controller/trajectories/line_trajectory_0.1.bag) by extensions ['python_setup_py']
[0.370s] Level 1:colcon.colcon_core.package_identification:_identify(src/panda_impedance_controller/trajectories/line_trajectory_0.1.bag) by extension 'python_setup_py'
[0.370s] Level 1:colcon.colcon_core.package_identification:_identify(src/panda_impedance_controller/trajectories/line_trajectory_0.2.bag) by extensions ['ignore', 'ignore_ament_install']
[0.370s] Level 1:colcon.colcon_core.package_identification:_identify(src/panda_impedance_controller/trajectories/line_trajectory_0.2.bag) by extension 'ignore'
[0.370s] Level 1:colcon.colcon_core.package_identification:_identify(src/panda_impedance_controller/trajectories/line_trajectory_0.2.bag) by extension 'ignore_ament_install'
[0.370s] Level 1:colcon.colcon_core.package_identification:_identify(src/panda_impedance_controller/trajectories/line_trajectory_0.2.bag) by extensions ['colcon_pkg']
[0.370s] Level 1:colcon.colcon_core.package_identification:_identify(src/panda_impedance_controller/trajectories/line_trajectory_0.2.bag) by extension 'colcon_pkg'
[0.370s] Level 1:colcon.colcon_core.package_identification:_identify(src/panda_impedance_controller/trajectories/line_trajectory_0.2.bag) by extensions ['colcon_meta']
[0.371s] Level 1:colcon.colcon_core.package_identification:_identify(src/panda_impedance_controller/trajectories/line_trajectory_0.2.bag) by extension 'colcon_meta'
[0.371s] Level 1:colcon.colcon_core.package_identification:_identify(src/panda_impedance_controller/trajectories/line_trajectory_0.2.bag) by extensions ['ros']
[0.371s] Level 1:colcon.colcon_core.package_identification:_identify(src/panda_impedance_controller/trajectories/line_trajectory_0.2.bag) by extension 'ros'
[0.371s] Level 1:colcon.colcon_core.package_identification:_identify(src/panda_impedance_controller/trajectories/line_trajectory_0.2.bag) by extensions ['cmake', 'python']
[0.371s] Level 1:colcon.colcon_core.package_identification:_identify(src/panda_impedance_controller/trajectories/line_trajectory_0.2.bag) by extension 'cmake'
[0.371s] Level 1:colcon.colcon_core.package_identification:_identify(src/panda_impedance_controller/trajectories/line_trajectory_0.2.bag) by extension 'python'
[0.371s] Level 1:colcon.colcon_core.package_identification:_identify(src/panda_impedance_controller/trajectories/line_trajectory_0.2.bag) by extensions ['python_setup_py']
[0.371s] Level 1:colcon.colcon_core.package_identification:_identify(src/panda_impedance_controller/trajectories/line_trajectory_0.2.bag) by extension 'python_setup_py'
[0.371s] Level 1:colcon.colcon_core.package_identification:_identify(src/panda_impedance_controller/trajectories/line_trajectory_0.4.bag) by extensions ['ignore', 'ignore_ament_install']
[0.371s] Level 1:colcon.colcon_core.package_identification:_identify(src/panda_impedance_controller/trajectories/line_trajectory_0.4.bag) by extension 'ignore'
[0.371s] Level 1:colcon.colcon_core.package_identification:_identify(src/panda_impedance_controller/trajectories/line_trajectory_0.4.bag) by extension 'ignore_ament_install'
[0.372s] Level 1:colcon.colcon_core.package_identification:_identify(src/panda_impedance_controller/trajectories/line_trajectory_0.4.bag) by extensions ['colcon_pkg']
[0.372s] Level 1:colcon.colcon_core.package_identification:_identify(src/panda_impedance_controller/trajectories/line_trajectory_0.4.bag) by extension 'colcon_pkg'
[0.372s] Level 1:colcon.colcon_core.package_identification:_identify(src/panda_impedance_controller/trajectories/line_trajectory_0.4.bag) by extensions ['colcon_meta']
[0.372s] Level 1:colcon.colcon_core.package_identification:_identify(src/panda_impedance_controller/trajectories/line_trajectory_0.4.bag) by extension 'colcon_meta'
[0.372s] Level 1:colcon.colcon_core.package_identification:_identify(src/panda_impedance_controller/trajectories/line_trajectory_0.4.bag) by extensions ['ros']
[0.372s] Level 1:colcon.colcon_core.package_identification:_identify(src/panda_impedance_controller/trajectories/line_trajectory_0.4.bag) by extension 'ros'
[0.372s] Level 1:colcon.colcon_core.package_identification:_identify(src/panda_impedance_controller/trajectories/line_trajectory_0.4.bag) by extensions ['cmake', 'python']
[0.372s] Level 1:colcon.colcon_core.package_identification:_identify(src/panda_impedance_controller/trajectories/line_trajectory_0.4.bag) by extension 'cmake'
[0.372s] Level 1:colcon.colcon_core.package_identification:_identify(src/panda_impedance_controller/trajectories/line_trajectory_0.4.bag) by extension 'python'
[0.372s] Level 1:colcon.colcon_core.package_identification:_identify(src/panda_impedance_controller/trajectories/line_trajectory_0.4.bag) by extensions ['python_setup_py']
[0.372s] Level 1:colcon.colcon_core.package_identification:_identify(src/panda_impedance_controller/trajectories/line_trajectory_0.4.bag) by extension 'python_setup_py'
[0.372s] Level 1:colcon.colcon_core.package_identification:_identify(src/panda_impedance_controller/trajectories/line_trajectory_0.5.bag) by extensions ['ignore', 'ignore_ament_install']
[0.373s] Level 1:colcon.colcon_core.package_identification:_identify(src/panda_impedance_controller/trajectories/line_trajectory_0.5.bag) by extension 'ignore'
[0.373s] Level 1:colcon.colcon_core.package_identification:_identify(src/panda_impedance_controller/trajectories/line_trajectory_0.5.bag) by extension 'ignore_ament_install'
[0.373s] Level 1:colcon.colcon_core.package_identification:_identify(src/panda_impedance_controller/trajectories/line_trajectory_0.5.bag) by extensions ['colcon_pkg']
[0.373s] Level 1:colcon.colcon_core.package_identification:_identify(src/panda_impedance_controller/trajectories/line_trajectory_0.5.bag) by extension 'colcon_pkg'
[0.373s] Level 1:colcon.colcon_core.package_identification:_identify(src/panda_impedance_controller/trajectories/line_trajectory_0.5.bag) by extensions ['colcon_meta']
[0.373s] Level 1:colcon.colcon_core.package_identification:_identify(src/panda_impedance_controller/trajectories/line_trajectory_0.5.bag) by extension 'colcon_meta'
[0.373s] Level 1:colcon.colcon_core.package_identification:_identify(src/panda_impedance_controller/trajectories/line_trajectory_0.5.bag) by extensions ['ros']
[0.373s] Level 1:colcon.colcon_core.package_identification:_identify(src/panda_impedance_controller/trajectories/line_trajectory_0.5.bag) by extension 'ros'
[0.373s] Level 1:colcon.colcon_core.package_identification:_identify(src/panda_impedance_controller/trajectories/line_trajectory_0.5.bag) by extensions ['cmake', 'python']
[0.373s] Level 1:colcon.colcon_core.package_identification:_identify(src/panda_impedance_controller/trajectories/line_trajectory_0.5.bag) by extension 'cmake'
[0.373s] Level 1:colcon.colcon_core.package_identification:_identify(src/panda_impedance_controller/trajectories/line_trajectory_0.5.bag) by extension 'python'
[0.373s] Level 1:colcon.colcon_core.package_identification:_identify(src/panda_impedance_controller/trajectories/line_trajectory_0.5.bag) by extensions ['python_setup_py']
[0.373s] Level 1:colcon.colcon_core.package_identification:_identify(src/panda_impedance_controller/trajectories/line_trajectory_0.5.bag) by extension 'python_setup_py'
[0.374s] Level 1:colcon.colcon_core.package_identification:_identify(src/panda_impedance_controller/trajectories/line_trajectory_0.6.bag) by extensions ['ignore', 'ignore_ament_install']
[0.374s] Level 1:colcon.colcon_core.package_identification:_identify(src/panda_impedance_controller/trajectories/line_trajectory_0.6.bag) by extension 'ignore'
[0.374s] Level 1:colcon.colcon_core.package_identification:_identify(src/panda_impedance_controller/trajectories/line_trajectory_0.6.bag) by extension 'ignore_ament_install'
[0.374s] Level 1:colcon.colcon_core.package_identification:_identify(src/panda_impedance_controller/trajectories/line_trajectory_0.6.bag) by extensions ['colcon_pkg']
[0.374s] Level 1:colcon.colcon_core.package_identification:_identify(src/panda_impedance_controller/trajectories/line_trajectory_0.6.bag) by extension 'colcon_pkg'
[0.374s] Level 1:colcon.colcon_core.package_identification:_identify(src/panda_impedance_controller/trajectories/line_trajectory_0.6.bag) by extensions ['colcon_meta']
[0.374s] Level 1:colcon.colcon_core.package_identification:_identify(src/panda_impedance_controller/trajectories/line_trajectory_0.6.bag) by extension 'colcon_meta'
[0.374s] Level 1:colcon.colcon_core.package_identification:_identify(src/panda_impedance_controller/trajectories/line_trajectory_0.6.bag) by extensions ['ros']
[0.374s] Level 1:colcon.colcon_core.package_identification:_identify(src/panda_impedance_controller/trajectories/line_trajectory_0.6.bag) by extension 'ros'
[0.374s] Level 1:colcon.colcon_core.package_identification:_identify(src/panda_impedance_controller/trajectories/line_trajectory_0.6.bag) by extensions ['cmake', 'python']
[0.374s] Level 1:colcon.colcon_core.package_identification:_identify(src/panda_impedance_controller/trajectories/line_trajectory_0.6.bag) by extension 'cmake'
[0.375s] Level 1:colcon.colcon_core.package_identification:_identify(src/panda_impedance_controller/trajectories/line_trajectory_0.6.bag) by extension 'python'
[0.375s] Level 1:colcon.colcon_core.package_identification:_identify(src/panda_impedance_controller/trajectories/line_trajectory_0.6.bag) by extensions ['python_setup_py']
[0.375s] Level 1:colcon.colcon_core.package_identification:_identify(src/panda_impedance_controller/trajectories/line_trajectory_0.6.bag) by extension 'python_setup_py'
[0.375s] Level 1:colcon.colcon_core.package_identification:_identify(src/panda_impedance_controller/trajectories/line_trajectory_0.7.bag) by extensions ['ignore', 'ignore_ament_install']
[0.375s] Level 1:colcon.colcon_core.package_identification:_identify(src/panda_impedance_controller/trajectories/line_trajectory_0.7.bag) by extension 'ignore'
[0.375s] Level 1:colcon.colcon_core.package_identification:_identify(src/panda_impedance_controller/trajectories/line_trajectory_0.7.bag) by extension 'ignore_ament_install'
[0.375s] Level 1:colcon.colcon_core.package_identification:_identify(src/panda_impedance_controller/trajectories/line_trajectory_0.7.bag) by extensions ['colcon_pkg']
[0.375s] Level 1:colcon.colcon_core.package_identification:_identify(src/panda_impedance_controller/trajectories/line_trajectory_0.7.bag) by extension 'colcon_pkg'
[0.375s] Level 1:colcon.colcon_core.package_identification:_identify(src/panda_impedance_controller/trajectories/line_trajectory_0.7.bag) by extensions ['colcon_meta']
[0.375s] Level 1:colcon.colcon_core.package_identification:_identify(src/panda_impedance_controller/trajectories/line_trajectory_0.7.bag) by extension 'colcon_meta'
[0.375s] Level 1:colcon.colcon_core.package_identification:_identify(src/panda_impedance_controller/trajectories/line_trajectory_0.7.bag) by extensions ['ros']
[0.375s] Level 1:colcon.colcon_core.package_identification:_identify(src/panda_impedance_controller/trajectories/line_trajectory_0.7.bag) by extension 'ros'
[0.376s] Level 1:colcon.colcon_core.package_identification:_identify(src/panda_impedance_controller/trajectories/line_trajectory_0.7.bag) by extensions ['cmake', 'python']
[0.376s] Level 1:colcon.colcon_core.package_identification:_identify(src/panda_impedance_controller/trajectories/line_trajectory_0.7.bag) by extension 'cmake'
[0.376s] Level 1:colcon.colcon_core.package_identification:_identify(src/panda_impedance_controller/trajectories/line_trajectory_0.7.bag) by extension 'python'
[0.376s] Level 1:colcon.colcon_core.package_identification:_identify(src/panda_impedance_controller/trajectories/line_trajectory_0.7.bag) by extensions ['python_setup_py']
[0.376s] Level 1:colcon.colcon_core.package_identification:_identify(src/panda_impedance_controller/trajectories/line_trajectory_0.7.bag) by extension 'python_setup_py'
[0.376s] Level 1:colcon.colcon_core.package_discovery:discover_packages(recursive) using defaults
[0.376s] Level 1:colcon.colcon_core.package_discovery:discover_packages(ignore) discover
[0.376s] Level 1:colcon.colcon_core.package_discovery:discover_packages(ignore) using defaults
[0.376s] Level 1:colcon.colcon_core.package_discovery:discover_packages(path) discover
[0.376s] Level 1:colcon.colcon_core.package_discovery:discover_packages(path) using defaults
[0.410s] INFO:colcon.colcon_core.package_selection:Skipping package 'panda_moveit_planning_demo' in 'src/panda_impedance_controller/panda_moveit_planning_demo'
[0.410s] INFO:colcon.colcon_core.package_selection:Skipping package 'panda_impedance_controller' in 'src/panda_impedance_controller/panda_impedance_controller'
[0.410s] INFO:colcon.colcon_core.package_selection:Skipping package 'kdl_inverse_dynamics_solver' in 'src/panda_impedance_controller/kdl_inverse_dynamics_solver'
[0.410s] INFO:colcon.colcon_core.package_selection:Skipping package 'ros_extensions_utilities' in 'src/panda_impedance_controller/ros_extensions_utilities'
[0.410s] INFO:colcon.colcon_core.package_selection:Skipping package 'inverse_dynamics_solver' in 'src/panda_impedance_controller/inverse_dynamics_solver'
[0.410s] INFO:colcon.colcon_core.package_selection:Skipping package 'cartesian_control_msgs' in 'src/panda_impedance_controller/cartesian_control_msgs'
[0.410s] INFO:colcon.colcon_core.package_selection:Skipping package 'acg_resources_panda_trajectory_generation' in 'src/panda_impedance_controller/acg_resources_panda_trajectory_generation'
[0.410s] INFO:colcon.colcon_core.package_selection:Skipping package 'acg_resources_panda_trajectory_analyzer' in 'src/panda_impedance_controller/acg_resources_panda_trajectory_analyzer'
[0.411s] Level 1:colcon.colcon_core.package_discovery:discover_packages(prefix_path) check parameters
[0.411s] Level 1:colcon.colcon_core.package_discovery:discover_packages(prefix_path) discover
[0.415s] DEBUG:colcon.colcon_installed_package_information.package_discovery:Found 10 installed packages in /home/beniamino/ros2_ws/install
[0.418s] DEBUG:colcon.colcon_installed_package_information.package_discovery:Found 379 installed packages in /opt/ros/humble
[0.420s] Level 1:colcon.colcon_core.package_discovery:discover_packages(prefix_path) using defaults
[0.512s] WARNING:colcon.colcon_core.package_selection:Some selected packages are already built in one or more underlay workspaces:
	'acg_resources_panda_moveit_config' is in: /home/beniamino/ros2_ws/install/acg_resources_panda_moveit_config
If a package in a merged underlay workspace is overridden and it installs headers, then all packages in the overlay must sort their include directories by workspace order. Failure to do so may result in build failures or undefined behavior at run time.
If the overridden package is used by another package in any underlay, then the overriding package in the overlay must be API and ABI compatible or undefined behavior at run time may occur.

If you understand the risks and want to override a package anyways, add the following to the command line:
	--allow-overriding acg_resources_panda_moveit_config

This may be promoted to an error in a future release of colcon-override-check.
[0.514s] Level 5:colcon.colcon_core.verb:set package 'acg_resources_panda_description' build argument 'cmake_args' from command line to 'None'
[0.514s] Level 5:colcon.colcon_core.verb:set package 'acg_resources_panda_description' build argument 'cmake_target' from command line to 'None'
[0.514s] Level 5:colcon.colcon_core.verb:set package 'acg_resources_panda_description' build argument 'cmake_target_skip_unavailable' from command line to 'False'
[0.514s] Level 5:colcon.colcon_core.verb:set package 'acg_resources_panda_description' build argument 'cmake_clean_cache' from command line to 'False'
[0.514s] Level 5:colcon.colcon_core.verb:set package 'acg_resources_panda_description' build argument 'cmake_clean_first' from command line to 'False'
[0.514s] Level 5:colcon.colcon_core.verb:set package 'acg_resources_panda_description' build argument 'cmake_force_configure' from command line to 'False'
[0.514s] Level 5:colcon.colcon_core.verb:set package 'acg_resources_panda_description' build argument 'ament_cmake_args' from command line to 'None'
[0.514s] Level 5:colcon.colcon_core.verb:set package 'acg_resources_panda_description' build argument 'catkin_cmake_args' from command line to 'None'
[0.514s] Level 5:colcon.colcon_core.verb:set package 'acg_resources_panda_description' build argument 'catkin_skip_building_tests' from command line to 'False'
[0.514s] DEBUG:colcon.colcon_core.verb:Building package 'acg_resources_panda_description' with the following arguments: {'ament_cmake_args': None, 'build_base': '/home/beniamino/ros2_ws/build/acg_resources_panda_description', 'catkin_cmake_args': None, 'catkin_skip_building_tests': False, 'cmake_args': None, 'cmake_clean_cache': False, 'cmake_clean_first': False, 'cmake_force_configure': False, 'cmake_target': None, 'cmake_target_skip_unavailable': False, 'install_base': '/home/beniamino/ros2_ws/install/acg_resources_panda_description', 'merge_install': False, 'path': '/home/beniamino/ros2_ws/src/panda_impedance_controller/acg_resources_panda_description', 'symlink_install': False, 'test_result_base': None}
[0.515s] Level 5:colcon.colcon_core.verb:set package 'acg_resources_panda_moveit_config' build argument 'cmake_args' from command line to 'None'
[0.515s] Level 5:colcon.colcon_core.verb:set package 'acg_resources_panda_moveit_config' build argument 'cmake_target' from command line to 'None'
[0.515s] Level 5:colcon.colcon_core.verb:set package 'acg_resources_panda_moveit_config' build argument 'cmake_target_skip_unavailable' from command line to 'False'
[0.515s] Level 5:colcon.colcon_core.verb:set package 'acg_resources_panda_moveit_config' build argument 'cmake_clean_cache' from command line to 'False'
[0.515s] Level 5:colcon.colcon_core.verb:set package 'acg_resources_panda_moveit_config' build argument 'cmake_clean_first' from command line to 'False'
[0.515s] Level 5:colcon.colcon_core.verb:set package 'acg_resources_panda_moveit_config' build argument 'cmake_force_configure' from command line to 'False'
[0.515s] Level 5:colcon.colcon_core.verb:set package 'acg_resources_panda_moveit_config' build argument 'ament_cmake_args' from command line to 'None'
[0.515s] Level 5:colcon.colcon_core.verb:set package 'acg_resources_panda_moveit_config' build argument 'catkin_cmake_args' from command line to 'None'
[0.515s] Level 5:colcon.colcon_core.verb:set package 'acg_resources_panda_moveit_config' build argument 'catkin_skip_building_tests' from command line to 'False'
[0.515s] DEBUG:colcon.colcon_core.verb:Building package 'acg_resources_panda_moveit_config' with the following arguments: {'ament_cmake_args': None, 'build_base': '/home/beniamino/ros2_ws/build/acg_resources_panda_moveit_config', 'catkin_cmake_args': None, 'catkin_skip_building_tests': False, 'cmake_args': None, 'cmake_clean_cache': False, 'cmake_clean_first': False, 'cmake_force_configure': False, 'cmake_target': None, 'cmake_target_skip_unavailable': False, 'install_base': '/home/beniamino/ros2_ws/install/acg_resources_panda_moveit_config', 'merge_install': False, 'path': '/home/beniamino/ros2_ws/src/panda_impedance_controller/acg_resources_panda_moveit_config', 'symlink_install': False, 'test_result_base': None}
[0.516s] INFO:colcon.colcon_core.executor:Executing jobs using 'parallel' executor
[0.517s] DEBUG:colcon.colcon_parallel_executor.executor.parallel:run_until_complete
[0.518s] INFO:colcon.colcon_ros.task.ament_cmake.build:Building ROS package in '/home/beniamino/ros2_ws/src/panda_impedance_controller/acg_resources_panda_description' with build type 'ament_cmake'
[0.518s] INFO:colcon.colcon_cmake.task.cmake.build:Building CMake package in '/home/beniamino/ros2_ws/src/panda_impedance_controller/acg_resources_panda_description'
[0.521s] INFO:colcon.colcon_core.plugin_system:Skipping extension 'colcon_core.shell.bat': Not used on non-Windows systems
[0.521s] INFO:colcon.colcon_core.shell:Skip shell extension 'powershell' for command environment: Not usable outside of PowerShell
[0.521s] DEBUG:colcon.colcon_core.shell:Skip shell extension 'dsv' for command environment
[0.735s] DEBUG:colcon.colcon_core.event_handler.log_command:Invoking command in '/home/beniamino/ros2_ws/build/acg_resources_panda_description': CMAKE_PREFIX_PATH=${CMAKE_PREFIX_PATH}:/home/beniamino/ros2_ws/install/acg_resources_panda_trajectory_generation:/home/beniamino/ros2_ws/install/acg_resources_panda_trajectory_analyzer:/opt/ros/humble /usr/bin/cmake --build /home/beniamino/ros2_ws/build/acg_resources_panda_description -- -j12 -l12
[0.795s] DEBUG:colcon.colcon_core.event_handler.log_command:Invoked command in '/home/beniamino/ros2_ws/build/acg_resources_panda_description' returned '0': CMAKE_PREFIX_PATH=${CMAKE_PREFIX_PATH}:/home/beniamino/ros2_ws/install/acg_resources_panda_trajectory_generation:/home/beniamino/ros2_ws/install/acg_resources_panda_trajectory_analyzer:/opt/ros/humble /usr/bin/cmake --build /home/beniamino/ros2_ws/build/acg_resources_panda_description -- -j12 -l12
[0.848s] DEBUG:colcon.colcon_core.event_handler.log_command:Invoking command in '/home/beniamino/ros2_ws/build/acg_resources_panda_description': CMAKE_PREFIX_PATH=${CMAKE_PREFIX_PATH}:/home/beniamino/ros2_ws/install/acg_resources_panda_trajectory_generation:/home/beniamino/ros2_ws/install/acg_resources_panda_trajectory_analyzer:/opt/ros/humble /usr/bin/cmake --install /home/beniamino/ros2_ws/build/acg_resources_panda_description
[0.875s] Level 1:colcon.colcon_core.environment:create_environment_scripts_only(acg_resources_panda_description)
[0.875s] DEBUG:colcon.colcon_core.event_handler.log_command:Invoked command in '/home/beniamino/ros2_ws/build/acg_resources_panda_description' returned '0': CMAKE_PREFIX_PATH=${CMAKE_PREFIX_PATH}:/home/beniamino/ros2_ws/install/acg_resources_panda_trajectory_generation:/home/beniamino/ros2_ws/install/acg_resources_panda_trajectory_analyzer:/opt/ros/humble /usr/bin/cmake --install /home/beniamino/ros2_ws/build/acg_resources_panda_description
[0.879s] Level 1:colcon.colcon_core.environment:checking '/home/beniamino/ros2_ws/install/acg_resources_panda_description' for CMake module files
[0.880s] Level 1:colcon.colcon_core.environment:checking '/home/beniamino/ros2_ws/install/acg_resources_panda_description' for CMake config files
[0.880s] Level 1:colcon.colcon_core.shell:create_environment_hook('acg_resources_panda_description', 'cmake_prefix_path')
[0.881s] INFO:colcon.colcon_core.shell:Creating environment hook '/home/beniamino/ros2_ws/install/acg_resources_panda_description/share/acg_resources_panda_description/hook/cmake_prefix_path.ps1'
[0.887s] INFO:colcon.colcon_core.shell:Creating environment descriptor '/home/beniamino/ros2_ws/install/acg_resources_panda_description/share/acg_resources_panda_description/hook/cmake_prefix_path.dsv'
[0.904s] INFO:colcon.colcon_core.shell:Creating environment hook '/home/beniamino/ros2_ws/install/acg_resources_panda_description/share/acg_resources_panda_description/hook/cmake_prefix_path.sh'
[0.927s] Level 1:colcon.colcon_core.environment:checking '/home/beniamino/ros2_ws/install/acg_resources_panda_description/bin'
[0.928s] Level 1:colcon.colcon_core.environment:checking '/home/beniamino/ros2_ws/install/acg_resources_panda_description/lib/pkgconfig/acg_resources_panda_description.pc'
[0.928s] Level 1:colcon.colcon_core.environment:checking '/home/beniamino/ros2_ws/install/acg_resources_panda_description/lib/python3.10/site-packages'
[0.928s] Level 1:colcon.colcon_core.environment:checking '/home/beniamino/ros2_ws/install/acg_resources_panda_description/bin'
[0.929s] INFO:colcon.colcon_core.shell:Creating package script '/home/beniamino/ros2_ws/install/acg_resources_panda_description/share/acg_resources_panda_description/package.ps1'
[0.951s] INFO:colcon.colcon_core.shell:Creating package descriptor '/home/beniamino/ros2_ws/install/acg_resources_panda_description/share/acg_resources_panda_description/package.dsv'
[0.992s] INFO:colcon.colcon_core.shell:Creating package script '/home/beniamino/ros2_ws/install/acg_resources_panda_description/share/acg_resources_panda_description/package.sh'
[1.015s] INFO:colcon.colcon_core.shell:Creating package script '/home/beniamino/ros2_ws/install/acg_resources_panda_description/share/acg_resources_panda_description/package.bash'
[1.033s] INFO:colcon.colcon_core.shell:Creating package script '/home/beniamino/ros2_ws/install/acg_resources_panda_description/share/acg_resources_panda_description/package.zsh'
[1.060s] Level 1:colcon.colcon_core.environment:create_file_with_runtime_dependencies(/home/beniamino/ros2_ws/install/acg_resources_panda_description/share/colcon-core/packages/acg_resources_panda_description)
[1.095s] Level 1:colcon.colcon_core.environment:create_environment_scripts_only(acg_resources_panda_description)
[1.096s] Level 1:colcon.colcon_core.environment:checking '/home/beniamino/ros2_ws/install/acg_resources_panda_description' for CMake module files
[1.097s] Level 1:colcon.colcon_core.environment:checking '/home/beniamino/ros2_ws/install/acg_resources_panda_description' for CMake config files
[1.097s] Level 1:colcon.colcon_core.shell:create_environment_hook('acg_resources_panda_description', 'cmake_prefix_path')
[1.097s] INFO:colcon.colcon_core.shell:Creating environment hook '/home/beniamino/ros2_ws/install/acg_resources_panda_description/share/acg_resources_panda_description/hook/cmake_prefix_path.ps1'
[1.115s] INFO:colcon.colcon_core.shell:Creating environment descriptor '/home/beniamino/ros2_ws/install/acg_resources_panda_description/share/acg_resources_panda_description/hook/cmake_prefix_path.dsv'
[1.131s] INFO:colcon.colcon_core.shell:Creating environment hook '/home/beniamino/ros2_ws/install/acg_resources_panda_description/share/acg_resources_panda_description/hook/cmake_prefix_path.sh'
[1.159s] Level 1:colcon.colcon_core.environment:checking '/home/beniamino/ros2_ws/install/acg_resources_panda_description/bin'
[1.159s] Level 1:colcon.colcon_core.environment:checking '/home/beniamino/ros2_ws/install/acg_resources_panda_description/lib/pkgconfig/acg_resources_panda_description.pc'
[1.159s] Level 1:colcon.colcon_core.environment:checking '/home/beniamino/ros2_ws/install/acg_resources_panda_description/lib/python3.10/site-packages'
[1.160s] Level 1:colcon.colcon_core.environment:checking '/home/beniamino/ros2_ws/install/acg_resources_panda_description/bin'
[1.160s] INFO:colcon.colcon_core.shell:Creating package script '/home/beniamino/ros2_ws/install/acg_resources_panda_description/share/acg_resources_panda_description/package.ps1'
[1.182s] INFO:colcon.colcon_core.shell:Creating package descriptor '/home/beniamino/ros2_ws/install/acg_resources_panda_description/share/acg_resources_panda_description/package.dsv'
[1.214s] INFO:colcon.colcon_core.shell:Creating package script '/home/beniamino/ros2_ws/install/acg_resources_panda_description/share/acg_resources_panda_description/package.sh'
[1.247s] INFO:colcon.colcon_core.shell:Creating package script '/home/beniamino/ros2_ws/install/acg_resources_panda_description/share/acg_resources_panda_description/package.bash'
[1.263s] INFO:colcon.colcon_core.shell:Creating package script '/home/beniamino/ros2_ws/install/acg_resources_panda_description/share/acg_resources_panda_description/package.zsh'
[1.294s] Level 1:colcon.colcon_core.environment:create_file_with_runtime_dependencies(/home/beniamino/ros2_ws/install/acg_resources_panda_description/share/colcon-core/packages/acg_resources_panda_description)
[1.295s] INFO:colcon.colcon_ros.task.ament_cmake.build:Building ROS package in '/home/beniamino/ros2_ws/src/panda_impedance_controller/acg_resources_panda_moveit_config' with build type 'ament_cmake'
[1.295s] INFO:colcon.colcon_cmake.task.cmake.build:Building CMake package in '/home/beniamino/ros2_ws/src/panda_impedance_controller/acg_resources_panda_moveit_config'
[1.295s] INFO:colcon.colcon_core.shell:Skip shell extension 'powershell' for command environment: Not usable outside of PowerShell
[1.295s] DEBUG:colcon.colcon_core.shell:Skip shell extension 'dsv' for command environment
[1.374s] DEBUG:colcon.colcon_core.event_handler.log_command:Invoking command in '/home/beniamino/ros2_ws/build/acg_resources_panda_moveit_config': CMAKE_PREFIX_PATH=/home/beniamino/ros2_ws/install/acg_resources_panda_description:/home/beniamino/ros2_ws/install/ros_extensions_utilities:/home/beniamino/ros2_ws/install/panda_moveit_planning_demo:/home/beniamino/ros2_ws/install/panda_impedance_controller:/home/beniamino/ros2_ws/install/kdl_inverse_dynamics_solver:/home/beniamino/ros2_ws/install/inverse_dynamics_solver:/home/beniamino/ros2_ws/install/cartesian_control_msgs:/home/beniamino/ros2_ws/install/acg_resources_panda_moveit_config:/home/beniamino/ros2_ws/install/acg_resources_panda_trajectory_generation:/home/beniamino/ros2_ws/install/acg_resources_panda_trajectory_analyzer:/opt/ros/humble /usr/bin/cmake --build /home/beniamino/ros2_ws/build/acg_resources_panda_moveit_config -- -j12 -l12
[1.432s] DEBUG:colcon.colcon_core.event_handler.log_command:Invoked command in '/home/beniamino/ros2_ws/build/acg_resources_panda_moveit_config' returned '0': CMAKE_PREFIX_PATH=/home/beniamino/ros2_ws/install/acg_resources_panda_description:/home/beniamino/ros2_ws/install/ros_extensions_utilities:/home/beniamino/ros2_ws/install/panda_moveit_planning_demo:/home/beniamino/ros2_ws/install/panda_impedance_controller:/home/beniamino/ros2_ws/install/kdl_inverse_dynamics_solver:/home/beniamino/ros2_ws/install/inverse_dynamics_solver:/home/beniamino/ros2_ws/install/cartesian_control_msgs:/home/beniamino/ros2_ws/install/acg_resources_panda_moveit_config:/home/beniamino/ros2_ws/install/acg_resources_panda_trajectory_generation:/home/beniamino/ros2_ws/install/acg_resources_panda_trajectory_analyzer:/opt/ros/humble /usr/bin/cmake --build /home/beniamino/ros2_ws/build/acg_resources_panda_moveit_config -- -j12 -l12
[1.471s] DEBUG:colcon.colcon_core.event_handler.log_command:Invoking command in '/home/beniamino/ros2_ws/build/acg_resources_panda_moveit_config': CMAKE_PREFIX_PATH=/home/beniamino/ros2_ws/install/acg_resources_panda_description:/home/beniamino/ros2_ws/install/ros_extensions_utilities:/home/beniamino/ros2_ws/install/panda_moveit_planning_demo:/home/beniamino/ros2_ws/install/panda_impedance_controller:/home/beniamino/ros2_ws/install/kdl_inverse_dynamics_solver:/home/beniamino/ros2_ws/install/inverse_dynamics_solver:/home/beniamino/ros2_ws/install/cartesian_control_msgs:/home/beniamino/ros2_ws/install/acg_resources_panda_moveit_config:/home/beniamino/ros2_ws/install/acg_resources_panda_trajectory_generation:/home/beniamino/ros2_ws/install/acg_resources_panda_trajectory_analyzer:/opt/ros/humble /usr/bin/cmake --install /home/beniamino/ros2_ws/build/acg_resources_panda_moveit_config
[1.507s] Level 1:colcon.colcon_core.environment:create_environment_scripts_only(acg_resources_panda_moveit_config)
[1.508s] Level 1:colcon.colcon_core.environment:checking '/home/beniamino/ros2_ws/install/acg_resources_panda_moveit_config' for CMake module files
[1.508s] DEBUG:colcon.colcon_core.event_handler.log_command:Invoked command in '/home/beniamino/ros2_ws/build/acg_resources_panda_moveit_config' returned '0': CMAKE_PREFIX_PATH=/home/beniamino/ros2_ws/install/acg_resources_panda_description:/home/beniamino/ros2_ws/install/ros_extensions_utilities:/home/beniamino/ros2_ws/install/panda_moveit_planning_demo:/home/beniamino/ros2_ws/install/panda_impedance_controller:/home/beniamino/ros2_ws/install/kdl_inverse_dynamics_solver:/home/beniamino/ros2_ws/install/inverse_dynamics_solver:/home/beniamino/ros2_ws/install/cartesian_control_msgs:/home/beniamino/ros2_ws/install/acg_resources_panda_moveit_config:/home/beniamino/ros2_ws/install/acg_resources_panda_trajectory_generation:/home/beniamino/ros2_ws/install/acg_resources_panda_trajectory_analyzer:/opt/ros/humble /usr/bin/cmake --install /home/beniamino/ros2_ws/build/acg_resources_panda_moveit_config
[1.509s] Level 1:colcon.colcon_core.environment:checking '/home/beniamino/ros2_ws/install/acg_resources_panda_moveit_config' for CMake config files
[1.510s] Level 1:colcon.colcon_core.shell:create_environment_hook('acg_resources_panda_moveit_config', 'cmake_prefix_path')
[1.510s] INFO:colcon.colcon_core.shell:Creating environment hook '/home/beniamino/ros2_ws/install/acg_resources_panda_moveit_config/share/acg_resources_panda_moveit_config/hook/cmake_prefix_path.ps1'
[1.520s] INFO:colcon.colcon_core.shell:Creating environment descriptor '/home/beniamino/ros2_ws/install/acg_resources_panda_moveit_config/share/acg_resources_panda_moveit_config/hook/cmake_prefix_path.dsv'
[1.557s] INFO:colcon.colcon_core.shell:Creating environment hook '/home/beniamino/ros2_ws/install/acg_resources_panda_moveit_config/share/acg_resources_panda_moveit_config/hook/cmake_prefix_path.sh'
[1.582s] Level 1:colcon.colcon_core.environment:checking '/home/beniamino/ros2_ws/install/acg_resources_panda_moveit_config/bin'
[1.582s] Level 1:colcon.colcon_core.environment:checking '/home/beniamino/ros2_ws/install/acg_resources_panda_moveit_config/lib/pkgconfig/acg_resources_panda_moveit_config.pc'
[1.583s] Level 1:colcon.colcon_core.environment:checking '/home/beniamino/ros2_ws/install/acg_resources_panda_moveit_config/lib/python3.10/site-packages'
[1.583s] Level 1:colcon.colcon_core.environment:checking '/home/beniamino/ros2_ws/install/acg_resources_panda_moveit_config/bin'
[1.584s] INFO:colcon.colcon_core.shell:Creating package script '/home/beniamino/ros2_ws/install/acg_resources_panda_moveit_config/share/acg_resources_panda_moveit_config/package.ps1'
[1.605s] INFO:colcon.colcon_core.shell:Creating package descriptor '/home/beniamino/ros2_ws/install/acg_resources_panda_moveit_config/share/acg_resources_panda_moveit_config/package.dsv'
[1.626s] INFO:colcon.colcon_core.shell:Creating package script '/home/beniamino/ros2_ws/install/acg_resources_panda_moveit_config/share/acg_resources_panda_moveit_config/package.sh'
[1.651s] INFO:colcon.colcon_core.shell:Creating package script '/home/beniamino/ros2_ws/install/acg_resources_panda_moveit_config/share/acg_resources_panda_moveit_config/package.bash'
[1.678s] INFO:colcon.colcon_core.shell:Creating package script '/home/beniamino/ros2_ws/install/acg_resources_panda_moveit_config/share/acg_resources_panda_moveit_config/package.zsh'
[1.704s] Level 1:colcon.colcon_core.environment:create_file_with_runtime_dependencies(/home/beniamino/ros2_ws/install/acg_resources_panda_moveit_config/share/colcon-core/packages/acg_resources_panda_moveit_config)
[1.867s] Level 1:colcon.colcon_core.environment:create_environment_scripts_only(acg_resources_panda_moveit_config)
[1.867s] Level 1:colcon.colcon_core.environment:checking '/home/beniamino/ros2_ws/install/acg_resources_panda_moveit_config' for CMake module files
[1.868s] Level 1:colcon.colcon_core.environment:checking '/home/beniamino/ros2_ws/install/acg_resources_panda_moveit_config' for CMake config files
[1.868s] Level 1:colcon.colcon_core.shell:create_environment_hook('acg_resources_panda_moveit_config', 'cmake_prefix_path')
[1.868s] INFO:colcon.colcon_core.shell:Creating environment hook '/home/beniamino/ros2_ws/install/acg_resources_panda_moveit_config/share/acg_resources_panda_moveit_config/hook/cmake_prefix_path.ps1'
[1.876s] INFO:colcon.colcon_core.shell:Creating environment descriptor '/home/beniamino/ros2_ws/install/acg_resources_panda_moveit_config/share/acg_resources_panda_moveit_config/hook/cmake_prefix_path.dsv'
[1.937s] INFO:colcon.colcon_core.shell:Creating environment hook '/home/beniamino/ros2_ws/install/acg_resources_panda_moveit_config/share/acg_resources_panda_moveit_config/hook/cmake_prefix_path.sh'
[1.953s] Level 1:colcon.colcon_core.environment:checking '/home/beniamino/ros2_ws/install/acg_resources_panda_moveit_config/bin'
[1.953s] Level 1:colcon.colcon_core.environment:checking '/home/beniamino/ros2_ws/install/acg_resources_panda_moveit_config/lib/pkgconfig/acg_resources_panda_moveit_config.pc'
[1.954s] Level 1:colcon.colcon_core.environment:checking '/home/beniamino/ros2_ws/install/acg_resources_panda_moveit_config/lib/python3.10/site-packages'
[1.954s] Level 1:colcon.colcon_core.environment:checking '/home/beniamino/ros2_ws/install/acg_resources_panda_moveit_config/bin'
[1.955s] INFO:colcon.colcon_core.shell:Creating package script '/home/beniamino/ros2_ws/install/acg_resources_panda_moveit_config/share/acg_resources_panda_moveit_config/package.ps1'
[1.967s] INFO:colcon.colcon_core.shell:Creating package descriptor '/home/beniamino/ros2_ws/install/acg_resources_panda_moveit_config/share/acg_resources_panda_moveit_config/package.dsv'
[1.983s] INFO:colcon.colcon_core.shell:Creating package script '/home/beniamino/ros2_ws/install/acg_resources_panda_moveit_config/share/acg_resources_panda_moveit_config/package.sh'
[2.012s] INFO:colcon.colcon_core.shell:Creating package script '/home/beniamino/ros2_ws/install/acg_resources_panda_moveit_config/share/acg_resources_panda_moveit_config/package.bash'
[2.044s] INFO:colcon.colcon_core.shell:Creating package script '/home/beniamino/ros2_ws/install/acg_resources_panda_moveit_config/share/acg_resources_panda_moveit_config/package.zsh'
[2.045s] Level 1:colcon.colcon_core.environment:create_file_with_runtime_dependencies(/home/beniamino/ros2_ws/install/acg_resources_panda_moveit_config/share/colcon-core/packages/acg_resources_panda_moveit_config)
[2.046s] DEBUG:colcon.colcon_parallel_executor.executor.parallel:closing loop
[2.046s] DEBUG:colcon.colcon_parallel_executor.executor.parallel:loop closed
[2.047s] DEBUG:colcon.colcon_parallel_executor.executor.parallel:run_until_complete finished with '0'
[2.047s] DEBUG:colcon.colcon_core.event_reactor:joining thread
[2.059s] INFO:colcon.colcon_core.plugin_system:Skipping extension 'colcon_notification.desktop_notification.terminal_notifier': Not used on non-Darwin systems
[2.059s] INFO:colcon.colcon_core.plugin_system:Skipping extension 'colcon_notification.desktop_notification.win32': Not used on non-Windows systems
[2.059s] INFO:colcon.colcon_notification.desktop_notification:Sending desktop notification using 'notify2'
[2.082s] DEBUG:colcon.colcon_core.event_reactor:joined thread
[2.082s] INFO:colcon.colcon_core.shell:Creating prefix script '/home/beniamino/ros2_ws/install/local_setup.ps1'
[2.084s] INFO:colcon.colcon_core.shell:Creating prefix util module '/home/beniamino/ros2_ws/install/_local_setup_util_ps1.py'
[2.086s] INFO:colcon.colcon_core.shell:Creating prefix chain script '/home/beniamino/ros2_ws/install/setup.ps1'
[2.089s] INFO:colcon.colcon_core.shell:Creating prefix script '/home/beniamino/ros2_ws/install/local_setup.sh'
[2.090s] INFO:colcon.colcon_core.shell:Creating prefix util module '/home/beniamino/ros2_ws/install/_local_setup_util_sh.py'
[2.090s] INFO:colcon.colcon_core.shell:Creating prefix chain script '/home/beniamino/ros2_ws/install/setup.sh'
[2.093s] INFO:colcon.colcon_core.shell:Creating prefix script '/home/beniamino/ros2_ws/install/local_setup.bash'
[2.093s] INFO:colcon.colcon_core.shell:Creating prefix chain script '/home/beniamino/ros2_ws/install/setup.bash'
[2.095s] INFO:colcon.colcon_core.shell:Creating prefix script '/home/beniamino/ros2_ws/install/local_setup.zsh'
[2.096s] INFO:colcon.colcon_core.shell:Creating prefix chain script '/home/beniamino/ros2_ws/install/setup.zsh'
